<?xml version="1.0" encoding="utf-8"?>
<PolicySet xmlns="urn:oasis:names:tc:xacml:2.0:policy:schema:os"
           xmlns:xsi="http://www.w3.org/2001/XMLSchema-instance"
           xmlns:pip="urn:hieos:policy:pip"
           xmlns:xacml-context="urn:oasis:names:tc:xacml:2.0:context:schema:os"
           xsi:schemaLocation="urn:oasis:names:tc:xacml:2.0:policy:schema:os http://docs.oasis-open.org/xacml/access_control-xacml-2.0-policy-schema-os.xsd"
           PolicySetId="hie-policy-set"
           PolicyCombiningAlgId="urn:oasis:names:tc:xacml:1.0:policy-combining-algorithm:first-applicable">
    <Target>
        <Actions>
            <Action>
                <ActionMatch MatchId="urn:oasis:names:tc:xacml:1.0:function:anyURI-equal">
                    <AttributeValue DataType="http://www.w3.org/2001/XMLSchema#anyURI">urn:ihe:iti:2007:RegistryStoredQuery</AttributeValue>
                    <ActionAttributeDesignator AttributeId="urn:oasis:names:tc:xacml:1.0:action:action-id" DataType="http://www.w3.org/2001/XMLSchema#anyURI"/>
                </ActionMatch>
            </Action>
            <Action>
                <ActionMatch MatchId="urn:oasis:names:tc:xacml:1.0:function:anyURI-equal">
                    <AttributeValue DataType="http://www.w3.org/2001/XMLSchema#anyURI">urn:ihe:iti:2007:RetrieveDocumentSet</AttributeValue>
                    <ActionAttributeDesignator AttributeId="urn:oasis:names:tc:xacml:1.0:action:action-id" DataType="http://www.w3.org/2001/XMLSchema#anyURI"/>
                </ActionMatch>
            </Action>
        </Actions>
    </Target>

   <!-- These are built as separate policies versus as separate rules in order to give some feedback (via obligations) to the
         caller as to which rule fired -->
         
    <Policy xmlns="urn:oasis:names:tc:xacml:2.0:policy:schema:os"
         PolicyId="patient-inactive-policy"
        RuleCombiningAlgId="urn:oasis:names:tc:xacml:1.0:rule-combining-algorithm:first-applicable">
        <Description>Patient Inactive Policy</Description>
        <PolicyDefaults>
            <XPathVersion>http://www.w3.org/TR/1999/Rec-xpath-19991116</XPathVersion>
        </PolicyDefaults>
        <Target/>
        <Rule RuleId="patient-inactive-rule" Effect="Deny">
            <Description>
                Deny if patient is inactive.
            </Description>
            <Condition>
                <Apply FunctionId="urn:oasis:names:tc:xacml:1.0:function:string-at-least-one-member-of">
                    <Apply FunctionId="urn:oasis:names:tc:xacml:1.0:function:string-bag">
                        <AttributeValue DataType="http://www.w3.org/2001/XMLSchema#string">Inactive</AttributeValue>
                    </Apply>
                    <AttributeSelector RequestContextPath="//xacml-context:Resource/xacml-context:ResourceContent/pip:ConsentDirectives/pip:Status/text()" DataType="http://www.w3.org/2001/XMLSchema#string"/>
                </Apply>
            </Condition>
        </Rule>
        <Obligations>
            <Obligation ObligationId="patient-inactive-policy-deny" FulfillOn="Deny"/>
        </Obligations>  
    </Policy>
    
    <Policy xmlns="urn:oasis:names:tc:xacml:2.0:policy:schema:os"
         PolicyId="emergency-access-policy"
        RuleCombiningAlgId="urn:oasis:names:tc:xacml:1.0:rule-combining-algorithm:first-applicable">
        <Description>Emergency Access Policy</Description>
        <PolicyDefaults>
            <XPathVersion>http://www.w3.org/TR/1999/Rec-xpath-19991116</XPathVersion>
        </PolicyDefaults>
        <Target/>
        <Rule RuleId="emergency-access-rule" Effect="Permit">
            <Description>
                Permit if the subject has an emergency access assertion.
            </Description>
            <Condition>
                <Apply FunctionId="urn:oasis:names:tc:xacml:1.0:function:string-is-in">
                    <AttributeValue DataType="http://www.w3.org/2001/XMLSchema#string">EMERGENCY</AttributeValue>
                    <SubjectAttributeDesignator AttributeId="urn:oasis:names:tc:xspa:1.0:subject:purposeofuse" MustBePresent="false" DataType="http://www.w3.org/2001/XMLSchema#string"  />
                </Apply>
            </Condition>
        </Rule>
    </Policy>
    
    <Policy xmlns="urn:oasis:names:tc:xacml:2.0:policy:schema:os"
         PolicyId="empty-permit-policy"
        RuleCombiningAlgId="urn:oasis:names:tc:xacml:1.0:rule-combining-algorithm:first-applicable">
        <Description>
                Deny if size of permit actions is zero.
                Only evaluated if AlwaysAuthorise is selected and 
                PermitAccessAsssertions or PermitSensitiveAccessAssertions
                is *not* selected, meaning "on-the-fly" should be ignored,
                thus PERMIT actions must be provided in the "Lists".

                Pseudocode:
                  (AlwaysAuthorise == TRUE
                        AND NOT (PermitAccessAssertions OR PermitSensitiveAccessAsssertions))
                  AND (PermitActions.size() == 0)
        </Description>        

        <PolicyDefaults>
            <XPathVersion>http://www.w3.org/TR/1999/Rec-xpath-19991116</XPathVersion>
        </PolicyDefaults>
        <Target/>   
        
        <Rule RuleId="empty-permit-rule" Effect="Deny">           
            <Condition>
                <Apply FunctionId="urn:oasis:names:tc:xacml:1.0:function:and">
                    <Apply FunctionId="urn:oasis:names:tc:xacml:1.0:function:and">

                        <!-- AlwaysAuthorise -->
                        <Apply FunctionId="urn:oasis:names:tc:xacml:1.0:function:string-is-in">
                            <AttributeValue DataType="http://www.w3.org/2001/XMLSchema#string">AlwaysAuthorise</AttributeValue>
                            <AttributeSelector RequestContextPath="//xacml-context:Resource/xacml-context:ResourceContent/pip:ConsentDirectives/pip:ConsentOptions/pip:ConsentOption/text()" DataType="http://www.w3.org/2001/XMLSchema#string"/>
                        </Apply>
                        
                        <!-- PermitAccessAssertions nor PermitSensitiveAccessAssertions is selected -->
                        <Apply FunctionId="urn:oasis:names:tc:xacml:1.0:function:not">
                            <Apply FunctionId="urn:oasis:names:tc:xacml:1.0:function:or">
                                <Apply FunctionId="urn:oasis:names:tc:xacml:1.0:function:string-is-in">
                                    <AttributeValue DataType="http://www.w3.org/2001/XMLSchema#string">PermitAccessAssertions</AttributeValue>
                                    <AttributeSelector RequestContextPath="//xacml-context:Resource/xacml-context:ResourceContent/pip:ConsentDirectives/pip:ConsentOptions/pip:ConsentOption/text()" DataType="http://www.w3.org/2001/XMLSchema#string"/>
                                </Apply>
                                <Apply FunctionId="urn:oasis:names:tc:xacml:1.0:function:string-is-in">
                                    <AttributeValue DataType="http://www.w3.org/2001/XMLSchema#string">PermitSensitiveAccessAssertions</AttributeValue>
                                    <AttributeSelector RequestContextPath="//xacml-context:Resource/xacml-context:ResourceContent/pip:ConsentDirectives/pip:ConsentOptions/pip:ConsentOption/text()" DataType="http://www.w3.org/2001/XMLSchema#string"/>
                                </Apply>
                            </Apply>
                        </Apply>
                    </Apply>
                    
                    <Apply FunctionId="urn:oasis:names:tc:xacml:1.0:function:or">
                        <!-- make sure a list exists -->
                        <Apply FunctionId="urn:oasis:names:tc:xacml:1.0:function:integer-equal">
                            <Apply FunctionId="urn:oasis:names:tc:xacml:1.0:function:xpath-node-count">
                                <Apply FunctionId="urn:oasis:names:tc:xacml:2.0:function:string-concatenate">

                                    <!-- begin xpath statement -->
                                    <AttributeValue DataType="http://www.w3.org/2001/XMLSchema#string">//*[local-name()='Resource']/*[local-name()='ResourceContent']/*[local-name()='ConsentDirectives']/*[local-name()='ConsentRules']/*[local-name()='ConsentRule'][@action='permit'</AttributeValue>
                                    <!-- End xpath statement -->
                                    <AttributeValue DataType="http://www.w3.org/2001/XMLSchema#string">]</AttributeValue>
                                </Apply>
                            </Apply>
                            <AttributeValue DataType="http://www.w3.org/2001/XMLSchema#integer">0</AttributeValue>
                        </Apply>

                    </Apply>
                </Apply>
            </Condition>
        </Rule>

        <Obligations>
            <Obligation ObligationId="empty-permit-policy-deny" FulfillOn="Deny"/>
        </Obligations>
    </Policy>
  
    <Policy xmlns="urn:oasis:names:tc:xacml:2.0:policy:schema:os"
         PolicyId="blocked-organizations-policy"
        RuleCombiningAlgId="urn:oasis:names:tc:xacml:1.0:rule-combining-algorithm:first-applicable">
        <Description>
               Deny if subject's organization is on the patient's list of 
               denied organizations.

               Possible ConsentRule attributes:
                  !purposeofuse
                  !individual
                  !role
                  !documenttype
                  !documentid
                  !homecommunityid
                  !confidentialitycode
                  organization (XON_id_only)

               NOTE: Tried to use a VariableReference to avoid duplication with no luck.
        </Description>

        <PolicyDefaults>
            <XPathVersion>http://www.w3.org/TR/1999/Rec-xpath-19991116</XPathVersion>
        </PolicyDefaults>
        <Target/>
        
        <Rule RuleId="blocked-organizations-rule" Effect="Deny">
            <Condition>
                <Apply FunctionId="urn:oasis:names:tc:xacml:1.0:function:integer-greater-than">
                    <Apply FunctionId="urn:oasis:names:tc:xacml:1.0:function:xpath-node-count">
                        <Apply FunctionId="urn:oasis:names:tc:xacml:2.0:function:string-concatenate">

                            <!-- begin xpath statement -->
                            <AttributeValue DataType="http://www.w3.org/2001/XMLSchema#string">//*[local-name()='Resource']/*[local-name()='ResourceContent']/*[local-name()='ConsentDirectives']/*[local-name()='ConsentRules']/*[local-name()='ConsentRule'][@action='deny'</AttributeValue>

                            <!-- append consent directive rules -->
                            <Apply FunctionId="urn:oasis:names:tc:xacml:2.0:function:string-concatenate">

                                <AttributeValue DataType="http://www.w3.org/2001/XMLSchema#string"> and not(@purposeofuse) and not(@individual) and not(@role) and not(@documenttype) and not(@documentid)</AttributeValue>
                                <AttributeValue DataType="http://www.w3.org/2001/XMLSchema#string"> and not(@homecommunityid) and not(@confidentialitycode)</AttributeValue>
                                
                                <!-- Organization -->
                                <AttributeValue DataType="http://www.w3.org/2001/XMLSchema#string"> and (@organization='</AttributeValue>
                                <Apply FunctionId="urn:oasis:names:tc:xacml:1.0:function:string-one-and-only">
                                    <SubjectAttributeDesignator AttributeId="urn:oasis:names:tc:xspa:1.0:subject:organization-id" MustBePresent="false" DataType="http://www.w3.org/2001/XMLSchema#string"  />
                                </Apply>
                                <AttributeValue DataType="http://www.w3.org/2001/XMLSchema#string">')</AttributeValue>
                               
                            </Apply>
                             <!-- End xpath statement -->
                            <AttributeValue DataType="http://www.w3.org/2001/XMLSchema#string">]</AttributeValue>
                        </Apply>
                    </Apply>
                    <AttributeValue DataType="http://www.w3.org/2001/XMLSchema#integer">0</AttributeValue>
                </Apply>
            </Condition>
        </Rule>

        <Obligations>
            <Obligation ObligationId="blocked-organizations-policy-deny" FulfillOn="Deny"/>
        </Obligations>    
    </Policy>
        
    <Policy xmlns="urn:oasis:names:tc:xacml:2.0:policy:schema:os"
         PolicyId="blocked-individuals-policy"
        RuleCombiningAlgId="urn:oasis:names:tc:xacml:1.0:rule-combining-algorithm:first-applicable">
        <Description>
               Deny if subject's id is on the patient's list of denied individuals.

               Possible ConsentRule attributes:
                  !purposeofuse
                  !role
                  !documenttype
                  !documentid
                  !organization
                  !homecommunityid
                  !confidentialitycode
                  individual (XCN_id_only)

               NOTE: Tried to use a VariableReference to avoid duplication with no luck.
        </Description>

        <PolicyDefaults>
            <XPathVersion>http://www.w3.org/TR/1999/Rec-xpath-19991116</XPathVersion>
        </PolicyDefaults>
        <Target/>   
        
        <Rule RuleId="blocked-individuals-rule" Effect="Deny">
            <PolicyDefaults>
                <XPathVersion>http://www.w3.org/TR/1999/Rec-xpath-19991116</XPathVersion>
            </PolicyDefaults>
            <Target/>      
            <Condition>
                <Apply FunctionId="urn:oasis:names:tc:xacml:1.0:function:integer-greater-than">
                    <Apply FunctionId="urn:oasis:names:tc:xacml:1.0:function:xpath-node-count">
                        <Apply FunctionId="urn:oasis:names:tc:xacml:2.0:function:string-concatenate">

                            <!-- begin xpath statement -->
                            <AttributeValue DataType="http://www.w3.org/2001/XMLSchema#string">//*[local-name()='Resource']/*[local-name()='ResourceContent']/*[local-name()='ConsentDirectives']/*[local-name()='ConsentRules']/*[local-name()='ConsentRule'][@action='deny'</AttributeValue>

                            <!-- append consent directive rules -->
                            <Apply FunctionId="urn:oasis:names:tc:xacml:2.0:function:string-concatenate">

                                <AttributeValue DataType="http://www.w3.org/2001/XMLSchema#string"> and not(@purposeofuse) and not(@organization) and not(@role) and not(@documenttype) and not(@documentid)</AttributeValue>
                                <AttributeValue DataType="http://www.w3.org/2001/XMLSchema#string"> and not(@homecommunityid) and not(@confidentialitycode)</AttributeValue>
                                
                                <!-- Individual -->
                                <AttributeValue DataType="http://www.w3.org/2001/XMLSchema#string"> and (@individual='</AttributeValue>
                                <Apply FunctionId="urn:oasis:names:tc:xacml:1.0:function:string-one-and-only">
                                    <SubjectAttributeDesignator AttributeId="urn:oasis:names:tc:xacml:1.0:subject:subject-id" MustBePresent="false" DataType="http://www.w3.org/2001/XMLSchema#string"  />
                                </Apply>
                                <AttributeValue DataType="http://www.w3.org/2001/XMLSchema#string">')</AttributeValue>

                            </Apply>
                             <!-- End xpath statement -->
                            <AttributeValue DataType="http://www.w3.org/2001/XMLSchema#string">]</AttributeValue>
                        </Apply>
                    </Apply>
                    <AttributeValue DataType="http://www.w3.org/2001/XMLSchema#integer">0</AttributeValue>
                </Apply>
            </Condition>
        </Rule>

        <Obligations>
            <Obligation ObligationId="blocked-individuals-policy-deny" FulfillOn="Deny"/>
        </Obligations>    
    </Policy>
        
    <Policy xmlns="urn:oasis:names:tc:xacml:2.0:policy:schema:os"
         PolicyId="allowed-organizations-policy"
        RuleCombiningAlgId="urn:oasis:names:tc:xacml:1.0:rule-combining-algorithm:first-applicable">
        <Description>
                Deny if subject's organization-id is not in one of 
                the designated set of allowed organizations.
                Only evaluated if AlwaysAuthorise is selected and 
                PermitAccessAsssertions or PermitSensitiveAccessAssertions
                is *not* selected, meaning "on-the-fly" should be ignored,
                thus PERMIT actions must be provided in the "Lists".

                Pseudocode:
                  (AlwaysAuthorise == TRUE
                        AND NOT (PermitAccessAssertions OR PermitSensitiveAccessAsssertions))
                  AND (AllowedOrganizations.size() == 0 
                        OR NOT(AllowedOrganizations.contains(Subject.OrganizationId)))
        </Description>        

        <PolicyDefaults>
            <XPathVersion>http://www.w3.org/TR/1999/Rec-xpath-19991116</XPathVersion>
        </PolicyDefaults>
        <Target/>   
        
        <Rule RuleId="allowed-organizations-rule" Effect="Deny">           
            <Condition>
                <Apply FunctionId="urn:oasis:names:tc:xacml:1.0:function:and">
                    <Apply FunctionId="urn:oasis:names:tc:xacml:1.0:function:and">

                        <!-- AlwaysAuthorise -->
                        <Apply FunctionId="urn:oasis:names:tc:xacml:1.0:function:string-is-in">
                            <AttributeValue DataType="http://www.w3.org/2001/XMLSchema#string">AlwaysAuthorise</AttributeValue>
                            <AttributeSelector RequestContextPath="//xacml-context:Resource/xacml-context:ResourceContent/pip:ConsentDirectives/pip:ConsentOptions/pip:ConsentOption/text()" DataType="http://www.w3.org/2001/XMLSchema#string"/>
                        </Apply>
                        
                        <!-- PermitAccessAssertions nor PermitSensitiveAccessAssertions is selected -->
                        <Apply FunctionId="urn:oasis:names:tc:xacml:1.0:function:not">
                            <Apply FunctionId="urn:oasis:names:tc:xacml:1.0:function:or">
                                <Apply FunctionId="urn:oasis:names:tc:xacml:1.0:function:string-is-in">
                                    <AttributeValue DataType="http://www.w3.org/2001/XMLSchema#string">PermitAccessAssertions</AttributeValue>
                                    <AttributeSelector RequestContextPath="//xacml-context:Resource/xacml-context:ResourceContent/pip:ConsentDirectives/pip:ConsentOptions/pip:ConsentOption/text()" DataType="http://www.w3.org/2001/XMLSchema#string"/>
                                </Apply>
                                <Apply FunctionId="urn:oasis:names:tc:xacml:1.0:function:string-is-in">
                                    <AttributeValue DataType="http://www.w3.org/2001/XMLSchema#string">PermitSensitiveAccessAssertions</AttributeValue>
                                    <AttributeSelector RequestContextPath="//xacml-context:Resource/xacml-context:ResourceContent/pip:ConsentDirectives/pip:ConsentOptions/pip:ConsentOption/text()" DataType="http://www.w3.org/2001/XMLSchema#string"/>
                                </Apply>
                            </Apply>
                        </Apply>
                    </Apply>
                    
                    <Apply FunctionId="urn:oasis:names:tc:xacml:1.0:function:or">
                        <!-- make sure a list exists -->
                        <Apply FunctionId="urn:oasis:names:tc:xacml:1.0:function:integer-equal">
                            <Apply FunctionId="urn:oasis:names:tc:xacml:1.0:function:xpath-node-count">
                                <Apply FunctionId="urn:oasis:names:tc:xacml:2.0:function:string-concatenate">

                                    <!-- begin xpath statement -->
                                    <AttributeValue DataType="http://www.w3.org/2001/XMLSchema#string">//*[local-name()='Resource']/*[local-name()='ResourceContent']/*[local-name()='ConsentDirectives']/*[local-name()='ConsentRules']/*[local-name()='ConsentRule'][@action='permit'</AttributeValue>
                                    <AttributeValue DataType="http://www.w3.org/2001/XMLSchema#string"> and (@organization) and not(@purposeofuse) and not(@individual) and not(@role) and not(@documenttype) and not(@documentid)</AttributeValue>
                                    <AttributeValue DataType="http://www.w3.org/2001/XMLSchema#string"> and not(@homecommunityid) and not(@confidentialitycode)</AttributeValue>
                                    <!-- End xpath statement -->
                                    <AttributeValue DataType="http://www.w3.org/2001/XMLSchema#string">]</AttributeValue>
                                </Apply>
                            </Apply>
                            <AttributeValue DataType="http://www.w3.org/2001/XMLSchema#integer">0</AttributeValue>
                        </Apply>

                        <!-- evaluate only if list exists -->
                        <Apply FunctionId="urn:oasis:names:tc:xacml:1.0:function:integer-equal">
                            <Apply FunctionId="urn:oasis:names:tc:xacml:1.0:function:xpath-node-count">
                                <Apply FunctionId="urn:oasis:names:tc:xacml:2.0:function:string-concatenate">

                                    <!-- begin xpath statement -->
                                    <AttributeValue DataType="http://www.w3.org/2001/XMLSchema#string">//*[local-name()='Resource']/*[local-name()='ResourceContent']/*[local-name()='ConsentDirectives']/*[local-name()='ConsentRules']/*[local-name()='ConsentRule'][@action='permit'</AttributeValue>

                                    <!-- append consent directive rules -->
                                    <Apply FunctionId="urn:oasis:names:tc:xacml:2.0:function:string-concatenate">

                                        <AttributeValue DataType="http://www.w3.org/2001/XMLSchema#string"> and not(@purposeofuse) and not(@individual) and not(@role) and not(@documenttype) and not(@documentid)</AttributeValue>
                                        <AttributeValue DataType="http://www.w3.org/2001/XMLSchema#string"> and not(@homecommunityid) and not(@confidentialitycode)</AttributeValue>

                                        <!-- Organization (may not be null attribute) -->
                                        <AttributeValue DataType="http://www.w3.org/2001/XMLSchema#string"> and (@organization) and (@organization='</AttributeValue>
                                        <Apply FunctionId="urn:oasis:names:tc:xacml:1.0:function:string-one-and-only">
                                            <SubjectAttributeDesignator AttributeId="urn:oasis:names:tc:xspa:1.0:subject:organization-id" MustBePresent="false" DataType="http://www.w3.org/2001/XMLSchema#string"  />
                                        </Apply>
                                        <AttributeValue DataType="http://www.w3.org/2001/XMLSchema#string">')</AttributeValue>

                                    </Apply>
                                    <!-- End xpath statement -->
                                    <AttributeValue DataType="http://www.w3.org/2001/XMLSchema#string">]</AttributeValue>
                                </Apply>
                            </Apply>
                            <AttributeValue DataType="http://www.w3.org/2001/XMLSchema#integer">0</AttributeValue>
                        </Apply>
                    </Apply>
                </Apply>
            </Condition>
        </Rule>

        <Obligations>
            <Obligation ObligationId="allowed-organizations-policy-deny" FulfillOn="Deny"/>
        </Obligations>
    </Policy>

    <Policy xmlns="urn:oasis:names:tc:xacml:2.0:policy:schema:os"
         PolicyId="allowed-individuals-policy"
        RuleCombiningAlgId="urn:oasis:names:tc:xacml:1.0:rule-combining-algorithm:first-applicable">
        <Description>
                Deny if subject's subject-id is not in one of the designated 
                set of allowed indidivuals
                Only evaluated if AlwaysAuthorise is selected and 
                PermitAccessAsssertions or PermitSensitiveAccessAssertions
                is *not* selected, meaning "on-the-fly" should be ignored,
                thus PERMIT actions must be provided in the "Lists".

                Pseudocode:
                  (AlwaysAuthorise == TRUE
                        AND NOT (PermitAccessAssertions OR PermitSensitiveAccessAsssertions))
                  AND (AllowedIndividuals.size() == 0 
                        OR NOT(AllowedIndividuals.contains(Subject.SubjectId)))
        </Description>        

        <PolicyDefaults>
            <XPathVersion>http://www.w3.org/TR/1999/Rec-xpath-19991116</XPathVersion>
        </PolicyDefaults>
        <Target/>   
        
        <Rule RuleId="allowed-individuals-rule" Effect="Deny">           
            <Condition>
                <Apply FunctionId="urn:oasis:names:tc:xacml:1.0:function:and">

                    <Apply FunctionId="urn:oasis:names:tc:xacml:1.0:function:and">

                        <!-- AlwaysAuthorise -->
                        <Apply FunctionId="urn:oasis:names:tc:xacml:1.0:function:string-is-in">
                            <AttributeValue DataType="http://www.w3.org/2001/XMLSchema#string">AlwaysAuthorise</AttributeValue>
                            <AttributeSelector RequestContextPath="//xacml-context:Resource/xacml-context:ResourceContent/pip:ConsentDirectives/pip:ConsentOptions/pip:ConsentOption/text()" DataType="http://www.w3.org/2001/XMLSchema#string"/>
                        </Apply>
                        
                        <!-- PermitAccessAssertions nor PermitSensitiveAccessAssertions is selected -->
                        <Apply FunctionId="urn:oasis:names:tc:xacml:1.0:function:not">
                            <Apply FunctionId="urn:oasis:names:tc:xacml:1.0:function:or">
                                <Apply FunctionId="urn:oasis:names:tc:xacml:1.0:function:string-is-in">
                                    <AttributeValue DataType="http://www.w3.org/2001/XMLSchema#string">PermitAccessAssertions</AttributeValue>
                                    <AttributeSelector RequestContextPath="//xacml-context:Resource/xacml-context:ResourceContent/pip:ConsentDirectives/pip:ConsentOptions/pip:ConsentOption/text()" DataType="http://www.w3.org/2001/XMLSchema#string"/>
                                </Apply>
                                <Apply FunctionId="urn:oasis:names:tc:xacml:1.0:function:string-is-in">
                                    <AttributeValue DataType="http://www.w3.org/2001/XMLSchema#string">PermitSensitiveAccessAssertions</AttributeValue>
                                    <AttributeSelector RequestContextPath="//xacml-context:Resource/xacml-context:ResourceContent/pip:ConsentDirectives/pip:ConsentOptions/pip:ConsentOption/text()" DataType="http://www.w3.org/2001/XMLSchema#string"/>
                                </Apply>
                            </Apply>
                        </Apply>
                    </Apply>
                    
                    <Apply FunctionId="urn:oasis:names:tc:xacml:1.0:function:or">
                        <!-- make sure a list exists -->
                        <Apply FunctionId="urn:oasis:names:tc:xacml:1.0:function:integer-equal">
                            <Apply FunctionId="urn:oasis:names:tc:xacml:1.0:function:xpath-node-count">
                                <Apply FunctionId="urn:oasis:names:tc:xacml:2.0:function:string-concatenate">

                                    <!-- begin xpath statement -->
                                    <AttributeValue DataType="http://www.w3.org/2001/XMLSchema#string">//*[local-name()='Resource']/*[local-name()='ResourceContent']/*[local-name()='ConsentDirectives']/*[local-name()='ConsentRules']/*[local-name()='ConsentRule'][@action='permit'</AttributeValue>
                                    <AttributeValue DataType="http://www.w3.org/2001/XMLSchema#string"> and (@individual) and not(@purposeofuse) and not(@organization) and not(@role) and not(@documenttype) and not(@documentid)</AttributeValue>
                                    <AttributeValue DataType="http://www.w3.org/2001/XMLSchema#string"> and not(@homecommunityid) and not(@confidentialitycode)</AttributeValue>
                                    <!-- End xpath statement -->
                                    <AttributeValue DataType="http://www.w3.org/2001/XMLSchema#string">]</AttributeValue>
                                </Apply>
                            </Apply>
                            <AttributeValue DataType="http://www.w3.org/2001/XMLSchema#integer">0</AttributeValue>
                        </Apply>

                        <!-- evaluate only if list exists -->
                        <Apply FunctionId="urn:oasis:names:tc:xacml:1.0:function:integer-equal">
                            <Apply FunctionId="urn:oasis:names:tc:xacml:1.0:function:xpath-node-count">
                                <Apply FunctionId="urn:oasis:names:tc:xacml:2.0:function:string-concatenate">

                                    <!-- begin xpath statement -->
                                    <AttributeValue DataType="http://www.w3.org/2001/XMLSchema#string">//*[local-name()='Resource']/*[local-name()='ResourceContent']/*[local-name()='ConsentDirectives']/*[local-name()='ConsentRules']/*[local-name()='ConsentRule'][@action='permit'</AttributeValue>

                                    <!-- append consent directive rules -->
                                    <Apply FunctionId="urn:oasis:names:tc:xacml:2.0:function:string-concatenate">

                                        <AttributeValue DataType="http://www.w3.org/2001/XMLSchema#string"> and not(@purposeofuse) and not(@organization) and not(@role) and not(@documenttype) and not(@documentid)</AttributeValue>
                                        <AttributeValue DataType="http://www.w3.org/2001/XMLSchema#string"> and not(@homecommunityid) and not(@confidentialitycode) </AttributeValue>

                                        <!-- Individual (may not be null attribute) -->
                                        <AttributeValue DataType="http://www.w3.org/2001/XMLSchema#string"> and (@individual) and (@individual='</AttributeValue>
                                        <Apply FunctionId="urn:oasis:names:tc:xacml:1.0:function:string-one-and-only">
                                            <SubjectAttributeDesignator AttributeId="urn:oasis:names:tc:xacml:1.0:subject:subject-id" MustBePresent="false" DataType="http://www.w3.org/2001/XMLSchema#string"  />
                                        </Apply>
                                        <AttributeValue DataType="http://www.w3.org/2001/XMLSchema#string">')</AttributeValue>

                                    </Apply>
                                    <!-- End xpath statement -->
                                    <AttributeValue DataType="http://www.w3.org/2001/XMLSchema#string">]</AttributeValue>
                                </Apply>
                            </Apply>
                            <AttributeValue DataType="http://www.w3.org/2001/XMLSchema#integer">0</AttributeValue>
                        </Apply>
                    </Apply>
                </Apply>
            </Condition>
        </Rule>

        <Obligations>
            <Obligation ObligationId="allowed-individuals-policy-deny" FulfillOn="Deny"/>
        </Obligations>
    </Policy>
    
    <Policy xmlns="urn:oasis:names:tc:xacml:2.0:policy:schema:os"
         PolicyId="final-policy"
        RuleCombiningAlgId="urn:oasis:names:tc:xacml:1.0:rule-combining-algorithm:first-applicable">
        <Description>Permit if no other policies/rules fired.</Description>
        <PolicyDefaults>
            <XPathVersion>http://www.w3.org/TR/1999/Rec-xpath-19991116</XPathVersion>
        </PolicyDefaults>
        <Target/>

         <!-- Default Deny rule (if no Permit rules fired above) -->
        <Rule RuleId="final-rule" Effect="Permit"/>
    </Policy>
    
     <!-- Does not mean we are done, the PEP must still evaluate policy at the document-level -->
    <Obligations>
        <Obligation ObligationId="evaluate-document-policy" FulfillOn="Permit"/>
    </Obligations>
       
</PolicySet>
