<?xml version="1.0" encoding="UTF-8"?>
<SubmitDocumentRequest
    xmlns="http://schemas.hieos.vangent.com/xdsbridge"
    xmlns:xm="http://www.w3.org/2005/05/xmlmime">
    <PatientId root="1.3.6.1.4.1.21367.2005.3.7.6fa11e467880478" />
    <Documents>
        <Document>
            <Id>2.16.840.1.113883.10.20.1</Id> 
            <Type code="51855-5" 
                codeSystem="2.16.840.1.113883.6.1"
                codeSystemName="LOINC" displayName="Shared Health Summary" />
            <Content xm:contentType="text/xml">
PD94bWwgdmVyc2lvbj0iMS4wIiBlbmNvZGluZz0iVVRGLTgiPz4NCjwhLS0gVGhpcyBleGFtcGxl
IGlzIHByb3ZpZGVkIGZvciBpbGx1c3RyYXRpdmUgcHVycG9zZXMgb25seS4gSXQgaGFzIGhhZCBu
byBjbGluaWNhbCB2YWxpZGF0aW9uLiANCiBXaGlsZSBldmVyeSBlZmZvcnQgaGFzIGJlZW4gdGFr
ZW4gdG8gZW5zdXJlIHRoYXQgdGhlIGV4YW1wbGVzIGFyZSBjb25zaXN0ZW50IHdpdGggdGhlIG1l
c3NhZ2Ugc3BlY2lmaWNhdGlvbiwgDQogd2hlcmUgdGhlcmUgYXJlIGNvbmZsaWN0cyB3aXRoIHRo
ZSB3cml0dGVuIG1lc3NhZ2Ugc3BlY2lmaWNhdGlvbiBvciBzY2hlbWEsIHRoZSBzcGVjaWZpY2F0
aW9uIG9yIHNjaGVtYSANCiBzaGFsbCBiZSBjb25zaWRlcmVkIHRvIHRha2UgcHJlY2VkZW5jZSAt
LT4NCjxDbGluaWNhbERvY3VtZW50IA0KICAgIHhtbG5zPSJ1cm46aGw3LW9yZzp2MyIgDQogICAg
eG1sbnM6ZXh0PSJodHRwOi8vbnMuZWxlY3Ryb25pY2hlYWx0aC5uZXQuYXUvQ2kvQ2RhL0V4dGVu
c2lvbnMvMy4wIiANCiAgICB4bWxuczp4cz0iaHR0cDovL3d3dy53My5vcmcvMjAwMS9YTUxTY2hl
bWEiDQogICAgeG1sbnM6eHNpPSJodHRwOi8vd3d3LnczLm9yZy8yMDAxL1hNTFNjaGVtYS1pbnN0
YW5jZSI+DQogICAgDQogICAgPHR5cGVJZCBleHRlbnNpb249IlBPQ0RfSEQwMDAwNDAiIHJvb3Q9
IjIuMTYuODQwLjEuMTEzODgzLjEuMyIgLz4NCiAgICA8dGVtcGxhdGVJZCBleHRlbnNpb249IjEu
MCIgcm9vdD0iMS4yLjM2LjEuMjAwMS4xMDAxLjEwMS4xMDAuMjAwMDAiIC8+DQogICAgPGlkIHJv
b3Q9IjhCQzM0MDZBLUI5M0YtMTFERS04QTJCLTZBMUM1NkQ4OTU5MyIgLz4NCiAgICA8Y29kZSBj
b2RlPSI1MTg1NS01IiBjb2RlU3lzdGVtPSIyLjE2Ljg0MC4xLjExMzg4My42LjEiIGNvZGVTeXN0
ZW1OYW1lPSJMT0lOQyIgZGlzcGxheU5hbWU9IlNoYXJlZCBIZWFsdGggU3VtbWFyeSIgLz4NCiAg
ICA8ZWZmZWN0aXZlVGltZSB2YWx1ZT0iMjAwOTEwMjAxMjM1IiAvPg0KICAgIDxjb25maWRlbnRp
YWxpdHlDb2RlIG51bGxGbGF2b3I9Ik5BIiAvPg0KICAgIDxsYW5ndWFnZUNvZGUgY29kZT0iZW4t
QVUiIC8+DQogICAgPHNldElkIHJvb3Q9IjZDNkJBNTZDLUJDOTItMTFERS1BMTcwLUQ4NTU1NkQ4
OTU5MyIgLz4NCiAgICA8dmVyc2lvbk51bWJlciB2YWx1ZT0iMSIgLz4NCiAgICA8ZXh0OmNvbXBs
ZXRpb25Db2RlIGNvZGU9IkYiIGNvZGVTeXN0ZW09IjEuMi4zNi4xLjIwMDEuMTAwMS4xMDEuMTA0
LjIwMTA0IiBjb2RlU3lzdGVtTmFtZT0iTkNUSVMgRG9jdW1lbnQgU3RhdHVzIFZhbHVlcyIgZGlz
cGxheU5hbWU9IkZpbmFsIiAvPg0KDQoJPCEtLSBCZWdpbiBDREEgSGVhZGVyIC0tPg0KCTwhLS0g
QmVnaW4gU3ViamVjdCBvZiBDYXJlIC0gSGVhZGVyIFBhcnQgLS0+DQogICAgPHJlY29yZFRhcmdl
dD4NCiAgICAgICAgPHBhdGllbnRSb2xlPg0KDQoJCQk8IS0tIElEIGlzIHVzZWQgZm9yIHN5c3Rl
bSBwdXJwb3NlcyBzdWNoIGFzIG1hdGNoaW5nIC0tPg0KICAgICAgICAgICAgPGlkIHJvb3Q9IjdB
QTBCQUFDLTBDRDAtMTFFMC05NTE2LTQzNTBERkQ3MjA4NSIgLz4NCg0KCQkJPCEtLSBBZGRyZXNz
IC0tPg0KICAgICAgICAgICAgPGFkZHIgdXNlPSJIIj4NCiAgICAgICAgICAgICAgICA8c3RyZWV0
QWRkcmVzc0xpbmU+MSBDbGluaWNpYW4gU3RyZWV0PC9zdHJlZXRBZGRyZXNzTGluZT4NCiAgICAg
ICAgICAgICAgICA8Y2l0eT5OZWh0YXZpbGxlPC9jaXR5Pg0KICAgICAgICAgICAgICAgIDxzdGF0
ZT5RTEQ8L3N0YXRlPg0KICAgICAgICAgICAgICAgIDxwb3N0YWxDb2RlPjU1NTU8L3Bvc3RhbENv
ZGU+DQogICAgICAgICAgICAgICAgPGFkZGl0aW9uYWxMb2NhdG9yPjMyNTY4OTMxPC9hZGRpdGlv
bmFsTG9jYXRvcj4NCiAgICAgICAgICAgICAgICA8Y291bnRyeT5BdXN0cmFsaWE8L2NvdW50cnk+
DQogICAgICAgICAgICA8L2FkZHI+DQoNCgkJCTwhLS0gRWxlY3Ryb25pYyBDb21tdW5pY2F0aW9u
IERldGFpbCAtLT4NCiAgICAgICAgICAgIDx0ZWxlY29tIHVzZT0iSCIgdmFsdWU9InRlbDowNDk5
OTk5OTk5IiAvPg0KDQoJCQk8IS0tIFBhcnRpY2lwYW50IC0tPg0KICAgICAgICAgICAgPHBhdGll
bnQ+DQoNCgkJCQk8IS0tIFBlcnNvbiBOYW1lIC0tPg0KICAgICAgICAgICAgICAgIDxuYW1lIHVz
ZT0iTCI+DQogICAgICAgICAgICAgICAgICAgIDxwcmVmaXg+TXM8L3ByZWZpeD4NCiAgICAgICAg
ICAgICAgICAgICAgPGdpdmVuPlNhbGx5PC9naXZlbj4NCiAgICAgICAgICAgICAgICAgICAgPGZh
bWlseT5HcmFudDwvZmFtaWx5Pg0KICAgICAgICAgICAgICAgIDwvbmFtZT4NCg0KCQkJCTwhLS0g
SW5kaWdlbm91cyBTdGF0dXMgLS0+DQogICAgICAgICAgICAgICAgPGV0aG5pY0dyb3VwQ29kZSBj
b2RlPSI0IiBjb2RlU3lzdGVtPSIyLjE2Ljg0MC4xLjExMzg4My4zLjg3OSIgY29kZVN5c3RlbU5h
bWU9Ik1FVGVPUiIgZGlzcGxheU5hbWU9Ik5laXRoZXIgQWJvcmlnaW5hbCBub3IgVG9ycmVzIFN0
cmFpdCBJc2xhbmRlciBvcmlnaW4iIC8+DQoNCgkJCQk8IS0tIFNleCAtLT4NCiAgICAgICAgICAg
ICAgICA8YWRtaW5pc3RyYXRpdmVHZW5kZXJDb2RlIGNvZGU9IkYiIGNvZGVTeXN0ZW09IjIuMTYu
ODQwLjEuMTEzODgzLjEzLjY4IiBjb2RlU3lzdGVtTmFtZT0iQVMgNTAxNy0yMDA2IEhlYWx0aCBD
YXJlIENsaWVudCBJZGVudGlmaWVyIFNleCIgLz4NCg0KCQkJCTwhLS0gRGF0ZSBvZiBCaXJ0aCAt
LT4NCiAgICAgICAgICAgICAgICA8YmlydGhUaW1lIHZhbHVlPSIxOTQ4MDYwNyIgLz4NCg0KCQkJ
CTwhLS0gTXVsdGlwbGUgQmlydGggSW5kaWNhdG9yIC0tPg0KICAgICAgICAgICAgICAgIDxleHQ6
bXVsdGlwbGVCaXJ0aEluZCB2YWx1ZT0idHJ1ZSIgLz4NCiAgICAgICAgICAgICAgICA8ZXh0Om11
bHRpcGxlQmlydGhPcmRlck51bWJlciB2YWx1ZT0iMiIgLz4NCg0KCQkJCTwhLS0gRGF0ZSBvZiBE
ZWF0aCAtLT4NCiAgICAgICAgICAgICAgICA8ZXh0OmRlY2Vhc2VkSW5kIHZhbHVlPSJ0cnVlIiAv
Pg0KICAgICAgICAgICAgICAgIDxleHQ6ZGVjZWFzZWRUaW1lIHZhbHVlPSIyMDEwMTIwMSIgLz4N
Cg0KCQkJCTwhLS0gQ291bnRyeSBvZiBCaXJ0aCAtLT4NCiAgICAgICAgICAgICAgICA8YmlydGhw
bGFjZT4NCiAgICAgICAgICAgICAgICAgICAgPHBsYWNlPg0KICAgICAgICAgICAgICAgICAgICAg
ICAgPGFkZHI+DQogICAgICAgICAgICAgICAgICAgICAgICAgICAgPGNvdW50cnk+ODEwNDwvY291
bnRyeT4NCiAgICAgICAgICAgICAgICAgICAgICAgIDwvYWRkcj4NCiAgICAgICAgICAgICAgICAg
ICAgPC9wbGFjZT4NCiAgICAgICAgICAgICAgICA8L2JpcnRocGxhY2U+DQoNCgkJCQk8IS0tIEVu
dGl0eSBJZGVudGlmaWVyIC0tPg0KICAgICAgICAgICAgICAgIDxleHQ6YXNFbnRpdHlJZGVudGlm
aWVyIGNsYXNzQ29kZT0iSURFTlQiPg0KICAgICAgICAgICAgICAgICAgICA8IS0tIE9SSUdJTkFM
DQogICAgICAgICAgICAgICAgICAgIDxleHQ6aWQgYXNzaWduaW5nQXV0aG9yaXR5TmFtZT0iSUhJ
IiByb290PSIxLjIuMzYuMS4yMDAxLjEwMDMuMC44MDAzNjAxMjM0NTEyMzQ1IiAvPiANCiAgICAg
ICAgICAgICAgICAgICAgLS0+DQogICAgICAgICAgICAgICAgICAgIDxleHQ6aWQgYXNzaWduaW5n
QXV0aG9yaXR5TmFtZT0iSUhJIiByb290PSIxLjMuNi4xLjQuMS4yMTM2Ny4yMDA1LjMuNy42ZmEx
MWU0Njc4ODA0NzgiIC8+DQogICAgICAgICAgICAgICAgICAgIDxleHQ6YXNzaWduaW5nR2VvZ3Jh
cGhpY0FyZWEgY2xhc3NDb2RlPSJQTEMiPg0KICAgICAgICAgICAgICAgICAgICAgICAgPGV4dDpu
YW1lPk5hdGlvbmFsIElkZW50aWZpZXI8L2V4dDpuYW1lPg0KICAgICAgICAgICAgICAgICAgICA8
L2V4dDphc3NpZ25pbmdHZW9ncmFwaGljQXJlYT4NCiAgICAgICAgICAgICAgICA8L2V4dDphc0Vu
dGl0eUlkZW50aWZpZXI+DQoNCiAgICAgICAgICAgIDwvcGF0aWVudD4NCiAgICAgICAgPC9wYXRp
ZW50Um9sZT4NCiAgICA8L3JlY29yZFRhcmdldD4NCgk8IS0tIEVuZCBTdWJqZWN0IG9mIENhcmUg
LSBIZWFkZXIgUGFydCAtLT4NCg0KCTwhLS0gQmVnaW4gRG9jdW1lbnQgQXV0aG9yIC0tPg0KICAg
IDxhdXRob3I+DQoNCgkJPCEtLSBNdXN0IGhvbGQgc2FtZSB2YWx1ZSBhcyBEYXRlVGltZSBhdHRl
c3RlZCAoQ2xpbmljYWxEb2N1bWVudC5sZWdhbEF1dGhlbnRpY2F0b3IudGltZSkgLS0+DQogICAg
ICAgIDx0aW1lIHZhbHVlPSIyMDA5MTAyMDEyMzUiIC8+DQoNCiAgICAgICAgPGFzc2lnbmVkQXV0
aG9yPg0KDQoJCQk8IS0tIElEIGlzIHVzZWQgZm9yIHN5c3RlbSBwdXJwb3NlcyBzdWNoIGFzIG1h
dGNoaW5nIC0tPg0KICAgICAgICAgICAgPGlkIHJvb3Q9IjdGQ0IwRUM0LTBDRDAtMTFFMC05REZD
LThGNTBERkQ3MjA4NSIgLz4NCg0KCQkJPCEtLSBSb2xlIC0tPg0KICAgICAgICAgICAgPGNvZGUg
Y29kZT0iMjUzMzE3IiBjb2RlU3lzdGVtPSIyLjE2Ljg0MC4xLjExMzg4My4xMy42MiIgY29kZVN5
c3RlbU5hbWU9IjEyMjAuMCAtIEFOWlNDTyAtIEF1c3RyYWxpYW4gYW5kIE5ldyBaZWFsYW5kIFN0
YW5kYXJkIENsYXNzaWZpY2F0aW9uIG9mIE9jY3VwYXRpb25zLCBGaXJzdCBFZGl0aW9uLCAyMDA2
Ig0KCQkJCWRpc3BsYXlOYW1lPSJJbnRlbnNpdmUgQ2FyZSBTcGVjaWFsaXN0IiAvPg0KDQoJCQk8
IS0tIEFkZHJlc3MgLS0+DQogICAgICAgICAgICA8YWRkciB1c2U9IldQIj4NCiAgICAgICAgICAg
ICAgICA8c3RyZWV0QWRkcmVzc0xpbmU+MSBDbGluaWNpYW4gU3RyZWV0PC9zdHJlZXRBZGRyZXNz
TGluZT4NCiAgICAgICAgICAgICAgICA8Y2l0eT5OZWh0YXZpbGxlPC9jaXR5Pg0KICAgICAgICAg
ICAgICAgIDxzdGF0ZT5RTEQ8L3N0YXRlPg0KICAgICAgICAgICAgICAgIDxwb3N0YWxDb2RlPjU1
NTU8L3Bvc3RhbENvZGU+DQogICAgICAgICAgICAgICAgPGFkZGl0aW9uYWxMb2NhdG9yPjMyNTY4
OTMxPC9hZGRpdGlvbmFsTG9jYXRvcj4NCiAgICAgICAgICAgICAgICA8Y291bnRyeT5BdXN0cmFs
aWE8L2NvdW50cnk+DQogICAgICAgICAgICA8L2FkZHI+DQoNCgkJCTwhLS0gRWxlY3Ryb25pYyBD
b21tdW5pY2F0aW9uIERldGFpbCAtLT4NCiAgICAgICAgICAgIDx0ZWxlY29tIHVzZT0iV1AiIHZh
bHVlPSJ0ZWw6MDcxMjM0MTIzNCIgLz4NCg0KCQkJPCEtLSBQYXJ0aWNpcGFudCAtLT4NCiAgICAg
ICAgICAgIDxhc3NpZ25lZFBlcnNvbj4NCg0KCQkJCTwhLS0gUGVyc29uIE5hbWUgLS0+DQogICAg
ICAgICAgICAgICAgPG5hbWU+DQogICAgICAgICAgICAgICAgICAgIDxwcmVmaXg+RHIuPC9wcmVm
aXg+DQogICAgICAgICAgICAgICAgICAgIDxnaXZlbj5Hb29kPC9naXZlbj4NCiAgICAgICAgICAg
ICAgICAgICAgPGZhbWlseT5Eb2N0b3I8L2ZhbWlseT4NCiAgICAgICAgICAgICAgICA8L25hbWU+
DQoNCgkJCQk8IS0tIFNleCAtLT4NCiAgICAgICAgICAgICAgICA8ZXh0OmFkbWluaXN0cmF0aXZl
R2VuZGVyQ29kZSBjb2RlPSJNIiBjb2RlU3lzdGVtPSIyLjE2Ljg0MC4xLjExMzg4My4xMy42OCIg
Y29kZVN5c3RlbU5hbWU9IkFTIDUwMTctMjAwNiBIZWFsdGggQ2FyZSBDbGllbnQgSWRlbnRpZmll
ciBTZXgiIC8+DQoNCgkJCQk8IS0tIERhdGUgb2YgQmlydGggLS0+DQogICAgICAgICAgICAgICAg
PGV4dDpiaXJ0aFRpbWUgdmFsdWU9IjE5NDgwNjA3IiAvPg0KDQoJCQkJPCEtLSBFbnRpdHkgSWRl
bnRpZmllciAtLT4NCiAgICAgICAgICAgICAgICA8ZXh0OmFzRW50aXR5SWRlbnRpZmllciBjbGFz
c0NvZGU9IklERU5UIj4NCiAgICAgICAgICAgICAgICAgICAgPGV4dDppZCBhc3NpZ25pbmdBdXRo
b3JpdHlOYW1lPSJIUEktSSIgcm9vdD0iMS4yLjM2LjEuMjAwMS4xMDAzLjAuODAwMzYxMTIzNDU2
Nzg5MCIgLz4NCiAgICAgICAgICAgICAgICAgICAgPGV4dDphc3NpZ25pbmdHZW9ncmFwaGljQXJl
YSBjbGFzc0NvZGU9IlBMQyI+DQogICAgICAgICAgICAgICAgICAgICAgICA8ZXh0Om5hbWU+TmF0
aW9uYWwgSWRlbnRpZmllcjwvZXh0Om5hbWU+DQogICAgICAgICAgICAgICAgICAgIDwvZXh0OmFz
c2lnbmluZ0dlb2dyYXBoaWNBcmVhPg0KICAgICAgICAgICAgICAgIDwvZXh0OmFzRW50aXR5SWRl
bnRpZmllcj4NCg0KICAgICAgICAgICAgPC9hc3NpZ25lZFBlcnNvbj4NCg0KCQkJPCEtLSBFbXBs
b3ltZW50IERldGFpbCAtLT4NCgkJCTwhLS0gRW1wbG95ZXIgT3JnYW5pc2F0aW9uIChQYXJ0aWNp
cGFudCAoT3JnYW5pc2F0aW9uKSkgLS0+DQogICAgICAgICAgICA8cmVwcmVzZW50ZWRPcmdhbml6
YXRpb24+DQoNCgkJCQk8IS0tIERlcGFydG1lbnQvVW5pdCAtLT4NCiAgICAgICAgICAgICAgICA8
bmFtZT5TdXJnaWNhbCBXYXJkPC9uYW1lPg0KDQogICAgICAgICAgICAgICAgPGFzT3JnYW5pemF0
aW9uUGFydE9mPg0KICAgICAgICAgICAgICAgICAgICA8d2hvbGVPcmdhbml6YXRpb24+DQoNCgkJ
CQkJCTwhLS0gT3JnYW5pc2F0aW9uIE5hbWUgLS0+DQogICAgICAgICAgICAgICAgICAgICAgICA8
bmFtZSB1c2U9IkwiPkdvb2QgSG9zcGl0YWw8L25hbWU+DQogICAgICAgICAgICAgICAgICAgIDwv
d2hvbGVPcmdhbml6YXRpb24+DQogICAgICAgICAgICAgICAgPC9hc09yZ2FuaXphdGlvblBhcnRP
Zj4NCg0KCQkJCTwhLS0gRW50aXR5IElkZW50aWZpZXIgLS0+DQogICAgICAgICAgICAgICAgPGV4
dDphc0VudGl0eUlkZW50aWZpZXIgY2xhc3NDb2RlPSJJREVOVCI+DQogICAgICAgICAgICAgICAg
ICAgIDxleHQ6aWQgYXNzaWduaW5nQXV0aG9yaXR5TmFtZT0iSFBJLU8iIHJvb3Q9IjEuMi4zNi4x
LjIwMDEuMTAwMy4wLjgwMDM2MjEyMzExNjc4OTAiIC8+DQogICAgICAgICAgICAgICAgICAgIDxl
eHQ6YXNzaWduaW5nR2VvZ3JhcGhpY0FyZWEgY2xhc3NDb2RlPSJQTEMiPg0KICAgICAgICAgICAg
ICAgICAgICAgICAgPGV4dDpuYW1lPk5hdGlvbmFsIElkZW50aWZpZXI8L2V4dDpuYW1lPg0KICAg
ICAgICAgICAgICAgICAgICA8L2V4dDphc3NpZ25pbmdHZW9ncmFwaGljQXJlYT4NCiAgICAgICAg
ICAgICAgICA8L2V4dDphc0VudGl0eUlkZW50aWZpZXI+DQoNCiAgICAgICAgICAgIDwvcmVwcmVz
ZW50ZWRPcmdhbml6YXRpb24+DQoNCiAgICAgICAgPC9hc3NpZ25lZEF1dGhvcj4NCiAgICA8L2F1
dGhvcj4NCgk8IS0tIEVuZCBEb2N1bWVudCBBdXRob3IgLS0+DQoNCgk8IS0tIEJlZ2luIEN1c3Rv
ZGlhbiAtLT4NCiAgICA8Y3VzdG9kaWFuPg0KICAgICAgICA8YXNzaWduZWRDdXN0b2RpYW4+DQog
ICAgICAgICAgICA8cmVwcmVzZW50ZWRDdXN0b2RpYW5Pcmdhbml6YXRpb24+DQoNCgkJCQk8IS0t
IElEIGlzIHVzZWQgZm9yIHN5c3RlbSBwdXJwb3NlcyBzdWNoIGFzIG1hdGNoaW5nIC0tPg0KICAg
ICAgICAgICAgICAgIDxpZCByb290PSI4NDY0QzZCRS0wQ0QwLTExRTAtQjQ1QS05MjUwREZENzIw
ODUiIC8+DQogICAgICAgICAgICAgICAgPG5hbWU+T3ogSGVhbHRoIENsaW5pYzwvbmFtZT4NCg0K
CQkJCTwhLS0gRW50aXR5IElkZW50aWZpZXIgLS0+DQogICAgICAgICAgICAgICAgPGV4dDphc0Vu
dGl0eUlkZW50aWZpZXIgY2xhc3NDb2RlPSJJREVOVCI+DQogICAgICAgICAgICAgICAgICAgIDxl
eHQ6aWQgYXNzaWduaW5nQXV0aG9yaXR5TmFtZT0iSFBJLU8iIHJvb3Q9IjEuMi4zNi4xLjIwMDEu
MTAwMy4wLjgwNjY2MjE3NzExNjc4ODgiIC8+DQogICAgICAgICAgICAgICAgICAgIDxleHQ6YXNz
aWduaW5nR2VvZ3JhcGhpY0FyZWEgY2xhc3NDb2RlPSJQTEMiPg0KICAgICAgICAgICAgICAgICAg
ICAgICAgPGV4dDpuYW1lPk5hdGlvbmFsIElkZW50aWZpZXI8L2V4dDpuYW1lPg0KICAgICAgICAg
ICAgICAgICAgICA8L2V4dDphc3NpZ25pbmdHZW9ncmFwaGljQXJlYT4NCiAgICAgICAgICAgICAg
ICA8L2V4dDphc0VudGl0eUlkZW50aWZpZXI+DQoNCiAgICAgICAgICAgIDwvcmVwcmVzZW50ZWRD
dXN0b2RpYW5Pcmdhbml6YXRpb24+DQogICAgICAgIDwvYXNzaWduZWRDdXN0b2RpYW4+DQogICAg
PC9jdXN0b2RpYW4+DQoJPCEtLSBFbmQgQ3VzdG9kaWFuIC0tPg0KDQoJPCEtLSBTdGFydCBJbmZv
cm1hdGlvbiBSZWNpcGllbnQgLSBQcmltYXJ5IC0tPg0KICAgIDxpbmZvcm1hdGlvblJlY2lwaWVu
dCB0eXBlQ29kZT0iUFJDUCI+DQogICAgICAgIDxpbnRlbmRlZFJlY2lwaWVudD4NCg0KCQkJPCEt
LSBJRCBpcyB1c2VkIGZvciBzeXN0ZW0gcHVycG9zZXMgc3VjaCBhcyBtYXRjaGluZyAtLT4NCiAg
ICAgICAgICAgIDxpZCByb290PSI4QUY1RjhGNC0wQ0QwLTExRTAtQUM0OC05MzUwREZENzIwODUi
IC8+DQoNCiAgICAgICAgICAgIDxhZGRyIHVzZT0iV1AiPg0KICAgICAgICAgICAgICAgIDxzdHJl
ZXRBZGRyZXNzTGluZT4xIFByaW1hcnkgQ2FyZSBQcm92aWRlciBTdHJlZXQ8L3N0cmVldEFkZHJl
c3NMaW5lPg0KICAgICAgICAgICAgICAgIDxjaXR5Pk5laHRhdmlsbGU8L2NpdHk+DQogICAgICAg
ICAgICAgICAgPHN0YXRlPlFMRDwvc3RhdGU+DQogICAgICAgICAgICAgICAgPHBvc3RhbENvZGU+
NTU1NTwvcG9zdGFsQ29kZT4NCiAgICAgICAgICAgICAgICA8YWRkaXRpb25hbExvY2F0b3I+MzI1
Njg5MzE8L2FkZGl0aW9uYWxMb2NhdG9yPg0KICAgICAgICAgICAgICAgIDxjb3VudHJ5PkF1c3Ry
YWxpYTwvY291bnRyeT4NCiAgICAgICAgICAgIDwvYWRkcj4NCiAgICAgICAgICAgIDx0ZWxlY29t
IHVzZT0iV1AiIHZhbHVlPSJ0ZWw6MDcxMjM0MTI0NSIgLz4NCiAgICAgICAgICAgIDxpbmZvcm1h
dGlvblJlY2lwaWVudD4NCg0KCQkJCTwhLS0gUGVyc29uIE5hbWUgLS0+DQogICAgICAgICAgICAg
ICAgPG5hbWU+DQogICAgICAgICAgICAgICAgICAgIDxwcmVmaXg+RHIuPC9wcmVmaXg+DQogICAg
ICAgICAgICAgICAgICAgIDxnaXZlbj5JbmZvcm1hdGlvbjwvZ2l2ZW4+DQogICAgICAgICAgICAg
ICAgICAgIDxmYW1pbHk+UmVjaXBpZW50PC9mYW1pbHk+DQogICAgICAgICAgICAgICAgPC9uYW1l
Pg0KDQoJCQkJPCEtLSBTZXggLS0+DQogICAgICAgICAgICAgICAgPGV4dDphZG1pbmlzdHJhdGl2
ZUdlbmRlckNvZGUgY29kZT0iRiIgY29kZVN5c3RlbT0iMi4xNi44NDAuMS4xMTM4ODMuMTMuNjgi
IGNvZGVTeXN0ZW1OYW1lPSJBUyA1MDE3LTIwMDYgSGVhbHRoIENhcmUgQ2xpZW50IElkZW50aWZp
ZXIgU2V4IiAvPg0KDQoJCQkJPCEtLSBEYXRlIG9mIEJpcnRoIC0tPg0KICAgICAgICAgICAgICAg
IDxleHQ6YmlydGhUaW1lIHZhbHVlPSIxOTY4MTAwNyIgLz4NCg0KCQkJCTwhLS0gRW50aXR5IElk
ZW50aWZpZXIgLS0+DQogICAgICAgICAgICAgICAgPGV4dDphc0VudGl0eUlkZW50aWZpZXIgY2xh
c3NDb2RlPSJJREVOVCI+DQogICAgICAgICAgICAgICAgICAgIDxleHQ6aWQgYXNzaWduaW5nQXV0
aG9yaXR5TmFtZT0iSFBJLUkiIHJvb3Q9IjEuMi4zNi4xLjIwMDEuMTAwMy4wLjgwMDM2MTEyMjI1
Njc4OTAiIC8+DQogICAgICAgICAgICAgICAgICAgIDxleHQ6YXNzaWduaW5nR2VvZ3JhcGhpY0Fy
ZWEgY2xhc3NDb2RlPSJQTEMiPg0KICAgICAgICAgICAgICAgICAgICAgICAgPGV4dDpuYW1lPk5h
dGlvbmFsIElkZW50aWZpZXI8L2V4dDpuYW1lPg0KICAgICAgICAgICAgICAgICAgICA8L2V4dDph
c3NpZ25pbmdHZW9ncmFwaGljQXJlYT4NCiAgICAgICAgICAgICAgICA8L2V4dDphc0VudGl0eUlk
ZW50aWZpZXI+DQoNCiAgICAgICAgICAgIDwvaW5mb3JtYXRpb25SZWNpcGllbnQ+DQoNCiAgICAg
ICAgICAgIDxyZWNlaXZlZE9yZ2FuaXphdGlvbj4NCiAgICAgICAgICAgICAgICA8bmFtZT5JbmZv
cm1hdGlvbiBSZWNpcGllbnQgQ2xpbmljIE5hbWU8L25hbWU+DQoNCgkJCQk8IS0tIEVudGl0eSBJ
ZGVudGlmaWVyIC0tPg0KICAgICAgICAgICAgICAgIDxleHQ6YXNFbnRpdHlJZGVudGlmaWVyIGNs
YXNzQ29kZT0iSURFTlQiPg0KICAgICAgICAgICAgICAgICAgICA8ZXh0OmlkIGFzc2lnbmluZ0F1
dGhvcml0eU5hbWU9IkhQSS1PIiByb290PSIxLjIuMzYuMS4yMDAxLjEwMDMuMC44MDAzNjIxNzcx
MTY3ODg4IiAvPg0KICAgICAgICAgICAgICAgICAgICA8ZXh0OmFzc2lnbmluZ0dlb2dyYXBoaWNB
cmVhIGNsYXNzQ29kZT0iUExDIj4NCiAgICAgICAgICAgICAgICAgICAgICAgIDxleHQ6bmFtZT5O
YXRpb25hbCBJZGVudGlmaWVyPC9leHQ6bmFtZT4NCiAgICAgICAgICAgICAgICAgICAgPC9leHQ6
YXNzaWduaW5nR2VvZ3JhcGhpY0FyZWE+DQogICAgICAgICAgICAgICAgPC9leHQ6YXNFbnRpdHlJ
ZGVudGlmaWVyPg0KDQogICAgICAgICAgICA8L3JlY2VpdmVkT3JnYW5pemF0aW9uPg0KICAgICAg
ICA8L2ludGVuZGVkUmVjaXBpZW50Pg0KICAgIDwvaW5mb3JtYXRpb25SZWNpcGllbnQ+DQoJPCEt
LSBFbmQgSW5mb3JtYXRpb24gUmVjaXBpZW50IC0gUHJpbWFyeSAtLT4NCg0KCTwhLS0gQmVnaW4g
RG9jdW1lbnQgUmVjaXBpZW50IERldGFpbCAoT3JnYW5pc2F0aW9uKSAtLT4NCiAgICA8aW5mb3Jt
YXRpb25SZWNpcGllbnQgdHlwZUNvZGU9IlRSQyI+DQogICAgICAgIDxpbnRlbmRlZFJlY2lwaWVu
dD4NCg0KCQkJPCEtLSBJRCBpcyB1c2VkIGZvciBzeXN0ZW0gcHVycG9zZXMgc3VjaCBhcyBtYXRj
aGluZyAtLT4NCiAgICAgICAgICAgIDxpZCByb290PSI5NThBMEU5MC0wQ0QwLTExRTAtQTQzRS1B
QTUwREZENzIwODUiIC8+DQogICAgICAgICAgICA8ZXh0OmNvZGUgY29kZT0iODA1MjIwMDAiIGNv
ZGVTeXN0ZW09IjIuMTYuODQwLjEuMTEzODgzLjYuOTYiIGNvZGVTeXN0ZW1OYW1lPSJTTk9NRUQt
Q1QiIGNvZGVTeXN0ZW1WZXJzaW9uPSIyMDA5MDczMSIgZGlzcGxheU5hbWU9IlJlaGFiaWxpdGF0
aW9uIGhvc2lwaXRhbCIgLz4NCiAgICAgICAgICAgIDxhZGRyIHVzZT0iV1AiPg0KICAgICAgICAg
ICAgICAgIDxzdHJlZXRBZGRyZXNzTGluZT45OSBSZWhhYiBSb2FkPC9zdHJlZXRBZGRyZXNzTGlu
ZT4NCiAgICAgICAgICAgICAgICA8Y2l0eT5OZWh0YXZpbGxlPC9jaXR5Pg0KICAgICAgICAgICAg
ICAgIDxzdGF0ZT5RTEQ8L3N0YXRlPg0KICAgICAgICAgICAgICAgIDxwb3N0YWxDb2RlPjU1NTU8
L3Bvc3RhbENvZGU+DQogICAgICAgICAgICAgICAgPGFkZGl0aW9uYWxMb2NhdG9yPjMyNTY4OTMx
PC9hZGRpdGlvbmFsTG9jYXRvcj4NCiAgICAgICAgICAgICAgICA8Y291bnRyeT5BdXN0cmFsaWE8
L2NvdW50cnk+DQogICAgICAgICAgICA8L2FkZHI+DQogICAgICAgICAgICA8dGVsZWNvbSB1c2U9
IldQIiB2YWx1ZT0idGVsOjA3MTIzNDE5OTkiIC8+DQogICAgICAgICAgICA8cmVjZWl2ZWRPcmdh
bml6YXRpb24+DQogICAgICAgICAgICAgICAgPG5hbWUgdXNlPSJMIj5Gb290IFJlaGFiIERlcGFy
dG1lbnQgDQogICAgICAgICAgICAgICAgICAgIDx2YWxpZFRpbWU+DQogICAgICAgICAgICAgICAg
ICAgICAgICA8bG93IHZhbHVlPSIxOTk1MDEwMSIgLz4NCiAgICAgICAgICAgICAgICAgICAgPC92
YWxpZFRpbWU+DQogICAgICAgICAgICAgICAgPC9uYW1lPg0KICAgICAgICAgICAgICAgIDxhc09y
Z2FuaXphdGlvblBhcnRPZj4NCg0KCQkJCQk8IS0tIElEIGlzIHVzZWQgZm9yIHN5c3RlbSBwdXJw
b3NlcyBzdWNoIGFzIG1hdGNoaW5nIC0tPg0KICAgICAgICAgICAgICAgICAgICA8aWQgcm9vdD0i
OUJFODU3N0UtMENEMC0xMUUwLThEMTktQUI1MERGRDcyMDg1IiAvPg0KICAgICAgICAgICAgICAg
ICAgICA8d2hvbGVPcmdhbml6YXRpb24+DQogICAgICAgICAgICAgICAgICAgICAgICA8bmFtZSB1
c2U9IkwiPlJlaGFiIENsaW5pYyBOYW1lPC9uYW1lPg0KDQoJCQkJCQk8IS0tIEVudGl0eSBJZGVu
dGlmaWVyIC0tPg0KICAgICAgICAgICAgICAgICAgICAgICAgPGV4dDphc0VudGl0eUlkZW50aWZp
ZXIgY2xhc3NDb2RlPSJJREVOVCI+DQogICAgICAgICAgICAgICAgICAgICAgICAgICAgPGV4dDpp
ZCBhc3NpZ25pbmdBdXRob3JpdHlOYW1lPSJIUEktTyIgcm9vdD0iMS4yLjM2LjEuMjAwMS4xMDAz
LjAuODAwMzYyMTc0NDE2Nzg4OCIgLz4NCiAgICAgICAgICAgICAgICAgICAgICAgICAgICA8ZXh0
OmFzc2lnbmluZ0dlb2dyYXBoaWNBcmVhIGNsYXNzQ29kZT0iUExDIj4NCiAgICAgICAgICAgICAg
ICAgICAgICAgICAgICAgICAgPGV4dDpuYW1lPk5hdGlvbmFsIElkZW50aWZpZXI8L2V4dDpuYW1l
Pg0KICAgICAgICAgICAgICAgICAgICAgICAgICAgIDwvZXh0OmFzc2lnbmluZ0dlb2dyYXBoaWNB
cmVhPg0KICAgICAgICAgICAgICAgICAgICAgICAgPC9leHQ6YXNFbnRpdHlJZGVudGlmaWVyPg0K
DQogICAgICAgICAgICAgICAgICAgIDwvd2hvbGVPcmdhbml6YXRpb24+DQogICAgICAgICAgICAg
ICAgPC9hc09yZ2FuaXphdGlvblBhcnRPZj4NCiAgICAgICAgICAgIDwvcmVjZWl2ZWRPcmdhbml6
YXRpb24+DQogICAgICAgIDwvaW50ZW5kZWRSZWNpcGllbnQ+DQogICAgPC9pbmZvcm1hdGlvblJl
Y2lwaWVudD4NCgk8IS0tIEVuZCBEb2N1bWVudCBSZWNpcGllbnQgRGV0YWlsIChPcmdhbmlzYXRp
b24pIC0tPg0KDQoJPCEtLSBCZWdpbiBBdXRoZW50aWNhdG9yIC0tPg0KICAgIDxsZWdhbEF1dGhl
bnRpY2F0b3I+DQoNCgkJPCEtLSBEYXRlVGltZSBBdHRlc3RlZCAtLT4NCiAgICAgICAgPHRpbWUg
dmFsdWU9IjIwMDkxMDIwMTIzNSIgLz4NCiAgICAgICAgPHNpZ25hdHVyZUNvZGUgY29kZT0iUyIg
Lz4NCiAgICAgICAgPGFzc2lnbmVkRW50aXR5Pg0KDQoJCQk8IS0tIElEIGlzIHVzZWQgZm9yIHN5
c3RlbSBwdXJwb3NlcyBzdWNoIGFzIG1hdGNoaW5nIC0tPg0KICAgICAgICAgICAgPGlkIHJvb3Q9
IkI4RTcxQUMyLTBDRDAtMTFFMC04NzQ2LUNFNTBERkQ3MjA4NSIgLz4NCiAgICAgICAgICAgIDxj
b2RlIGNvZGU9IkFUIiBjb2RlU3lzdGVtPSIyLjE2Ljg0MC4xLjExMzg4My4xMi40NDMiIGNvZGVT
eXN0ZW1OYW1lPSJITDcgUHJvdmlkZXIgUm9sZSIgZGlzcGxheU5hbWU9IkF0dGVuZGluZyIgLz4N
CiAgICAgICAgICAgIDxhZGRyIHVzZT0iSCI+DQogICAgICAgICAgICAgICAgPHN0cmVldEFkZHJl
c3NMaW5lPjEgQ2xpbmljaWFuIFN0cmVldDwvc3RyZWV0QWRkcmVzc0xpbmU+DQogICAgICAgICAg
ICAgICAgPGNpdHk+TmVodGF2aWxsZTwvY2l0eT4NCiAgICAgICAgICAgICAgICA8c3RhdGU+UUxE
PC9zdGF0ZT4NCiAgICAgICAgICAgICAgICA8cG9zdGFsQ29kZT41NTU1PC9wb3N0YWxDb2RlPg0K
ICAgICAgICAgICAgICAgIDxhZGRpdGlvbmFsTG9jYXRvcj4zMjU2ODkzMTwvYWRkaXRpb25hbExv
Y2F0b3I+DQogICAgICAgICAgICAgICAgPGNvdW50cnk+QXVzdHJhbGlhPC9jb3VudHJ5Pg0KICAg
ICAgICAgICAgPC9hZGRyPg0KICAgICAgICAgICAgPHRlbGVjb20gdXNlPSJXUCIgdmFsdWU9InRl
bDowNzEyMzQxMjM0IiAvPg0KICAgICAgICAgICAgPGFzc2lnbmVkUGVyc29uPg0KDQoJCQkJPCEt
LSBQZXJzb24gTmFtZSAtLT4NCiAgICAgICAgICAgICAgICA8bmFtZT4NCiAgICAgICAgICAgICAg
ICAgICAgPHByZWZpeD5Eci48L3ByZWZpeD4NCiAgICAgICAgICAgICAgICAgICAgPGdpdmVuPkdv
b2Q8L2dpdmVuPg0KICAgICAgICAgICAgICAgICAgICA8ZmFtaWx5PkRvY3RvcjwvZmFtaWx5Pg0K
ICAgICAgICAgICAgICAgIDwvbmFtZT4NCg0KCQkJCTwhLS0gU2V4IC0tPg0KICAgICAgICAgICAg
ICAgIDxleHQ6YWRtaW5pc3RyYXRpdmVHZW5kZXJDb2RlIGNvZGU9Ik0iIGNvZGVTeXN0ZW09IjIu
MTYuODQwLjEuMTEzODgzLjEzLjY4IiBjb2RlU3lzdGVtTmFtZT0iQVMgNTAxNy0yMDA2IEhlYWx0
aCBDYXJlIENsaWVudCBJZGVudGlmaWVyIFNleCIgLz4NCg0KCQkJCTwhLS0gRGF0ZSBvZiBCaXJ0
aCAtLT4NCiAgICAgICAgICAgICAgICA8ZXh0OmJpcnRoVGltZSB2YWx1ZT0iMTk3ODA2MDciIC8+
DQoNCgkJCQk8IS0tIEVudGl0eSBJZGVudGlmaWVyIC0tPg0KICAgICAgICAgICAgICAgIDxleHQ6
YXNFbnRpdHlJZGVudGlmaWVyIGNsYXNzQ29kZT0iSURFTlQiPg0KICAgICAgICAgICAgICAgICAg
ICA8ZXh0OmlkIGFzc2lnbmluZ0F1dGhvcml0eU5hbWU9IkhQSS1JIiByb290PSIxLjIuMzYuMS4y
MDAxLjEwMDMuMC44MTEzNjExMjM0NTY3ODkwIiAvPg0KICAgICAgICAgICAgICAgICAgICA8ZXh0
OmFzc2lnbmluZ0dlb2dyYXBoaWNBcmVhIGNsYXNzQ29kZT0iUExDIj4NCiAgICAgICAgICAgICAg
ICAgICAgICAgIDxleHQ6bmFtZT5OYXRpb25hbCBJZGVudGlmaWVyPC9leHQ6bmFtZT4NCiAgICAg
ICAgICAgICAgICAgICAgPC9leHQ6YXNzaWduaW5nR2VvZ3JhcGhpY0FyZWE+DQogICAgICAgICAg
ICAgICAgPC9leHQ6YXNFbnRpdHlJZGVudGlmaWVyPg0KDQogICAgICAgICAgICA8L2Fzc2lnbmVk
UGVyc29uPg0KDQogICAgICAgICAgICA8cmVwcmVzZW50ZWRPcmdhbml6YXRpb24+DQogICAgICAg
ICAgICAgICAgPG5hbWU+T3ogSGVhbHRoIENsaW5pYzwvbmFtZT4NCg0KCQkJCTwhLS0gRW50aXR5
IElkZW50aWZpZXIgLS0+DQogICAgICAgICAgICAgICAgPGV4dDphc0VudGl0eUlkZW50aWZpZXIg
Y2xhc3NDb2RlPSJJREVOVCI+DQogICAgICAgICAgICAgICAgICAgIDxleHQ6aWQgYXNzaWduaW5n
QXV0aG9yaXR5TmFtZT0iSFBJLU8iIHJvb3Q9IjEuMi4zNi4xLjIwMDEuMTAwMy4wLjgyMjM2MjE3
NzExNjc4ODgiIC8+DQogICAgICAgICAgICAgICAgICAgIDxleHQ6YXNzaWduaW5nR2VvZ3JhcGhp
Y0FyZWEgY2xhc3NDb2RlPSJQTEMiPg0KICAgICAgICAgICAgICAgICAgICAgICAgPGV4dDpuYW1l
Pk5hdGlvbmFsIElkZW50aWZpZXI8L2V4dDpuYW1lPg0KICAgICAgICAgICAgICAgICAgICA8L2V4
dDphc3NpZ25pbmdHZW9ncmFwaGljQXJlYT4NCiAgICAgICAgICAgICAgICA8L2V4dDphc0VudGl0
eUlkZW50aWZpZXI+DQoNCiAgICAgICAgICAgIDwvcmVwcmVzZW50ZWRPcmdhbml6YXRpb24+DQog
ICAgICAgIDwvYXNzaWduZWRFbnRpdHk+DQogICAgPC9sZWdhbEF1dGhlbnRpY2F0b3I+DQoJPCEt
LSBFbmQgQXV0aGVudGljYXRvciAtLT4NCg0KCTwhLS0gQmVnaW4gRW5jb3VudGVyIChoZWFkZXIg
cGFydCkgLS0+DQogICAgPGNvbXBvbmVudE9mPg0KICAgICAgICA8ZW5jb21wYXNzaW5nRW5jb3Vu
dGVyPg0KDQoJCQk8IS0tIFRoaXMgaXMgYSBtYW5kYXRvcnkgZWxlbWVudCAtLT4NCiAgICAgICAg
ICAgIDxlZmZlY3RpdmVUaW1lIG51bGxGbGF2b3I9Ik5BIiAvPg0KDQogICAgICAgIDwvZW5jb21w
YXNzaW5nRW5jb3VudGVyPg0KICAgIDwvY29tcG9uZW50T2Y+DQoJPCEtLSBFbmQgRW5jb3VudGVy
IChoZWFkZXIgcGFydCkgLS0+DQoJPCEtLSBFbmQgQ0RBIEhlYWRlciAtLT4NCg0KCTwhLS0gQmVn
aW4gQ0RBIEJvZHkgLS0+DQogICAgPGNvbXBvbmVudD4NCiAgICAgICAgPHN0cnVjdHVyZWRCb2R5
Pg0KDQoJCQk8IS0tIFJldmlld2VkIEFkdmVyc2UgU3Vic3RhbmNlIFJlYWN0aW9ucyAtLT4NCiAg
ICAgICAgICAgIDxjb21wb25lbnQ+DQogICAgICAgICAgICAgICAgPHNlY3Rpb24+DQogICAgICAg
ICAgICAgICAgICAgIDxjb2RlIGNvZGU9IjEwMS4yMDExMyIgY29kZVN5c3RlbT0iMS4yLjM2LjEu
MjAwMS4xMDAxLjEwMSIgY29kZVN5c3RlbU5hbWU9Ik5DVElTIERhdGEgQ29tcG9uZW50cyIgZGlz
cGxheU5hbWU9IlJldmlld2VkIEFkdmVyc2UgU3Vic3RhbmNlIFJlYWN0aW9ucyIgLz4NCiAgICAg
ICAgICAgICAgICAgICAgPHRpdGxlPlJldmlld2VkIEFkdmVyc2UgU3Vic3RhbmNlIFJlYWN0aW9u
czwvdGl0bGU+DQogICAgICAgICAgICAgICAgICAgIDx0ZXh0PlJldmlld2VkIEFkdmVyc2UgU3Vi
c3RhbmNlIFJlYWN0aW9ucyBuYXJyYXRpdmUgZ29lcyBoZXJlLjwvdGV4dD4NCg0KCQkJCQk8IS0t
IEFkdmVyc2UgU3Vic3RhbmNlIFJlYWN0aW9uIFJldmlldyAtLT4NCiAgICAgICAgICAgICAgICAg
ICAgPGVudHJ5Pg0KICAgICAgICAgICAgICAgICAgICAgICAgPGFjdCBjbGFzc0NvZGU9IkFDVCIg
bW9vZENvZGU9IkVWTiI+DQogICAgICAgICAgICAgICAgICAgICAgICAgICAgPGNvZGUgY29kZT0i
MTAyLjE2NTc2IiBjb2RlU3lzdGVtPSIxLjIuMzYuMS4yMDAxLjEwMDEuMTAxIiBjb2RlU3lzdGVt
TmFtZT0iTkNUSVMgRGF0YSBDb21wb25lbnRzIiBkaXNwbGF5TmFtZT0iQWR2ZXJzZSBTdWJzdGFu
Y2UgUmVhY3Rpb25zIFJldmlldyIgLz4NCgkJCQkJCQk8IS0tIFJlY29yZCBSZXZpZXcgRGF0ZVRp
bWUgLS0+DQogICAgICAgICAgICAgICAgICAgICAgICAgICAgPGVmZmVjdGl2ZVRpbWUgdmFsdWU9
IjIwMTAxMjI1IiAvPg0KICAgICAgICAgICAgICAgICAgICAgICAgPC9hY3Q+DQogICAgICAgICAg
ICAgICAgICAgIDwvZW50cnk+DQoJCQkJCTwhLS0gRW5kIEFkdmVyc2UgU3Vic3RhbmNlIFJlYWN0
aW9uIFJldmlldyAtLT4NCg0KCQkJCQk8IS0tIEFkdmVyc2UgU3Vic3RhbmNlIFJlYWN0aW9uIC0t
Pg0KICAgICAgICAgICAgICAgICAgICA8ZW50cnk+DQogICAgICAgICAgICAgICAgICAgICAgICA8
YWN0IGNsYXNzQ29kZT0iQUNUIiBtb29kQ29kZT0iRVZOIj4NCiAgICAgICAgICAgICAgICAgICAg
ICAgICAgICA8Y29kZSBjb2RlPSIxMDIuMTY0NzMiIGNvZGVTeXN0ZW09IjEuMi4zNi4xLjIwMDEu
MTAwMS4xMDEiIGNvZGVTeXN0ZW1OYW1lPSJOQ1RJUyBEYXRhIENvbXBvbmVudHMiIGRpc3BsYXlO
YW1lPSJBZHZlcnNlIFN1YnN0YW5jZSBSZWFjdGlvbiIgLz4NCgkJCQkJCQk8IS0tIFN1YnN0YW5j
ZS9BZ2VudCAtLT4NCiAgICAgICAgICAgICAgICAgICAgICAgICAgICA8cGFydGljaXBhbnQgdHlw
ZUNvZGU9IkNBR05UIj4NCiAgICAgICAgICAgICAgICAgICAgICAgICAgICAgICAgPHBhcnRpY2lw
YW50Um9sZT4NCiAgICAgICAgICAgICAgICAgICAgICAgICAgICAgICAgICAgIDxwbGF5aW5nRW50
aXR5Pg0KICAgICAgICAgICAgICAgICAgICAgICAgICAgICAgICAgICAgICAgIDxjb2RlIGNvZGU9
IjkwNTgwMDA4IiBjb2RlU3lzdGVtPSIyLjE2Ljg0MC4xLjExMzg4My42Ljk2IiBjb2RlU3lzdGVt
TmFtZT0iU05PTUVELUNUIiBkaXNwbGF5TmFtZT0iZmlzaCIgLz4NCiAgICAgICAgICAgICAgICAg
ICAgICAgICAgICAgICAgICAgIDwvcGxheWluZ0VudGl0eT4NCiAgICAgICAgICAgICAgICAgICAg
ICAgICAgICAgICAgPC9wYXJ0aWNpcGFudFJvbGU+DQogICAgICAgICAgICAgICAgICAgICAgICAg
ICAgPC9wYXJ0aWNpcGFudD4NCg0KCQkJCQkJCTwhLS0gUmVhY3Rpb24gRXZlbnQgLS0+DQogICAg
ICAgICAgICAgICAgICAgICAgICAgICAgPGVudHJ5UmVsYXRpb25zaGlwIHR5cGVDb2RlPSJDQVVT
Ij4NCiAgICAgICAgICAgICAgICAgICAgICAgICAgICAgICAgPG9ic2VydmF0aW9uIGNsYXNzQ29k
ZT0iT0JTIiBtb29kQ29kZT0iRVZOIj4NCiAgICAgICAgICAgICAgICAgICAgICAgICAgICAgICAg
ICAgIDxjb2RlIGNvZGU9IjEwMi4xNjQ3NCIgY29kZVN5c3RlbT0iMS4yLjM2LjEuMjAwMS4xMDAx
LjEwMSIgY29kZVN5c3RlbU5hbWU9Ik5DVElTIERhdGEgQ29tcG9uZW50cyIgZGlzcGxheU5hbWU9
IlJlYWN0aW9uIEV2ZW50IiAvPg0KDQoJCQkJCQkJCQk8IS0tIE1hbmlmZXN0YXRpb24gLS0+DQog
ICAgICAgICAgICAgICAgICAgICAgICAgICAgICAgICAgICA8ZW50cnlSZWxhdGlvbnNoaXAgdHlw
ZUNvZGU9Ik1GU1QiPg0KICAgICAgICAgICAgICAgICAgICAgICAgICAgICAgICAgICAgICAgIDxv
YnNlcnZhdGlvbiBjbGFzc0NvZGU9Ik9CUyIgbW9vZENvZGU9IkVWTiIgbmVnYXRpb25JbmQ9InRy
dWUiPg0KICAgICAgICAgICAgICAgICAgICAgICAgICAgICAgICAgICAgICAgICAgICA8Y29kZSBj
b2RlPSIyNzE4MDcwMDMiIGNvZGVTeXN0ZW09IjIuMTYuODQwLjEuMTEzODgzLjYuOTYiIGNvZGVT
eXN0ZW1OYW1lPSJTTk9NRUQtQ1QiIGNvZGVTeXN0ZW1WZXJzaW9uPSIyMDA5MDczMSIgZGlzcGxh
eU5hbWU9InNraW4gcmFzaCIgLz4NCiAgICAgICAgICAgICAgICAgICAgICAgICAgICAgICAgICAg
ICAgICAgICAgPHRleHQ+U2tpbiBSYXNoLjwvdGV4dD4NCiAgICAgICAgICAgICAgICAgICAgICAg
ICAgICAgICAgICAgICAgICA8L29ic2VydmF0aW9uPg0KDQogICAgICAgICAgICAgICAgICAgICAg
ICAgICAgICAgICAgICA8L2VudHJ5UmVsYXRpb25zaGlwPg0KICAgICAgICAgICAgICAgICAgICAg
ICAgICAgICAgICA8L29ic2VydmF0aW9uPg0KICAgICAgICAgICAgICAgICAgICAgICAgICAgIDwv
ZW50cnlSZWxhdGlvbnNoaXA+DQoJCQkJCQkJPCEtLSBFbmQgUmVhY3Rpb24gRXZlbnQgLS0+DQoN
CiAgICAgICAgICAgICAgICAgICAgICAgIDwvYWN0Pg0KICAgICAgICAgICAgICAgICAgICA8L2Vu
dHJ5Pg0KCQkJCQk8IS0tIEVuZCBBZHZlcnNlIFN1YnN0YW5jZSBSZWFjdGlvbiAtLT4NCg0KCQkJ
CQk8IS0tIEV4Y2x1c2lvbiBTdGF0ZW1lbnQgLSBBZHZlcnNlIFN1YnN0YW5jZSBSZWFjdGlvbiAt
LT4NCiAgICAgICAgICAgICAgICAgICAgPGVudHJ5Pg0KICAgICAgICAgICAgICAgICAgICAgICAg
PG9ic2VydmF0aW9uIGNsYXNzQ29kZT0iT0JTIiBtb29kQ29kZT0iRVZOIj4NCiAgICAgICAgICAg
ICAgICAgICAgICAgICAgICA8Y29kZSBjb2RlPSIxMDMuMTYzMDIiIGNvZGVTeXN0ZW09IjEuMi4z
Ni4xLjIwMDEuMTAwMS4xMDEiIGNvZGVTeXN0ZW1OYW1lPSJOQ1RJUyBEYXRhIENvbXBvbmVudHMi
IGRpc3BsYXlOYW1lPSJHbG9iYWwgU3RhdGVtZW50IiAvPg0KICAgICAgICAgICAgICAgICAgICAg
ICAgICAgIDx2YWx1ZSBjb2RlPSIwMiIgY29kZVN5c3RlbT0iMS4yLjM2LjEuMjAwMS4xMDAxLjEw
MS4xMDQuMTYyOTkiIGNvZGVTeXN0ZW1OYW1lPSJOQ1RJUyBHbG9iYWwgU3RhdGVtZW50IFZhbHVl
cyIgZGlzcGxheU5hbWU9Ik5vdCBhc2tlZCIgeHNpOnR5cGU9IkNEIiAvPg0KICAgICAgICAgICAg
ICAgICAgICAgICAgPC9vYnNlcnZhdGlvbj4NCiAgICAgICAgICAgICAgICAgICAgPC9lbnRyeT4N
CgkJCQkJPCEtLSBFbmQgRXhjbHVzaW9uIFN0YXRlbWVudCAtIEFkdmVyc2UgU3Vic3RhbmNlIFJl
YWN0aW9uIC0tPg0KDQogICAgICAgICAgICAgICAgPC9zZWN0aW9uPg0KICAgICAgICAgICAgPC9j
b21wb25lbnQ+DQoJCQk8IS0tIEVuZCBSZXZpZXdlZCBBZHZlcnNlIFN1YnN0YW5jZSBSZWFjdGlv
bnMgLS0+DQoNCgkJCTwhLS0gUmV2aWV3ZWQgTWVkaWNhdGlvbnMgLS0+DQogICAgICAgICAgICA8
Y29tcG9uZW50Pg0KICAgICAgICAgICAgICAgIDxzZWN0aW9uPg0KICAgICAgICAgICAgICAgICAg
ICA8Y29kZSBjb2RlPSIxMDEuMTYwMjIiIGNvZGVTeXN0ZW09IjEuMi4zNi4xLjIwMDEuMTAwMS4x
MDEiIGNvZGVTeXN0ZW1OYW1lPSJOQ1RJUyBEYXRhIENvbXBvbmVudHMiIGRpc3BsYXlOYW1lPSJS
ZXZpZXdlZCBNZWRpY2F0aW9ucyIgLz4NCiAgICAgICAgICAgICAgICAgICAgPHRpdGxlPlJldmll
d2VkIE1lZGljYXRpb25zPC90aXRsZT4NCiAgICAgICAgICAgICAgICAgICAgPHRleHQ+UmV2aWV3
ZWQgTWVkaWNhdGlvbnMgbmFycmF0aXZlIGdvZXMgaGVyZS48L3RleHQ+DQoNCgkJCQkJPCEtLSBN
ZWRpY2F0aW9ucyBSZXZpZXcgLS0+DQogICAgICAgICAgICAgICAgICAgIDxlbnRyeT4NCiAgICAg
ICAgICAgICAgICAgICAgICAgIDxhY3QgY2xhc3NDb2RlPSJBQ1QiIG1vb2RDb2RlPSJFVk4iPg0K
ICAgICAgICAgICAgICAgICAgICAgICAgICAgIDxjb2RlIGNvZGU9IjEwMi4xNjU3NiIgY29kZVN5
c3RlbT0iMS4yLjM2LjEuMjAwMS4xMDAxLjEwMSIgY29kZVN5c3RlbU5hbWU9Ik5DVElTIERhdGEg
Q29tcG9uZW50cyIgZGlzcGxheU5hbWU9Ik1lZGljYXRpb25zIFJldmlldyIgLz4NCiAgICAgICAg
ICAgICAgICAgICAgICAgICAgICA8ZWZmZWN0aXZlVGltZSB2YWx1ZT0iMjAxMDEyMjUiIC8+DQog
ICAgICAgICAgICAgICAgICAgICAgICA8L2FjdD4NCiAgICAgICAgICAgICAgICAgICAgPC9lbnRy
eT4NCgkJCQkJPCEtLSBFbmQgTWVkaWNhdGlvbnMgUmV2aWV3IC0tPg0KDQoJCQkJCTwhLS0gVXNl
ZCBNZWRpY2F0aW9ucyAtLT4NCiAgICAgICAgICAgICAgICAgICAgPGVudHJ5Pg0KICAgICAgICAg
ICAgICAgICAgICAgICAgPHN1YnN0YW5jZUFkbWluaXN0cmF0aW9uIGNsYXNzQ29kZT0iU0JBRE0i
IG1vb2RDb2RlPSJFVk4iPg0KICAgICAgICAgICAgICAgICAgICAgICAgICAgIDxpZCByb290PSJD
NTdBOUYzMi03NTRCLTExRTAtQTdFMC01OTlGNDgyNDAxOUIiIC8+DQoJCQkJCQkJPCEtLSBEaXJl
Y3Rpb25zIC0tPg0KICAgICAgICAgICAgICAgICAgICAgICAgICAgIDx0ZXh0IHhzaTp0eXBlPSJT
VCI+MiB0YWJsZXRzIGRhaWx5IGFmdGVyIGJyZWFrZmFzdDwvdGV4dD4NCiAgICAgICAgICAgICAg
ICAgICAgICAgICAgICA8Y29uc3VtYWJsZT4NCiAgICAgICAgICAgICAgICAgICAgICAgICAgICAg
ICAgPG1hbnVmYWN0dXJlZFByb2R1Y3Q+DQogICAgICAgICAgICAgICAgICAgICAgICAgICAgICAg
ICAgICA8bWFudWZhY3R1cmVkTWF0ZXJpYWw+DQoJCQkJCQkJCQkJPCEtLSBUaGVyYXBldXRpYyBH
b29kIElkZW50aWZpY2F0aW9uIC0tPg0KICAgICAgICAgICAgICAgICAgICAgICAgICAgICAgICAg
ICAgICAgIDxjb2RlIGNvZGU9IjIzNjQxMDExMDAwMDM2MTAyIiBjb2RlU3lzdGVtPSIxLjIuMzYu
MS4yMDAxLjEwMDQuMTAwIiBjb2RlU3lzdGVtTmFtZT0iQXVzdHJhbGlhbiBNZWRpY2luY2VzIFRl
cm1pbm9sb2d5IChBTVQpIg0KCQkJCQkJCQkJCQlkaXNwbGF5TmFtZT0icGFyYWNldGFtb2wgNTAw
IG1nICsgY29kZWluZSBwaG9zcGhhdGUgMzAgbWcgdGFibGV0IiAvPg0KICAgICAgICAgICAgICAg
ICAgICAgICAgICAgICAgICAgICAgPC9tYW51ZmFjdHVyZWRNYXRlcmlhbD4NCiAgICAgICAgICAg
ICAgICAgICAgICAgICAgICAgICAgPC9tYW51ZmFjdHVyZWRQcm9kdWN0Pg0KICAgICAgICAgICAg
ICAgICAgICAgICAgICAgIDwvY29uc3VtYWJsZT4NCg0KCQkJCQkJCTwhLS0gQ2xpbmljYWwgSW5k
aWNhdGlvbiAtLT4NCiAgICAgICAgICAgICAgICAgICAgICAgICAgICA8ZW50cnlSZWxhdGlvbnNo
aXAgdHlwZUNvZGU9IlJTT04iPg0KICAgICAgICAgICAgICAgICAgICAgICAgICAgICAgICA8YWN0
IGNsYXNzQ29kZT0iSU5GUk0iIG1vb2RDb2RlPSJFVk4iPg0KICAgICAgICAgICAgICAgICAgICAg
ICAgICAgICAgICAgICAgPGlkIHJvb3Q9IjM2MUI2RUY2LTc1NEMtMTFFMC1BM0MzLUQxOUY0ODI0
MDE5QiIgLz4NCiAgICAgICAgICAgICAgICAgICAgICAgICAgICAgICAgICAgIDxjb2RlIGNvZGU9
IjEwMy4xMDE0MSIgY29kZVN5c3RlbT0iMS4yLjM2LjEuMjAwMS4xMDAxLjEwMSIgY29kZVN5c3Rl
bU5hbWU9Ik5DVElTIERhdGEgQ29tcG9uZW50cyIgZGlzcGxheU5hbWU9IkNsaW5pY2FsIEluZGlj
YXRpb24iIC8+DQogICAgICAgICAgICAgICAgICAgICAgICAgICAgICAgICAgICA8dGV4dCB4c2k6
dHlwZT0iU1QiPlBhaW4gY29udHJvbC48L3RleHQ+DQogICAgICAgICAgICAgICAgICAgICAgICAg
ICAgICAgIDwvYWN0Pg0KICAgICAgICAgICAgICAgICAgICAgICAgICAgIDwvZW50cnlSZWxhdGlv
bnNoaXA+DQoJCQkJCQkJPCEtLSBFbmQgQ2xpbmljYWwgSW5kaWNhdGlvbiAtLT4NCg0KCQkJCQkJ
CTwhLS0gQ29tbWVudCAtLT4NCiAgICAgICAgICAgICAgICAgICAgICAgICAgICA8ZW50cnlSZWxh
dGlvbnNoaXAgdHlwZUNvZGU9IkNPTVAiPg0KICAgICAgICAgICAgICAgICAgICAgICAgICAgICAg
ICA8YWN0IGNsYXNzQ29kZT0iSU5GUk0iIG1vb2RDb2RlPSJFVk4iPg0KICAgICAgICAgICAgICAg
ICAgICAgICAgICAgICAgICAgICAgPGlkIHJvb3Q9IjM2MUI2RUY2LTc1NEMtMTFFMC1BM0MzLUQx
OUY0ODI0MDE5QiIgLz4NCiAgICAgICAgICAgICAgICAgICAgICAgICAgICAgICAgICAgIDxjb2Rl
IGNvZGU9IjEwMy4xNjA0NCIgY29kZVN5c3RlbT0iMS4yLjM2LjEuMjAwMS4xMDAxLjEwMSIgY29k
ZVN5c3RlbU5hbWU9Ik5DVElTIERhdGEgQ29tcG9uZW50cyIgZGlzcGxheU5hbWU9IkFkZGl0aW9u
YWwgQ29tbWVudHMiIC8+DQogICAgICAgICAgICAgICAgICAgICAgICAgICAgICAgICAgICA8dGV4
dCB4c2k6dHlwZT0iU1QiPkRvc2FnZSB0byBiZSByZXZpZXdlZCBpbiAxMCBkYXlzLjwvdGV4dD4N
CiAgICAgICAgICAgICAgICAgICAgICAgICAgICAgICAgPC9hY3Q+DQogICAgICAgICAgICAgICAg
ICAgICAgICAgICAgPC9lbnRyeVJlbGF0aW9uc2hpcD4NCgkJCQkJCQk8IS0tIEVuZCBDb21tZW50
IC0tPg0KDQogICAgICAgICAgICAgICAgICAgICAgICA8L3N1YnN0YW5jZUFkbWluaXN0cmF0aW9u
Pg0KICAgICAgICAgICAgICAgICAgICA8L2VudHJ5Pg0KCQkJCQk8IS0tIEVuZCBVc2VkIE1lZGlj
YXRpb25zIC0tPg0KDQoJCQkJCTwhLS0gRXhjbHVzaW9uIFN0YXRlbWVudCAtIE1lZGljYXRpb25z
IC0tPg0KICAgICAgICAgICAgICAgICAgICA8ZW50cnk+DQogICAgICAgICAgICAgICAgICAgICAg
ICA8b2JzZXJ2YXRpb24gY2xhc3NDb2RlPSJPQlMiIG1vb2RDb2RlPSJFVk4iPg0KICAgICAgICAg
ICAgICAgICAgICAgICAgICAgIDxjb2RlIGNvZGU9IjEwMy4xNjMwMiIgY29kZVN5c3RlbT0iMS4y
LjM2LjEuMjAwMS4xMDAxLjEwMSIgY29kZVN5c3RlbU5hbWU9Ik5DVElTIERhdGEgQ29tcG9uZW50
cyIgZGlzcGxheU5hbWU9Ikdsb2JhbCBTdGF0ZW1lbnQiIC8+DQogICAgICAgICAgICAgICAgICAg
ICAgICAgICAgPHZhbHVlIGNvZGU9IjExIiBjb2RlU3lzdGVtPSIxLjIuMzYuMS4yMDAxLjEwMDEu
MTAxLjEwNC4xNjI5OSIgY29kZVN5c3RlbU5hbWU9Ik5DVElTIEdsb2JhbCBTdGF0ZW1lbnQgVmFs
dWVzIiBkaXNwbGF5TmFtZT0iTm9uZSBrbm93biIgeHNpOnR5cGU9IkNEIiAvPg0KICAgICAgICAg
ICAgICAgICAgICAgICAgPC9vYnNlcnZhdGlvbj4NCiAgICAgICAgICAgICAgICAgICAgPC9lbnRy
eT4NCgkJCQkJPCEtLSBFeGNsdXNpb24gU3RhdGVtZW50IC0gTWVkaWNhdGlvbnMgLS0+DQoNCiAg
ICAgICAgICAgICAgICA8L3NlY3Rpb24+DQogICAgICAgICAgICA8L2NvbXBvbmVudD4NCgkJCTwh
LS0gRW5kIFJldmlld2VkIE1lZGljYXRpb25zIC0tPg0KDQoJCQk8IS0tIFN0YXJ0IFJldmlld2Vk
IE1lZGljYWwgSGlzdG9yeSAtLT4NCiAgICAgICAgICAgIDxjb21wb25lbnQ+DQogICAgICAgICAg
ICAgICAgPHNlY3Rpb24+DQogICAgICAgICAgICAgICAgICAgIDxjb2RlIGNvZGU9IjEwMS4yMTAw
MyIgY29kZVN5c3RlbT0iMS4yLjM2LjEuMjAwMS4xMDAxLjEwMSIgY29kZVN5c3RlbU5hbWU9Ik5D
VElTIERhdGEgQ29tcG9uZW50cyIgZGlzcGxheU5hbWU9IlJldmlld2VkIE1lZGljYWwgSGlzdG9y
eSIgLz4NCiAgICAgICAgICAgICAgICAgICAgPHRpdGxlPlJldmlld2VkIE1lZGljYWwgaGlzdG9y
eTwvdGl0bGU+DQogICAgICAgICAgICAgICAgICAgIDx0ZXh0PlJldmlld2VkIE1lZGljYWwgaGlz
dG9yeSBuYXJyYXRpdmUgZ29lcyBoZXJlLjwvdGV4dD4NCg0KCQkJCQk8IS0tIE1lZGljYWwgSGlz
dG9yeSBSZXZpZXcgLS0+DQogICAgICAgICAgICAgICAgICAgIDxlbnRyeT4NCiAgICAgICAgICAg
ICAgICAgICAgICAgIDxhY3QgY2xhc3NDb2RlPSJBQ1QiIG1vb2RDb2RlPSJFVk4iPg0KICAgICAg
ICAgICAgICAgICAgICAgICAgICAgIDxjb2RlIGNvZGU9IjEwMi4xNjU3NiIgY29kZVN5c3RlbT0i
MS4yLjM2LjEuMjAwMS4xMDAxLjEwMSIgY29kZVN5c3RlbU5hbWU9Ik5DVElTIERhdGEgQ29tcG9u
ZW50cyIgZGlzcGxheU5hbWU9Ik1lZGljYWwgSGlzdG9yeSBSZXZpZXciIC8+DQogICAgICAgICAg
ICAgICAgICAgICAgICAgICAgPGVmZmVjdGl2ZVRpbWUgdmFsdWU9IjIwMTAxMjI1IiAvPg0KICAg
ICAgICAgICAgICAgICAgICAgICAgPC9hY3Q+DQogICAgICAgICAgICAgICAgICAgIDwvZW50cnk+
DQoJCQkJCTwhLS0gTWVkaWNhbCBIaXN0b3J5IFJldmlldyAtLT4NCg0KCQkJCQk8IS0tIFByb2Js
ZW0vRGlhZ25vc2lzIC0tPg0KICAgICAgICAgICAgICAgICAgICA8ZW50cnk+DQogICAgICAgICAg
ICAgICAgICAgICAgICA8b2JzZXJ2YXRpb24gY2xhc3NDb2RlPSJPQlMiIG1vb2RDb2RlPSJFVk4i
Pg0KICAgICAgICAgICAgICAgICAgICAgICAgICAgIDxpZCByb290PSI3NEQyOUM4OC03MDZFLTEx
RTAtOTcyNi01QUJFNDgyNDAxOUIiIC8+DQogICAgICAgICAgICAgICAgICAgICAgICAgICAgPGNv
ZGUgY29kZT0iMTAyLjE1NTMwIiBjb2RlU3lzdGVtPSIxLjIuMzYuMS4yMDAxLjEwMDEuMTAxIiBj
b2RlU3lzdGVtTmFtZT0iTkNUSVMgRGF0YSBDb21wb25lbnRzIiBkaXNwbGF5TmFtZT0iUHJvYmxl
bS9EaWFnbm9zaXMiIC8+DQoJCQkJCQkJPCEtLSBEYXRlIG9mIE9uc2V0IC0tPg0KICAgICAgICAg
ICAgICAgICAgICAgICAgICAgIDxlZmZlY3RpdmVUaW1lIHZhbHVlPSIyMDExMTEwNCIgLz4NCg0K
CQkJCQkJCTwhLS0gUHJvYmxlbS9EaWFnbm9zaXMgSWRlbnRpZmljYXRpb24gLS0+DQogICAgICAg
ICAgICAgICAgICAgICAgICAgICAgPHZhbHVlIGNvZGU9IjExNjIyMzAwNyIgY29kZVN5c3RlbT0i
Mi4xNi44NDAuMS4xMTM4ODMuNi45NiIgY29kZVN5c3RlbU5hbWU9IlNOT01FRC1DVCIgY29kZVN5
c3RlbVZlcnNpb249IjIwMDkwNzMxIiBkaXNwbGF5TmFtZT0iQ29tb3JiaWRpdHkiIHhzaTp0eXBl
PSJDRCIgLz4NCg0KCQkJCQkJCTwhLS0gRGF0ZSBvZiBSZXNvbHV0aW9uL1JlbWlzc2lvbiAtLT4N
CiAgICAgICAgICAgICAgICAgICAgICAgICAgICA8ZW50cnlSZWxhdGlvbnNoaXAgdHlwZUNvZGU9
IlNVQkoiPg0KICAgICAgICAgICAgICAgICAgICAgICAgICAgICAgICA8b2JzZXJ2YXRpb24gY2xh
c3NDb2RlPSJPQlMiIG1vb2RDb2RlPSJFVk4iPg0KICAgICAgICAgICAgICAgICAgICAgICAgICAg
ICAgICAgICAgPGlkIHJvb3Q9IjZBRDE5QkFFLTc1MjctMTFFMC04NTFFLTgyNzc0ODI0MDE5QiIg
Lz4NCiAgICAgICAgICAgICAgICAgICAgICAgICAgICAgICAgICAgIDxjb2RlIGNvZGU9IjEwMy4x
NTUxMCIgY29kZVN5c3RlbT0iMS4yLjM2LjEuMjAwMS4xMDAxLjEwMSIgY29kZVN5c3RlbU5hbWU9
Ik5DVElTIERhdGEgQ29tcG9uZW50cyIgZGlzcGxheU5hbWU9IkRhdGUgb2YgUmVzb2x1dGlvbi9S
ZW1pc3Npb24iIC8+DQogICAgICAgICAgICAgICAgICAgICAgICAgICAgICAgICAgICA8dmFsdWUg
dmFsdWU9IjIwMTEwNDI3IiB4c2k6dHlwZT0iSVZMX1RTIiAvPg0KICAgICAgICAgICAgICAgICAg
ICAgICAgICAgICAgICA8L29ic2VydmF0aW9uPg0KICAgICAgICAgICAgICAgICAgICAgICAgICAg
IDwvZW50cnlSZWxhdGlvbnNoaXA+DQoJCQkJCQkJPCEtLSBFbmQgRGF0ZSBvZiBSZXNvbHV0aW9u
L1JlbWlzc2lvbiAtLT4NCg0KCQkJCQkJCTwhLS0gUHJvYmxlbS9EaWFnbm9zaXMgQ29tbWVudCAt
LT4NCiAgICAgICAgICAgICAgICAgICAgICAgICAgICA8ZW50cnlSZWxhdGlvbnNoaXAgdHlwZUNv
ZGU9IkNPTVAiPg0KICAgICAgICAgICAgICAgICAgICAgICAgICAgICAgICA8YWN0IGNsYXNzQ29k
ZT0iSU5GUk0iIG1vb2RDb2RlPSJFVk4iPg0KICAgICAgICAgICAgICAgICAgICAgICAgICAgICAg
ICAgICAgPGNvZGUgY29kZT0iMTAzLjE2NTQ1IiBjb2RlU3lzdGVtPSIxLjIuMzYuMS4yMDAxLjEw
MDEuMTAxIiBjb2RlU3lzdGVtTmFtZT0iTkNUSVMgRGF0YSBDb21wb25lbnRzIiBkaXNwbGF5TmFt
ZT0iUHJvYmxlbS9EaWFnbm9zaXMgQ29tbWVudCIgLz4NCiAgICAgICAgICAgICAgICAgICAgICAg
ICAgICAgICAgICAgIDx0ZXh0IHhzaTp0eXBlPSJTVCI+UHJvYmxlbS9EaWFnbm9zaXMgQ29tbWVu
dCBDb21tZW50IGdvZXMgaGVyZS48L3RleHQ+DQogICAgICAgICAgICAgICAgICAgICAgICAgICAg
ICAgIDwvYWN0Pg0KICAgICAgICAgICAgICAgICAgICAgICAgICAgIDwvZW50cnlSZWxhdGlvbnNo
aXA+DQoJCQkJCQkJPCEtLSBFbmQgUHJvYmxlbS9EaWFnbm9zaXMgQ29tbWVudCAtLT4NCg0KICAg
ICAgICAgICAgICAgICAgICAgICAgPC9vYnNlcnZhdGlvbj4NCiAgICAgICAgICAgICAgICAgICAg
PC9lbnRyeT4NCgkJCQkJPCEtLSBFbmQgUHJvYmxlbS9EaWFnbm9zaXMgLS0+DQoNCgkJCQkJPCEt
LSBFeGNsdXNpb24gU3RhdGVtZW50IC0gUHJvYmxlbS9EaWFnbm9zZXMgLS0+DQoJCQkJCTwhLS0g
R2xvYmFsIFN0YXRlbWVudCAtLT4NCiAgICAgICAgICAgICAgICAgICAgPGVudHJ5Pg0KICAgICAg
ICAgICAgICAgICAgICAgICAgPG9ic2VydmF0aW9uIGNsYXNzQ29kZT0iT0JTIiBtb29kQ29kZT0i
RVZOIj4NCiAgICAgICAgICAgICAgICAgICAgICAgICAgICA8aWQgcm9vdD0iOUNCN0M1REMtNzUy
Ri0xMUUwLTlGRTItOTc4MDQ4MjQwMTlCIiAvPg0KICAgICAgICAgICAgICAgICAgICAgICAgICAg
IDxjb2RlIGNvZGU9IjEwMy4xNjMwMiIgY29kZVN5c3RlbT0iMS4yLjM2LjEuMjAwMS4xMDAxLjEw
MSIgY29kZVN5c3RlbU5hbWU9Ik5DVElTIERhdGEgQ29tcG9uZW50cyIgZGlzcGxheU5hbWU9Ikds
b2JhbCBTdGF0ZW1lbnQiIC8+DQogICAgICAgICAgICAgICAgICAgICAgICAgICAgPHZhbHVlIGNv
ZGU9IjEiIGNvZGVTeXN0ZW09IjEuMi4zNi4xLjIwMDEuMTAwMS4xMDEuMTA0LjE2Mjk5IiBjb2Rl
U3lzdGVtTmFtZT0iTkNUSVMgR2xvYmFsIFN0YXRlbWVudCBWYWx1ZXMiDQoJCQkJCQkJCWRpc3Bs
YXlOYW1lPSJObyBzaWduaWZpY2FudCBtZWRpY2FsIGhpc3Rvcnkgb2YgYW55IHByb2JsZW0gb3Ig
ZGlhZ25vc2lzIiB4c2k6dHlwZT0iQ0QiIC8+DQogICAgICAgICAgICAgICAgICAgICAgICA8L29i
c2VydmF0aW9uPg0KICAgICAgICAgICAgICAgICAgICA8L2VudHJ5Pg0KCQkJCQk8IS0tIEVuZCBF
eGNsdXNpb24gU3RhdGVtZW50IC0gUHJvYmxlbS9EaWFnbm9zZXMgLS0+DQoNCgkJCQkJPCEtLSBQ
cm9jZWR1cmUgLS0+DQogICAgICAgICAgICAgICAgICAgIDxlbnRyeT4NCiAgICAgICAgICAgICAg
ICAgICAgICAgIDxwcm9jZWR1cmUgY2xhc3NDb2RlPSJQUk9DIiBtb29kQ29kZT0iRVZOIj4NCiAg
ICAgICAgICAgICAgICAgICAgICAgICAgICA8aWQgcm9vdD0iQjk2QTM4QzYtNzA2Qy0xMUUwLUFE
MkUtNDJCQzQ4MjQwMTlCIiAvPg0KCQkJCQkJCTwhLS0gUHJvY2VkdXJlIE5hbWUgLS0+DQogICAg
ICAgICAgICAgICAgICAgICAgICAgICAgPGNvZGUgY29kZT0iMzk3OTU2MDA0IiBjb2RlU3lzdGVt
PSIyLjE2Ljg0MC4xLjExMzg4My42Ljk2IiBjb2RlU3lzdGVtTmFtZT0iU05PTUVELUNUIiBkaXNw
bGF5TmFtZT0iaGlwIHJlcGxhY2VtZW50IiAvPg0KCQkJCQkJCTwhLS0gRGF0ZVRpbWUgU3RhcnRl
ZCAtLT4NCiAgICAgICAgICAgICAgICAgICAgICAgICAgICA8ZWZmZWN0aXZlVGltZSB2YWx1ZT0i
MjAxMTA0MjciIC8+DQoNCgkJCQkJCQk8IS0tIFByb2NlZHVyZSBDb21tZW50IC0tPg0KICAgICAg
ICAgICAgICAgICAgICAgICAgICAgIDxlbnRyeVJlbGF0aW9uc2hpcCB0eXBlQ29kZT0iQ09NUCI+
DQogICAgICAgICAgICAgICAgICAgICAgICAgICAgICAgIDxhY3QgY2xhc3NDb2RlPSJJTkZSTSIg
bW9vZENvZGU9IkVWTiI+DQogICAgICAgICAgICAgICAgICAgICAgICAgICAgICAgICAgICA8Y29k
ZSBjb2RlPSIxMDMuMTU1OTUiIGNvZGVTeXN0ZW09IjEuMi4zNi4xLjIwMDEuMTAwMS4xMDEiIGNv
ZGVTeXN0ZW1OYW1lPSJOQ1RJUyBEYXRhIENvbXBvbmVudHMiIGRpc3BsYXlOYW1lPSJQcm9jZWR1
cmUgQ29tbWVudCIgLz4NCiAgICAgICAgICAgICAgICAgICAgICAgICAgICAgICAgICAgIDx0ZXh0
IHhzaTp0eXBlPSJTVCI+UHJvY2VkdXJlIENvbW1lbnQgZ29lcyBoZXJlLjwvdGV4dD4NCiAgICAg
ICAgICAgICAgICAgICAgICAgICAgICAgICAgPC9hY3Q+DQogICAgICAgICAgICAgICAgICAgICAg
ICAgICAgPC9lbnRyeVJlbGF0aW9uc2hpcD4NCiAgICAgICAgICAgICAgICAgICAgICAgIDwvcHJv
Y2VkdXJlPg0KICAgICAgICAgICAgICAgICAgICA8L2VudHJ5Pg0KCQkJCQk8IS0tIEVuZCBQcm9j
ZWR1cmUgLS0+DQoNCgkJCQkJPCEtLSBFeGNsdXNpb24gU3RhdGVtZW50IC0gUHJvY2VkdXJlcyAt
LT4NCgkJCQkJPCEtLSBHbG9iYWwgU3RhdGVtZW50IC0tPg0KICAgICAgICAgICAgICAgICAgICA8
ZW50cnk+DQogICAgICAgICAgICAgICAgICAgICAgICA8b2JzZXJ2YXRpb24gY2xhc3NDb2RlPSJP
QlMiIG1vb2RDb2RlPSJFVk4iPg0KICAgICAgICAgICAgICAgICAgICAgICAgICAgIDxpZCByb290
PSI4MTE1NTQ1Qy03NTJGLTExRTAtQThFMi04QjgwNDgyNDAxOUIiIC8+DQogICAgICAgICAgICAg
ICAgICAgICAgICAgICAgPGNvZGUgY29kZT0iMTAzLjE2MzAyIiBjb2RlU3lzdGVtPSIxLjIuMzYu
MS4yMDAxLjEwMDEuMTAxIiBjb2RlU3lzdGVtTmFtZT0iTkNUSVMgRGF0YSBDb21wb25lbnRzIiBk
aXNwbGF5TmFtZT0iR2xvYmFsIFN0YXRlbWVudCIgLz4NCiAgICAgICAgICAgICAgICAgICAgICAg
ICAgICA8dmFsdWUgY29kZT0iMTEiIGNvZGVTeXN0ZW09IjEuMi4zNi4xLjIwMDEuMTAwMS4xMDEu
MTA0LjE2Mjk5IiBjb2RlU3lzdGVtTmFtZT0iTkNUSVMgR2xvYmFsIFN0YXRlbWVudCBWYWx1ZXMi
IGRpc3BsYXlOYW1lPSJOb25lIGtub3duIiB4c2k6dHlwZT0iQ0QiIC8+DQogICAgICAgICAgICAg
ICAgICAgICAgICA8L29ic2VydmF0aW9uPg0KICAgICAgICAgICAgICAgICAgICA8L2VudHJ5Pg0K
CQkJCQk8IS0tIEVuZCBFeGNsdXNpb24gU3RhdGVtZW50IC0gUHJvY2VkdXJlcyAtLT4NCg0KCQkJ
CQk8IS0tIE90aGVyIE1lZGljYWwgSGlzdG9yeSBJdGVtIC0tPg0KICAgICAgICAgICAgICAgICAg
ICA8ZW50cnk+DQogICAgICAgICAgICAgICAgICAgICAgICA8YWN0IGNsYXNzQ29kZT0iQUNUIiBt
b29kQ29kZT0iRVZOIj4NCiAgICAgICAgICAgICAgICAgICAgICAgICAgICA8aWQgcm9vdD0iMENC
RTBCNDItNzA3Mi0xMUUwLTk0QjEtMjZDMjQ4MjQwMTlCIiAvPg0KICAgICAgICAgICAgICAgICAg
ICAgICAgICAgIDxjb2RlIGNvZGU9IjEwMi4xNTUxMyIgY29kZVN5c3RlbT0iMS4yLjM2LjEuMjAw
MS4xMDAxLjEwMSIgY29kZVN5c3RlbU5hbWU9Ik5DVElTIERhdGEgQ29tcG9uZW50cyIgZGlzcGxh
eU5hbWU9Ik90aGVyIE1lZGljYWwgSGlzdG9yeSBJdGVtIiAvPg0KICAgICAgICAgICAgICAgICAg
ICAgICAgICAgIDx0ZXh0IHhzaTp0eXBlPSJTVCI+T3RoZXIgTWVkaWNhbCBIaXN0b3J5IEl0ZW0g
Z29lcyBoZXJlLjwvdGV4dD4NCiAgICAgICAgICAgICAgICAgICAgICAgICAgICA8YXV0aG9yPg0K
ICAgICAgICAgICAgICAgICAgICAgICAgICAgICAgICA8dGltZSB2YWx1ZT0iMjAxMTA0MjcxMTAw
IiAvPg0KICAgICAgICAgICAgICAgICAgICAgICAgICAgICAgICA8YXNzaWduZWRBdXRob3IgbnVs
bEZsYXZvcj0iTkEiPg0KICAgICAgICAgICAgICAgICAgICAgICAgICAgICAgICAgICAgPGlkIG51
bGxGbGF2b3I9Ik5BIiAvPg0KICAgICAgICAgICAgICAgICAgICAgICAgICAgICAgICA8L2Fzc2ln
bmVkQXV0aG9yPg0KICAgICAgICAgICAgICAgICAgICAgICAgICAgIDwvYXV0aG9yPg0KICAgICAg
ICAgICAgICAgICAgICAgICAgPC9hY3Q+DQogICAgICAgICAgICAgICAgICAgIDwvZW50cnk+DQoJ
CQkJCTwhLS0gRW5kIE90aGVyIE1lZGljYWwgSGlzdG9yeSBJdGVtIC0tPg0KDQogICAgICAgICAg
ICAgICAgPC9zZWN0aW9uPg0KICAgICAgICAgICAgPC9jb21wb25lbnQ+DQoJCQk8IS0tIEVuZCBS
ZXZpZXdlZCBNZWRpY2FsIEhpc3RvcnkgLS0+DQoNCgkJCTwhLS0gUmV2aWV3ZWQgSW1tdW5pc2F0
aW9ucyBTZWN0aW9uIC0tPg0KICAgICAgICAgICAgPGNvbXBvbmVudD4NCiAgICAgICAgICAgICAg
ICA8c2VjdGlvbj4NCiAgICAgICAgICAgICAgICAgICAgPGNvZGUgY29kZT0iMTAxLjE2NjAwIiBj
b2RlU3lzdGVtPSIxLjIuMzYuMS4yMDAxLjEwMDEuMTAxIiBjb2RlU3lzdGVtTmFtZT0iTkNUSVMg
RGF0YSBDb21wb25lbnRzIiBkaXNwbGF5TmFtZT0iUmV2aWV3ZWQgSW1tdW5pc2F0aW9ucyIgLz4N
CiAgICAgICAgICAgICAgICAgICAgPHRpdGxlPlJldmlld2VkIEltbXVuaXNhdGlvbnM8L3RpdGxl
Pg0KICAgICAgICAgICAgICAgICAgICA8dGV4dD5SZXZpZXdlZCBJbW11bmlzYXRpb25zIG5hcnJh
dGl2ZSBnb2VzIGhlcmUuPC90ZXh0Pg0KDQoJCQkJCTwhLS0gUmV2aWV3ZWQgSW1tdW5pc2F0aW9u
cyAtLT4NCiAgICAgICAgICAgICAgICAgICAgPGVudHJ5Pg0KICAgICAgICAgICAgICAgICAgICAg
ICAgPGFjdCBjbGFzc0NvZGU9IkFDVCIgbW9vZENvZGU9IkVWTiI+DQogICAgICAgICAgICAgICAg
ICAgICAgICAgICAgPGlkIHJvb3Q9IjQ1RjNCRTI4LTc1NTEtMTFFMC05NzFELTY1QTU0ODI0MDE5
QiIgLz4NCiAgICAgICAgICAgICAgICAgICAgICAgICAgICA8Y29kZSBjb2RlPSIxMDIuMTY1NzYi
IGNvZGVTeXN0ZW09IjEuMi4zNi4xLjIwMDEuMTAwMS4xMDEiIGNvZGVTeXN0ZW1OYW1lPSJOQ1RJ
UyBEYXRhIENvbXBvbmVudHMiIGRpc3BsYXlOYW1lPSJJbW11bmlzYXRpb24gSGlzdG9yeSBSZXZp
ZXciIC8+DQoJCQkJCQkJPCEtLSBSZWNvcmQgUmV2aWV3IERhdGVUaW1lIC0tPg0KICAgICAgICAg
ICAgICAgICAgICAgICAgICAgIDxlZmZlY3RpdmVUaW1lIHZhbHVlPSIyMDExMDQyNyIgLz4NCiAg
ICAgICAgICAgICAgICAgICAgICAgIDwvYWN0Pg0KICAgICAgICAgICAgICAgICAgICA8L2VudHJ5
Pg0KCQkJCQk8IS0tIEVuZCBSZXZpZXdlZCBJbW11bmlzYXRpb25zIC0tPg0KDQoJCQkJCTwhLS0g
QWRtaW5pc3RlcmVkIEltbXVuaXNhdGlvbiAtLT4NCiAgICAgICAgICAgICAgICAgICAgPGVudHJ5
Pg0KICAgICAgICAgICAgICAgICAgICAgICAgPHN1YnN0YW5jZUFkbWluaXN0cmF0aW9uIGNsYXNz
Q29kZT0iU0JBRE0iIG1vb2RDb2RlPSJFVk4iPg0KCQkJCQkJCTwhLS0gTWVkaWNhdGlvbiBBY3Rp
b24gRGF0ZVRpbWUgLS0+DQogICAgICAgICAgICAgICAgICAgICAgICAgICAgPGVmZmVjdGl2ZVRp
bWUgdmFsdWU9IjIwMTEwNDI3IiAvPg0KICAgICAgICAgICAgICAgICAgICAgICAgICAgIDxjb25z
dW1hYmxlPg0KICAgICAgICAgICAgICAgICAgICAgICAgICAgICAgICA8bWFudWZhY3R1cmVkUHJv
ZHVjdD4NCiAgICAgICAgICAgICAgICAgICAgICAgICAgICAgICAgICAgIDxtYW51ZmFjdHVyZWRN
YXRlcmlhbD4NCiAgICAgICAgICAgICAgICAgICAgICAgICAgICAgICAgICAgICAgICA8Y29kZSBj
b2RlPSI/Pz8/PyIgY29kZVN5c3RlbT0iMS4yLjM2LjEuMjAwMS4xMDA0LjEwMCIgY29kZVN5c3Rl
bU5hbWU9IkF1c3RyYWxpYW4gTWVkaWNpbmNlcyBUZXJtaW5vbG9neSAoQU1UKSIgZGlzcGxheU5h
bWU9Ij8/Pz8/IiAvPg0KICAgICAgICAgICAgICAgICAgICAgICAgICAgICAgICAgICAgPC9tYW51
ZmFjdHVyZWRNYXRlcmlhbD4NCiAgICAgICAgICAgICAgICAgICAgICAgICAgICAgICAgPC9tYW51
ZmFjdHVyZWRQcm9kdWN0Pg0KICAgICAgICAgICAgICAgICAgICAgICAgICAgIDwvY29uc3VtYWJs
ZT4NCiAgICAgICAgICAgICAgICAgICAgICAgIDwvc3Vic3RhbmNlQWRtaW5pc3RyYXRpb24+DQog
ICAgICAgICAgICAgICAgICAgIDwvZW50cnk+DQoJCQkJCTwhLS0gRW5kIEFkbWluaXN0ZXJlZCBJ
bW11bmlzYXRpb24gLS0+DQoNCgkJCQkJPCEtLSBFeGNsdXNpb24gU3RhdGVtZW50IC0gSW1tdW5p
c2F0aW9ucyAtLT4NCiAgICAgICAgICAgICAgICAgICAgPGVudHJ5Pg0KICAgICAgICAgICAgICAg
ICAgICAgICAgPG9ic2VydmF0aW9uIGNsYXNzQ29kZT0iT0JTIiBtb29kQ29kZT0iRVZOIj4NCiAg
ICAgICAgICAgICAgICAgICAgICAgICAgICA8Y29kZSBjb2RlPSIxMDMuMTYzMDIiIGNvZGVTeXN0
ZW09IjEuMi4zNi4xLjIwMDEuMTAwMS4xMDEiIGNvZGVTeXN0ZW1OYW1lPSJOQ1RJUyBEYXRhIENv
bXBvbmVudHMiIGRpc3BsYXlOYW1lPSJHbG9iYWwgU3RhdGVtZW50IiAvPg0KICAgICAgICAgICAg
ICAgICAgICAgICAgICAgIDx2YWx1ZSBjb2RlPSIwMSIgY29kZVN5c3RlbT0iMS4yLjM2LjEuMjAw
MS4xMDAxLjEwMS4xMDQuMTYyOTkiIGNvZGVTeXN0ZW1OYW1lPSJOQ1RJUyBHbG9iYWwgU3RhdGVt
ZW50IFZhbHVlcyIgZGlzcGxheU5hbWU9Ik5vbmUga25vd24iIHhzaTp0eXBlPSJDRCIgLz4NCiAg
ICAgICAgICAgICAgICAgICAgICAgIDwvb2JzZXJ2YXRpb24+DQogICAgICAgICAgICAgICAgICAg
IDwvZW50cnk+DQoJCQkJCTwhLS0gRW5kIEV4Y2x1c2lvbiBTdGF0ZW1lbnQgLSBJbW11bmlzYXRp
b25zIC0tPg0KDQogICAgICAgICAgICAgICAgPC9zZWN0aW9uPg0KICAgICAgICAgICAgPC9jb21w
b25lbnQ+DQoJCQk8IS0tIEVuZCBSZXZpZXdlZCBJbW11bmlzYXRpb25zIFNlY3Rpb24gLS0+DQoN
CiAgICAgICAgPC9zdHJ1Y3R1cmVkQm9keT4NCiAgICA8L2NvbXBvbmVudD4NCgk8IS0tIEVuZCBD
REEgQm9keSAtLT4NCjwvQ2xpbmljYWxEb2N1bWVudD4NCg==
            </Content>
        </Document>
        <Document>
            <Id>2.16.840.1.113883.10.20.2</Id> 
            <Type code="51855-5" 
                codeSystem="2.16.840.1.113883.6.1"
                codeSystemName="LOINC" displayName="Shared Health Summary" />
            <Content xm:contentType="text/xml">
PD94bWwgdmVyc2lvbj0iMS4wIiBlbmNvZGluZz0iVVRGLTgiPz4NCjwhLS0gVGhpcyBleGFtcGxl
IGlzIHByb3ZpZGVkIGZvciBpbGx1c3RyYXRpdmUgcHVycG9zZXMgb25seS4gSXQgaGFzIGhhZCBu
byBjbGluaWNhbCB2YWxpZGF0aW9uLiANCiBXaGlsZSBldmVyeSBlZmZvcnQgaGFzIGJlZW4gdGFr
ZW4gdG8gZW5zdXJlIHRoYXQgdGhlIGV4YW1wbGVzIGFyZSBjb25zaXN0ZW50IHdpdGggdGhlIG1l
c3NhZ2Ugc3BlY2lmaWNhdGlvbiwgDQogd2hlcmUgdGhlcmUgYXJlIGNvbmZsaWN0cyB3aXRoIHRo
ZSB3cml0dGVuIG1lc3NhZ2Ugc3BlY2lmaWNhdGlvbiBvciBzY2hlbWEsIHRoZSBzcGVjaWZpY2F0
aW9uIG9yIHNjaGVtYSANCiBzaGFsbCBiZSBjb25zaWRlcmVkIHRvIHRha2UgcHJlY2VkZW5jZSAt
LT4NCjxDbGluaWNhbERvY3VtZW50IA0KICAgIHhtbG5zPSJ1cm46aGw3LW9yZzp2MyIgDQogICAg
eG1sbnM6ZXh0PSJodHRwOi8vbnMuZWxlY3Ryb25pY2hlYWx0aC5uZXQuYXUvQ2kvQ2RhL0V4dGVu
c2lvbnMvMy4wIiANCiAgICB4bWxuczp4cz0iaHR0cDovL3d3dy53My5vcmcvMjAwMS9YTUxTY2hl
bWEiDQogICAgeG1sbnM6eHNpPSJodHRwOi8vd3d3LnczLm9yZy8yMDAxL1hNTFNjaGVtYS1pbnN0
YW5jZSI+DQogICAgDQogICAgPHR5cGVJZCBleHRlbnNpb249IlBPQ0RfSEQwMDAwNDAiIHJvb3Q9
IjIuMTYuODQwLjEuMTEzODgzLjEuMyIgLz4NCiAgICA8dGVtcGxhdGVJZCBleHRlbnNpb249IjEu
MCIgcm9vdD0iMS4yLjM2LjEuMjAwMS4xMDAxLjEwMS4xMDAuMjAwMDAiIC8+DQogICAgPGlkIHJv
b3Q9IjhCQzM0MDZBLUI5M0YtMTFERS04QTJCLTZBMUM1NkQ4OTU5MyIgLz4NCiAgICA8Y29kZSBj
b2RlPSI1MTg1NS01IiBjb2RlU3lzdGVtPSIyLjE2Ljg0MC4xLjExMzg4My42LjEiIGNvZGVTeXN0
ZW1OYW1lPSJMT0lOQyIgZGlzcGxheU5hbWU9IlNoYXJlZCBIZWFsdGggU3VtbWFyeSIgLz4NCiAg
ICA8ZWZmZWN0aXZlVGltZSB2YWx1ZT0iMjAwOTEwMjAxMjM1IiAvPg0KICAgIDxjb25maWRlbnRp
YWxpdHlDb2RlIG51bGxGbGF2b3I9Ik5BIiAvPg0KICAgIDxsYW5ndWFnZUNvZGUgY29kZT0iZW4t
QVUiIC8+DQogICAgPHNldElkIHJvb3Q9IjZDNkJBNTZDLUJDOTItMTFERS1BMTcwLUQ4NTU1NkQ4
OTU5MyIgLz4NCiAgICA8dmVyc2lvbk51bWJlciB2YWx1ZT0iMSIgLz4NCiAgICA8ZXh0OmNvbXBs
ZXRpb25Db2RlIGNvZGU9IkYiIGNvZGVTeXN0ZW09IjEuMi4zNi4xLjIwMDEuMTAwMS4xMDEuMTA0
LjIwMTA0IiBjb2RlU3lzdGVtTmFtZT0iTkNUSVMgRG9jdW1lbnQgU3RhdHVzIFZhbHVlcyIgZGlz
cGxheU5hbWU9IkZpbmFsIiAvPg0KDQoJPCEtLSBCZWdpbiBDREEgSGVhZGVyIC0tPg0KCTwhLS0g
QmVnaW4gU3ViamVjdCBvZiBDYXJlIC0gSGVhZGVyIFBhcnQgLS0+DQogICAgPHJlY29yZFRhcmdl
dD4NCiAgICAgICAgPHBhdGllbnRSb2xlPg0KDQoJCQk8IS0tIElEIGlzIHVzZWQgZm9yIHN5c3Rl
bSBwdXJwb3NlcyBzdWNoIGFzIG1hdGNoaW5nIC0tPg0KICAgICAgICAgICAgPGlkIHJvb3Q9IjdB
QTBCQUFDLTBDRDAtMTFFMC05NTE2LTQzNTBERkQ3MjA4NSIgLz4NCg0KCQkJPCEtLSBBZGRyZXNz
IC0tPg0KICAgICAgICAgICAgPGFkZHIgdXNlPSJIIj4NCiAgICAgICAgICAgICAgICA8c3RyZWV0
QWRkcmVzc0xpbmU+MSBDbGluaWNpYW4gU3RyZWV0PC9zdHJlZXRBZGRyZXNzTGluZT4NCiAgICAg
ICAgICAgICAgICA8Y2l0eT5OZWh0YXZpbGxlPC9jaXR5Pg0KICAgICAgICAgICAgICAgIDxzdGF0
ZT5RTEQ8L3N0YXRlPg0KICAgICAgICAgICAgICAgIDxwb3N0YWxDb2RlPjU1NTU8L3Bvc3RhbENv
ZGU+DQogICAgICAgICAgICAgICAgPGFkZGl0aW9uYWxMb2NhdG9yPjMyNTY4OTMxPC9hZGRpdGlv
bmFsTG9jYXRvcj4NCiAgICAgICAgICAgICAgICA8Y291bnRyeT5BdXN0cmFsaWE8L2NvdW50cnk+
DQogICAgICAgICAgICA8L2FkZHI+DQoNCgkJCTwhLS0gRWxlY3Ryb25pYyBDb21tdW5pY2F0aW9u
IERldGFpbCAtLT4NCiAgICAgICAgICAgIDx0ZWxlY29tIHVzZT0iSCIgdmFsdWU9InRlbDowNDk5
OTk5OTk5IiAvPg0KDQoJCQk8IS0tIFBhcnRpY2lwYW50IC0tPg0KICAgICAgICAgICAgPHBhdGll
bnQ+DQoNCgkJCQk8IS0tIFBlcnNvbiBOYW1lIC0tPg0KICAgICAgICAgICAgICAgIDxuYW1lIHVz
ZT0iTCI+DQogICAgICAgICAgICAgICAgICAgIDxwcmVmaXg+TXM8L3ByZWZpeD4NCiAgICAgICAg
ICAgICAgICAgICAgPGdpdmVuPlNhbGx5PC9naXZlbj4NCiAgICAgICAgICAgICAgICAgICAgPGZh
bWlseT5HcmFudDwvZmFtaWx5Pg0KICAgICAgICAgICAgICAgIDwvbmFtZT4NCg0KCQkJCTwhLS0g
SW5kaWdlbm91cyBTdGF0dXMgLS0+DQogICAgICAgICAgICAgICAgPGV0aG5pY0dyb3VwQ29kZSBj
b2RlPSI0IiBjb2RlU3lzdGVtPSIyLjE2Ljg0MC4xLjExMzg4My4zLjg3OSIgY29kZVN5c3RlbU5h
bWU9Ik1FVGVPUiIgZGlzcGxheU5hbWU9Ik5laXRoZXIgQWJvcmlnaW5hbCBub3IgVG9ycmVzIFN0
cmFpdCBJc2xhbmRlciBvcmlnaW4iIC8+DQoNCgkJCQk8IS0tIFNleCAtLT4NCiAgICAgICAgICAg
ICAgICA8YWRtaW5pc3RyYXRpdmVHZW5kZXJDb2RlIGNvZGU9IkYiIGNvZGVTeXN0ZW09IjIuMTYu
ODQwLjEuMTEzODgzLjEzLjY4IiBjb2RlU3lzdGVtTmFtZT0iQVMgNTAxNy0yMDA2IEhlYWx0aCBD
YXJlIENsaWVudCBJZGVudGlmaWVyIFNleCIgLz4NCg0KCQkJCTwhLS0gRGF0ZSBvZiBCaXJ0aCAt
LT4NCiAgICAgICAgICAgICAgICA8YmlydGhUaW1lIHZhbHVlPSIxOTQ4MDYwNyIgLz4NCg0KCQkJ
CTwhLS0gTXVsdGlwbGUgQmlydGggSW5kaWNhdG9yIC0tPg0KICAgICAgICAgICAgICAgIDxleHQ6
bXVsdGlwbGVCaXJ0aEluZCB2YWx1ZT0idHJ1ZSIgLz4NCiAgICAgICAgICAgICAgICA8ZXh0Om11
bHRpcGxlQmlydGhPcmRlck51bWJlciB2YWx1ZT0iMiIgLz4NCg0KCQkJCTwhLS0gRGF0ZSBvZiBE
ZWF0aCAtLT4NCiAgICAgICAgICAgICAgICA8ZXh0OmRlY2Vhc2VkSW5kIHZhbHVlPSJ0cnVlIiAv
Pg0KICAgICAgICAgICAgICAgIDxleHQ6ZGVjZWFzZWRUaW1lIHZhbHVlPSIyMDEwMTIwMSIgLz4N
Cg0KCQkJCTwhLS0gQ291bnRyeSBvZiBCaXJ0aCAtLT4NCiAgICAgICAgICAgICAgICA8YmlydGhw
bGFjZT4NCiAgICAgICAgICAgICAgICAgICAgPHBsYWNlPg0KICAgICAgICAgICAgICAgICAgICAg
ICAgPGFkZHI+DQogICAgICAgICAgICAgICAgICAgICAgICAgICAgPGNvdW50cnk+ODEwNDwvY291
bnRyeT4NCiAgICAgICAgICAgICAgICAgICAgICAgIDwvYWRkcj4NCiAgICAgICAgICAgICAgICAg
ICAgPC9wbGFjZT4NCiAgICAgICAgICAgICAgICA8L2JpcnRocGxhY2U+DQoNCgkJCQk8IS0tIEVu
dGl0eSBJZGVudGlmaWVyIC0tPg0KICAgICAgICAgICAgICAgIDxleHQ6YXNFbnRpdHlJZGVudGlm
aWVyIGNsYXNzQ29kZT0iSURFTlQiPg0KICAgICAgICAgICAgICAgICAgICA8IS0tIE9SSUdJTkFM
DQogICAgICAgICAgICAgICAgICAgIDxleHQ6aWQgYXNzaWduaW5nQXV0aG9yaXR5TmFtZT0iSUhJ
IiByb290PSIxLjIuMzYuMS4yMDAxLjEwMDMuMC44MDAzNjAxMjM0NTEyMzQ1IiAvPiANCiAgICAg
ICAgICAgICAgICAgICAgLS0+DQogICAgICAgICAgICAgICAgICAgIDxleHQ6aWQgYXNzaWduaW5n
QXV0aG9yaXR5TmFtZT0iSUhJIiByb290PSIxLjMuNi4xLjQuMS4yMTM2Ny4yMDA1LjMuNy42ZmEx
MWU0Njc4ODA0NzgiIC8+DQogICAgICAgICAgICAgICAgICAgIDxleHQ6YXNzaWduaW5nR2VvZ3Jh
cGhpY0FyZWEgY2xhc3NDb2RlPSJQTEMiPg0KICAgICAgICAgICAgICAgICAgICAgICAgPGV4dDpu
YW1lPk5hdGlvbmFsIElkZW50aWZpZXI8L2V4dDpuYW1lPg0KICAgICAgICAgICAgICAgICAgICA8
L2V4dDphc3NpZ25pbmdHZW9ncmFwaGljQXJlYT4NCiAgICAgICAgICAgICAgICA8L2V4dDphc0Vu
dGl0eUlkZW50aWZpZXI+DQoNCiAgICAgICAgICAgIDwvcGF0aWVudD4NCiAgICAgICAgPC9wYXRp
ZW50Um9sZT4NCiAgICA8L3JlY29yZFRhcmdldD4NCgk8IS0tIEVuZCBTdWJqZWN0IG9mIENhcmUg
LSBIZWFkZXIgUGFydCAtLT4NCg0KCTwhLS0gQmVnaW4gRG9jdW1lbnQgQXV0aG9yIC0tPg0KICAg
IDxhdXRob3I+DQoNCgkJPCEtLSBNdXN0IGhvbGQgc2FtZSB2YWx1ZSBhcyBEYXRlVGltZSBhdHRl
c3RlZCAoQ2xpbmljYWxEb2N1bWVudC5sZWdhbEF1dGhlbnRpY2F0b3IudGltZSkgLS0+DQogICAg
ICAgIDx0aW1lIHZhbHVlPSIyMDA5MTAyMDEyMzUiIC8+DQoNCiAgICAgICAgPGFzc2lnbmVkQXV0
aG9yPg0KDQoJCQk8IS0tIElEIGlzIHVzZWQgZm9yIHN5c3RlbSBwdXJwb3NlcyBzdWNoIGFzIG1h
dGNoaW5nIC0tPg0KICAgICAgICAgICAgPGlkIHJvb3Q9IjdGQ0IwRUM0LTBDRDAtMTFFMC05REZD
LThGNTBERkQ3MjA4NSIgLz4NCg0KCQkJPCEtLSBSb2xlIC0tPg0KICAgICAgICAgICAgPGNvZGUg
Y29kZT0iMjUzMzE3IiBjb2RlU3lzdGVtPSIyLjE2Ljg0MC4xLjExMzg4My4xMy42MiIgY29kZVN5
c3RlbU5hbWU9IjEyMjAuMCAtIEFOWlNDTyAtIEF1c3RyYWxpYW4gYW5kIE5ldyBaZWFsYW5kIFN0
YW5kYXJkIENsYXNzaWZpY2F0aW9uIG9mIE9jY3VwYXRpb25zLCBGaXJzdCBFZGl0aW9uLCAyMDA2
Ig0KCQkJCWRpc3BsYXlOYW1lPSJJbnRlbnNpdmUgQ2FyZSBTcGVjaWFsaXN0IiAvPg0KDQoJCQk8
IS0tIEFkZHJlc3MgLS0+DQogICAgICAgICAgICA8YWRkciB1c2U9IldQIj4NCiAgICAgICAgICAg
ICAgICA8c3RyZWV0QWRkcmVzc0xpbmU+MSBDbGluaWNpYW4gU3RyZWV0PC9zdHJlZXRBZGRyZXNz
TGluZT4NCiAgICAgICAgICAgICAgICA8Y2l0eT5OZWh0YXZpbGxlPC9jaXR5Pg0KICAgICAgICAg
ICAgICAgIDxzdGF0ZT5RTEQ8L3N0YXRlPg0KICAgICAgICAgICAgICAgIDxwb3N0YWxDb2RlPjU1
NTU8L3Bvc3RhbENvZGU+DQogICAgICAgICAgICAgICAgPGFkZGl0aW9uYWxMb2NhdG9yPjMyNTY4
OTMxPC9hZGRpdGlvbmFsTG9jYXRvcj4NCiAgICAgICAgICAgICAgICA8Y291bnRyeT5BdXN0cmFs
aWE8L2NvdW50cnk+DQogICAgICAgICAgICA8L2FkZHI+DQoNCgkJCTwhLS0gRWxlY3Ryb25pYyBD
b21tdW5pY2F0aW9uIERldGFpbCAtLT4NCiAgICAgICAgICAgIDx0ZWxlY29tIHVzZT0iV1AiIHZh
bHVlPSJ0ZWw6MDcxMjM0MTIzNCIgLz4NCg0KCQkJPCEtLSBQYXJ0aWNpcGFudCAtLT4NCiAgICAg
ICAgICAgIDxhc3NpZ25lZFBlcnNvbj4NCg0KCQkJCTwhLS0gUGVyc29uIE5hbWUgLS0+DQogICAg
ICAgICAgICAgICAgPG5hbWU+DQogICAgICAgICAgICAgICAgICAgIDxwcmVmaXg+RHIuPC9wcmVm
aXg+DQogICAgICAgICAgICAgICAgICAgIDxnaXZlbj5Hb29kPC9naXZlbj4NCiAgICAgICAgICAg
ICAgICAgICAgPGZhbWlseT5Eb2N0b3I8L2ZhbWlseT4NCiAgICAgICAgICAgICAgICA8L25hbWU+
DQoNCgkJCQk8IS0tIFNleCAtLT4NCiAgICAgICAgICAgICAgICA8ZXh0OmFkbWluaXN0cmF0aXZl
R2VuZGVyQ29kZSBjb2RlPSJNIiBjb2RlU3lzdGVtPSIyLjE2Ljg0MC4xLjExMzg4My4xMy42OCIg
Y29kZVN5c3RlbU5hbWU9IkFTIDUwMTctMjAwNiBIZWFsdGggQ2FyZSBDbGllbnQgSWRlbnRpZmll
ciBTZXgiIC8+DQoNCgkJCQk8IS0tIERhdGUgb2YgQmlydGggLS0+DQogICAgICAgICAgICAgICAg
PGV4dDpiaXJ0aFRpbWUgdmFsdWU9IjE5NDgwNjA3IiAvPg0KDQoJCQkJPCEtLSBFbnRpdHkgSWRl
bnRpZmllciAtLT4NCiAgICAgICAgICAgICAgICA8ZXh0OmFzRW50aXR5SWRlbnRpZmllciBjbGFz
c0NvZGU9IklERU5UIj4NCiAgICAgICAgICAgICAgICAgICAgPGV4dDppZCBhc3NpZ25pbmdBdXRo
b3JpdHlOYW1lPSJIUEktSSIgcm9vdD0iMS4yLjM2LjEuMjAwMS4xMDAzLjAuODAwMzYxMTIzNDU2
Nzg5MCIgLz4NCiAgICAgICAgICAgICAgICAgICAgPGV4dDphc3NpZ25pbmdHZW9ncmFwaGljQXJl
YSBjbGFzc0NvZGU9IlBMQyI+DQogICAgICAgICAgICAgICAgICAgICAgICA8ZXh0Om5hbWU+TmF0
aW9uYWwgSWRlbnRpZmllcjwvZXh0Om5hbWU+DQogICAgICAgICAgICAgICAgICAgIDwvZXh0OmFz
c2lnbmluZ0dlb2dyYXBoaWNBcmVhPg0KICAgICAgICAgICAgICAgIDwvZXh0OmFzRW50aXR5SWRl
bnRpZmllcj4NCg0KICAgICAgICAgICAgPC9hc3NpZ25lZFBlcnNvbj4NCg0KCQkJPCEtLSBFbXBs
b3ltZW50IERldGFpbCAtLT4NCgkJCTwhLS0gRW1wbG95ZXIgT3JnYW5pc2F0aW9uIChQYXJ0aWNp
cGFudCAoT3JnYW5pc2F0aW9uKSkgLS0+DQogICAgICAgICAgICA8cmVwcmVzZW50ZWRPcmdhbml6
YXRpb24+DQoNCgkJCQk8IS0tIERlcGFydG1lbnQvVW5pdCAtLT4NCiAgICAgICAgICAgICAgICA8
bmFtZT5TdXJnaWNhbCBXYXJkPC9uYW1lPg0KDQogICAgICAgICAgICAgICAgPGFzT3JnYW5pemF0
aW9uUGFydE9mPg0KICAgICAgICAgICAgICAgICAgICA8d2hvbGVPcmdhbml6YXRpb24+DQoNCgkJ
CQkJCTwhLS0gT3JnYW5pc2F0aW9uIE5hbWUgLS0+DQogICAgICAgICAgICAgICAgICAgICAgICA8
bmFtZSB1c2U9IkwiPkdvb2QgSG9zcGl0YWw8L25hbWU+DQogICAgICAgICAgICAgICAgICAgIDwv
d2hvbGVPcmdhbml6YXRpb24+DQogICAgICAgICAgICAgICAgPC9hc09yZ2FuaXphdGlvblBhcnRP
Zj4NCg0KCQkJCTwhLS0gRW50aXR5IElkZW50aWZpZXIgLS0+DQogICAgICAgICAgICAgICAgPGV4
dDphc0VudGl0eUlkZW50aWZpZXIgY2xhc3NDb2RlPSJJREVOVCI+DQogICAgICAgICAgICAgICAg
ICAgIDxleHQ6aWQgYXNzaWduaW5nQXV0aG9yaXR5TmFtZT0iSFBJLU8iIHJvb3Q9IjEuMi4zNi4x
LjIwMDEuMTAwMy4wLjgwMDM2MjEyMzExNjc4OTAiIC8+DQogICAgICAgICAgICAgICAgICAgIDxl
eHQ6YXNzaWduaW5nR2VvZ3JhcGhpY0FyZWEgY2xhc3NDb2RlPSJQTEMiPg0KICAgICAgICAgICAg
ICAgICAgICAgICAgPGV4dDpuYW1lPk5hdGlvbmFsIElkZW50aWZpZXI8L2V4dDpuYW1lPg0KICAg
ICAgICAgICAgICAgICAgICA8L2V4dDphc3NpZ25pbmdHZW9ncmFwaGljQXJlYT4NCiAgICAgICAg
ICAgICAgICA8L2V4dDphc0VudGl0eUlkZW50aWZpZXI+DQoNCiAgICAgICAgICAgIDwvcmVwcmVz
ZW50ZWRPcmdhbml6YXRpb24+DQoNCiAgICAgICAgPC9hc3NpZ25lZEF1dGhvcj4NCiAgICA8L2F1
dGhvcj4NCgk8IS0tIEVuZCBEb2N1bWVudCBBdXRob3IgLS0+DQoNCgk8IS0tIEJlZ2luIEN1c3Rv
ZGlhbiAtLT4NCiAgICA8Y3VzdG9kaWFuPg0KICAgICAgICA8YXNzaWduZWRDdXN0b2RpYW4+DQog
ICAgICAgICAgICA8cmVwcmVzZW50ZWRDdXN0b2RpYW5Pcmdhbml6YXRpb24+DQoNCgkJCQk8IS0t
IElEIGlzIHVzZWQgZm9yIHN5c3RlbSBwdXJwb3NlcyBzdWNoIGFzIG1hdGNoaW5nIC0tPg0KICAg
ICAgICAgICAgICAgIDxpZCByb290PSI4NDY0QzZCRS0wQ0QwLTExRTAtQjQ1QS05MjUwREZENzIw
ODUiIC8+DQogICAgICAgICAgICAgICAgPG5hbWU+T3ogSGVhbHRoIENsaW5pYzwvbmFtZT4NCg0K
CQkJCTwhLS0gRW50aXR5IElkZW50aWZpZXIgLS0+DQogICAgICAgICAgICAgICAgPGV4dDphc0Vu
dGl0eUlkZW50aWZpZXIgY2xhc3NDb2RlPSJJREVOVCI+DQogICAgICAgICAgICAgICAgICAgIDxl
eHQ6aWQgYXNzaWduaW5nQXV0aG9yaXR5TmFtZT0iSFBJLU8iIHJvb3Q9IjEuMi4zNi4xLjIwMDEu
MTAwMy4wLjgwNjY2MjE3NzExNjc4ODgiIC8+DQogICAgICAgICAgICAgICAgICAgIDxleHQ6YXNz
aWduaW5nR2VvZ3JhcGhpY0FyZWEgY2xhc3NDb2RlPSJQTEMiPg0KICAgICAgICAgICAgICAgICAg
ICAgICAgPGV4dDpuYW1lPk5hdGlvbmFsIElkZW50aWZpZXI8L2V4dDpuYW1lPg0KICAgICAgICAg
ICAgICAgICAgICA8L2V4dDphc3NpZ25pbmdHZW9ncmFwaGljQXJlYT4NCiAgICAgICAgICAgICAg
ICA8L2V4dDphc0VudGl0eUlkZW50aWZpZXI+DQoNCiAgICAgICAgICAgIDwvcmVwcmVzZW50ZWRD
dXN0b2RpYW5Pcmdhbml6YXRpb24+DQogICAgICAgIDwvYXNzaWduZWRDdXN0b2RpYW4+DQogICAg
PC9jdXN0b2RpYW4+DQoJPCEtLSBFbmQgQ3VzdG9kaWFuIC0tPg0KDQoJPCEtLSBTdGFydCBJbmZv
cm1hdGlvbiBSZWNpcGllbnQgLSBQcmltYXJ5IC0tPg0KICAgIDxpbmZvcm1hdGlvblJlY2lwaWVu
dCB0eXBlQ29kZT0iUFJDUCI+DQogICAgICAgIDxpbnRlbmRlZFJlY2lwaWVudD4NCg0KCQkJPCEt
LSBJRCBpcyB1c2VkIGZvciBzeXN0ZW0gcHVycG9zZXMgc3VjaCBhcyBtYXRjaGluZyAtLT4NCiAg
ICAgICAgICAgIDxpZCByb290PSI4QUY1RjhGNC0wQ0QwLTExRTAtQUM0OC05MzUwREZENzIwODUi
IC8+DQoNCiAgICAgICAgICAgIDxhZGRyIHVzZT0iV1AiPg0KICAgICAgICAgICAgICAgIDxzdHJl
ZXRBZGRyZXNzTGluZT4xIFByaW1hcnkgQ2FyZSBQcm92aWRlciBTdHJlZXQ8L3N0cmVldEFkZHJl
c3NMaW5lPg0KICAgICAgICAgICAgICAgIDxjaXR5Pk5laHRhdmlsbGU8L2NpdHk+DQogICAgICAg
ICAgICAgICAgPHN0YXRlPlFMRDwvc3RhdGU+DQogICAgICAgICAgICAgICAgPHBvc3RhbENvZGU+
NTU1NTwvcG9zdGFsQ29kZT4NCiAgICAgICAgICAgICAgICA8YWRkaXRpb25hbExvY2F0b3I+MzI1
Njg5MzE8L2FkZGl0aW9uYWxMb2NhdG9yPg0KICAgICAgICAgICAgICAgIDxjb3VudHJ5PkF1c3Ry
YWxpYTwvY291bnRyeT4NCiAgICAgICAgICAgIDwvYWRkcj4NCiAgICAgICAgICAgIDx0ZWxlY29t
IHVzZT0iV1AiIHZhbHVlPSJ0ZWw6MDcxMjM0MTI0NSIgLz4NCiAgICAgICAgICAgIDxpbmZvcm1h
dGlvblJlY2lwaWVudD4NCg0KCQkJCTwhLS0gUGVyc29uIE5hbWUgLS0+DQogICAgICAgICAgICAg
ICAgPG5hbWU+DQogICAgICAgICAgICAgICAgICAgIDxwcmVmaXg+RHIuPC9wcmVmaXg+DQogICAg
ICAgICAgICAgICAgICAgIDxnaXZlbj5JbmZvcm1hdGlvbjwvZ2l2ZW4+DQogICAgICAgICAgICAg
ICAgICAgIDxmYW1pbHk+UmVjaXBpZW50PC9mYW1pbHk+DQogICAgICAgICAgICAgICAgPC9uYW1l
Pg0KDQoJCQkJPCEtLSBTZXggLS0+DQogICAgICAgICAgICAgICAgPGV4dDphZG1pbmlzdHJhdGl2
ZUdlbmRlckNvZGUgY29kZT0iRiIgY29kZVN5c3RlbT0iMi4xNi44NDAuMS4xMTM4ODMuMTMuNjgi
IGNvZGVTeXN0ZW1OYW1lPSJBUyA1MDE3LTIwMDYgSGVhbHRoIENhcmUgQ2xpZW50IElkZW50aWZp
ZXIgU2V4IiAvPg0KDQoJCQkJPCEtLSBEYXRlIG9mIEJpcnRoIC0tPg0KICAgICAgICAgICAgICAg
IDxleHQ6YmlydGhUaW1lIHZhbHVlPSIxOTY4MTAwNyIgLz4NCg0KCQkJCTwhLS0gRW50aXR5IElk
ZW50aWZpZXIgLS0+DQogICAgICAgICAgICAgICAgPGV4dDphc0VudGl0eUlkZW50aWZpZXIgY2xh
c3NDb2RlPSJJREVOVCI+DQogICAgICAgICAgICAgICAgICAgIDxleHQ6aWQgYXNzaWduaW5nQXV0
aG9yaXR5TmFtZT0iSFBJLUkiIHJvb3Q9IjEuMi4zNi4xLjIwMDEuMTAwMy4wLjgwMDM2MTEyMjI1
Njc4OTAiIC8+DQogICAgICAgICAgICAgICAgICAgIDxleHQ6YXNzaWduaW5nR2VvZ3JhcGhpY0Fy
ZWEgY2xhc3NDb2RlPSJQTEMiPg0KICAgICAgICAgICAgICAgICAgICAgICAgPGV4dDpuYW1lPk5h
dGlvbmFsIElkZW50aWZpZXI8L2V4dDpuYW1lPg0KICAgICAgICAgICAgICAgICAgICA8L2V4dDph
c3NpZ25pbmdHZW9ncmFwaGljQXJlYT4NCiAgICAgICAgICAgICAgICA8L2V4dDphc0VudGl0eUlk
ZW50aWZpZXI+DQoNCiAgICAgICAgICAgIDwvaW5mb3JtYXRpb25SZWNpcGllbnQ+DQoNCiAgICAg
ICAgICAgIDxyZWNlaXZlZE9yZ2FuaXphdGlvbj4NCiAgICAgICAgICAgICAgICA8bmFtZT5JbmZv
cm1hdGlvbiBSZWNpcGllbnQgQ2xpbmljIE5hbWU8L25hbWU+DQoNCgkJCQk8IS0tIEVudGl0eSBJ
ZGVudGlmaWVyIC0tPg0KICAgICAgICAgICAgICAgIDxleHQ6YXNFbnRpdHlJZGVudGlmaWVyIGNs
YXNzQ29kZT0iSURFTlQiPg0KICAgICAgICAgICAgICAgICAgICA8ZXh0OmlkIGFzc2lnbmluZ0F1
dGhvcml0eU5hbWU9IkhQSS1PIiByb290PSIxLjIuMzYuMS4yMDAxLjEwMDMuMC44MDAzNjIxNzcx
MTY3ODg4IiAvPg0KICAgICAgICAgICAgICAgICAgICA8ZXh0OmFzc2lnbmluZ0dlb2dyYXBoaWNB
cmVhIGNsYXNzQ29kZT0iUExDIj4NCiAgICAgICAgICAgICAgICAgICAgICAgIDxleHQ6bmFtZT5O
YXRpb25hbCBJZGVudGlmaWVyPC9leHQ6bmFtZT4NCiAgICAgICAgICAgICAgICAgICAgPC9leHQ6
YXNzaWduaW5nR2VvZ3JhcGhpY0FyZWE+DQogICAgICAgICAgICAgICAgPC9leHQ6YXNFbnRpdHlJ
ZGVudGlmaWVyPg0KDQogICAgICAgICAgICA8L3JlY2VpdmVkT3JnYW5pemF0aW9uPg0KICAgICAg
ICA8L2ludGVuZGVkUmVjaXBpZW50Pg0KICAgIDwvaW5mb3JtYXRpb25SZWNpcGllbnQ+DQoJPCEt
LSBFbmQgSW5mb3JtYXRpb24gUmVjaXBpZW50IC0gUHJpbWFyeSAtLT4NCg0KCTwhLS0gQmVnaW4g
RG9jdW1lbnQgUmVjaXBpZW50IERldGFpbCAoT3JnYW5pc2F0aW9uKSAtLT4NCiAgICA8aW5mb3Jt
YXRpb25SZWNpcGllbnQgdHlwZUNvZGU9IlRSQyI+DQogICAgICAgIDxpbnRlbmRlZFJlY2lwaWVu
dD4NCg0KCQkJPCEtLSBJRCBpcyB1c2VkIGZvciBzeXN0ZW0gcHVycG9zZXMgc3VjaCBhcyBtYXRj
aGluZyAtLT4NCiAgICAgICAgICAgIDxpZCByb290PSI5NThBMEU5MC0wQ0QwLTExRTAtQTQzRS1B
QTUwREZENzIwODUiIC8+DQogICAgICAgICAgICA8ZXh0OmNvZGUgY29kZT0iODA1MjIwMDAiIGNv
ZGVTeXN0ZW09IjIuMTYuODQwLjEuMTEzODgzLjYuOTYiIGNvZGVTeXN0ZW1OYW1lPSJTTk9NRUQt
Q1QiIGNvZGVTeXN0ZW1WZXJzaW9uPSIyMDA5MDczMSIgZGlzcGxheU5hbWU9IlJlaGFiaWxpdGF0
aW9uIGhvc2lwaXRhbCIgLz4NCiAgICAgICAgICAgIDxhZGRyIHVzZT0iV1AiPg0KICAgICAgICAg
ICAgICAgIDxzdHJlZXRBZGRyZXNzTGluZT45OSBSZWhhYiBSb2FkPC9zdHJlZXRBZGRyZXNzTGlu
ZT4NCiAgICAgICAgICAgICAgICA8Y2l0eT5OZWh0YXZpbGxlPC9jaXR5Pg0KICAgICAgICAgICAg
ICAgIDxzdGF0ZT5RTEQ8L3N0YXRlPg0KICAgICAgICAgICAgICAgIDxwb3N0YWxDb2RlPjU1NTU8
L3Bvc3RhbENvZGU+DQogICAgICAgICAgICAgICAgPGFkZGl0aW9uYWxMb2NhdG9yPjMyNTY4OTMx
PC9hZGRpdGlvbmFsTG9jYXRvcj4NCiAgICAgICAgICAgICAgICA8Y291bnRyeT5BdXN0cmFsaWE8
L2NvdW50cnk+DQogICAgICAgICAgICA8L2FkZHI+DQogICAgICAgICAgICA8dGVsZWNvbSB1c2U9
IldQIiB2YWx1ZT0idGVsOjA3MTIzNDE5OTkiIC8+DQogICAgICAgICAgICA8cmVjZWl2ZWRPcmdh
bml6YXRpb24+DQogICAgICAgICAgICAgICAgPG5hbWUgdXNlPSJMIj5Gb290IFJlaGFiIERlcGFy
dG1lbnQgDQogICAgICAgICAgICAgICAgICAgIDx2YWxpZFRpbWU+DQogICAgICAgICAgICAgICAg
ICAgICAgICA8bG93IHZhbHVlPSIxOTk1MDEwMSIgLz4NCiAgICAgICAgICAgICAgICAgICAgPC92
YWxpZFRpbWU+DQogICAgICAgICAgICAgICAgPC9uYW1lPg0KICAgICAgICAgICAgICAgIDxhc09y
Z2FuaXphdGlvblBhcnRPZj4NCg0KCQkJCQk8IS0tIElEIGlzIHVzZWQgZm9yIHN5c3RlbSBwdXJw
b3NlcyBzdWNoIGFzIG1hdGNoaW5nIC0tPg0KICAgICAgICAgICAgICAgICAgICA8aWQgcm9vdD0i
OUJFODU3N0UtMENEMC0xMUUwLThEMTktQUI1MERGRDcyMDg1IiAvPg0KICAgICAgICAgICAgICAg
ICAgICA8d2hvbGVPcmdhbml6YXRpb24+DQogICAgICAgICAgICAgICAgICAgICAgICA8bmFtZSB1
c2U9IkwiPlJlaGFiIENsaW5pYyBOYW1lPC9uYW1lPg0KDQoJCQkJCQk8IS0tIEVudGl0eSBJZGVu
dGlmaWVyIC0tPg0KICAgICAgICAgICAgICAgICAgICAgICAgPGV4dDphc0VudGl0eUlkZW50aWZp
ZXIgY2xhc3NDb2RlPSJJREVOVCI+DQogICAgICAgICAgICAgICAgICAgICAgICAgICAgPGV4dDpp
ZCBhc3NpZ25pbmdBdXRob3JpdHlOYW1lPSJIUEktTyIgcm9vdD0iMS4yLjM2LjEuMjAwMS4xMDAz
LjAuODAwMzYyMTc0NDE2Nzg4OCIgLz4NCiAgICAgICAgICAgICAgICAgICAgICAgICAgICA8ZXh0
OmFzc2lnbmluZ0dlb2dyYXBoaWNBcmVhIGNsYXNzQ29kZT0iUExDIj4NCiAgICAgICAgICAgICAg
ICAgICAgICAgICAgICAgICAgPGV4dDpuYW1lPk5hdGlvbmFsIElkZW50aWZpZXI8L2V4dDpuYW1l
Pg0KICAgICAgICAgICAgICAgICAgICAgICAgICAgIDwvZXh0OmFzc2lnbmluZ0dlb2dyYXBoaWNB
cmVhPg0KICAgICAgICAgICAgICAgICAgICAgICAgPC9leHQ6YXNFbnRpdHlJZGVudGlmaWVyPg0K
DQogICAgICAgICAgICAgICAgICAgIDwvd2hvbGVPcmdhbml6YXRpb24+DQogICAgICAgICAgICAg
ICAgPC9hc09yZ2FuaXphdGlvblBhcnRPZj4NCiAgICAgICAgICAgIDwvcmVjZWl2ZWRPcmdhbml6
YXRpb24+DQogICAgICAgIDwvaW50ZW5kZWRSZWNpcGllbnQ+DQogICAgPC9pbmZvcm1hdGlvblJl
Y2lwaWVudD4NCgk8IS0tIEVuZCBEb2N1bWVudCBSZWNpcGllbnQgRGV0YWlsIChPcmdhbmlzYXRp
b24pIC0tPg0KDQoJPCEtLSBCZWdpbiBBdXRoZW50aWNhdG9yIC0tPg0KICAgIDxsZWdhbEF1dGhl
bnRpY2F0b3I+DQoNCgkJPCEtLSBEYXRlVGltZSBBdHRlc3RlZCAtLT4NCiAgICAgICAgPHRpbWUg
dmFsdWU9IjIwMDkxMDIwMTIzNSIgLz4NCiAgICAgICAgPHNpZ25hdHVyZUNvZGUgY29kZT0iUyIg
Lz4NCiAgICAgICAgPGFzc2lnbmVkRW50aXR5Pg0KDQoJCQk8IS0tIElEIGlzIHVzZWQgZm9yIHN5
c3RlbSBwdXJwb3NlcyBzdWNoIGFzIG1hdGNoaW5nIC0tPg0KICAgICAgICAgICAgPGlkIHJvb3Q9
IkI4RTcxQUMyLTBDRDAtMTFFMC04NzQ2LUNFNTBERkQ3MjA4NSIgLz4NCiAgICAgICAgICAgIDxj
b2RlIGNvZGU9IkFUIiBjb2RlU3lzdGVtPSIyLjE2Ljg0MC4xLjExMzg4My4xMi40NDMiIGNvZGVT
eXN0ZW1OYW1lPSJITDcgUHJvdmlkZXIgUm9sZSIgZGlzcGxheU5hbWU9IkF0dGVuZGluZyIgLz4N
CiAgICAgICAgICAgIDxhZGRyIHVzZT0iSCI+DQogICAgICAgICAgICAgICAgPHN0cmVldEFkZHJl
c3NMaW5lPjEgQ2xpbmljaWFuIFN0cmVldDwvc3RyZWV0QWRkcmVzc0xpbmU+DQogICAgICAgICAg
ICAgICAgPGNpdHk+TmVodGF2aWxsZTwvY2l0eT4NCiAgICAgICAgICAgICAgICA8c3RhdGU+UUxE
PC9zdGF0ZT4NCiAgICAgICAgICAgICAgICA8cG9zdGFsQ29kZT41NTU1PC9wb3N0YWxDb2RlPg0K
ICAgICAgICAgICAgICAgIDxhZGRpdGlvbmFsTG9jYXRvcj4zMjU2ODkzMTwvYWRkaXRpb25hbExv
Y2F0b3I+DQogICAgICAgICAgICAgICAgPGNvdW50cnk+QXVzdHJhbGlhPC9jb3VudHJ5Pg0KICAg
ICAgICAgICAgPC9hZGRyPg0KICAgICAgICAgICAgPHRlbGVjb20gdXNlPSJXUCIgdmFsdWU9InRl
bDowNzEyMzQxMjM0IiAvPg0KICAgICAgICAgICAgPGFzc2lnbmVkUGVyc29uPg0KDQoJCQkJPCEt
LSBQZXJzb24gTmFtZSAtLT4NCiAgICAgICAgICAgICAgICA8bmFtZT4NCiAgICAgICAgICAgICAg
ICAgICAgPHByZWZpeD5Eci48L3ByZWZpeD4NCiAgICAgICAgICAgICAgICAgICAgPGdpdmVuPkdv
b2Q8L2dpdmVuPg0KICAgICAgICAgICAgICAgICAgICA8ZmFtaWx5PkRvY3RvcjwvZmFtaWx5Pg0K
ICAgICAgICAgICAgICAgIDwvbmFtZT4NCg0KCQkJCTwhLS0gU2V4IC0tPg0KICAgICAgICAgICAg
ICAgIDxleHQ6YWRtaW5pc3RyYXRpdmVHZW5kZXJDb2RlIGNvZGU9Ik0iIGNvZGVTeXN0ZW09IjIu
MTYuODQwLjEuMTEzODgzLjEzLjY4IiBjb2RlU3lzdGVtTmFtZT0iQVMgNTAxNy0yMDA2IEhlYWx0
aCBDYXJlIENsaWVudCBJZGVudGlmaWVyIFNleCIgLz4NCg0KCQkJCTwhLS0gRGF0ZSBvZiBCaXJ0
aCAtLT4NCiAgICAgICAgICAgICAgICA8ZXh0OmJpcnRoVGltZSB2YWx1ZT0iMTk3ODA2MDciIC8+
DQoNCgkJCQk8IS0tIEVudGl0eSBJZGVudGlmaWVyIC0tPg0KICAgICAgICAgICAgICAgIDxleHQ6
YXNFbnRpdHlJZGVudGlmaWVyIGNsYXNzQ29kZT0iSURFTlQiPg0KICAgICAgICAgICAgICAgICAg
ICA8ZXh0OmlkIGFzc2lnbmluZ0F1dGhvcml0eU5hbWU9IkhQSS1JIiByb290PSIxLjIuMzYuMS4y
MDAxLjEwMDMuMC44MTEzNjExMjM0NTY3ODkwIiAvPg0KICAgICAgICAgICAgICAgICAgICA8ZXh0
OmFzc2lnbmluZ0dlb2dyYXBoaWNBcmVhIGNsYXNzQ29kZT0iUExDIj4NCiAgICAgICAgICAgICAg
ICAgICAgICAgIDxleHQ6bmFtZT5OYXRpb25hbCBJZGVudGlmaWVyPC9leHQ6bmFtZT4NCiAgICAg
ICAgICAgICAgICAgICAgPC9leHQ6YXNzaWduaW5nR2VvZ3JhcGhpY0FyZWE+DQogICAgICAgICAg
ICAgICAgPC9leHQ6YXNFbnRpdHlJZGVudGlmaWVyPg0KDQogICAgICAgICAgICA8L2Fzc2lnbmVk
UGVyc29uPg0KDQogICAgICAgICAgICA8cmVwcmVzZW50ZWRPcmdhbml6YXRpb24+DQogICAgICAg
ICAgICAgICAgPG5hbWU+T3ogSGVhbHRoIENsaW5pYzwvbmFtZT4NCg0KCQkJCTwhLS0gRW50aXR5
IElkZW50aWZpZXIgLS0+DQogICAgICAgICAgICAgICAgPGV4dDphc0VudGl0eUlkZW50aWZpZXIg
Y2xhc3NDb2RlPSJJREVOVCI+DQogICAgICAgICAgICAgICAgICAgIDxleHQ6aWQgYXNzaWduaW5n
QXV0aG9yaXR5TmFtZT0iSFBJLU8iIHJvb3Q9IjEuMi4zNi4xLjIwMDEuMTAwMy4wLjgyMjM2MjE3
NzExNjc4ODgiIC8+DQogICAgICAgICAgICAgICAgICAgIDxleHQ6YXNzaWduaW5nR2VvZ3JhcGhp
Y0FyZWEgY2xhc3NDb2RlPSJQTEMiPg0KICAgICAgICAgICAgICAgICAgICAgICAgPGV4dDpuYW1l
Pk5hdGlvbmFsIElkZW50aWZpZXI8L2V4dDpuYW1lPg0KICAgICAgICAgICAgICAgICAgICA8L2V4
dDphc3NpZ25pbmdHZW9ncmFwaGljQXJlYT4NCiAgICAgICAgICAgICAgICA8L2V4dDphc0VudGl0
eUlkZW50aWZpZXI+DQoNCiAgICAgICAgICAgIDwvcmVwcmVzZW50ZWRPcmdhbml6YXRpb24+DQog
ICAgICAgIDwvYXNzaWduZWRFbnRpdHk+DQogICAgPC9sZWdhbEF1dGhlbnRpY2F0b3I+DQoJPCEt
LSBFbmQgQXV0aGVudGljYXRvciAtLT4NCg0KCTwhLS0gQmVnaW4gRW5jb3VudGVyIChoZWFkZXIg
cGFydCkgLS0+DQogICAgPGNvbXBvbmVudE9mPg0KICAgICAgICA8ZW5jb21wYXNzaW5nRW5jb3Vu
dGVyPg0KDQoJCQk8IS0tIFRoaXMgaXMgYSBtYW5kYXRvcnkgZWxlbWVudCAtLT4NCiAgICAgICAg
ICAgIDxlZmZlY3RpdmVUaW1lIG51bGxGbGF2b3I9Ik5BIiAvPg0KDQogICAgICAgIDwvZW5jb21w
YXNzaW5nRW5jb3VudGVyPg0KICAgIDwvY29tcG9uZW50T2Y+DQoJPCEtLSBFbmQgRW5jb3VudGVy
IChoZWFkZXIgcGFydCkgLS0+DQoJPCEtLSBFbmQgQ0RBIEhlYWRlciAtLT4NCg0KCTwhLS0gQmVn
aW4gQ0RBIEJvZHkgLS0+DQogICAgPGNvbXBvbmVudD4NCiAgICAgICAgPHN0cnVjdHVyZWRCb2R5
Pg0KDQoJCQk8IS0tIFJldmlld2VkIEFkdmVyc2UgU3Vic3RhbmNlIFJlYWN0aW9ucyAtLT4NCiAg
ICAgICAgICAgIDxjb21wb25lbnQ+DQogICAgICAgICAgICAgICAgPHNlY3Rpb24+DQogICAgICAg
ICAgICAgICAgICAgIDxjb2RlIGNvZGU9IjEwMS4yMDExMyIgY29kZVN5c3RlbT0iMS4yLjM2LjEu
MjAwMS4xMDAxLjEwMSIgY29kZVN5c3RlbU5hbWU9Ik5DVElTIERhdGEgQ29tcG9uZW50cyIgZGlz
cGxheU5hbWU9IlJldmlld2VkIEFkdmVyc2UgU3Vic3RhbmNlIFJlYWN0aW9ucyIgLz4NCiAgICAg
ICAgICAgICAgICAgICAgPHRpdGxlPlJldmlld2VkIEFkdmVyc2UgU3Vic3RhbmNlIFJlYWN0aW9u
czwvdGl0bGU+DQogICAgICAgICAgICAgICAgICAgIDx0ZXh0PlJldmlld2VkIEFkdmVyc2UgU3Vi
c3RhbmNlIFJlYWN0aW9ucyBuYXJyYXRpdmUgZ29lcyBoZXJlLjwvdGV4dD4NCg0KCQkJCQk8IS0t
IEFkdmVyc2UgU3Vic3RhbmNlIFJlYWN0aW9uIFJldmlldyAtLT4NCiAgICAgICAgICAgICAgICAg
ICAgPGVudHJ5Pg0KICAgICAgICAgICAgICAgICAgICAgICAgPGFjdCBjbGFzc0NvZGU9IkFDVCIg
bW9vZENvZGU9IkVWTiI+DQogICAgICAgICAgICAgICAgICAgICAgICAgICAgPGNvZGUgY29kZT0i
MTAyLjE2NTc2IiBjb2RlU3lzdGVtPSIxLjIuMzYuMS4yMDAxLjEwMDEuMTAxIiBjb2RlU3lzdGVt
TmFtZT0iTkNUSVMgRGF0YSBDb21wb25lbnRzIiBkaXNwbGF5TmFtZT0iQWR2ZXJzZSBTdWJzdGFu
Y2UgUmVhY3Rpb25zIFJldmlldyIgLz4NCgkJCQkJCQk8IS0tIFJlY29yZCBSZXZpZXcgRGF0ZVRp
bWUgLS0+DQogICAgICAgICAgICAgICAgICAgICAgICAgICAgPGVmZmVjdGl2ZVRpbWUgdmFsdWU9
IjIwMTAxMjI1IiAvPg0KICAgICAgICAgICAgICAgICAgICAgICAgPC9hY3Q+DQogICAgICAgICAg
ICAgICAgICAgIDwvZW50cnk+DQoJCQkJCTwhLS0gRW5kIEFkdmVyc2UgU3Vic3RhbmNlIFJlYWN0
aW9uIFJldmlldyAtLT4NCg0KCQkJCQk8IS0tIEFkdmVyc2UgU3Vic3RhbmNlIFJlYWN0aW9uIC0t
Pg0KICAgICAgICAgICAgICAgICAgICA8ZW50cnk+DQogICAgICAgICAgICAgICAgICAgICAgICA8
YWN0IGNsYXNzQ29kZT0iQUNUIiBtb29kQ29kZT0iRVZOIj4NCiAgICAgICAgICAgICAgICAgICAg
ICAgICAgICA8Y29kZSBjb2RlPSIxMDIuMTY0NzMiIGNvZGVTeXN0ZW09IjEuMi4zNi4xLjIwMDEu
MTAwMS4xMDEiIGNvZGVTeXN0ZW1OYW1lPSJOQ1RJUyBEYXRhIENvbXBvbmVudHMiIGRpc3BsYXlO
YW1lPSJBZHZlcnNlIFN1YnN0YW5jZSBSZWFjdGlvbiIgLz4NCgkJCQkJCQk8IS0tIFN1YnN0YW5j
ZS9BZ2VudCAtLT4NCiAgICAgICAgICAgICAgICAgICAgICAgICAgICA8cGFydGljaXBhbnQgdHlw
ZUNvZGU9IkNBR05UIj4NCiAgICAgICAgICAgICAgICAgICAgICAgICAgICAgICAgPHBhcnRpY2lw
YW50Um9sZT4NCiAgICAgICAgICAgICAgICAgICAgICAgICAgICAgICAgICAgIDxwbGF5aW5nRW50
aXR5Pg0KICAgICAgICAgICAgICAgICAgICAgICAgICAgICAgICAgICAgICAgIDxjb2RlIGNvZGU9
IjkwNTgwMDA4IiBjb2RlU3lzdGVtPSIyLjE2Ljg0MC4xLjExMzg4My42Ljk2IiBjb2RlU3lzdGVt
TmFtZT0iU05PTUVELUNUIiBkaXNwbGF5TmFtZT0iZmlzaCIgLz4NCiAgICAgICAgICAgICAgICAg
ICAgICAgICAgICAgICAgICAgIDwvcGxheWluZ0VudGl0eT4NCiAgICAgICAgICAgICAgICAgICAg
ICAgICAgICAgICAgPC9wYXJ0aWNpcGFudFJvbGU+DQogICAgICAgICAgICAgICAgICAgICAgICAg
ICAgPC9wYXJ0aWNpcGFudD4NCg0KCQkJCQkJCTwhLS0gUmVhY3Rpb24gRXZlbnQgLS0+DQogICAg
ICAgICAgICAgICAgICAgICAgICAgICAgPGVudHJ5UmVsYXRpb25zaGlwIHR5cGVDb2RlPSJDQVVT
Ij4NCiAgICAgICAgICAgICAgICAgICAgICAgICAgICAgICAgPG9ic2VydmF0aW9uIGNsYXNzQ29k
ZT0iT0JTIiBtb29kQ29kZT0iRVZOIj4NCiAgICAgICAgICAgICAgICAgICAgICAgICAgICAgICAg
ICAgIDxjb2RlIGNvZGU9IjEwMi4xNjQ3NCIgY29kZVN5c3RlbT0iMS4yLjM2LjEuMjAwMS4xMDAx
LjEwMSIgY29kZVN5c3RlbU5hbWU9Ik5DVElTIERhdGEgQ29tcG9uZW50cyIgZGlzcGxheU5hbWU9
IlJlYWN0aW9uIEV2ZW50IiAvPg0KDQoJCQkJCQkJCQk8IS0tIE1hbmlmZXN0YXRpb24gLS0+DQog
ICAgICAgICAgICAgICAgICAgICAgICAgICAgICAgICAgICA8ZW50cnlSZWxhdGlvbnNoaXAgdHlw
ZUNvZGU9Ik1GU1QiPg0KICAgICAgICAgICAgICAgICAgICAgICAgICAgICAgICAgICAgICAgIDxv
YnNlcnZhdGlvbiBjbGFzc0NvZGU9Ik9CUyIgbW9vZENvZGU9IkVWTiIgbmVnYXRpb25JbmQ9InRy
dWUiPg0KICAgICAgICAgICAgICAgICAgICAgICAgICAgICAgICAgICAgICAgICAgICA8Y29kZSBj
b2RlPSIyNzE4MDcwMDMiIGNvZGVTeXN0ZW09IjIuMTYuODQwLjEuMTEzODgzLjYuOTYiIGNvZGVT
eXN0ZW1OYW1lPSJTTk9NRUQtQ1QiIGNvZGVTeXN0ZW1WZXJzaW9uPSIyMDA5MDczMSIgZGlzcGxh
eU5hbWU9InNraW4gcmFzaCIgLz4NCiAgICAgICAgICAgICAgICAgICAgICAgICAgICAgICAgICAg
ICAgICAgICAgPHRleHQ+U2tpbiBSYXNoLjwvdGV4dD4NCiAgICAgICAgICAgICAgICAgICAgICAg
ICAgICAgICAgICAgICAgICA8L29ic2VydmF0aW9uPg0KDQogICAgICAgICAgICAgICAgICAgICAg
ICAgICAgICAgICAgICA8L2VudHJ5UmVsYXRpb25zaGlwPg0KICAgICAgICAgICAgICAgICAgICAg
ICAgICAgICAgICA8L29ic2VydmF0aW9uPg0KICAgICAgICAgICAgICAgICAgICAgICAgICAgIDwv
ZW50cnlSZWxhdGlvbnNoaXA+DQoJCQkJCQkJPCEtLSBFbmQgUmVhY3Rpb24gRXZlbnQgLS0+DQoN
CiAgICAgICAgICAgICAgICAgICAgICAgIDwvYWN0Pg0KICAgICAgICAgICAgICAgICAgICA8L2Vu
dHJ5Pg0KCQkJCQk8IS0tIEVuZCBBZHZlcnNlIFN1YnN0YW5jZSBSZWFjdGlvbiAtLT4NCg0KCQkJ
CQk8IS0tIEV4Y2x1c2lvbiBTdGF0ZW1lbnQgLSBBZHZlcnNlIFN1YnN0YW5jZSBSZWFjdGlvbiAt
LT4NCiAgICAgICAgICAgICAgICAgICAgPGVudHJ5Pg0KICAgICAgICAgICAgICAgICAgICAgICAg
PG9ic2VydmF0aW9uIGNsYXNzQ29kZT0iT0JTIiBtb29kQ29kZT0iRVZOIj4NCiAgICAgICAgICAg
ICAgICAgICAgICAgICAgICA8Y29kZSBjb2RlPSIxMDMuMTYzMDIiIGNvZGVTeXN0ZW09IjEuMi4z
Ni4xLjIwMDEuMTAwMS4xMDEiIGNvZGVTeXN0ZW1OYW1lPSJOQ1RJUyBEYXRhIENvbXBvbmVudHMi
IGRpc3BsYXlOYW1lPSJHbG9iYWwgU3RhdGVtZW50IiAvPg0KICAgICAgICAgICAgICAgICAgICAg
ICAgICAgIDx2YWx1ZSBjb2RlPSIwMiIgY29kZVN5c3RlbT0iMS4yLjM2LjEuMjAwMS4xMDAxLjEw
MS4xMDQuMTYyOTkiIGNvZGVTeXN0ZW1OYW1lPSJOQ1RJUyBHbG9iYWwgU3RhdGVtZW50IFZhbHVl
cyIgZGlzcGxheU5hbWU9Ik5vdCBhc2tlZCIgeHNpOnR5cGU9IkNEIiAvPg0KICAgICAgICAgICAg
ICAgICAgICAgICAgPC9vYnNlcnZhdGlvbj4NCiAgICAgICAgICAgICAgICAgICAgPC9lbnRyeT4N
CgkJCQkJPCEtLSBFbmQgRXhjbHVzaW9uIFN0YXRlbWVudCAtIEFkdmVyc2UgU3Vic3RhbmNlIFJl
YWN0aW9uIC0tPg0KDQogICAgICAgICAgICAgICAgPC9zZWN0aW9uPg0KICAgICAgICAgICAgPC9j
b21wb25lbnQ+DQoJCQk8IS0tIEVuZCBSZXZpZXdlZCBBZHZlcnNlIFN1YnN0YW5jZSBSZWFjdGlv
bnMgLS0+DQoNCgkJCTwhLS0gUmV2aWV3ZWQgTWVkaWNhdGlvbnMgLS0+DQogICAgICAgICAgICA8
Y29tcG9uZW50Pg0KICAgICAgICAgICAgICAgIDxzZWN0aW9uPg0KICAgICAgICAgICAgICAgICAg
ICA8Y29kZSBjb2RlPSIxMDEuMTYwMjIiIGNvZGVTeXN0ZW09IjEuMi4zNi4xLjIwMDEuMTAwMS4x
MDEiIGNvZGVTeXN0ZW1OYW1lPSJOQ1RJUyBEYXRhIENvbXBvbmVudHMiIGRpc3BsYXlOYW1lPSJS
ZXZpZXdlZCBNZWRpY2F0aW9ucyIgLz4NCiAgICAgICAgICAgICAgICAgICAgPHRpdGxlPlJldmll
d2VkIE1lZGljYXRpb25zPC90aXRsZT4NCiAgICAgICAgICAgICAgICAgICAgPHRleHQ+UmV2aWV3
ZWQgTWVkaWNhdGlvbnMgbmFycmF0aXZlIGdvZXMgaGVyZS48L3RleHQ+DQoNCgkJCQkJPCEtLSBN
ZWRpY2F0aW9ucyBSZXZpZXcgLS0+DQogICAgICAgICAgICAgICAgICAgIDxlbnRyeT4NCiAgICAg
ICAgICAgICAgICAgICAgICAgIDxhY3QgY2xhc3NDb2RlPSJBQ1QiIG1vb2RDb2RlPSJFVk4iPg0K
ICAgICAgICAgICAgICAgICAgICAgICAgICAgIDxjb2RlIGNvZGU9IjEwMi4xNjU3NiIgY29kZVN5
c3RlbT0iMS4yLjM2LjEuMjAwMS4xMDAxLjEwMSIgY29kZVN5c3RlbU5hbWU9Ik5DVElTIERhdGEg
Q29tcG9uZW50cyIgZGlzcGxheU5hbWU9Ik1lZGljYXRpb25zIFJldmlldyIgLz4NCiAgICAgICAg
ICAgICAgICAgICAgICAgICAgICA8ZWZmZWN0aXZlVGltZSB2YWx1ZT0iMjAxMDEyMjUiIC8+DQog
ICAgICAgICAgICAgICAgICAgICAgICA8L2FjdD4NCiAgICAgICAgICAgICAgICAgICAgPC9lbnRy
eT4NCgkJCQkJPCEtLSBFbmQgTWVkaWNhdGlvbnMgUmV2aWV3IC0tPg0KDQoJCQkJCTwhLS0gVXNl
ZCBNZWRpY2F0aW9ucyAtLT4NCiAgICAgICAgICAgICAgICAgICAgPGVudHJ5Pg0KICAgICAgICAg
ICAgICAgICAgICAgICAgPHN1YnN0YW5jZUFkbWluaXN0cmF0aW9uIGNsYXNzQ29kZT0iU0JBRE0i
IG1vb2RDb2RlPSJFVk4iPg0KICAgICAgICAgICAgICAgICAgICAgICAgICAgIDxpZCByb290PSJD
NTdBOUYzMi03NTRCLTExRTAtQTdFMC01OTlGNDgyNDAxOUIiIC8+DQoJCQkJCQkJPCEtLSBEaXJl
Y3Rpb25zIC0tPg0KICAgICAgICAgICAgICAgICAgICAgICAgICAgIDx0ZXh0IHhzaTp0eXBlPSJT
VCI+MiB0YWJsZXRzIGRhaWx5IGFmdGVyIGJyZWFrZmFzdDwvdGV4dD4NCiAgICAgICAgICAgICAg
ICAgICAgICAgICAgICA8Y29uc3VtYWJsZT4NCiAgICAgICAgICAgICAgICAgICAgICAgICAgICAg
ICAgPG1hbnVmYWN0dXJlZFByb2R1Y3Q+DQogICAgICAgICAgICAgICAgICAgICAgICAgICAgICAg
ICAgICA8bWFudWZhY3R1cmVkTWF0ZXJpYWw+DQoJCQkJCQkJCQkJPCEtLSBUaGVyYXBldXRpYyBH
b29kIElkZW50aWZpY2F0aW9uIC0tPg0KICAgICAgICAgICAgICAgICAgICAgICAgICAgICAgICAg
ICAgICAgIDxjb2RlIGNvZGU9IjIzNjQxMDExMDAwMDM2MTAyIiBjb2RlU3lzdGVtPSIxLjIuMzYu
MS4yMDAxLjEwMDQuMTAwIiBjb2RlU3lzdGVtTmFtZT0iQXVzdHJhbGlhbiBNZWRpY2luY2VzIFRl
cm1pbm9sb2d5IChBTVQpIg0KCQkJCQkJCQkJCQlkaXNwbGF5TmFtZT0icGFyYWNldGFtb2wgNTAw
IG1nICsgY29kZWluZSBwaG9zcGhhdGUgMzAgbWcgdGFibGV0IiAvPg0KICAgICAgICAgICAgICAg
ICAgICAgICAgICAgICAgICAgICAgPC9tYW51ZmFjdHVyZWRNYXRlcmlhbD4NCiAgICAgICAgICAg
ICAgICAgICAgICAgICAgICAgICAgPC9tYW51ZmFjdHVyZWRQcm9kdWN0Pg0KICAgICAgICAgICAg
ICAgICAgICAgICAgICAgIDwvY29uc3VtYWJsZT4NCg0KCQkJCQkJCTwhLS0gQ2xpbmljYWwgSW5k
aWNhdGlvbiAtLT4NCiAgICAgICAgICAgICAgICAgICAgICAgICAgICA8ZW50cnlSZWxhdGlvbnNo
aXAgdHlwZUNvZGU9IlJTT04iPg0KICAgICAgICAgICAgICAgICAgICAgICAgICAgICAgICA8YWN0
IGNsYXNzQ29kZT0iSU5GUk0iIG1vb2RDb2RlPSJFVk4iPg0KICAgICAgICAgICAgICAgICAgICAg
ICAgICAgICAgICAgICAgPGlkIHJvb3Q9IjM2MUI2RUY2LTc1NEMtMTFFMC1BM0MzLUQxOUY0ODI0
MDE5QiIgLz4NCiAgICAgICAgICAgICAgICAgICAgICAgICAgICAgICAgICAgIDxjb2RlIGNvZGU9
IjEwMy4xMDE0MSIgY29kZVN5c3RlbT0iMS4yLjM2LjEuMjAwMS4xMDAxLjEwMSIgY29kZVN5c3Rl
bU5hbWU9Ik5DVElTIERhdGEgQ29tcG9uZW50cyIgZGlzcGxheU5hbWU9IkNsaW5pY2FsIEluZGlj
YXRpb24iIC8+DQogICAgICAgICAgICAgICAgICAgICAgICAgICAgICAgICAgICA8dGV4dCB4c2k6
dHlwZT0iU1QiPlBhaW4gY29udHJvbC48L3RleHQ+DQogICAgICAgICAgICAgICAgICAgICAgICAg
ICAgICAgIDwvYWN0Pg0KICAgICAgICAgICAgICAgICAgICAgICAgICAgIDwvZW50cnlSZWxhdGlv
bnNoaXA+DQoJCQkJCQkJPCEtLSBFbmQgQ2xpbmljYWwgSW5kaWNhdGlvbiAtLT4NCg0KCQkJCQkJ
CTwhLS0gQ29tbWVudCAtLT4NCiAgICAgICAgICAgICAgICAgICAgICAgICAgICA8ZW50cnlSZWxh
dGlvbnNoaXAgdHlwZUNvZGU9IkNPTVAiPg0KICAgICAgICAgICAgICAgICAgICAgICAgICAgICAg
ICA8YWN0IGNsYXNzQ29kZT0iSU5GUk0iIG1vb2RDb2RlPSJFVk4iPg0KICAgICAgICAgICAgICAg
ICAgICAgICAgICAgICAgICAgICAgPGlkIHJvb3Q9IjM2MUI2RUY2LTc1NEMtMTFFMC1BM0MzLUQx
OUY0ODI0MDE5QiIgLz4NCiAgICAgICAgICAgICAgICAgICAgICAgICAgICAgICAgICAgIDxjb2Rl
IGNvZGU9IjEwMy4xNjA0NCIgY29kZVN5c3RlbT0iMS4yLjM2LjEuMjAwMS4xMDAxLjEwMSIgY29k
ZVN5c3RlbU5hbWU9Ik5DVElTIERhdGEgQ29tcG9uZW50cyIgZGlzcGxheU5hbWU9IkFkZGl0aW9u
YWwgQ29tbWVudHMiIC8+DQogICAgICAgICAgICAgICAgICAgICAgICAgICAgICAgICAgICA8dGV4
dCB4c2k6dHlwZT0iU1QiPkRvc2FnZSB0byBiZSByZXZpZXdlZCBpbiAxMCBkYXlzLjwvdGV4dD4N
CiAgICAgICAgICAgICAgICAgICAgICAgICAgICAgICAgPC9hY3Q+DQogICAgICAgICAgICAgICAg
ICAgICAgICAgICAgPC9lbnRyeVJlbGF0aW9uc2hpcD4NCgkJCQkJCQk8IS0tIEVuZCBDb21tZW50
IC0tPg0KDQogICAgICAgICAgICAgICAgICAgICAgICA8L3N1YnN0YW5jZUFkbWluaXN0cmF0aW9u
Pg0KICAgICAgICAgICAgICAgICAgICA8L2VudHJ5Pg0KCQkJCQk8IS0tIEVuZCBVc2VkIE1lZGlj
YXRpb25zIC0tPg0KDQoJCQkJCTwhLS0gRXhjbHVzaW9uIFN0YXRlbWVudCAtIE1lZGljYXRpb25z
IC0tPg0KICAgICAgICAgICAgICAgICAgICA8ZW50cnk+DQogICAgICAgICAgICAgICAgICAgICAg
ICA8b2JzZXJ2YXRpb24gY2xhc3NDb2RlPSJPQlMiIG1vb2RDb2RlPSJFVk4iPg0KICAgICAgICAg
ICAgICAgICAgICAgICAgICAgIDxjb2RlIGNvZGU9IjEwMy4xNjMwMiIgY29kZVN5c3RlbT0iMS4y
LjM2LjEuMjAwMS4xMDAxLjEwMSIgY29kZVN5c3RlbU5hbWU9Ik5DVElTIERhdGEgQ29tcG9uZW50
cyIgZGlzcGxheU5hbWU9Ikdsb2JhbCBTdGF0ZW1lbnQiIC8+DQogICAgICAgICAgICAgICAgICAg
ICAgICAgICAgPHZhbHVlIGNvZGU9IjExIiBjb2RlU3lzdGVtPSIxLjIuMzYuMS4yMDAxLjEwMDEu
MTAxLjEwNC4xNjI5OSIgY29kZVN5c3RlbU5hbWU9Ik5DVElTIEdsb2JhbCBTdGF0ZW1lbnQgVmFs
dWVzIiBkaXNwbGF5TmFtZT0iTm9uZSBrbm93biIgeHNpOnR5cGU9IkNEIiAvPg0KICAgICAgICAg
ICAgICAgICAgICAgICAgPC9vYnNlcnZhdGlvbj4NCiAgICAgICAgICAgICAgICAgICAgPC9lbnRy
eT4NCgkJCQkJPCEtLSBFeGNsdXNpb24gU3RhdGVtZW50IC0gTWVkaWNhdGlvbnMgLS0+DQoNCiAg
ICAgICAgICAgICAgICA8L3NlY3Rpb24+DQogICAgICAgICAgICA8L2NvbXBvbmVudD4NCgkJCTwh
LS0gRW5kIFJldmlld2VkIE1lZGljYXRpb25zIC0tPg0KDQoJCQk8IS0tIFN0YXJ0IFJldmlld2Vk
IE1lZGljYWwgSGlzdG9yeSAtLT4NCiAgICAgICAgICAgIDxjb21wb25lbnQ+DQogICAgICAgICAg
ICAgICAgPHNlY3Rpb24+DQogICAgICAgICAgICAgICAgICAgIDxjb2RlIGNvZGU9IjEwMS4yMTAw
MyIgY29kZVN5c3RlbT0iMS4yLjM2LjEuMjAwMS4xMDAxLjEwMSIgY29kZVN5c3RlbU5hbWU9Ik5D
VElTIERhdGEgQ29tcG9uZW50cyIgZGlzcGxheU5hbWU9IlJldmlld2VkIE1lZGljYWwgSGlzdG9y
eSIgLz4NCiAgICAgICAgICAgICAgICAgICAgPHRpdGxlPlJldmlld2VkIE1lZGljYWwgaGlzdG9y
eTwvdGl0bGU+DQogICAgICAgICAgICAgICAgICAgIDx0ZXh0PlJldmlld2VkIE1lZGljYWwgaGlz
dG9yeSBuYXJyYXRpdmUgZ29lcyBoZXJlLjwvdGV4dD4NCg0KCQkJCQk8IS0tIE1lZGljYWwgSGlz
dG9yeSBSZXZpZXcgLS0+DQogICAgICAgICAgICAgICAgICAgIDxlbnRyeT4NCiAgICAgICAgICAg
ICAgICAgICAgICAgIDxhY3QgY2xhc3NDb2RlPSJBQ1QiIG1vb2RDb2RlPSJFVk4iPg0KICAgICAg
ICAgICAgICAgICAgICAgICAgICAgIDxjb2RlIGNvZGU9IjEwMi4xNjU3NiIgY29kZVN5c3RlbT0i
MS4yLjM2LjEuMjAwMS4xMDAxLjEwMSIgY29kZVN5c3RlbU5hbWU9Ik5DVElTIERhdGEgQ29tcG9u
ZW50cyIgZGlzcGxheU5hbWU9Ik1lZGljYWwgSGlzdG9yeSBSZXZpZXciIC8+DQogICAgICAgICAg
ICAgICAgICAgICAgICAgICAgPGVmZmVjdGl2ZVRpbWUgdmFsdWU9IjIwMTAxMjI1IiAvPg0KICAg
ICAgICAgICAgICAgICAgICAgICAgPC9hY3Q+DQogICAgICAgICAgICAgICAgICAgIDwvZW50cnk+
DQoJCQkJCTwhLS0gTWVkaWNhbCBIaXN0b3J5IFJldmlldyAtLT4NCg0KCQkJCQk8IS0tIFByb2Js
ZW0vRGlhZ25vc2lzIC0tPg0KICAgICAgICAgICAgICAgICAgICA8ZW50cnk+DQogICAgICAgICAg
ICAgICAgICAgICAgICA8b2JzZXJ2YXRpb24gY2xhc3NDb2RlPSJPQlMiIG1vb2RDb2RlPSJFVk4i
Pg0KICAgICAgICAgICAgICAgICAgICAgICAgICAgIDxpZCByb290PSI3NEQyOUM4OC03MDZFLTEx
RTAtOTcyNi01QUJFNDgyNDAxOUIiIC8+DQogICAgICAgICAgICAgICAgICAgICAgICAgICAgPGNv
ZGUgY29kZT0iMTAyLjE1NTMwIiBjb2RlU3lzdGVtPSIxLjIuMzYuMS4yMDAxLjEwMDEuMTAxIiBj
b2RlU3lzdGVtTmFtZT0iTkNUSVMgRGF0YSBDb21wb25lbnRzIiBkaXNwbGF5TmFtZT0iUHJvYmxl
bS9EaWFnbm9zaXMiIC8+DQoJCQkJCQkJPCEtLSBEYXRlIG9mIE9uc2V0IC0tPg0KICAgICAgICAg
ICAgICAgICAgICAgICAgICAgIDxlZmZlY3RpdmVUaW1lIHZhbHVlPSIyMDExMTEwNCIgLz4NCg0K
CQkJCQkJCTwhLS0gUHJvYmxlbS9EaWFnbm9zaXMgSWRlbnRpZmljYXRpb24gLS0+DQogICAgICAg
ICAgICAgICAgICAgICAgICAgICAgPHZhbHVlIGNvZGU9IjExNjIyMzAwNyIgY29kZVN5c3RlbT0i
Mi4xNi44NDAuMS4xMTM4ODMuNi45NiIgY29kZVN5c3RlbU5hbWU9IlNOT01FRC1DVCIgY29kZVN5
c3RlbVZlcnNpb249IjIwMDkwNzMxIiBkaXNwbGF5TmFtZT0iQ29tb3JiaWRpdHkiIHhzaTp0eXBl
PSJDRCIgLz4NCg0KCQkJCQkJCTwhLS0gRGF0ZSBvZiBSZXNvbHV0aW9uL1JlbWlzc2lvbiAtLT4N
CiAgICAgICAgICAgICAgICAgICAgICAgICAgICA8ZW50cnlSZWxhdGlvbnNoaXAgdHlwZUNvZGU9
IlNVQkoiPg0KICAgICAgICAgICAgICAgICAgICAgICAgICAgICAgICA8b2JzZXJ2YXRpb24gY2xh
c3NDb2RlPSJPQlMiIG1vb2RDb2RlPSJFVk4iPg0KICAgICAgICAgICAgICAgICAgICAgICAgICAg
ICAgICAgICAgPGlkIHJvb3Q9IjZBRDE5QkFFLTc1MjctMTFFMC04NTFFLTgyNzc0ODI0MDE5QiIg
Lz4NCiAgICAgICAgICAgICAgICAgICAgICAgICAgICAgICAgICAgIDxjb2RlIGNvZGU9IjEwMy4x
NTUxMCIgY29kZVN5c3RlbT0iMS4yLjM2LjEuMjAwMS4xMDAxLjEwMSIgY29kZVN5c3RlbU5hbWU9
Ik5DVElTIERhdGEgQ29tcG9uZW50cyIgZGlzcGxheU5hbWU9IkRhdGUgb2YgUmVzb2x1dGlvbi9S
ZW1pc3Npb24iIC8+DQogICAgICAgICAgICAgICAgICAgICAgICAgICAgICAgICAgICA8dmFsdWUg
dmFsdWU9IjIwMTEwNDI3IiB4c2k6dHlwZT0iSVZMX1RTIiAvPg0KICAgICAgICAgICAgICAgICAg
ICAgICAgICAgICAgICA8L29ic2VydmF0aW9uPg0KICAgICAgICAgICAgICAgICAgICAgICAgICAg
IDwvZW50cnlSZWxhdGlvbnNoaXA+DQoJCQkJCQkJPCEtLSBFbmQgRGF0ZSBvZiBSZXNvbHV0aW9u
L1JlbWlzc2lvbiAtLT4NCg0KCQkJCQkJCTwhLS0gUHJvYmxlbS9EaWFnbm9zaXMgQ29tbWVudCAt
LT4NCiAgICAgICAgICAgICAgICAgICAgICAgICAgICA8ZW50cnlSZWxhdGlvbnNoaXAgdHlwZUNv
ZGU9IkNPTVAiPg0KICAgICAgICAgICAgICAgICAgICAgICAgICAgICAgICA8YWN0IGNsYXNzQ29k
ZT0iSU5GUk0iIG1vb2RDb2RlPSJFVk4iPg0KICAgICAgICAgICAgICAgICAgICAgICAgICAgICAg
ICAgICAgPGNvZGUgY29kZT0iMTAzLjE2NTQ1IiBjb2RlU3lzdGVtPSIxLjIuMzYuMS4yMDAxLjEw
MDEuMTAxIiBjb2RlU3lzdGVtTmFtZT0iTkNUSVMgRGF0YSBDb21wb25lbnRzIiBkaXNwbGF5TmFt
ZT0iUHJvYmxlbS9EaWFnbm9zaXMgQ29tbWVudCIgLz4NCiAgICAgICAgICAgICAgICAgICAgICAg
ICAgICAgICAgICAgIDx0ZXh0IHhzaTp0eXBlPSJTVCI+UHJvYmxlbS9EaWFnbm9zaXMgQ29tbWVu
dCBDb21tZW50IGdvZXMgaGVyZS48L3RleHQ+DQogICAgICAgICAgICAgICAgICAgICAgICAgICAg
ICAgIDwvYWN0Pg0KICAgICAgICAgICAgICAgICAgICAgICAgICAgIDwvZW50cnlSZWxhdGlvbnNo
aXA+DQoJCQkJCQkJPCEtLSBFbmQgUHJvYmxlbS9EaWFnbm9zaXMgQ29tbWVudCAtLT4NCg0KICAg
ICAgICAgICAgICAgICAgICAgICAgPC9vYnNlcnZhdGlvbj4NCiAgICAgICAgICAgICAgICAgICAg
PC9lbnRyeT4NCgkJCQkJPCEtLSBFbmQgUHJvYmxlbS9EaWFnbm9zaXMgLS0+DQoNCgkJCQkJPCEt
LSBFeGNsdXNpb24gU3RhdGVtZW50IC0gUHJvYmxlbS9EaWFnbm9zZXMgLS0+DQoJCQkJCTwhLS0g
R2xvYmFsIFN0YXRlbWVudCAtLT4NCiAgICAgICAgICAgICAgICAgICAgPGVudHJ5Pg0KICAgICAg
ICAgICAgICAgICAgICAgICAgPG9ic2VydmF0aW9uIGNsYXNzQ29kZT0iT0JTIiBtb29kQ29kZT0i
RVZOIj4NCiAgICAgICAgICAgICAgICAgICAgICAgICAgICA8aWQgcm9vdD0iOUNCN0M1REMtNzUy
Ri0xMUUwLTlGRTItOTc4MDQ4MjQwMTlCIiAvPg0KICAgICAgICAgICAgICAgICAgICAgICAgICAg
IDxjb2RlIGNvZGU9IjEwMy4xNjMwMiIgY29kZVN5c3RlbT0iMS4yLjM2LjEuMjAwMS4xMDAxLjEw
MSIgY29kZVN5c3RlbU5hbWU9Ik5DVElTIERhdGEgQ29tcG9uZW50cyIgZGlzcGxheU5hbWU9Ikds
b2JhbCBTdGF0ZW1lbnQiIC8+DQogICAgICAgICAgICAgICAgICAgICAgICAgICAgPHZhbHVlIGNv
ZGU9IjEiIGNvZGVTeXN0ZW09IjEuMi4zNi4xLjIwMDEuMTAwMS4xMDEuMTA0LjE2Mjk5IiBjb2Rl
U3lzdGVtTmFtZT0iTkNUSVMgR2xvYmFsIFN0YXRlbWVudCBWYWx1ZXMiDQoJCQkJCQkJCWRpc3Bs
YXlOYW1lPSJObyBzaWduaWZpY2FudCBtZWRpY2FsIGhpc3Rvcnkgb2YgYW55IHByb2JsZW0gb3Ig
ZGlhZ25vc2lzIiB4c2k6dHlwZT0iQ0QiIC8+DQogICAgICAgICAgICAgICAgICAgICAgICA8L29i
c2VydmF0aW9uPg0KICAgICAgICAgICAgICAgICAgICA8L2VudHJ5Pg0KCQkJCQk8IS0tIEVuZCBF
eGNsdXNpb24gU3RhdGVtZW50IC0gUHJvYmxlbS9EaWFnbm9zZXMgLS0+DQoNCgkJCQkJPCEtLSBQ
cm9jZWR1cmUgLS0+DQogICAgICAgICAgICAgICAgICAgIDxlbnRyeT4NCiAgICAgICAgICAgICAg
ICAgICAgICAgIDxwcm9jZWR1cmUgY2xhc3NDb2RlPSJQUk9DIiBtb29kQ29kZT0iRVZOIj4NCiAg
ICAgICAgICAgICAgICAgICAgICAgICAgICA8aWQgcm9vdD0iQjk2QTM4QzYtNzA2Qy0xMUUwLUFE
MkUtNDJCQzQ4MjQwMTlCIiAvPg0KCQkJCQkJCTwhLS0gUHJvY2VkdXJlIE5hbWUgLS0+DQogICAg
ICAgICAgICAgICAgICAgICAgICAgICAgPGNvZGUgY29kZT0iMzk3OTU2MDA0IiBjb2RlU3lzdGVt
PSIyLjE2Ljg0MC4xLjExMzg4My42Ljk2IiBjb2RlU3lzdGVtTmFtZT0iU05PTUVELUNUIiBkaXNw
bGF5TmFtZT0iaGlwIHJlcGxhY2VtZW50IiAvPg0KCQkJCQkJCTwhLS0gRGF0ZVRpbWUgU3RhcnRl
ZCAtLT4NCiAgICAgICAgICAgICAgICAgICAgICAgICAgICA8ZWZmZWN0aXZlVGltZSB2YWx1ZT0i
MjAxMTA0MjciIC8+DQoNCgkJCQkJCQk8IS0tIFByb2NlZHVyZSBDb21tZW50IC0tPg0KICAgICAg
ICAgICAgICAgICAgICAgICAgICAgIDxlbnRyeVJlbGF0aW9uc2hpcCB0eXBlQ29kZT0iQ09NUCI+
DQogICAgICAgICAgICAgICAgICAgICAgICAgICAgICAgIDxhY3QgY2xhc3NDb2RlPSJJTkZSTSIg
bW9vZENvZGU9IkVWTiI+DQogICAgICAgICAgICAgICAgICAgICAgICAgICAgICAgICAgICA8Y29k
ZSBjb2RlPSIxMDMuMTU1OTUiIGNvZGVTeXN0ZW09IjEuMi4zNi4xLjIwMDEuMTAwMS4xMDEiIGNv
ZGVTeXN0ZW1OYW1lPSJOQ1RJUyBEYXRhIENvbXBvbmVudHMiIGRpc3BsYXlOYW1lPSJQcm9jZWR1
cmUgQ29tbWVudCIgLz4NCiAgICAgICAgICAgICAgICAgICAgICAgICAgICAgICAgICAgIDx0ZXh0
IHhzaTp0eXBlPSJTVCI+UHJvY2VkdXJlIENvbW1lbnQgZ29lcyBoZXJlLjwvdGV4dD4NCiAgICAg
ICAgICAgICAgICAgICAgICAgICAgICAgICAgPC9hY3Q+DQogICAgICAgICAgICAgICAgICAgICAg
ICAgICAgPC9lbnRyeVJlbGF0aW9uc2hpcD4NCiAgICAgICAgICAgICAgICAgICAgICAgIDwvcHJv
Y2VkdXJlPg0KICAgICAgICAgICAgICAgICAgICA8L2VudHJ5Pg0KCQkJCQk8IS0tIEVuZCBQcm9j
ZWR1cmUgLS0+DQoNCgkJCQkJPCEtLSBFeGNsdXNpb24gU3RhdGVtZW50IC0gUHJvY2VkdXJlcyAt
LT4NCgkJCQkJPCEtLSBHbG9iYWwgU3RhdGVtZW50IC0tPg0KICAgICAgICAgICAgICAgICAgICA8
ZW50cnk+DQogICAgICAgICAgICAgICAgICAgICAgICA8b2JzZXJ2YXRpb24gY2xhc3NDb2RlPSJP
QlMiIG1vb2RDb2RlPSJFVk4iPg0KICAgICAgICAgICAgICAgICAgICAgICAgICAgIDxpZCByb290
PSI4MTE1NTQ1Qy03NTJGLTExRTAtQThFMi04QjgwNDgyNDAxOUIiIC8+DQogICAgICAgICAgICAg
ICAgICAgICAgICAgICAgPGNvZGUgY29kZT0iMTAzLjE2MzAyIiBjb2RlU3lzdGVtPSIxLjIuMzYu
MS4yMDAxLjEwMDEuMTAxIiBjb2RlU3lzdGVtTmFtZT0iTkNUSVMgRGF0YSBDb21wb25lbnRzIiBk
aXNwbGF5TmFtZT0iR2xvYmFsIFN0YXRlbWVudCIgLz4NCiAgICAgICAgICAgICAgICAgICAgICAg
ICAgICA8dmFsdWUgY29kZT0iMTEiIGNvZGVTeXN0ZW09IjEuMi4zNi4xLjIwMDEuMTAwMS4xMDEu
MTA0LjE2Mjk5IiBjb2RlU3lzdGVtTmFtZT0iTkNUSVMgR2xvYmFsIFN0YXRlbWVudCBWYWx1ZXMi
IGRpc3BsYXlOYW1lPSJOb25lIGtub3duIiB4c2k6dHlwZT0iQ0QiIC8+DQogICAgICAgICAgICAg
ICAgICAgICAgICA8L29ic2VydmF0aW9uPg0KICAgICAgICAgICAgICAgICAgICA8L2VudHJ5Pg0K
CQkJCQk8IS0tIEVuZCBFeGNsdXNpb24gU3RhdGVtZW50IC0gUHJvY2VkdXJlcyAtLT4NCg0KCQkJ
CQk8IS0tIE90aGVyIE1lZGljYWwgSGlzdG9yeSBJdGVtIC0tPg0KICAgICAgICAgICAgICAgICAg
ICA8ZW50cnk+DQogICAgICAgICAgICAgICAgICAgICAgICA8YWN0IGNsYXNzQ29kZT0iQUNUIiBt
b29kQ29kZT0iRVZOIj4NCiAgICAgICAgICAgICAgICAgICAgICAgICAgICA8aWQgcm9vdD0iMENC
RTBCNDItNzA3Mi0xMUUwLTk0QjEtMjZDMjQ4MjQwMTlCIiAvPg0KICAgICAgICAgICAgICAgICAg
ICAgICAgICAgIDxjb2RlIGNvZGU9IjEwMi4xNTUxMyIgY29kZVN5c3RlbT0iMS4yLjM2LjEuMjAw
MS4xMDAxLjEwMSIgY29kZVN5c3RlbU5hbWU9Ik5DVElTIERhdGEgQ29tcG9uZW50cyIgZGlzcGxh
eU5hbWU9Ik90aGVyIE1lZGljYWwgSGlzdG9yeSBJdGVtIiAvPg0KICAgICAgICAgICAgICAgICAg
ICAgICAgICAgIDx0ZXh0IHhzaTp0eXBlPSJTVCI+T3RoZXIgTWVkaWNhbCBIaXN0b3J5IEl0ZW0g
Z29lcyBoZXJlLjwvdGV4dD4NCiAgICAgICAgICAgICAgICAgICAgICAgICAgICA8YXV0aG9yPg0K
ICAgICAgICAgICAgICAgICAgICAgICAgICAgICAgICA8dGltZSB2YWx1ZT0iMjAxMTA0MjcxMTAw
IiAvPg0KICAgICAgICAgICAgICAgICAgICAgICAgICAgICAgICA8YXNzaWduZWRBdXRob3IgbnVs
bEZsYXZvcj0iTkEiPg0KICAgICAgICAgICAgICAgICAgICAgICAgICAgICAgICAgICAgPGlkIG51
bGxGbGF2b3I9Ik5BIiAvPg0KICAgICAgICAgICAgICAgICAgICAgICAgICAgICAgICA8L2Fzc2ln
bmVkQXV0aG9yPg0KICAgICAgICAgICAgICAgICAgICAgICAgICAgIDwvYXV0aG9yPg0KICAgICAg
ICAgICAgICAgICAgICAgICAgPC9hY3Q+DQogICAgICAgICAgICAgICAgICAgIDwvZW50cnk+DQoJ
CQkJCTwhLS0gRW5kIE90aGVyIE1lZGljYWwgSGlzdG9yeSBJdGVtIC0tPg0KDQogICAgICAgICAg
ICAgICAgPC9zZWN0aW9uPg0KICAgICAgICAgICAgPC9jb21wb25lbnQ+DQoJCQk8IS0tIEVuZCBS
ZXZpZXdlZCBNZWRpY2FsIEhpc3RvcnkgLS0+DQoNCgkJCTwhLS0gUmV2aWV3ZWQgSW1tdW5pc2F0
aW9ucyBTZWN0aW9uIC0tPg0KICAgICAgICAgICAgPGNvbXBvbmVudD4NCiAgICAgICAgICAgICAg
ICA8c2VjdGlvbj4NCiAgICAgICAgICAgICAgICAgICAgPGNvZGUgY29kZT0iMTAxLjE2NjAwIiBj
b2RlU3lzdGVtPSIxLjIuMzYuMS4yMDAxLjEwMDEuMTAxIiBjb2RlU3lzdGVtTmFtZT0iTkNUSVMg
RGF0YSBDb21wb25lbnRzIiBkaXNwbGF5TmFtZT0iUmV2aWV3ZWQgSW1tdW5pc2F0aW9ucyIgLz4N
CiAgICAgICAgICAgICAgICAgICAgPHRpdGxlPlJldmlld2VkIEltbXVuaXNhdGlvbnM8L3RpdGxl
Pg0KICAgICAgICAgICAgICAgICAgICA8dGV4dD5SZXZpZXdlZCBJbW11bmlzYXRpb25zIG5hcnJh
dGl2ZSBnb2VzIGhlcmUuPC90ZXh0Pg0KDQoJCQkJCTwhLS0gUmV2aWV3ZWQgSW1tdW5pc2F0aW9u
cyAtLT4NCiAgICAgICAgICAgICAgICAgICAgPGVudHJ5Pg0KICAgICAgICAgICAgICAgICAgICAg
ICAgPGFjdCBjbGFzc0NvZGU9IkFDVCIgbW9vZENvZGU9IkVWTiI+DQogICAgICAgICAgICAgICAg
ICAgICAgICAgICAgPGlkIHJvb3Q9IjQ1RjNCRTI4LTc1NTEtMTFFMC05NzFELTY1QTU0ODI0MDE5
QiIgLz4NCiAgICAgICAgICAgICAgICAgICAgICAgICAgICA8Y29kZSBjb2RlPSIxMDIuMTY1NzYi
IGNvZGVTeXN0ZW09IjEuMi4zNi4xLjIwMDEuMTAwMS4xMDEiIGNvZGVTeXN0ZW1OYW1lPSJOQ1RJ
UyBEYXRhIENvbXBvbmVudHMiIGRpc3BsYXlOYW1lPSJJbW11bmlzYXRpb24gSGlzdG9yeSBSZXZp
ZXciIC8+DQoJCQkJCQkJPCEtLSBSZWNvcmQgUmV2aWV3IERhdGVUaW1lIC0tPg0KICAgICAgICAg
ICAgICAgICAgICAgICAgICAgIDxlZmZlY3RpdmVUaW1lIHZhbHVlPSIyMDExMDQyNyIgLz4NCiAg
ICAgICAgICAgICAgICAgICAgICAgIDwvYWN0Pg0KICAgICAgICAgICAgICAgICAgICA8L2VudHJ5
Pg0KCQkJCQk8IS0tIEVuZCBSZXZpZXdlZCBJbW11bmlzYXRpb25zIC0tPg0KDQoJCQkJCTwhLS0g
QWRtaW5pc3RlcmVkIEltbXVuaXNhdGlvbiAtLT4NCiAgICAgICAgICAgICAgICAgICAgPGVudHJ5
Pg0KICAgICAgICAgICAgICAgICAgICAgICAgPHN1YnN0YW5jZUFkbWluaXN0cmF0aW9uIGNsYXNz
Q29kZT0iU0JBRE0iIG1vb2RDb2RlPSJFVk4iPg0KCQkJCQkJCTwhLS0gTWVkaWNhdGlvbiBBY3Rp
b24gRGF0ZVRpbWUgLS0+DQogICAgICAgICAgICAgICAgICAgICAgICAgICAgPGVmZmVjdGl2ZVRp
bWUgdmFsdWU9IjIwMTEwNDI3IiAvPg0KICAgICAgICAgICAgICAgICAgICAgICAgICAgIDxjb25z
dW1hYmxlPg0KICAgICAgICAgICAgICAgICAgICAgICAgICAgICAgICA8bWFudWZhY3R1cmVkUHJv
ZHVjdD4NCiAgICAgICAgICAgICAgICAgICAgICAgICAgICAgICAgICAgIDxtYW51ZmFjdHVyZWRN
YXRlcmlhbD4NCiAgICAgICAgICAgICAgICAgICAgICAgICAgICAgICAgICAgICAgICA8Y29kZSBj
b2RlPSI/Pz8/PyIgY29kZVN5c3RlbT0iMS4yLjM2LjEuMjAwMS4xMDA0LjEwMCIgY29kZVN5c3Rl
bU5hbWU9IkF1c3RyYWxpYW4gTWVkaWNpbmNlcyBUZXJtaW5vbG9neSAoQU1UKSIgZGlzcGxheU5h
bWU9Ij8/Pz8/IiAvPg0KICAgICAgICAgICAgICAgICAgICAgICAgICAgICAgICAgICAgPC9tYW51
ZmFjdHVyZWRNYXRlcmlhbD4NCiAgICAgICAgICAgICAgICAgICAgICAgICAgICAgICAgPC9tYW51
ZmFjdHVyZWRQcm9kdWN0Pg0KICAgICAgICAgICAgICAgICAgICAgICAgICAgIDwvY29uc3VtYWJs
ZT4NCiAgICAgICAgICAgICAgICAgICAgICAgIDwvc3Vic3RhbmNlQWRtaW5pc3RyYXRpb24+DQog
ICAgICAgICAgICAgICAgICAgIDwvZW50cnk+DQoJCQkJCTwhLS0gRW5kIEFkbWluaXN0ZXJlZCBJ
bW11bmlzYXRpb24gLS0+DQoNCgkJCQkJPCEtLSBFeGNsdXNpb24gU3RhdGVtZW50IC0gSW1tdW5p
c2F0aW9ucyAtLT4NCiAgICAgICAgICAgICAgICAgICAgPGVudHJ5Pg0KICAgICAgICAgICAgICAg
ICAgICAgICAgPG9ic2VydmF0aW9uIGNsYXNzQ29kZT0iT0JTIiBtb29kQ29kZT0iRVZOIj4NCiAg
ICAgICAgICAgICAgICAgICAgICAgICAgICA8Y29kZSBjb2RlPSIxMDMuMTYzMDIiIGNvZGVTeXN0
ZW09IjEuMi4zNi4xLjIwMDEuMTAwMS4xMDEiIGNvZGVTeXN0ZW1OYW1lPSJOQ1RJUyBEYXRhIENv
bXBvbmVudHMiIGRpc3BsYXlOYW1lPSJHbG9iYWwgU3RhdGVtZW50IiAvPg0KICAgICAgICAgICAg
ICAgICAgICAgICAgICAgIDx2YWx1ZSBjb2RlPSIwMSIgY29kZVN5c3RlbT0iMS4yLjM2LjEuMjAw
MS4xMDAxLjEwMS4xMDQuMTYyOTkiIGNvZGVTeXN0ZW1OYW1lPSJOQ1RJUyBHbG9iYWwgU3RhdGVt
ZW50IFZhbHVlcyIgZGlzcGxheU5hbWU9Ik5vbmUga25vd24iIHhzaTp0eXBlPSJDRCIgLz4NCiAg
ICAgICAgICAgICAgICAgICAgICAgIDwvb2JzZXJ2YXRpb24+DQogICAgICAgICAgICAgICAgICAg
IDwvZW50cnk+DQoJCQkJCTwhLS0gRW5kIEV4Y2x1c2lvbiBTdGF0ZW1lbnQgLSBJbW11bmlzYXRp
b25zIC0tPg0KDQogICAgICAgICAgICAgICAgPC9zZWN0aW9uPg0KICAgICAgICAgICAgPC9jb21w
b25lbnQ+DQoJCQk8IS0tIEVuZCBSZXZpZXdlZCBJbW11bmlzYXRpb25zIFNlY3Rpb24gLS0+DQoN
CiAgICAgICAgPC9zdHJ1Y3R1cmVkQm9keT4NCiAgICA8L2NvbXBvbmVudD4NCgk8IS0tIEVuZCBD
REEgQm9keSAtLT4NCjwvQ2xpbmljYWxEb2N1bWVudD4NCg==
            </Content>
        </Document>
        <Document>
            <Id>2.16.840.1.113883.10.20.3</Id> 
            <Type code="51855-5" 
                codeSystem="2.16.840.1.113883.6.1"
                codeSystemName="LOINC" displayName="Shared Health Summary" />
            <Content xm:contentType="text/xml">
PD94bWwgdmVyc2lvbj0iMS4wIiBlbmNvZGluZz0iVVRGLTgiPz4NCjwhLS0gVGhpcyBleGFtcGxl
IGlzIHByb3ZpZGVkIGZvciBpbGx1c3RyYXRpdmUgcHVycG9zZXMgb25seS4gSXQgaGFzIGhhZCBu
byBjbGluaWNhbCB2YWxpZGF0aW9uLiANCiBXaGlsZSBldmVyeSBlZmZvcnQgaGFzIGJlZW4gdGFr
ZW4gdG8gZW5zdXJlIHRoYXQgdGhlIGV4YW1wbGVzIGFyZSBjb25zaXN0ZW50IHdpdGggdGhlIG1l
c3NhZ2Ugc3BlY2lmaWNhdGlvbiwgDQogd2hlcmUgdGhlcmUgYXJlIGNvbmZsaWN0cyB3aXRoIHRo
ZSB3cml0dGVuIG1lc3NhZ2Ugc3BlY2lmaWNhdGlvbiBvciBzY2hlbWEsIHRoZSBzcGVjaWZpY2F0
aW9uIG9yIHNjaGVtYSANCiBzaGFsbCBiZSBjb25zaWRlcmVkIHRvIHRha2UgcHJlY2VkZW5jZSAt
LT4NCjxDbGluaWNhbERvY3VtZW50IA0KICAgIHhtbG5zPSJ1cm46aGw3LW9yZzp2MyIgDQogICAg
eG1sbnM6ZXh0PSJodHRwOi8vbnMuZWxlY3Ryb25pY2hlYWx0aC5uZXQuYXUvQ2kvQ2RhL0V4dGVu
c2lvbnMvMy4wIiANCiAgICB4bWxuczp4cz0iaHR0cDovL3d3dy53My5vcmcvMjAwMS9YTUxTY2hl
bWEiDQogICAgeG1sbnM6eHNpPSJodHRwOi8vd3d3LnczLm9yZy8yMDAxL1hNTFNjaGVtYS1pbnN0
YW5jZSI+DQogICAgDQogICAgPHR5cGVJZCBleHRlbnNpb249IlBPQ0RfSEQwMDAwNDAiIHJvb3Q9
IjIuMTYuODQwLjEuMTEzODgzLjEuMyIgLz4NCiAgICA8dGVtcGxhdGVJZCBleHRlbnNpb249IjEu
MCIgcm9vdD0iMS4yLjM2LjEuMjAwMS4xMDAxLjEwMS4xMDAuMjAwMDAiIC8+DQogICAgPGlkIHJv
b3Q9IjhCQzM0MDZBLUI5M0YtMTFERS04QTJCLTZBMUM1NkQ4OTU5MyIgLz4NCiAgICA8Y29kZSBj
b2RlPSI1MTg1NS01IiBjb2RlU3lzdGVtPSIyLjE2Ljg0MC4xLjExMzg4My42LjEiIGNvZGVTeXN0
ZW1OYW1lPSJMT0lOQyIgZGlzcGxheU5hbWU9IlNoYXJlZCBIZWFsdGggU3VtbWFyeSIgLz4NCiAg
ICA8ZWZmZWN0aXZlVGltZSB2YWx1ZT0iMjAwOTEwMjAxMjM1IiAvPg0KICAgIDxjb25maWRlbnRp
YWxpdHlDb2RlIG51bGxGbGF2b3I9Ik5BIiAvPg0KICAgIDxsYW5ndWFnZUNvZGUgY29kZT0iZW4t
QVUiIC8+DQogICAgPHNldElkIHJvb3Q9IjZDNkJBNTZDLUJDOTItMTFERS1BMTcwLUQ4NTU1NkQ4
OTU5MyIgLz4NCiAgICA8dmVyc2lvbk51bWJlciB2YWx1ZT0iMSIgLz4NCiAgICA8ZXh0OmNvbXBs
ZXRpb25Db2RlIGNvZGU9IkYiIGNvZGVTeXN0ZW09IjEuMi4zNi4xLjIwMDEuMTAwMS4xMDEuMTA0
LjIwMTA0IiBjb2RlU3lzdGVtTmFtZT0iTkNUSVMgRG9jdW1lbnQgU3RhdHVzIFZhbHVlcyIgZGlz
cGxheU5hbWU9IkZpbmFsIiAvPg0KDQoJPCEtLSBCZWdpbiBDREEgSGVhZGVyIC0tPg0KCTwhLS0g
QmVnaW4gU3ViamVjdCBvZiBDYXJlIC0gSGVhZGVyIFBhcnQgLS0+DQogICAgPHJlY29yZFRhcmdl
dD4NCiAgICAgICAgPHBhdGllbnRSb2xlPg0KDQoJCQk8IS0tIElEIGlzIHVzZWQgZm9yIHN5c3Rl
bSBwdXJwb3NlcyBzdWNoIGFzIG1hdGNoaW5nIC0tPg0KICAgICAgICAgICAgPGlkIHJvb3Q9IjdB
QTBCQUFDLTBDRDAtMTFFMC05NTE2LTQzNTBERkQ3MjA4NSIgLz4NCg0KCQkJPCEtLSBBZGRyZXNz
IC0tPg0KICAgICAgICAgICAgPGFkZHIgdXNlPSJIIj4NCiAgICAgICAgICAgICAgICA8c3RyZWV0
QWRkcmVzc0xpbmU+MSBDbGluaWNpYW4gU3RyZWV0PC9zdHJlZXRBZGRyZXNzTGluZT4NCiAgICAg
ICAgICAgICAgICA8Y2l0eT5OZWh0YXZpbGxlPC9jaXR5Pg0KICAgICAgICAgICAgICAgIDxzdGF0
ZT5RTEQ8L3N0YXRlPg0KICAgICAgICAgICAgICAgIDxwb3N0YWxDb2RlPjU1NTU8L3Bvc3RhbENv
ZGU+DQogICAgICAgICAgICAgICAgPGFkZGl0aW9uYWxMb2NhdG9yPjMyNTY4OTMxPC9hZGRpdGlv
bmFsTG9jYXRvcj4NCiAgICAgICAgICAgICAgICA8Y291bnRyeT5BdXN0cmFsaWE8L2NvdW50cnk+
DQogICAgICAgICAgICA8L2FkZHI+DQoNCgkJCTwhLS0gRWxlY3Ryb25pYyBDb21tdW5pY2F0aW9u
IERldGFpbCAtLT4NCiAgICAgICAgICAgIDx0ZWxlY29tIHVzZT0iSCIgdmFsdWU9InRlbDowNDk5
OTk5OTk5IiAvPg0KDQoJCQk8IS0tIFBhcnRpY2lwYW50IC0tPg0KICAgICAgICAgICAgPHBhdGll
bnQ+DQoNCgkJCQk8IS0tIFBlcnNvbiBOYW1lIC0tPg0KICAgICAgICAgICAgICAgIDxuYW1lIHVz
ZT0iTCI+DQogICAgICAgICAgICAgICAgICAgIDxwcmVmaXg+TXM8L3ByZWZpeD4NCiAgICAgICAg
ICAgICAgICAgICAgPGdpdmVuPlNhbGx5PC9naXZlbj4NCiAgICAgICAgICAgICAgICAgICAgPGZh
bWlseT5HcmFudDwvZmFtaWx5Pg0KICAgICAgICAgICAgICAgIDwvbmFtZT4NCg0KCQkJCTwhLS0g
SW5kaWdlbm91cyBTdGF0dXMgLS0+DQogICAgICAgICAgICAgICAgPGV0aG5pY0dyb3VwQ29kZSBj
b2RlPSI0IiBjb2RlU3lzdGVtPSIyLjE2Ljg0MC4xLjExMzg4My4zLjg3OSIgY29kZVN5c3RlbU5h
bWU9Ik1FVGVPUiIgZGlzcGxheU5hbWU9Ik5laXRoZXIgQWJvcmlnaW5hbCBub3IgVG9ycmVzIFN0
cmFpdCBJc2xhbmRlciBvcmlnaW4iIC8+DQoNCgkJCQk8IS0tIFNleCAtLT4NCiAgICAgICAgICAg
ICAgICA8YWRtaW5pc3RyYXRpdmVHZW5kZXJDb2RlIGNvZGU9IkYiIGNvZGVTeXN0ZW09IjIuMTYu
ODQwLjEuMTEzODgzLjEzLjY4IiBjb2RlU3lzdGVtTmFtZT0iQVMgNTAxNy0yMDA2IEhlYWx0aCBD
YXJlIENsaWVudCBJZGVudGlmaWVyIFNleCIgLz4NCg0KCQkJCTwhLS0gRGF0ZSBvZiBCaXJ0aCAt
LT4NCiAgICAgICAgICAgICAgICA8YmlydGhUaW1lIHZhbHVlPSIxOTQ4MDYwNyIgLz4NCg0KCQkJ
CTwhLS0gTXVsdGlwbGUgQmlydGggSW5kaWNhdG9yIC0tPg0KICAgICAgICAgICAgICAgIDxleHQ6
bXVsdGlwbGVCaXJ0aEluZCB2YWx1ZT0idHJ1ZSIgLz4NCiAgICAgICAgICAgICAgICA8ZXh0Om11
bHRpcGxlQmlydGhPcmRlck51bWJlciB2YWx1ZT0iMiIgLz4NCg0KCQkJCTwhLS0gRGF0ZSBvZiBE
ZWF0aCAtLT4NCiAgICAgICAgICAgICAgICA8ZXh0OmRlY2Vhc2VkSW5kIHZhbHVlPSJ0cnVlIiAv
Pg0KICAgICAgICAgICAgICAgIDxleHQ6ZGVjZWFzZWRUaW1lIHZhbHVlPSIyMDEwMTIwMSIgLz4N
Cg0KCQkJCTwhLS0gQ291bnRyeSBvZiBCaXJ0aCAtLT4NCiAgICAgICAgICAgICAgICA8YmlydGhw
bGFjZT4NCiAgICAgICAgICAgICAgICAgICAgPHBsYWNlPg0KICAgICAgICAgICAgICAgICAgICAg
ICAgPGFkZHI+DQogICAgICAgICAgICAgICAgICAgICAgICAgICAgPGNvdW50cnk+ODEwNDwvY291
bnRyeT4NCiAgICAgICAgICAgICAgICAgICAgICAgIDwvYWRkcj4NCiAgICAgICAgICAgICAgICAg
ICAgPC9wbGFjZT4NCiAgICAgICAgICAgICAgICA8L2JpcnRocGxhY2U+DQoNCgkJCQk8IS0tIEVu
dGl0eSBJZGVudGlmaWVyIC0tPg0KICAgICAgICAgICAgICAgIDxleHQ6YXNFbnRpdHlJZGVudGlm
aWVyIGNsYXNzQ29kZT0iSURFTlQiPg0KICAgICAgICAgICAgICAgICAgICA8IS0tIE9SSUdJTkFM
DQogICAgICAgICAgICAgICAgICAgIDxleHQ6aWQgYXNzaWduaW5nQXV0aG9yaXR5TmFtZT0iSUhJ
IiByb290PSIxLjIuMzYuMS4yMDAxLjEwMDMuMC44MDAzNjAxMjM0NTEyMzQ1IiAvPiANCiAgICAg
ICAgICAgICAgICAgICAgLS0+DQogICAgICAgICAgICAgICAgICAgIDxleHQ6aWQgYXNzaWduaW5n
QXV0aG9yaXR5TmFtZT0iSUhJIiByb290PSIxLjMuNi4xLjQuMS4yMTM2Ny4yMDA1LjMuNy42ZmEx
MWU0Njc4ODA0NzgiIC8+DQogICAgICAgICAgICAgICAgICAgIDxleHQ6YXNzaWduaW5nR2VvZ3Jh
cGhpY0FyZWEgY2xhc3NDb2RlPSJQTEMiPg0KICAgICAgICAgICAgICAgICAgICAgICAgPGV4dDpu
YW1lPk5hdGlvbmFsIElkZW50aWZpZXI8L2V4dDpuYW1lPg0KICAgICAgICAgICAgICAgICAgICA8
L2V4dDphc3NpZ25pbmdHZW9ncmFwaGljQXJlYT4NCiAgICAgICAgICAgICAgICA8L2V4dDphc0Vu
dGl0eUlkZW50aWZpZXI+DQoNCiAgICAgICAgICAgIDwvcGF0aWVudD4NCiAgICAgICAgPC9wYXRp
ZW50Um9sZT4NCiAgICA8L3JlY29yZFRhcmdldD4NCgk8IS0tIEVuZCBTdWJqZWN0IG9mIENhcmUg
LSBIZWFkZXIgUGFydCAtLT4NCg0KCTwhLS0gQmVnaW4gRG9jdW1lbnQgQXV0aG9yIC0tPg0KICAg
IDxhdXRob3I+DQoNCgkJPCEtLSBNdXN0IGhvbGQgc2FtZSB2YWx1ZSBhcyBEYXRlVGltZSBhdHRl
c3RlZCAoQ2xpbmljYWxEb2N1bWVudC5sZWdhbEF1dGhlbnRpY2F0b3IudGltZSkgLS0+DQogICAg
ICAgIDx0aW1lIHZhbHVlPSIyMDA5MTAyMDEyMzUiIC8+DQoNCiAgICAgICAgPGFzc2lnbmVkQXV0
aG9yPg0KDQoJCQk8IS0tIElEIGlzIHVzZWQgZm9yIHN5c3RlbSBwdXJwb3NlcyBzdWNoIGFzIG1h
dGNoaW5nIC0tPg0KICAgICAgICAgICAgPGlkIHJvb3Q9IjdGQ0IwRUM0LTBDRDAtMTFFMC05REZD
LThGNTBERkQ3MjA4NSIgLz4NCg0KCQkJPCEtLSBSb2xlIC0tPg0KICAgICAgICAgICAgPGNvZGUg
Y29kZT0iMjUzMzE3IiBjb2RlU3lzdGVtPSIyLjE2Ljg0MC4xLjExMzg4My4xMy42MiIgY29kZVN5
c3RlbU5hbWU9IjEyMjAuMCAtIEFOWlNDTyAtIEF1c3RyYWxpYW4gYW5kIE5ldyBaZWFsYW5kIFN0
YW5kYXJkIENsYXNzaWZpY2F0aW9uIG9mIE9jY3VwYXRpb25zLCBGaXJzdCBFZGl0aW9uLCAyMDA2
Ig0KCQkJCWRpc3BsYXlOYW1lPSJJbnRlbnNpdmUgQ2FyZSBTcGVjaWFsaXN0IiAvPg0KDQoJCQk8
IS0tIEFkZHJlc3MgLS0+DQogICAgICAgICAgICA8YWRkciB1c2U9IldQIj4NCiAgICAgICAgICAg
ICAgICA8c3RyZWV0QWRkcmVzc0xpbmU+MSBDbGluaWNpYW4gU3RyZWV0PC9zdHJlZXRBZGRyZXNz
TGluZT4NCiAgICAgICAgICAgICAgICA8Y2l0eT5OZWh0YXZpbGxlPC9jaXR5Pg0KICAgICAgICAg
ICAgICAgIDxzdGF0ZT5RTEQ8L3N0YXRlPg0KICAgICAgICAgICAgICAgIDxwb3N0YWxDb2RlPjU1
NTU8L3Bvc3RhbENvZGU+DQogICAgICAgICAgICAgICAgPGFkZGl0aW9uYWxMb2NhdG9yPjMyNTY4
OTMxPC9hZGRpdGlvbmFsTG9jYXRvcj4NCiAgICAgICAgICAgICAgICA8Y291bnRyeT5BdXN0cmFs
aWE8L2NvdW50cnk+DQogICAgICAgICAgICA8L2FkZHI+DQoNCgkJCTwhLS0gRWxlY3Ryb25pYyBD
b21tdW5pY2F0aW9uIERldGFpbCAtLT4NCiAgICAgICAgICAgIDx0ZWxlY29tIHVzZT0iV1AiIHZh
bHVlPSJ0ZWw6MDcxMjM0MTIzNCIgLz4NCg0KCQkJPCEtLSBQYXJ0aWNpcGFudCAtLT4NCiAgICAg
ICAgICAgIDxhc3NpZ25lZFBlcnNvbj4NCg0KCQkJCTwhLS0gUGVyc29uIE5hbWUgLS0+DQogICAg
ICAgICAgICAgICAgPG5hbWU+DQogICAgICAgICAgICAgICAgICAgIDxwcmVmaXg+RHIuPC9wcmVm
aXg+DQogICAgICAgICAgICAgICAgICAgIDxnaXZlbj5Hb29kPC9naXZlbj4NCiAgICAgICAgICAg
ICAgICAgICAgPGZhbWlseT5Eb2N0b3I8L2ZhbWlseT4NCiAgICAgICAgICAgICAgICA8L25hbWU+
DQoNCgkJCQk8IS0tIFNleCAtLT4NCiAgICAgICAgICAgICAgICA8ZXh0OmFkbWluaXN0cmF0aXZl
R2VuZGVyQ29kZSBjb2RlPSJNIiBjb2RlU3lzdGVtPSIyLjE2Ljg0MC4xLjExMzg4My4xMy42OCIg
Y29kZVN5c3RlbU5hbWU9IkFTIDUwMTctMjAwNiBIZWFsdGggQ2FyZSBDbGllbnQgSWRlbnRpZmll
ciBTZXgiIC8+DQoNCgkJCQk8IS0tIERhdGUgb2YgQmlydGggLS0+DQogICAgICAgICAgICAgICAg
PGV4dDpiaXJ0aFRpbWUgdmFsdWU9IjE5NDgwNjA3IiAvPg0KDQoJCQkJPCEtLSBFbnRpdHkgSWRl
bnRpZmllciAtLT4NCiAgICAgICAgICAgICAgICA8ZXh0OmFzRW50aXR5SWRlbnRpZmllciBjbGFz
c0NvZGU9IklERU5UIj4NCiAgICAgICAgICAgICAgICAgICAgPGV4dDppZCBhc3NpZ25pbmdBdXRo
b3JpdHlOYW1lPSJIUEktSSIgcm9vdD0iMS4yLjM2LjEuMjAwMS4xMDAzLjAuODAwMzYxMTIzNDU2
Nzg5MCIgLz4NCiAgICAgICAgICAgICAgICAgICAgPGV4dDphc3NpZ25pbmdHZW9ncmFwaGljQXJl
YSBjbGFzc0NvZGU9IlBMQyI+DQogICAgICAgICAgICAgICAgICAgICAgICA8ZXh0Om5hbWU+TmF0
aW9uYWwgSWRlbnRpZmllcjwvZXh0Om5hbWU+DQogICAgICAgICAgICAgICAgICAgIDwvZXh0OmFz
c2lnbmluZ0dlb2dyYXBoaWNBcmVhPg0KICAgICAgICAgICAgICAgIDwvZXh0OmFzRW50aXR5SWRl
bnRpZmllcj4NCg0KICAgICAgICAgICAgPC9hc3NpZ25lZFBlcnNvbj4NCg0KCQkJPCEtLSBFbXBs
b3ltZW50IERldGFpbCAtLT4NCgkJCTwhLS0gRW1wbG95ZXIgT3JnYW5pc2F0aW9uIChQYXJ0aWNp
cGFudCAoT3JnYW5pc2F0aW9uKSkgLS0+DQogICAgICAgICAgICA8cmVwcmVzZW50ZWRPcmdhbml6
YXRpb24+DQoNCgkJCQk8IS0tIERlcGFydG1lbnQvVW5pdCAtLT4NCiAgICAgICAgICAgICAgICA8
bmFtZT5TdXJnaWNhbCBXYXJkPC9uYW1lPg0KDQogICAgICAgICAgICAgICAgPGFzT3JnYW5pemF0
aW9uUGFydE9mPg0KICAgICAgICAgICAgICAgICAgICA8d2hvbGVPcmdhbml6YXRpb24+DQoNCgkJ
CQkJCTwhLS0gT3JnYW5pc2F0aW9uIE5hbWUgLS0+DQogICAgICAgICAgICAgICAgICAgICAgICA8
bmFtZSB1c2U9IkwiPkdvb2QgSG9zcGl0YWw8L25hbWU+DQogICAgICAgICAgICAgICAgICAgIDwv
d2hvbGVPcmdhbml6YXRpb24+DQogICAgICAgICAgICAgICAgPC9hc09yZ2FuaXphdGlvblBhcnRP
Zj4NCg0KCQkJCTwhLS0gRW50aXR5IElkZW50aWZpZXIgLS0+DQogICAgICAgICAgICAgICAgPGV4
dDphc0VudGl0eUlkZW50aWZpZXIgY2xhc3NDb2RlPSJJREVOVCI+DQogICAgICAgICAgICAgICAg
ICAgIDxleHQ6aWQgYXNzaWduaW5nQXV0aG9yaXR5TmFtZT0iSFBJLU8iIHJvb3Q9IjEuMi4zNi4x
LjIwMDEuMTAwMy4wLjgwMDM2MjEyMzExNjc4OTAiIC8+DQogICAgICAgICAgICAgICAgICAgIDxl
eHQ6YXNzaWduaW5nR2VvZ3JhcGhpY0FyZWEgY2xhc3NDb2RlPSJQTEMiPg0KICAgICAgICAgICAg
ICAgICAgICAgICAgPGV4dDpuYW1lPk5hdGlvbmFsIElkZW50aWZpZXI8L2V4dDpuYW1lPg0KICAg
ICAgICAgICAgICAgICAgICA8L2V4dDphc3NpZ25pbmdHZW9ncmFwaGljQXJlYT4NCiAgICAgICAg
ICAgICAgICA8L2V4dDphc0VudGl0eUlkZW50aWZpZXI+DQoNCiAgICAgICAgICAgIDwvcmVwcmVz
ZW50ZWRPcmdhbml6YXRpb24+DQoNCiAgICAgICAgPC9hc3NpZ25lZEF1dGhvcj4NCiAgICA8L2F1
dGhvcj4NCgk8IS0tIEVuZCBEb2N1bWVudCBBdXRob3IgLS0+DQoNCgk8IS0tIEJlZ2luIEN1c3Rv
ZGlhbiAtLT4NCiAgICA8Y3VzdG9kaWFuPg0KICAgICAgICA8YXNzaWduZWRDdXN0b2RpYW4+DQog
ICAgICAgICAgICA8cmVwcmVzZW50ZWRDdXN0b2RpYW5Pcmdhbml6YXRpb24+DQoNCgkJCQk8IS0t
IElEIGlzIHVzZWQgZm9yIHN5c3RlbSBwdXJwb3NlcyBzdWNoIGFzIG1hdGNoaW5nIC0tPg0KICAg
ICAgICAgICAgICAgIDxpZCByb290PSI4NDY0QzZCRS0wQ0QwLTExRTAtQjQ1QS05MjUwREZENzIw
ODUiIC8+DQogICAgICAgICAgICAgICAgPG5hbWU+T3ogSGVhbHRoIENsaW5pYzwvbmFtZT4NCg0K
CQkJCTwhLS0gRW50aXR5IElkZW50aWZpZXIgLS0+DQogICAgICAgICAgICAgICAgPGV4dDphc0Vu
dGl0eUlkZW50aWZpZXIgY2xhc3NDb2RlPSJJREVOVCI+DQogICAgICAgICAgICAgICAgICAgIDxl
eHQ6aWQgYXNzaWduaW5nQXV0aG9yaXR5TmFtZT0iSFBJLU8iIHJvb3Q9IjEuMi4zNi4xLjIwMDEu
MTAwMy4wLjgwNjY2MjE3NzExNjc4ODgiIC8+DQogICAgICAgICAgICAgICAgICAgIDxleHQ6YXNz
aWduaW5nR2VvZ3JhcGhpY0FyZWEgY2xhc3NDb2RlPSJQTEMiPg0KICAgICAgICAgICAgICAgICAg
ICAgICAgPGV4dDpuYW1lPk5hdGlvbmFsIElkZW50aWZpZXI8L2V4dDpuYW1lPg0KICAgICAgICAg
ICAgICAgICAgICA8L2V4dDphc3NpZ25pbmdHZW9ncmFwaGljQXJlYT4NCiAgICAgICAgICAgICAg
ICA8L2V4dDphc0VudGl0eUlkZW50aWZpZXI+DQoNCiAgICAgICAgICAgIDwvcmVwcmVzZW50ZWRD
dXN0b2RpYW5Pcmdhbml6YXRpb24+DQogICAgICAgIDwvYXNzaWduZWRDdXN0b2RpYW4+DQogICAg
PC9jdXN0b2RpYW4+DQoJPCEtLSBFbmQgQ3VzdG9kaWFuIC0tPg0KDQoJPCEtLSBTdGFydCBJbmZv
cm1hdGlvbiBSZWNpcGllbnQgLSBQcmltYXJ5IC0tPg0KICAgIDxpbmZvcm1hdGlvblJlY2lwaWVu
dCB0eXBlQ29kZT0iUFJDUCI+DQogICAgICAgIDxpbnRlbmRlZFJlY2lwaWVudD4NCg0KCQkJPCEt
LSBJRCBpcyB1c2VkIGZvciBzeXN0ZW0gcHVycG9zZXMgc3VjaCBhcyBtYXRjaGluZyAtLT4NCiAg
ICAgICAgICAgIDxpZCByb290PSI4QUY1RjhGNC0wQ0QwLTExRTAtQUM0OC05MzUwREZENzIwODUi
IC8+DQoNCiAgICAgICAgICAgIDxhZGRyIHVzZT0iV1AiPg0KICAgICAgICAgICAgICAgIDxzdHJl
ZXRBZGRyZXNzTGluZT4xIFByaW1hcnkgQ2FyZSBQcm92aWRlciBTdHJlZXQ8L3N0cmVldEFkZHJl
c3NMaW5lPg0KICAgICAgICAgICAgICAgIDxjaXR5Pk5laHRhdmlsbGU8L2NpdHk+DQogICAgICAg
ICAgICAgICAgPHN0YXRlPlFMRDwvc3RhdGU+DQogICAgICAgICAgICAgICAgPHBvc3RhbENvZGU+
NTU1NTwvcG9zdGFsQ29kZT4NCiAgICAgICAgICAgICAgICA8YWRkaXRpb25hbExvY2F0b3I+MzI1
Njg5MzE8L2FkZGl0aW9uYWxMb2NhdG9yPg0KICAgICAgICAgICAgICAgIDxjb3VudHJ5PkF1c3Ry
YWxpYTwvY291bnRyeT4NCiAgICAgICAgICAgIDwvYWRkcj4NCiAgICAgICAgICAgIDx0ZWxlY29t
IHVzZT0iV1AiIHZhbHVlPSJ0ZWw6MDcxMjM0MTI0NSIgLz4NCiAgICAgICAgICAgIDxpbmZvcm1h
dGlvblJlY2lwaWVudD4NCg0KCQkJCTwhLS0gUGVyc29uIE5hbWUgLS0+DQogICAgICAgICAgICAg
ICAgPG5hbWU+DQogICAgICAgICAgICAgICAgICAgIDxwcmVmaXg+RHIuPC9wcmVmaXg+DQogICAg
ICAgICAgICAgICAgICAgIDxnaXZlbj5JbmZvcm1hdGlvbjwvZ2l2ZW4+DQogICAgICAgICAgICAg
ICAgICAgIDxmYW1pbHk+UmVjaXBpZW50PC9mYW1pbHk+DQogICAgICAgICAgICAgICAgPC9uYW1l
Pg0KDQoJCQkJPCEtLSBTZXggLS0+DQogICAgICAgICAgICAgICAgPGV4dDphZG1pbmlzdHJhdGl2
ZUdlbmRlckNvZGUgY29kZT0iRiIgY29kZVN5c3RlbT0iMi4xNi44NDAuMS4xMTM4ODMuMTMuNjgi
IGNvZGVTeXN0ZW1OYW1lPSJBUyA1MDE3LTIwMDYgSGVhbHRoIENhcmUgQ2xpZW50IElkZW50aWZp
ZXIgU2V4IiAvPg0KDQoJCQkJPCEtLSBEYXRlIG9mIEJpcnRoIC0tPg0KICAgICAgICAgICAgICAg
IDxleHQ6YmlydGhUaW1lIHZhbHVlPSIxOTY4MTAwNyIgLz4NCg0KCQkJCTwhLS0gRW50aXR5IElk
ZW50aWZpZXIgLS0+DQogICAgICAgICAgICAgICAgPGV4dDphc0VudGl0eUlkZW50aWZpZXIgY2xh
c3NDb2RlPSJJREVOVCI+DQogICAgICAgICAgICAgICAgICAgIDxleHQ6aWQgYXNzaWduaW5nQXV0
aG9yaXR5TmFtZT0iSFBJLUkiIHJvb3Q9IjEuMi4zNi4xLjIwMDEuMTAwMy4wLjgwMDM2MTEyMjI1
Njc4OTAiIC8+DQogICAgICAgICAgICAgICAgICAgIDxleHQ6YXNzaWduaW5nR2VvZ3JhcGhpY0Fy
ZWEgY2xhc3NDb2RlPSJQTEMiPg0KICAgICAgICAgICAgICAgICAgICAgICAgPGV4dDpuYW1lPk5h
dGlvbmFsIElkZW50aWZpZXI8L2V4dDpuYW1lPg0KICAgICAgICAgICAgICAgICAgICA8L2V4dDph
c3NpZ25pbmdHZW9ncmFwaGljQXJlYT4NCiAgICAgICAgICAgICAgICA8L2V4dDphc0VudGl0eUlk
ZW50aWZpZXI+DQoNCiAgICAgICAgICAgIDwvaW5mb3JtYXRpb25SZWNpcGllbnQ+DQoNCiAgICAg
ICAgICAgIDxyZWNlaXZlZE9yZ2FuaXphdGlvbj4NCiAgICAgICAgICAgICAgICA8bmFtZT5JbmZv
cm1hdGlvbiBSZWNpcGllbnQgQ2xpbmljIE5hbWU8L25hbWU+DQoNCgkJCQk8IS0tIEVudGl0eSBJ
ZGVudGlmaWVyIC0tPg0KICAgICAgICAgICAgICAgIDxleHQ6YXNFbnRpdHlJZGVudGlmaWVyIGNs
YXNzQ29kZT0iSURFTlQiPg0KICAgICAgICAgICAgICAgICAgICA8ZXh0OmlkIGFzc2lnbmluZ0F1
dGhvcml0eU5hbWU9IkhQSS1PIiByb290PSIxLjIuMzYuMS4yMDAxLjEwMDMuMC44MDAzNjIxNzcx
MTY3ODg4IiAvPg0KICAgICAgICAgICAgICAgICAgICA8ZXh0OmFzc2lnbmluZ0dlb2dyYXBoaWNB
cmVhIGNsYXNzQ29kZT0iUExDIj4NCiAgICAgICAgICAgICAgICAgICAgICAgIDxleHQ6bmFtZT5O
YXRpb25hbCBJZGVudGlmaWVyPC9leHQ6bmFtZT4NCiAgICAgICAgICAgICAgICAgICAgPC9leHQ6
YXNzaWduaW5nR2VvZ3JhcGhpY0FyZWE+DQogICAgICAgICAgICAgICAgPC9leHQ6YXNFbnRpdHlJ
ZGVudGlmaWVyPg0KDQogICAgICAgICAgICA8L3JlY2VpdmVkT3JnYW5pemF0aW9uPg0KICAgICAg
ICA8L2ludGVuZGVkUmVjaXBpZW50Pg0KICAgIDwvaW5mb3JtYXRpb25SZWNpcGllbnQ+DQoJPCEt
LSBFbmQgSW5mb3JtYXRpb24gUmVjaXBpZW50IC0gUHJpbWFyeSAtLT4NCg0KCTwhLS0gQmVnaW4g
RG9jdW1lbnQgUmVjaXBpZW50IERldGFpbCAoT3JnYW5pc2F0aW9uKSAtLT4NCiAgICA8aW5mb3Jt
YXRpb25SZWNpcGllbnQgdHlwZUNvZGU9IlRSQyI+DQogICAgICAgIDxpbnRlbmRlZFJlY2lwaWVu
dD4NCg0KCQkJPCEtLSBJRCBpcyB1c2VkIGZvciBzeXN0ZW0gcHVycG9zZXMgc3VjaCBhcyBtYXRj
aGluZyAtLT4NCiAgICAgICAgICAgIDxpZCByb290PSI5NThBMEU5MC0wQ0QwLTExRTAtQTQzRS1B
QTUwREZENzIwODUiIC8+DQogICAgICAgICAgICA8ZXh0OmNvZGUgY29kZT0iODA1MjIwMDAiIGNv
ZGVTeXN0ZW09IjIuMTYuODQwLjEuMTEzODgzLjYuOTYiIGNvZGVTeXN0ZW1OYW1lPSJTTk9NRUQt
Q1QiIGNvZGVTeXN0ZW1WZXJzaW9uPSIyMDA5MDczMSIgZGlzcGxheU5hbWU9IlJlaGFiaWxpdGF0
aW9uIGhvc2lwaXRhbCIgLz4NCiAgICAgICAgICAgIDxhZGRyIHVzZT0iV1AiPg0KICAgICAgICAg
ICAgICAgIDxzdHJlZXRBZGRyZXNzTGluZT45OSBSZWhhYiBSb2FkPC9zdHJlZXRBZGRyZXNzTGlu
ZT4NCiAgICAgICAgICAgICAgICA8Y2l0eT5OZWh0YXZpbGxlPC9jaXR5Pg0KICAgICAgICAgICAg
ICAgIDxzdGF0ZT5RTEQ8L3N0YXRlPg0KICAgICAgICAgICAgICAgIDxwb3N0YWxDb2RlPjU1NTU8
L3Bvc3RhbENvZGU+DQogICAgICAgICAgICAgICAgPGFkZGl0aW9uYWxMb2NhdG9yPjMyNTY4OTMx
PC9hZGRpdGlvbmFsTG9jYXRvcj4NCiAgICAgICAgICAgICAgICA8Y291bnRyeT5BdXN0cmFsaWE8
L2NvdW50cnk+DQogICAgICAgICAgICA8L2FkZHI+DQogICAgICAgICAgICA8dGVsZWNvbSB1c2U9
IldQIiB2YWx1ZT0idGVsOjA3MTIzNDE5OTkiIC8+DQogICAgICAgICAgICA8cmVjZWl2ZWRPcmdh
bml6YXRpb24+DQogICAgICAgICAgICAgICAgPG5hbWUgdXNlPSJMIj5Gb290IFJlaGFiIERlcGFy
dG1lbnQgDQogICAgICAgICAgICAgICAgICAgIDx2YWxpZFRpbWU+DQogICAgICAgICAgICAgICAg
ICAgICAgICA8bG93IHZhbHVlPSIxOTk1MDEwMSIgLz4NCiAgICAgICAgICAgICAgICAgICAgPC92
YWxpZFRpbWU+DQogICAgICAgICAgICAgICAgPC9uYW1lPg0KICAgICAgICAgICAgICAgIDxhc09y
Z2FuaXphdGlvblBhcnRPZj4NCg0KCQkJCQk8IS0tIElEIGlzIHVzZWQgZm9yIHN5c3RlbSBwdXJw
b3NlcyBzdWNoIGFzIG1hdGNoaW5nIC0tPg0KICAgICAgICAgICAgICAgICAgICA8aWQgcm9vdD0i
OUJFODU3N0UtMENEMC0xMUUwLThEMTktQUI1MERGRDcyMDg1IiAvPg0KICAgICAgICAgICAgICAg
ICAgICA8d2hvbGVPcmdhbml6YXRpb24+DQogICAgICAgICAgICAgICAgICAgICAgICA8bmFtZSB1
c2U9IkwiPlJlaGFiIENsaW5pYyBOYW1lPC9uYW1lPg0KDQoJCQkJCQk8IS0tIEVudGl0eSBJZGVu
dGlmaWVyIC0tPg0KICAgICAgICAgICAgICAgICAgICAgICAgPGV4dDphc0VudGl0eUlkZW50aWZp
ZXIgY2xhc3NDb2RlPSJJREVOVCI+DQogICAgICAgICAgICAgICAgICAgICAgICAgICAgPGV4dDpp
ZCBhc3NpZ25pbmdBdXRob3JpdHlOYW1lPSJIUEktTyIgcm9vdD0iMS4yLjM2LjEuMjAwMS4xMDAz
LjAuODAwMzYyMTc0NDE2Nzg4OCIgLz4NCiAgICAgICAgICAgICAgICAgICAgICAgICAgICA8ZXh0
OmFzc2lnbmluZ0dlb2dyYXBoaWNBcmVhIGNsYXNzQ29kZT0iUExDIj4NCiAgICAgICAgICAgICAg
ICAgICAgICAgICAgICAgICAgPGV4dDpuYW1lPk5hdGlvbmFsIElkZW50aWZpZXI8L2V4dDpuYW1l
Pg0KICAgICAgICAgICAgICAgICAgICAgICAgICAgIDwvZXh0OmFzc2lnbmluZ0dlb2dyYXBoaWNB
cmVhPg0KICAgICAgICAgICAgICAgICAgICAgICAgPC9leHQ6YXNFbnRpdHlJZGVudGlmaWVyPg0K
DQogICAgICAgICAgICAgICAgICAgIDwvd2hvbGVPcmdhbml6YXRpb24+DQogICAgICAgICAgICAg
ICAgPC9hc09yZ2FuaXphdGlvblBhcnRPZj4NCiAgICAgICAgICAgIDwvcmVjZWl2ZWRPcmdhbml6
YXRpb24+DQogICAgICAgIDwvaW50ZW5kZWRSZWNpcGllbnQ+DQogICAgPC9pbmZvcm1hdGlvblJl
Y2lwaWVudD4NCgk8IS0tIEVuZCBEb2N1bWVudCBSZWNpcGllbnQgRGV0YWlsIChPcmdhbmlzYXRp
b24pIC0tPg0KDQoJPCEtLSBCZWdpbiBBdXRoZW50aWNhdG9yIC0tPg0KICAgIDxsZWdhbEF1dGhl
bnRpY2F0b3I+DQoNCgkJPCEtLSBEYXRlVGltZSBBdHRlc3RlZCAtLT4NCiAgICAgICAgPHRpbWUg
dmFsdWU9IjIwMDkxMDIwMTIzNSIgLz4NCiAgICAgICAgPHNpZ25hdHVyZUNvZGUgY29kZT0iUyIg
Lz4NCiAgICAgICAgPGFzc2lnbmVkRW50aXR5Pg0KDQoJCQk8IS0tIElEIGlzIHVzZWQgZm9yIHN5
c3RlbSBwdXJwb3NlcyBzdWNoIGFzIG1hdGNoaW5nIC0tPg0KICAgICAgICAgICAgPGlkIHJvb3Q9
IkI4RTcxQUMyLTBDRDAtMTFFMC04NzQ2LUNFNTBERkQ3MjA4NSIgLz4NCiAgICAgICAgICAgIDxj
b2RlIGNvZGU9IkFUIiBjb2RlU3lzdGVtPSIyLjE2Ljg0MC4xLjExMzg4My4xMi40NDMiIGNvZGVT
eXN0ZW1OYW1lPSJITDcgUHJvdmlkZXIgUm9sZSIgZGlzcGxheU5hbWU9IkF0dGVuZGluZyIgLz4N
CiAgICAgICAgICAgIDxhZGRyIHVzZT0iSCI+DQogICAgICAgICAgICAgICAgPHN0cmVldEFkZHJl
c3NMaW5lPjEgQ2xpbmljaWFuIFN0cmVldDwvc3RyZWV0QWRkcmVzc0xpbmU+DQogICAgICAgICAg
ICAgICAgPGNpdHk+TmVodGF2aWxsZTwvY2l0eT4NCiAgICAgICAgICAgICAgICA8c3RhdGU+UUxE
PC9zdGF0ZT4NCiAgICAgICAgICAgICAgICA8cG9zdGFsQ29kZT41NTU1PC9wb3N0YWxDb2RlPg0K
ICAgICAgICAgICAgICAgIDxhZGRpdGlvbmFsTG9jYXRvcj4zMjU2ODkzMTwvYWRkaXRpb25hbExv
Y2F0b3I+DQogICAgICAgICAgICAgICAgPGNvdW50cnk+QXVzdHJhbGlhPC9jb3VudHJ5Pg0KICAg
ICAgICAgICAgPC9hZGRyPg0KICAgICAgICAgICAgPHRlbGVjb20gdXNlPSJXUCIgdmFsdWU9InRl
bDowNzEyMzQxMjM0IiAvPg0KICAgICAgICAgICAgPGFzc2lnbmVkUGVyc29uPg0KDQoJCQkJPCEt
LSBQZXJzb24gTmFtZSAtLT4NCiAgICAgICAgICAgICAgICA8bmFtZT4NCiAgICAgICAgICAgICAg
ICAgICAgPHByZWZpeD5Eci48L3ByZWZpeD4NCiAgICAgICAgICAgICAgICAgICAgPGdpdmVuPkdv
b2Q8L2dpdmVuPg0KICAgICAgICAgICAgICAgICAgICA8ZmFtaWx5PkRvY3RvcjwvZmFtaWx5Pg0K
ICAgICAgICAgICAgICAgIDwvbmFtZT4NCg0KCQkJCTwhLS0gU2V4IC0tPg0KICAgICAgICAgICAg
ICAgIDxleHQ6YWRtaW5pc3RyYXRpdmVHZW5kZXJDb2RlIGNvZGU9Ik0iIGNvZGVTeXN0ZW09IjIu
MTYuODQwLjEuMTEzODgzLjEzLjY4IiBjb2RlU3lzdGVtTmFtZT0iQVMgNTAxNy0yMDA2IEhlYWx0
aCBDYXJlIENsaWVudCBJZGVudGlmaWVyIFNleCIgLz4NCg0KCQkJCTwhLS0gRGF0ZSBvZiBCaXJ0
aCAtLT4NCiAgICAgICAgICAgICAgICA8ZXh0OmJpcnRoVGltZSB2YWx1ZT0iMTk3ODA2MDciIC8+
DQoNCgkJCQk8IS0tIEVudGl0eSBJZGVudGlmaWVyIC0tPg0KICAgICAgICAgICAgICAgIDxleHQ6
YXNFbnRpdHlJZGVudGlmaWVyIGNsYXNzQ29kZT0iSURFTlQiPg0KICAgICAgICAgICAgICAgICAg
ICA8ZXh0OmlkIGFzc2lnbmluZ0F1dGhvcml0eU5hbWU9IkhQSS1JIiByb290PSIxLjIuMzYuMS4y
MDAxLjEwMDMuMC44MTEzNjExMjM0NTY3ODkwIiAvPg0KICAgICAgICAgICAgICAgICAgICA8ZXh0
OmFzc2lnbmluZ0dlb2dyYXBoaWNBcmVhIGNsYXNzQ29kZT0iUExDIj4NCiAgICAgICAgICAgICAg
ICAgICAgICAgIDxleHQ6bmFtZT5OYXRpb25hbCBJZGVudGlmaWVyPC9leHQ6bmFtZT4NCiAgICAg
ICAgICAgICAgICAgICAgPC9leHQ6YXNzaWduaW5nR2VvZ3JhcGhpY0FyZWE+DQogICAgICAgICAg
ICAgICAgPC9leHQ6YXNFbnRpdHlJZGVudGlmaWVyPg0KDQogICAgICAgICAgICA8L2Fzc2lnbmVk
UGVyc29uPg0KDQogICAgICAgICAgICA8cmVwcmVzZW50ZWRPcmdhbml6YXRpb24+DQogICAgICAg
ICAgICAgICAgPG5hbWU+T3ogSGVhbHRoIENsaW5pYzwvbmFtZT4NCg0KCQkJCTwhLS0gRW50aXR5
IElkZW50aWZpZXIgLS0+DQogICAgICAgICAgICAgICAgPGV4dDphc0VudGl0eUlkZW50aWZpZXIg
Y2xhc3NDb2RlPSJJREVOVCI+DQogICAgICAgICAgICAgICAgICAgIDxleHQ6aWQgYXNzaWduaW5n
QXV0aG9yaXR5TmFtZT0iSFBJLU8iIHJvb3Q9IjEuMi4zNi4xLjIwMDEuMTAwMy4wLjgyMjM2MjE3
NzExNjc4ODgiIC8+DQogICAgICAgICAgICAgICAgICAgIDxleHQ6YXNzaWduaW5nR2VvZ3JhcGhp
Y0FyZWEgY2xhc3NDb2RlPSJQTEMiPg0KICAgICAgICAgICAgICAgICAgICAgICAgPGV4dDpuYW1l
Pk5hdGlvbmFsIElkZW50aWZpZXI8L2V4dDpuYW1lPg0KICAgICAgICAgICAgICAgICAgICA8L2V4
dDphc3NpZ25pbmdHZW9ncmFwaGljQXJlYT4NCiAgICAgICAgICAgICAgICA8L2V4dDphc0VudGl0
eUlkZW50aWZpZXI+DQoNCiAgICAgICAgICAgIDwvcmVwcmVzZW50ZWRPcmdhbml6YXRpb24+DQog
ICAgICAgIDwvYXNzaWduZWRFbnRpdHk+DQogICAgPC9sZWdhbEF1dGhlbnRpY2F0b3I+DQoJPCEt
LSBFbmQgQXV0aGVudGljYXRvciAtLT4NCg0KCTwhLS0gQmVnaW4gRW5jb3VudGVyIChoZWFkZXIg
cGFydCkgLS0+DQogICAgPGNvbXBvbmVudE9mPg0KICAgICAgICA8ZW5jb21wYXNzaW5nRW5jb3Vu
dGVyPg0KDQoJCQk8IS0tIFRoaXMgaXMgYSBtYW5kYXRvcnkgZWxlbWVudCAtLT4NCiAgICAgICAg
ICAgIDxlZmZlY3RpdmVUaW1lIG51bGxGbGF2b3I9Ik5BIiAvPg0KDQogICAgICAgIDwvZW5jb21w
YXNzaW5nRW5jb3VudGVyPg0KICAgIDwvY29tcG9uZW50T2Y+DQoJPCEtLSBFbmQgRW5jb3VudGVy
IChoZWFkZXIgcGFydCkgLS0+DQoJPCEtLSBFbmQgQ0RBIEhlYWRlciAtLT4NCg0KCTwhLS0gQmVn
aW4gQ0RBIEJvZHkgLS0+DQogICAgPGNvbXBvbmVudD4NCiAgICAgICAgPHN0cnVjdHVyZWRCb2R5
Pg0KDQoJCQk8IS0tIFJldmlld2VkIEFkdmVyc2UgU3Vic3RhbmNlIFJlYWN0aW9ucyAtLT4NCiAg
ICAgICAgICAgIDxjb21wb25lbnQ+DQogICAgICAgICAgICAgICAgPHNlY3Rpb24+DQogICAgICAg
ICAgICAgICAgICAgIDxjb2RlIGNvZGU9IjEwMS4yMDExMyIgY29kZVN5c3RlbT0iMS4yLjM2LjEu
MjAwMS4xMDAxLjEwMSIgY29kZVN5c3RlbU5hbWU9Ik5DVElTIERhdGEgQ29tcG9uZW50cyIgZGlz
cGxheU5hbWU9IlJldmlld2VkIEFkdmVyc2UgU3Vic3RhbmNlIFJlYWN0aW9ucyIgLz4NCiAgICAg
ICAgICAgICAgICAgICAgPHRpdGxlPlJldmlld2VkIEFkdmVyc2UgU3Vic3RhbmNlIFJlYWN0aW9u
czwvdGl0bGU+DQogICAgICAgICAgICAgICAgICAgIDx0ZXh0PlJldmlld2VkIEFkdmVyc2UgU3Vi
c3RhbmNlIFJlYWN0aW9ucyBuYXJyYXRpdmUgZ29lcyBoZXJlLjwvdGV4dD4NCg0KCQkJCQk8IS0t
IEFkdmVyc2UgU3Vic3RhbmNlIFJlYWN0aW9uIFJldmlldyAtLT4NCiAgICAgICAgICAgICAgICAg
ICAgPGVudHJ5Pg0KICAgICAgICAgICAgICAgICAgICAgICAgPGFjdCBjbGFzc0NvZGU9IkFDVCIg
bW9vZENvZGU9IkVWTiI+DQogICAgICAgICAgICAgICAgICAgICAgICAgICAgPGNvZGUgY29kZT0i
MTAyLjE2NTc2IiBjb2RlU3lzdGVtPSIxLjIuMzYuMS4yMDAxLjEwMDEuMTAxIiBjb2RlU3lzdGVt
TmFtZT0iTkNUSVMgRGF0YSBDb21wb25lbnRzIiBkaXNwbGF5TmFtZT0iQWR2ZXJzZSBTdWJzdGFu
Y2UgUmVhY3Rpb25zIFJldmlldyIgLz4NCgkJCQkJCQk8IS0tIFJlY29yZCBSZXZpZXcgRGF0ZVRp
bWUgLS0+DQogICAgICAgICAgICAgICAgICAgICAgICAgICAgPGVmZmVjdGl2ZVRpbWUgdmFsdWU9
IjIwMTAxMjI1IiAvPg0KICAgICAgICAgICAgICAgICAgICAgICAgPC9hY3Q+DQogICAgICAgICAg
ICAgICAgICAgIDwvZW50cnk+DQoJCQkJCTwhLS0gRW5kIEFkdmVyc2UgU3Vic3RhbmNlIFJlYWN0
aW9uIFJldmlldyAtLT4NCg0KCQkJCQk8IS0tIEFkdmVyc2UgU3Vic3RhbmNlIFJlYWN0aW9uIC0t
Pg0KICAgICAgICAgICAgICAgICAgICA8ZW50cnk+DQogICAgICAgICAgICAgICAgICAgICAgICA8
YWN0IGNsYXNzQ29kZT0iQUNUIiBtb29kQ29kZT0iRVZOIj4NCiAgICAgICAgICAgICAgICAgICAg
ICAgICAgICA8Y29kZSBjb2RlPSIxMDIuMTY0NzMiIGNvZGVTeXN0ZW09IjEuMi4zNi4xLjIwMDEu
MTAwMS4xMDEiIGNvZGVTeXN0ZW1OYW1lPSJOQ1RJUyBEYXRhIENvbXBvbmVudHMiIGRpc3BsYXlO
YW1lPSJBZHZlcnNlIFN1YnN0YW5jZSBSZWFjdGlvbiIgLz4NCgkJCQkJCQk8IS0tIFN1YnN0YW5j
ZS9BZ2VudCAtLT4NCiAgICAgICAgICAgICAgICAgICAgICAgICAgICA8cGFydGljaXBhbnQgdHlw
ZUNvZGU9IkNBR05UIj4NCiAgICAgICAgICAgICAgICAgICAgICAgICAgICAgICAgPHBhcnRpY2lw
YW50Um9sZT4NCiAgICAgICAgICAgICAgICAgICAgICAgICAgICAgICAgICAgIDxwbGF5aW5nRW50
aXR5Pg0KICAgICAgICAgICAgICAgICAgICAgICAgICAgICAgICAgICAgICAgIDxjb2RlIGNvZGU9
IjkwNTgwMDA4IiBjb2RlU3lzdGVtPSIyLjE2Ljg0MC4xLjExMzg4My42Ljk2IiBjb2RlU3lzdGVt
TmFtZT0iU05PTUVELUNUIiBkaXNwbGF5TmFtZT0iZmlzaCIgLz4NCiAgICAgICAgICAgICAgICAg
ICAgICAgICAgICAgICAgICAgIDwvcGxheWluZ0VudGl0eT4NCiAgICAgICAgICAgICAgICAgICAg
ICAgICAgICAgICAgPC9wYXJ0aWNpcGFudFJvbGU+DQogICAgICAgICAgICAgICAgICAgICAgICAg
ICAgPC9wYXJ0aWNpcGFudD4NCg0KCQkJCQkJCTwhLS0gUmVhY3Rpb24gRXZlbnQgLS0+DQogICAg
ICAgICAgICAgICAgICAgICAgICAgICAgPGVudHJ5UmVsYXRpb25zaGlwIHR5cGVDb2RlPSJDQVVT
Ij4NCiAgICAgICAgICAgICAgICAgICAgICAgICAgICAgICAgPG9ic2VydmF0aW9uIGNsYXNzQ29k
ZT0iT0JTIiBtb29kQ29kZT0iRVZOIj4NCiAgICAgICAgICAgICAgICAgICAgICAgICAgICAgICAg
ICAgIDxjb2RlIGNvZGU9IjEwMi4xNjQ3NCIgY29kZVN5c3RlbT0iMS4yLjM2LjEuMjAwMS4xMDAx
LjEwMSIgY29kZVN5c3RlbU5hbWU9Ik5DVElTIERhdGEgQ29tcG9uZW50cyIgZGlzcGxheU5hbWU9
IlJlYWN0aW9uIEV2ZW50IiAvPg0KDQoJCQkJCQkJCQk8IS0tIE1hbmlmZXN0YXRpb24gLS0+DQog
ICAgICAgICAgICAgICAgICAgICAgICAgICAgICAgICAgICA8ZW50cnlSZWxhdGlvbnNoaXAgdHlw
ZUNvZGU9Ik1GU1QiPg0KICAgICAgICAgICAgICAgICAgICAgICAgICAgICAgICAgICAgICAgIDxv
YnNlcnZhdGlvbiBjbGFzc0NvZGU9Ik9CUyIgbW9vZENvZGU9IkVWTiIgbmVnYXRpb25JbmQ9InRy
dWUiPg0KICAgICAgICAgICAgICAgICAgICAgICAgICAgICAgICAgICAgICAgICAgICA8Y29kZSBj
b2RlPSIyNzE4MDcwMDMiIGNvZGVTeXN0ZW09IjIuMTYuODQwLjEuMTEzODgzLjYuOTYiIGNvZGVT
eXN0ZW1OYW1lPSJTTk9NRUQtQ1QiIGNvZGVTeXN0ZW1WZXJzaW9uPSIyMDA5MDczMSIgZGlzcGxh
eU5hbWU9InNraW4gcmFzaCIgLz4NCiAgICAgICAgICAgICAgICAgICAgICAgICAgICAgICAgICAg
ICAgICAgICAgPHRleHQ+U2tpbiBSYXNoLjwvdGV4dD4NCiAgICAgICAgICAgICAgICAgICAgICAg
ICAgICAgICAgICAgICAgICA8L29ic2VydmF0aW9uPg0KDQogICAgICAgICAgICAgICAgICAgICAg
ICAgICAgICAgICAgICA8L2VudHJ5UmVsYXRpb25zaGlwPg0KICAgICAgICAgICAgICAgICAgICAg
ICAgICAgICAgICA8L29ic2VydmF0aW9uPg0KICAgICAgICAgICAgICAgICAgICAgICAgICAgIDwv
ZW50cnlSZWxhdGlvbnNoaXA+DQoJCQkJCQkJPCEtLSBFbmQgUmVhY3Rpb24gRXZlbnQgLS0+DQoN
CiAgICAgICAgICAgICAgICAgICAgICAgIDwvYWN0Pg0KICAgICAgICAgICAgICAgICAgICA8L2Vu
dHJ5Pg0KCQkJCQk8IS0tIEVuZCBBZHZlcnNlIFN1YnN0YW5jZSBSZWFjdGlvbiAtLT4NCg0KCQkJ
CQk8IS0tIEV4Y2x1c2lvbiBTdGF0ZW1lbnQgLSBBZHZlcnNlIFN1YnN0YW5jZSBSZWFjdGlvbiAt
LT4NCiAgICAgICAgICAgICAgICAgICAgPGVudHJ5Pg0KICAgICAgICAgICAgICAgICAgICAgICAg
PG9ic2VydmF0aW9uIGNsYXNzQ29kZT0iT0JTIiBtb29kQ29kZT0iRVZOIj4NCiAgICAgICAgICAg
ICAgICAgICAgICAgICAgICA8Y29kZSBjb2RlPSIxMDMuMTYzMDIiIGNvZGVTeXN0ZW09IjEuMi4z
Ni4xLjIwMDEuMTAwMS4xMDEiIGNvZGVTeXN0ZW1OYW1lPSJOQ1RJUyBEYXRhIENvbXBvbmVudHMi
IGRpc3BsYXlOYW1lPSJHbG9iYWwgU3RhdGVtZW50IiAvPg0KICAgICAgICAgICAgICAgICAgICAg
ICAgICAgIDx2YWx1ZSBjb2RlPSIwMiIgY29kZVN5c3RlbT0iMS4yLjM2LjEuMjAwMS4xMDAxLjEw
MS4xMDQuMTYyOTkiIGNvZGVTeXN0ZW1OYW1lPSJOQ1RJUyBHbG9iYWwgU3RhdGVtZW50IFZhbHVl
cyIgZGlzcGxheU5hbWU9Ik5vdCBhc2tlZCIgeHNpOnR5cGU9IkNEIiAvPg0KICAgICAgICAgICAg
ICAgICAgICAgICAgPC9vYnNlcnZhdGlvbj4NCiAgICAgICAgICAgICAgICAgICAgPC9lbnRyeT4N
CgkJCQkJPCEtLSBFbmQgRXhjbHVzaW9uIFN0YXRlbWVudCAtIEFkdmVyc2UgU3Vic3RhbmNlIFJl
YWN0aW9uIC0tPg0KDQogICAgICAgICAgICAgICAgPC9zZWN0aW9uPg0KICAgICAgICAgICAgPC9j
b21wb25lbnQ+DQoJCQk8IS0tIEVuZCBSZXZpZXdlZCBBZHZlcnNlIFN1YnN0YW5jZSBSZWFjdGlv
bnMgLS0+DQoNCgkJCTwhLS0gUmV2aWV3ZWQgTWVkaWNhdGlvbnMgLS0+DQogICAgICAgICAgICA8
Y29tcG9uZW50Pg0KICAgICAgICAgICAgICAgIDxzZWN0aW9uPg0KICAgICAgICAgICAgICAgICAg
ICA8Y29kZSBjb2RlPSIxMDEuMTYwMjIiIGNvZGVTeXN0ZW09IjEuMi4zNi4xLjIwMDEuMTAwMS4x
MDEiIGNvZGVTeXN0ZW1OYW1lPSJOQ1RJUyBEYXRhIENvbXBvbmVudHMiIGRpc3BsYXlOYW1lPSJS
ZXZpZXdlZCBNZWRpY2F0aW9ucyIgLz4NCiAgICAgICAgICAgICAgICAgICAgPHRpdGxlPlJldmll
d2VkIE1lZGljYXRpb25zPC90aXRsZT4NCiAgICAgICAgICAgICAgICAgICAgPHRleHQ+UmV2aWV3
ZWQgTWVkaWNhdGlvbnMgbmFycmF0aXZlIGdvZXMgaGVyZS48L3RleHQ+DQoNCgkJCQkJPCEtLSBN
ZWRpY2F0aW9ucyBSZXZpZXcgLS0+DQogICAgICAgICAgICAgICAgICAgIDxlbnRyeT4NCiAgICAg
ICAgICAgICAgICAgICAgICAgIDxhY3QgY2xhc3NDb2RlPSJBQ1QiIG1vb2RDb2RlPSJFVk4iPg0K
ICAgICAgICAgICAgICAgICAgICAgICAgICAgIDxjb2RlIGNvZGU9IjEwMi4xNjU3NiIgY29kZVN5
c3RlbT0iMS4yLjM2LjEuMjAwMS4xMDAxLjEwMSIgY29kZVN5c3RlbU5hbWU9Ik5DVElTIERhdGEg
Q29tcG9uZW50cyIgZGlzcGxheU5hbWU9Ik1lZGljYXRpb25zIFJldmlldyIgLz4NCiAgICAgICAg
ICAgICAgICAgICAgICAgICAgICA8ZWZmZWN0aXZlVGltZSB2YWx1ZT0iMjAxMDEyMjUiIC8+DQog
ICAgICAgICAgICAgICAgICAgICAgICA8L2FjdD4NCiAgICAgICAgICAgICAgICAgICAgPC9lbnRy
eT4NCgkJCQkJPCEtLSBFbmQgTWVkaWNhdGlvbnMgUmV2aWV3IC0tPg0KDQoJCQkJCTwhLS0gVXNl
ZCBNZWRpY2F0aW9ucyAtLT4NCiAgICAgICAgICAgICAgICAgICAgPGVudHJ5Pg0KICAgICAgICAg
ICAgICAgICAgICAgICAgPHN1YnN0YW5jZUFkbWluaXN0cmF0aW9uIGNsYXNzQ29kZT0iU0JBRE0i
IG1vb2RDb2RlPSJFVk4iPg0KICAgICAgICAgICAgICAgICAgICAgICAgICAgIDxpZCByb290PSJD
NTdBOUYzMi03NTRCLTExRTAtQTdFMC01OTlGNDgyNDAxOUIiIC8+DQoJCQkJCQkJPCEtLSBEaXJl
Y3Rpb25zIC0tPg0KICAgICAgICAgICAgICAgICAgICAgICAgICAgIDx0ZXh0IHhzaTp0eXBlPSJT
VCI+MiB0YWJsZXRzIGRhaWx5IGFmdGVyIGJyZWFrZmFzdDwvdGV4dD4NCiAgICAgICAgICAgICAg
ICAgICAgICAgICAgICA8Y29uc3VtYWJsZT4NCiAgICAgICAgICAgICAgICAgICAgICAgICAgICAg
ICAgPG1hbnVmYWN0dXJlZFByb2R1Y3Q+DQogICAgICAgICAgICAgICAgICAgICAgICAgICAgICAg
ICAgICA8bWFudWZhY3R1cmVkTWF0ZXJpYWw+DQoJCQkJCQkJCQkJPCEtLSBUaGVyYXBldXRpYyBH
b29kIElkZW50aWZpY2F0aW9uIC0tPg0KICAgICAgICAgICAgICAgICAgICAgICAgICAgICAgICAg
ICAgICAgIDxjb2RlIGNvZGU9IjIzNjQxMDExMDAwMDM2MTAyIiBjb2RlU3lzdGVtPSIxLjIuMzYu
MS4yMDAxLjEwMDQuMTAwIiBjb2RlU3lzdGVtTmFtZT0iQXVzdHJhbGlhbiBNZWRpY2luY2VzIFRl
cm1pbm9sb2d5IChBTVQpIg0KCQkJCQkJCQkJCQlkaXNwbGF5TmFtZT0icGFyYWNldGFtb2wgNTAw
IG1nICsgY29kZWluZSBwaG9zcGhhdGUgMzAgbWcgdGFibGV0IiAvPg0KICAgICAgICAgICAgICAg
ICAgICAgICAgICAgICAgICAgICAgPC9tYW51ZmFjdHVyZWRNYXRlcmlhbD4NCiAgICAgICAgICAg
ICAgICAgICAgICAgICAgICAgICAgPC9tYW51ZmFjdHVyZWRQcm9kdWN0Pg0KICAgICAgICAgICAg
ICAgICAgICAgICAgICAgIDwvY29uc3VtYWJsZT4NCg0KCQkJCQkJCTwhLS0gQ2xpbmljYWwgSW5k
aWNhdGlvbiAtLT4NCiAgICAgICAgICAgICAgICAgICAgICAgICAgICA8ZW50cnlSZWxhdGlvbnNo
aXAgdHlwZUNvZGU9IlJTT04iPg0KICAgICAgICAgICAgICAgICAgICAgICAgICAgICAgICA8YWN0
IGNsYXNzQ29kZT0iSU5GUk0iIG1vb2RDb2RlPSJFVk4iPg0KICAgICAgICAgICAgICAgICAgICAg
ICAgICAgICAgICAgICAgPGlkIHJvb3Q9IjM2MUI2RUY2LTc1NEMtMTFFMC1BM0MzLUQxOUY0ODI0
MDE5QiIgLz4NCiAgICAgICAgICAgICAgICAgICAgICAgICAgICAgICAgICAgIDxjb2RlIGNvZGU9
IjEwMy4xMDE0MSIgY29kZVN5c3RlbT0iMS4yLjM2LjEuMjAwMS4xMDAxLjEwMSIgY29kZVN5c3Rl
bU5hbWU9Ik5DVElTIERhdGEgQ29tcG9uZW50cyIgZGlzcGxheU5hbWU9IkNsaW5pY2FsIEluZGlj
YXRpb24iIC8+DQogICAgICAgICAgICAgICAgICAgICAgICAgICAgICAgICAgICA8dGV4dCB4c2k6
dHlwZT0iU1QiPlBhaW4gY29udHJvbC48L3RleHQ+DQogICAgICAgICAgICAgICAgICAgICAgICAg
ICAgICAgIDwvYWN0Pg0KICAgICAgICAgICAgICAgICAgICAgICAgICAgIDwvZW50cnlSZWxhdGlv
bnNoaXA+DQoJCQkJCQkJPCEtLSBFbmQgQ2xpbmljYWwgSW5kaWNhdGlvbiAtLT4NCg0KCQkJCQkJ
CTwhLS0gQ29tbWVudCAtLT4NCiAgICAgICAgICAgICAgICAgICAgICAgICAgICA8ZW50cnlSZWxh
dGlvbnNoaXAgdHlwZUNvZGU9IkNPTVAiPg0KICAgICAgICAgICAgICAgICAgICAgICAgICAgICAg
ICA8YWN0IGNsYXNzQ29kZT0iSU5GUk0iIG1vb2RDb2RlPSJFVk4iPg0KICAgICAgICAgICAgICAg
ICAgICAgICAgICAgICAgICAgICAgPGlkIHJvb3Q9IjM2MUI2RUY2LTc1NEMtMTFFMC1BM0MzLUQx
OUY0ODI0MDE5QiIgLz4NCiAgICAgICAgICAgICAgICAgICAgICAgICAgICAgICAgICAgIDxjb2Rl
IGNvZGU9IjEwMy4xNjA0NCIgY29kZVN5c3RlbT0iMS4yLjM2LjEuMjAwMS4xMDAxLjEwMSIgY29k
ZVN5c3RlbU5hbWU9Ik5DVElTIERhdGEgQ29tcG9uZW50cyIgZGlzcGxheU5hbWU9IkFkZGl0aW9u
YWwgQ29tbWVudHMiIC8+DQogICAgICAgICAgICAgICAgICAgICAgICAgICAgICAgICAgICA8dGV4
dCB4c2k6dHlwZT0iU1QiPkRvc2FnZSB0byBiZSByZXZpZXdlZCBpbiAxMCBkYXlzLjwvdGV4dD4N
CiAgICAgICAgICAgICAgICAgICAgICAgICAgICAgICAgPC9hY3Q+DQogICAgICAgICAgICAgICAg
ICAgICAgICAgICAgPC9lbnRyeVJlbGF0aW9uc2hpcD4NCgkJCQkJCQk8IS0tIEVuZCBDb21tZW50
IC0tPg0KDQogICAgICAgICAgICAgICAgICAgICAgICA8L3N1YnN0YW5jZUFkbWluaXN0cmF0aW9u
Pg0KICAgICAgICAgICAgICAgICAgICA8L2VudHJ5Pg0KCQkJCQk8IS0tIEVuZCBVc2VkIE1lZGlj
YXRpb25zIC0tPg0KDQoJCQkJCTwhLS0gRXhjbHVzaW9uIFN0YXRlbWVudCAtIE1lZGljYXRpb25z
IC0tPg0KICAgICAgICAgICAgICAgICAgICA8ZW50cnk+DQogICAgICAgICAgICAgICAgICAgICAg
ICA8b2JzZXJ2YXRpb24gY2xhc3NDb2RlPSJPQlMiIG1vb2RDb2RlPSJFVk4iPg0KICAgICAgICAg
ICAgICAgICAgICAgICAgICAgIDxjb2RlIGNvZGU9IjEwMy4xNjMwMiIgY29kZVN5c3RlbT0iMS4y
LjM2LjEuMjAwMS4xMDAxLjEwMSIgY29kZVN5c3RlbU5hbWU9Ik5DVElTIERhdGEgQ29tcG9uZW50
cyIgZGlzcGxheU5hbWU9Ikdsb2JhbCBTdGF0ZW1lbnQiIC8+DQogICAgICAgICAgICAgICAgICAg
ICAgICAgICAgPHZhbHVlIGNvZGU9IjExIiBjb2RlU3lzdGVtPSIxLjIuMzYuMS4yMDAxLjEwMDEu
MTAxLjEwNC4xNjI5OSIgY29kZVN5c3RlbU5hbWU9Ik5DVElTIEdsb2JhbCBTdGF0ZW1lbnQgVmFs
dWVzIiBkaXNwbGF5TmFtZT0iTm9uZSBrbm93biIgeHNpOnR5cGU9IkNEIiAvPg0KICAgICAgICAg
ICAgICAgICAgICAgICAgPC9vYnNlcnZhdGlvbj4NCiAgICAgICAgICAgICAgICAgICAgPC9lbnRy
eT4NCgkJCQkJPCEtLSBFeGNsdXNpb24gU3RhdGVtZW50IC0gTWVkaWNhdGlvbnMgLS0+DQoNCiAg
ICAgICAgICAgICAgICA8L3NlY3Rpb24+DQogICAgICAgICAgICA8L2NvbXBvbmVudD4NCgkJCTwh
LS0gRW5kIFJldmlld2VkIE1lZGljYXRpb25zIC0tPg0KDQoJCQk8IS0tIFN0YXJ0IFJldmlld2Vk
IE1lZGljYWwgSGlzdG9yeSAtLT4NCiAgICAgICAgICAgIDxjb21wb25lbnQ+DQogICAgICAgICAg
ICAgICAgPHNlY3Rpb24+DQogICAgICAgICAgICAgICAgICAgIDxjb2RlIGNvZGU9IjEwMS4yMTAw
MyIgY29kZVN5c3RlbT0iMS4yLjM2LjEuMjAwMS4xMDAxLjEwMSIgY29kZVN5c3RlbU5hbWU9Ik5D
VElTIERhdGEgQ29tcG9uZW50cyIgZGlzcGxheU5hbWU9IlJldmlld2VkIE1lZGljYWwgSGlzdG9y
eSIgLz4NCiAgICAgICAgICAgICAgICAgICAgPHRpdGxlPlJldmlld2VkIE1lZGljYWwgaGlzdG9y
eTwvdGl0bGU+DQogICAgICAgICAgICAgICAgICAgIDx0ZXh0PlJldmlld2VkIE1lZGljYWwgaGlz
dG9yeSBuYXJyYXRpdmUgZ29lcyBoZXJlLjwvdGV4dD4NCg0KCQkJCQk8IS0tIE1lZGljYWwgSGlz
dG9yeSBSZXZpZXcgLS0+DQogICAgICAgICAgICAgICAgICAgIDxlbnRyeT4NCiAgICAgICAgICAg
ICAgICAgICAgICAgIDxhY3QgY2xhc3NDb2RlPSJBQ1QiIG1vb2RDb2RlPSJFVk4iPg0KICAgICAg
ICAgICAgICAgICAgICAgICAgICAgIDxjb2RlIGNvZGU9IjEwMi4xNjU3NiIgY29kZVN5c3RlbT0i
MS4yLjM2LjEuMjAwMS4xMDAxLjEwMSIgY29kZVN5c3RlbU5hbWU9Ik5DVElTIERhdGEgQ29tcG9u
ZW50cyIgZGlzcGxheU5hbWU9Ik1lZGljYWwgSGlzdG9yeSBSZXZpZXciIC8+DQogICAgICAgICAg
ICAgICAgICAgICAgICAgICAgPGVmZmVjdGl2ZVRpbWUgdmFsdWU9IjIwMTAxMjI1IiAvPg0KICAg
ICAgICAgICAgICAgICAgICAgICAgPC9hY3Q+DQogICAgICAgICAgICAgICAgICAgIDwvZW50cnk+
DQoJCQkJCTwhLS0gTWVkaWNhbCBIaXN0b3J5IFJldmlldyAtLT4NCg0KCQkJCQk8IS0tIFByb2Js
ZW0vRGlhZ25vc2lzIC0tPg0KICAgICAgICAgICAgICAgICAgICA8ZW50cnk+DQogICAgICAgICAg
ICAgICAgICAgICAgICA8b2JzZXJ2YXRpb24gY2xhc3NDb2RlPSJPQlMiIG1vb2RDb2RlPSJFVk4i
Pg0KICAgICAgICAgICAgICAgICAgICAgICAgICAgIDxpZCByb290PSI3NEQyOUM4OC03MDZFLTEx
RTAtOTcyNi01QUJFNDgyNDAxOUIiIC8+DQogICAgICAgICAgICAgICAgICAgICAgICAgICAgPGNv
ZGUgY29kZT0iMTAyLjE1NTMwIiBjb2RlU3lzdGVtPSIxLjIuMzYuMS4yMDAxLjEwMDEuMTAxIiBj
b2RlU3lzdGVtTmFtZT0iTkNUSVMgRGF0YSBDb21wb25lbnRzIiBkaXNwbGF5TmFtZT0iUHJvYmxl
bS9EaWFnbm9zaXMiIC8+DQoJCQkJCQkJPCEtLSBEYXRlIG9mIE9uc2V0IC0tPg0KICAgICAgICAg
ICAgICAgICAgICAgICAgICAgIDxlZmZlY3RpdmVUaW1lIHZhbHVlPSIyMDExMTEwNCIgLz4NCg0K
CQkJCQkJCTwhLS0gUHJvYmxlbS9EaWFnbm9zaXMgSWRlbnRpZmljYXRpb24gLS0+DQogICAgICAg
ICAgICAgICAgICAgICAgICAgICAgPHZhbHVlIGNvZGU9IjExNjIyMzAwNyIgY29kZVN5c3RlbT0i
Mi4xNi44NDAuMS4xMTM4ODMuNi45NiIgY29kZVN5c3RlbU5hbWU9IlNOT01FRC1DVCIgY29kZVN5
c3RlbVZlcnNpb249IjIwMDkwNzMxIiBkaXNwbGF5TmFtZT0iQ29tb3JiaWRpdHkiIHhzaTp0eXBl
PSJDRCIgLz4NCg0KCQkJCQkJCTwhLS0gRGF0ZSBvZiBSZXNvbHV0aW9uL1JlbWlzc2lvbiAtLT4N
CiAgICAgICAgICAgICAgICAgICAgICAgICAgICA8ZW50cnlSZWxhdGlvbnNoaXAgdHlwZUNvZGU9
IlNVQkoiPg0KICAgICAgICAgICAgICAgICAgICAgICAgICAgICAgICA8b2JzZXJ2YXRpb24gY2xh
c3NDb2RlPSJPQlMiIG1vb2RDb2RlPSJFVk4iPg0KICAgICAgICAgICAgICAgICAgICAgICAgICAg
ICAgICAgICAgPGlkIHJvb3Q9IjZBRDE5QkFFLTc1MjctMTFFMC04NTFFLTgyNzc0ODI0MDE5QiIg
Lz4NCiAgICAgICAgICAgICAgICAgICAgICAgICAgICAgICAgICAgIDxjb2RlIGNvZGU9IjEwMy4x
NTUxMCIgY29kZVN5c3RlbT0iMS4yLjM2LjEuMjAwMS4xMDAxLjEwMSIgY29kZVN5c3RlbU5hbWU9
Ik5DVElTIERhdGEgQ29tcG9uZW50cyIgZGlzcGxheU5hbWU9IkRhdGUgb2YgUmVzb2x1dGlvbi9S
ZW1pc3Npb24iIC8+DQogICAgICAgICAgICAgICAgICAgICAgICAgICAgICAgICAgICA8dmFsdWUg
dmFsdWU9IjIwMTEwNDI3IiB4c2k6dHlwZT0iSVZMX1RTIiAvPg0KICAgICAgICAgICAgICAgICAg
ICAgICAgICAgICAgICA8L29ic2VydmF0aW9uPg0KICAgICAgICAgICAgICAgICAgICAgICAgICAg
IDwvZW50cnlSZWxhdGlvbnNoaXA+DQoJCQkJCQkJPCEtLSBFbmQgRGF0ZSBvZiBSZXNvbHV0aW9u
L1JlbWlzc2lvbiAtLT4NCg0KCQkJCQkJCTwhLS0gUHJvYmxlbS9EaWFnbm9zaXMgQ29tbWVudCAt
LT4NCiAgICAgICAgICAgICAgICAgICAgICAgICAgICA8ZW50cnlSZWxhdGlvbnNoaXAgdHlwZUNv
ZGU9IkNPTVAiPg0KICAgICAgICAgICAgICAgICAgICAgICAgICAgICAgICA8YWN0IGNsYXNzQ29k
ZT0iSU5GUk0iIG1vb2RDb2RlPSJFVk4iPg0KICAgICAgICAgICAgICAgICAgICAgICAgICAgICAg
ICAgICAgPGNvZGUgY29kZT0iMTAzLjE2NTQ1IiBjb2RlU3lzdGVtPSIxLjIuMzYuMS4yMDAxLjEw
MDEuMTAxIiBjb2RlU3lzdGVtTmFtZT0iTkNUSVMgRGF0YSBDb21wb25lbnRzIiBkaXNwbGF5TmFt
ZT0iUHJvYmxlbS9EaWFnbm9zaXMgQ29tbWVudCIgLz4NCiAgICAgICAgICAgICAgICAgICAgICAg
ICAgICAgICAgICAgIDx0ZXh0IHhzaTp0eXBlPSJTVCI+UHJvYmxlbS9EaWFnbm9zaXMgQ29tbWVu
dCBDb21tZW50IGdvZXMgaGVyZS48L3RleHQ+DQogICAgICAgICAgICAgICAgICAgICAgICAgICAg
ICAgIDwvYWN0Pg0KICAgICAgICAgICAgICAgICAgICAgICAgICAgIDwvZW50cnlSZWxhdGlvbnNo
aXA+DQoJCQkJCQkJPCEtLSBFbmQgUHJvYmxlbS9EaWFnbm9zaXMgQ29tbWVudCAtLT4NCg0KICAg
ICAgICAgICAgICAgICAgICAgICAgPC9vYnNlcnZhdGlvbj4NCiAgICAgICAgICAgICAgICAgICAg
PC9lbnRyeT4NCgkJCQkJPCEtLSBFbmQgUHJvYmxlbS9EaWFnbm9zaXMgLS0+DQoNCgkJCQkJPCEt
LSBFeGNsdXNpb24gU3RhdGVtZW50IC0gUHJvYmxlbS9EaWFnbm9zZXMgLS0+DQoJCQkJCTwhLS0g
R2xvYmFsIFN0YXRlbWVudCAtLT4NCiAgICAgICAgICAgICAgICAgICAgPGVudHJ5Pg0KICAgICAg
ICAgICAgICAgICAgICAgICAgPG9ic2VydmF0aW9uIGNsYXNzQ29kZT0iT0JTIiBtb29kQ29kZT0i
RVZOIj4NCiAgICAgICAgICAgICAgICAgICAgICAgICAgICA8aWQgcm9vdD0iOUNCN0M1REMtNzUy
Ri0xMUUwLTlGRTItOTc4MDQ4MjQwMTlCIiAvPg0KICAgICAgICAgICAgICAgICAgICAgICAgICAg
IDxjb2RlIGNvZGU9IjEwMy4xNjMwMiIgY29kZVN5c3RlbT0iMS4yLjM2LjEuMjAwMS4xMDAxLjEw
MSIgY29kZVN5c3RlbU5hbWU9Ik5DVElTIERhdGEgQ29tcG9uZW50cyIgZGlzcGxheU5hbWU9Ikds
b2JhbCBTdGF0ZW1lbnQiIC8+DQogICAgICAgICAgICAgICAgICAgICAgICAgICAgPHZhbHVlIGNv
ZGU9IjEiIGNvZGVTeXN0ZW09IjEuMi4zNi4xLjIwMDEuMTAwMS4xMDEuMTA0LjE2Mjk5IiBjb2Rl
U3lzdGVtTmFtZT0iTkNUSVMgR2xvYmFsIFN0YXRlbWVudCBWYWx1ZXMiDQoJCQkJCQkJCWRpc3Bs
YXlOYW1lPSJObyBzaWduaWZpY2FudCBtZWRpY2FsIGhpc3Rvcnkgb2YgYW55IHByb2JsZW0gb3Ig
ZGlhZ25vc2lzIiB4c2k6dHlwZT0iQ0QiIC8+DQogICAgICAgICAgICAgICAgICAgICAgICA8L29i
c2VydmF0aW9uPg0KICAgICAgICAgICAgICAgICAgICA8L2VudHJ5Pg0KCQkJCQk8IS0tIEVuZCBF
eGNsdXNpb24gU3RhdGVtZW50IC0gUHJvYmxlbS9EaWFnbm9zZXMgLS0+DQoNCgkJCQkJPCEtLSBQ
cm9jZWR1cmUgLS0+DQogICAgICAgICAgICAgICAgICAgIDxlbnRyeT4NCiAgICAgICAgICAgICAg
ICAgICAgICAgIDxwcm9jZWR1cmUgY2xhc3NDb2RlPSJQUk9DIiBtb29kQ29kZT0iRVZOIj4NCiAg
ICAgICAgICAgICAgICAgICAgICAgICAgICA8aWQgcm9vdD0iQjk2QTM4QzYtNzA2Qy0xMUUwLUFE
MkUtNDJCQzQ4MjQwMTlCIiAvPg0KCQkJCQkJCTwhLS0gUHJvY2VkdXJlIE5hbWUgLS0+DQogICAg
ICAgICAgICAgICAgICAgICAgICAgICAgPGNvZGUgY29kZT0iMzk3OTU2MDA0IiBjb2RlU3lzdGVt
PSIyLjE2Ljg0MC4xLjExMzg4My42Ljk2IiBjb2RlU3lzdGVtTmFtZT0iU05PTUVELUNUIiBkaXNw
bGF5TmFtZT0iaGlwIHJlcGxhY2VtZW50IiAvPg0KCQkJCQkJCTwhLS0gRGF0ZVRpbWUgU3RhcnRl
ZCAtLT4NCiAgICAgICAgICAgICAgICAgICAgICAgICAgICA8ZWZmZWN0aXZlVGltZSB2YWx1ZT0i
MjAxMTA0MjciIC8+DQoNCgkJCQkJCQk8IS0tIFByb2NlZHVyZSBDb21tZW50IC0tPg0KICAgICAg
ICAgICAgICAgICAgICAgICAgICAgIDxlbnRyeVJlbGF0aW9uc2hpcCB0eXBlQ29kZT0iQ09NUCI+
DQogICAgICAgICAgICAgICAgICAgICAgICAgICAgICAgIDxhY3QgY2xhc3NDb2RlPSJJTkZSTSIg
bW9vZENvZGU9IkVWTiI+DQogICAgICAgICAgICAgICAgICAgICAgICAgICAgICAgICAgICA8Y29k
ZSBjb2RlPSIxMDMuMTU1OTUiIGNvZGVTeXN0ZW09IjEuMi4zNi4xLjIwMDEuMTAwMS4xMDEiIGNv
ZGVTeXN0ZW1OYW1lPSJOQ1RJUyBEYXRhIENvbXBvbmVudHMiIGRpc3BsYXlOYW1lPSJQcm9jZWR1
cmUgQ29tbWVudCIgLz4NCiAgICAgICAgICAgICAgICAgICAgICAgICAgICAgICAgICAgIDx0ZXh0
IHhzaTp0eXBlPSJTVCI+UHJvY2VkdXJlIENvbW1lbnQgZ29lcyBoZXJlLjwvdGV4dD4NCiAgICAg
ICAgICAgICAgICAgICAgICAgICAgICAgICAgPC9hY3Q+DQogICAgICAgICAgICAgICAgICAgICAg
ICAgICAgPC9lbnRyeVJlbGF0aW9uc2hpcD4NCiAgICAgICAgICAgICAgICAgICAgICAgIDwvcHJv
Y2VkdXJlPg0KICAgICAgICAgICAgICAgICAgICA8L2VudHJ5Pg0KCQkJCQk8IS0tIEVuZCBQcm9j
ZWR1cmUgLS0+DQoNCgkJCQkJPCEtLSBFeGNsdXNpb24gU3RhdGVtZW50IC0gUHJvY2VkdXJlcyAt
LT4NCgkJCQkJPCEtLSBHbG9iYWwgU3RhdGVtZW50IC0tPg0KICAgICAgICAgICAgICAgICAgICA8
ZW50cnk+DQogICAgICAgICAgICAgICAgICAgICAgICA8b2JzZXJ2YXRpb24gY2xhc3NDb2RlPSJP
QlMiIG1vb2RDb2RlPSJFVk4iPg0KICAgICAgICAgICAgICAgICAgICAgICAgICAgIDxpZCByb290
PSI4MTE1NTQ1Qy03NTJGLTExRTAtQThFMi04QjgwNDgyNDAxOUIiIC8+DQogICAgICAgICAgICAg
ICAgICAgICAgICAgICAgPGNvZGUgY29kZT0iMTAzLjE2MzAyIiBjb2RlU3lzdGVtPSIxLjIuMzYu
MS4yMDAxLjEwMDEuMTAxIiBjb2RlU3lzdGVtTmFtZT0iTkNUSVMgRGF0YSBDb21wb25lbnRzIiBk
aXNwbGF5TmFtZT0iR2xvYmFsIFN0YXRlbWVudCIgLz4NCiAgICAgICAgICAgICAgICAgICAgICAg
ICAgICA8dmFsdWUgY29kZT0iMTEiIGNvZGVTeXN0ZW09IjEuMi4zNi4xLjIwMDEuMTAwMS4xMDEu
MTA0LjE2Mjk5IiBjb2RlU3lzdGVtTmFtZT0iTkNUSVMgR2xvYmFsIFN0YXRlbWVudCBWYWx1ZXMi
IGRpc3BsYXlOYW1lPSJOb25lIGtub3duIiB4c2k6dHlwZT0iQ0QiIC8+DQogICAgICAgICAgICAg
ICAgICAgICAgICA8L29ic2VydmF0aW9uPg0KICAgICAgICAgICAgICAgICAgICA8L2VudHJ5Pg0K
CQkJCQk8IS0tIEVuZCBFeGNsdXNpb24gU3RhdGVtZW50IC0gUHJvY2VkdXJlcyAtLT4NCg0KCQkJ
CQk8IS0tIE90aGVyIE1lZGljYWwgSGlzdG9yeSBJdGVtIC0tPg0KICAgICAgICAgICAgICAgICAg
ICA8ZW50cnk+DQogICAgICAgICAgICAgICAgICAgICAgICA8YWN0IGNsYXNzQ29kZT0iQUNUIiBt
b29kQ29kZT0iRVZOIj4NCiAgICAgICAgICAgICAgICAgICAgICAgICAgICA8aWQgcm9vdD0iMENC
RTBCNDItNzA3Mi0xMUUwLTk0QjEtMjZDMjQ4MjQwMTlCIiAvPg0KICAgICAgICAgICAgICAgICAg
ICAgICAgICAgIDxjb2RlIGNvZGU9IjEwMi4xNTUxMyIgY29kZVN5c3RlbT0iMS4yLjM2LjEuMjAw
MS4xMDAxLjEwMSIgY29kZVN5c3RlbU5hbWU9Ik5DVElTIERhdGEgQ29tcG9uZW50cyIgZGlzcGxh
eU5hbWU9Ik90aGVyIE1lZGljYWwgSGlzdG9yeSBJdGVtIiAvPg0KICAgICAgICAgICAgICAgICAg
ICAgICAgICAgIDx0ZXh0IHhzaTp0eXBlPSJTVCI+T3RoZXIgTWVkaWNhbCBIaXN0b3J5IEl0ZW0g
Z29lcyBoZXJlLjwvdGV4dD4NCiAgICAgICAgICAgICAgICAgICAgICAgICAgICA8YXV0aG9yPg0K
ICAgICAgICAgICAgICAgICAgICAgICAgICAgICAgICA8dGltZSB2YWx1ZT0iMjAxMTA0MjcxMTAw
IiAvPg0KICAgICAgICAgICAgICAgICAgICAgICAgICAgICAgICA8YXNzaWduZWRBdXRob3IgbnVs
bEZsYXZvcj0iTkEiPg0KICAgICAgICAgICAgICAgICAgICAgICAgICAgICAgICAgICAgPGlkIG51
bGxGbGF2b3I9Ik5BIiAvPg0KICAgICAgICAgICAgICAgICAgICAgICAgICAgICAgICA8L2Fzc2ln
bmVkQXV0aG9yPg0KICAgICAgICAgICAgICAgICAgICAgICAgICAgIDwvYXV0aG9yPg0KICAgICAg
ICAgICAgICAgICAgICAgICAgPC9hY3Q+DQogICAgICAgICAgICAgICAgICAgIDwvZW50cnk+DQoJ
CQkJCTwhLS0gRW5kIE90aGVyIE1lZGljYWwgSGlzdG9yeSBJdGVtIC0tPg0KDQogICAgICAgICAg
ICAgICAgPC9zZWN0aW9uPg0KICAgICAgICAgICAgPC9jb21wb25lbnQ+DQoJCQk8IS0tIEVuZCBS
ZXZpZXdlZCBNZWRpY2FsIEhpc3RvcnkgLS0+DQoNCgkJCTwhLS0gUmV2aWV3ZWQgSW1tdW5pc2F0
aW9ucyBTZWN0aW9uIC0tPg0KICAgICAgICAgICAgPGNvbXBvbmVudD4NCiAgICAgICAgICAgICAg
ICA8c2VjdGlvbj4NCiAgICAgICAgICAgICAgICAgICAgPGNvZGUgY29kZT0iMTAxLjE2NjAwIiBj
b2RlU3lzdGVtPSIxLjIuMzYuMS4yMDAxLjEwMDEuMTAxIiBjb2RlU3lzdGVtTmFtZT0iTkNUSVMg
RGF0YSBDb21wb25lbnRzIiBkaXNwbGF5TmFtZT0iUmV2aWV3ZWQgSW1tdW5pc2F0aW9ucyIgLz4N
CiAgICAgICAgICAgICAgICAgICAgPHRpdGxlPlJldmlld2VkIEltbXVuaXNhdGlvbnM8L3RpdGxl
Pg0KICAgICAgICAgICAgICAgICAgICA8dGV4dD5SZXZpZXdlZCBJbW11bmlzYXRpb25zIG5hcnJh
dGl2ZSBnb2VzIGhlcmUuPC90ZXh0Pg0KDQoJCQkJCTwhLS0gUmV2aWV3ZWQgSW1tdW5pc2F0aW9u
cyAtLT4NCiAgICAgICAgICAgICAgICAgICAgPGVudHJ5Pg0KICAgICAgICAgICAgICAgICAgICAg
ICAgPGFjdCBjbGFzc0NvZGU9IkFDVCIgbW9vZENvZGU9IkVWTiI+DQogICAgICAgICAgICAgICAg
ICAgICAgICAgICAgPGlkIHJvb3Q9IjQ1RjNCRTI4LTc1NTEtMTFFMC05NzFELTY1QTU0ODI0MDE5
QiIgLz4NCiAgICAgICAgICAgICAgICAgICAgICAgICAgICA8Y29kZSBjb2RlPSIxMDIuMTY1NzYi
IGNvZGVTeXN0ZW09IjEuMi4zNi4xLjIwMDEuMTAwMS4xMDEiIGNvZGVTeXN0ZW1OYW1lPSJOQ1RJ
UyBEYXRhIENvbXBvbmVudHMiIGRpc3BsYXlOYW1lPSJJbW11bmlzYXRpb24gSGlzdG9yeSBSZXZp
ZXciIC8+DQoJCQkJCQkJPCEtLSBSZWNvcmQgUmV2aWV3IERhdGVUaW1lIC0tPg0KICAgICAgICAg
ICAgICAgICAgICAgICAgICAgIDxlZmZlY3RpdmVUaW1lIHZhbHVlPSIyMDExMDQyNyIgLz4NCiAg
ICAgICAgICAgICAgICAgICAgICAgIDwvYWN0Pg0KICAgICAgICAgICAgICAgICAgICA8L2VudHJ5
Pg0KCQkJCQk8IS0tIEVuZCBSZXZpZXdlZCBJbW11bmlzYXRpb25zIC0tPg0KDQoJCQkJCTwhLS0g
QWRtaW5pc3RlcmVkIEltbXVuaXNhdGlvbiAtLT4NCiAgICAgICAgICAgICAgICAgICAgPGVudHJ5
Pg0KICAgICAgICAgICAgICAgICAgICAgICAgPHN1YnN0YW5jZUFkbWluaXN0cmF0aW9uIGNsYXNz
Q29kZT0iU0JBRE0iIG1vb2RDb2RlPSJFVk4iPg0KCQkJCQkJCTwhLS0gTWVkaWNhdGlvbiBBY3Rp
b24gRGF0ZVRpbWUgLS0+DQogICAgICAgICAgICAgICAgICAgICAgICAgICAgPGVmZmVjdGl2ZVRp
bWUgdmFsdWU9IjIwMTEwNDI3IiAvPg0KICAgICAgICAgICAgICAgICAgICAgICAgICAgIDxjb25z
dW1hYmxlPg0KICAgICAgICAgICAgICAgICAgICAgICAgICAgICAgICA8bWFudWZhY3R1cmVkUHJv
ZHVjdD4NCiAgICAgICAgICAgICAgICAgICAgICAgICAgICAgICAgICAgIDxtYW51ZmFjdHVyZWRN
YXRlcmlhbD4NCiAgICAgICAgICAgICAgICAgICAgICAgICAgICAgICAgICAgICAgICA8Y29kZSBj
b2RlPSI/Pz8/PyIgY29kZVN5c3RlbT0iMS4yLjM2LjEuMjAwMS4xMDA0LjEwMCIgY29kZVN5c3Rl
bU5hbWU9IkF1c3RyYWxpYW4gTWVkaWNpbmNlcyBUZXJtaW5vbG9neSAoQU1UKSIgZGlzcGxheU5h
bWU9Ij8/Pz8/IiAvPg0KICAgICAgICAgICAgICAgICAgICAgICAgICAgICAgICAgICAgPC9tYW51
ZmFjdHVyZWRNYXRlcmlhbD4NCiAgICAgICAgICAgICAgICAgICAgICAgICAgICAgICAgPC9tYW51
ZmFjdHVyZWRQcm9kdWN0Pg0KICAgICAgICAgICAgICAgICAgICAgICAgICAgIDwvY29uc3VtYWJs
ZT4NCiAgICAgICAgICAgICAgICAgICAgICAgIDwvc3Vic3RhbmNlQWRtaW5pc3RyYXRpb24+DQog
ICAgICAgICAgICAgICAgICAgIDwvZW50cnk+DQoJCQkJCTwhLS0gRW5kIEFkbWluaXN0ZXJlZCBJ
bW11bmlzYXRpb24gLS0+DQoNCgkJCQkJPCEtLSBFeGNsdXNpb24gU3RhdGVtZW50IC0gSW1tdW5p
c2F0aW9ucyAtLT4NCiAgICAgICAgICAgICAgICAgICAgPGVudHJ5Pg0KICAgICAgICAgICAgICAg
ICAgICAgICAgPG9ic2VydmF0aW9uIGNsYXNzQ29kZT0iT0JTIiBtb29kQ29kZT0iRVZOIj4NCiAg
ICAgICAgICAgICAgICAgICAgICAgICAgICA8Y29kZSBjb2RlPSIxMDMuMTYzMDIiIGNvZGVTeXN0
ZW09IjEuMi4zNi4xLjIwMDEuMTAwMS4xMDEiIGNvZGVTeXN0ZW1OYW1lPSJOQ1RJUyBEYXRhIENv
bXBvbmVudHMiIGRpc3BsYXlOYW1lPSJHbG9iYWwgU3RhdGVtZW50IiAvPg0KICAgICAgICAgICAg
ICAgICAgICAgICAgICAgIDx2YWx1ZSBjb2RlPSIwMSIgY29kZVN5c3RlbT0iMS4yLjM2LjEuMjAw
MS4xMDAxLjEwMS4xMDQuMTYyOTkiIGNvZGVTeXN0ZW1OYW1lPSJOQ1RJUyBHbG9iYWwgU3RhdGVt
ZW50IFZhbHVlcyIgZGlzcGxheU5hbWU9Ik5vbmUga25vd24iIHhzaTp0eXBlPSJDRCIgLz4NCiAg
ICAgICAgICAgICAgICAgICAgICAgIDwvb2JzZXJ2YXRpb24+DQogICAgICAgICAgICAgICAgICAg
IDwvZW50cnk+DQoJCQkJCTwhLS0gRW5kIEV4Y2x1c2lvbiBTdGF0ZW1lbnQgLSBJbW11bmlzYXRp
b25zIC0tPg0KDQogICAgICAgICAgICAgICAgPC9zZWN0aW9uPg0KICAgICAgICAgICAgPC9jb21w
b25lbnQ+DQoJCQk8IS0tIEVuZCBSZXZpZXdlZCBJbW11bmlzYXRpb25zIFNlY3Rpb24gLS0+DQoN
CiAgICAgICAgPC9zdHJ1Y3R1cmVkQm9keT4NCiAgICA8L2NvbXBvbmVudD4NCgk8IS0tIEVuZCBD
REEgQm9keSAtLT4NCjwvQ2xpbmljYWxEb2N1bWVudD4NCg==
            </Content>
        </Document>
        <Document>
            <Id>2.16.840.1.113883.10.20.4</Id> 
            <Type code="51855-5" 
                codeSystem="2.16.840.1.113883.6.1"
                codeSystemName="LOINC" displayName="Shared Health Summary" />
            <Content xm:contentType="text/xml">
PD94bWwgdmVyc2lvbj0iMS4wIiBlbmNvZGluZz0iVVRGLTgiPz4NCjwhLS0gVGhpcyBleGFtcGxl
IGlzIHByb3ZpZGVkIGZvciBpbGx1c3RyYXRpdmUgcHVycG9zZXMgb25seS4gSXQgaGFzIGhhZCBu
byBjbGluaWNhbCB2YWxpZGF0aW9uLiANCiBXaGlsZSBldmVyeSBlZmZvcnQgaGFzIGJlZW4gdGFr
ZW4gdG8gZW5zdXJlIHRoYXQgdGhlIGV4YW1wbGVzIGFyZSBjb25zaXN0ZW50IHdpdGggdGhlIG1l
c3NhZ2Ugc3BlY2lmaWNhdGlvbiwgDQogd2hlcmUgdGhlcmUgYXJlIGNvbmZsaWN0cyB3aXRoIHRo
ZSB3cml0dGVuIG1lc3NhZ2Ugc3BlY2lmaWNhdGlvbiBvciBzY2hlbWEsIHRoZSBzcGVjaWZpY2F0
aW9uIG9yIHNjaGVtYSANCiBzaGFsbCBiZSBjb25zaWRlcmVkIHRvIHRha2UgcHJlY2VkZW5jZSAt
LT4NCjxDbGluaWNhbERvY3VtZW50IA0KICAgIHhtbG5zPSJ1cm46aGw3LW9yZzp2MyIgDQogICAg
eG1sbnM6ZXh0PSJodHRwOi8vbnMuZWxlY3Ryb25pY2hlYWx0aC5uZXQuYXUvQ2kvQ2RhL0V4dGVu
c2lvbnMvMy4wIiANCiAgICB4bWxuczp4cz0iaHR0cDovL3d3dy53My5vcmcvMjAwMS9YTUxTY2hl
bWEiDQogICAgeG1sbnM6eHNpPSJodHRwOi8vd3d3LnczLm9yZy8yMDAxL1hNTFNjaGVtYS1pbnN0
YW5jZSI+DQogICAgDQogICAgPHR5cGVJZCBleHRlbnNpb249IlBPQ0RfSEQwMDAwNDAiIHJvb3Q9
IjIuMTYuODQwLjEuMTEzODgzLjEuMyIgLz4NCiAgICA8dGVtcGxhdGVJZCBleHRlbnNpb249IjEu
MCIgcm9vdD0iMS4yLjM2LjEuMjAwMS4xMDAxLjEwMS4xMDAuMjAwMDAiIC8+DQogICAgPGlkIHJv
b3Q9IjhCQzM0MDZBLUI5M0YtMTFERS04QTJCLTZBMUM1NkQ4OTU5MyIgLz4NCiAgICA8Y29kZSBj
b2RlPSI1MTg1NS01IiBjb2RlU3lzdGVtPSIyLjE2Ljg0MC4xLjExMzg4My42LjEiIGNvZGVTeXN0
ZW1OYW1lPSJMT0lOQyIgZGlzcGxheU5hbWU9IlNoYXJlZCBIZWFsdGggU3VtbWFyeSIgLz4NCiAg
ICA8ZWZmZWN0aXZlVGltZSB2YWx1ZT0iMjAwOTEwMjAxMjM1IiAvPg0KICAgIDxjb25maWRlbnRp
YWxpdHlDb2RlIG51bGxGbGF2b3I9Ik5BIiAvPg0KICAgIDxsYW5ndWFnZUNvZGUgY29kZT0iZW4t
QVUiIC8+DQogICAgPHNldElkIHJvb3Q9IjZDNkJBNTZDLUJDOTItMTFERS1BMTcwLUQ4NTU1NkQ4
OTU5MyIgLz4NCiAgICA8dmVyc2lvbk51bWJlciB2YWx1ZT0iMSIgLz4NCiAgICA8ZXh0OmNvbXBs
ZXRpb25Db2RlIGNvZGU9IkYiIGNvZGVTeXN0ZW09IjEuMi4zNi4xLjIwMDEuMTAwMS4xMDEuMTA0
LjIwMTA0IiBjb2RlU3lzdGVtTmFtZT0iTkNUSVMgRG9jdW1lbnQgU3RhdHVzIFZhbHVlcyIgZGlz
cGxheU5hbWU9IkZpbmFsIiAvPg0KDQoJPCEtLSBCZWdpbiBDREEgSGVhZGVyIC0tPg0KCTwhLS0g
QmVnaW4gU3ViamVjdCBvZiBDYXJlIC0gSGVhZGVyIFBhcnQgLS0+DQogICAgPHJlY29yZFRhcmdl
dD4NCiAgICAgICAgPHBhdGllbnRSb2xlPg0KDQoJCQk8IS0tIElEIGlzIHVzZWQgZm9yIHN5c3Rl
bSBwdXJwb3NlcyBzdWNoIGFzIG1hdGNoaW5nIC0tPg0KICAgICAgICAgICAgPGlkIHJvb3Q9IjdB
QTBCQUFDLTBDRDAtMTFFMC05NTE2LTQzNTBERkQ3MjA4NSIgLz4NCg0KCQkJPCEtLSBBZGRyZXNz
IC0tPg0KICAgICAgICAgICAgPGFkZHIgdXNlPSJIIj4NCiAgICAgICAgICAgICAgICA8c3RyZWV0
QWRkcmVzc0xpbmU+MSBDbGluaWNpYW4gU3RyZWV0PC9zdHJlZXRBZGRyZXNzTGluZT4NCiAgICAg
ICAgICAgICAgICA8Y2l0eT5OZWh0YXZpbGxlPC9jaXR5Pg0KICAgICAgICAgICAgICAgIDxzdGF0
ZT5RTEQ8L3N0YXRlPg0KICAgICAgICAgICAgICAgIDxwb3N0YWxDb2RlPjU1NTU8L3Bvc3RhbENv
ZGU+DQogICAgICAgICAgICAgICAgPGFkZGl0aW9uYWxMb2NhdG9yPjMyNTY4OTMxPC9hZGRpdGlv
bmFsTG9jYXRvcj4NCiAgICAgICAgICAgICAgICA8Y291bnRyeT5BdXN0cmFsaWE8L2NvdW50cnk+
DQogICAgICAgICAgICA8L2FkZHI+DQoNCgkJCTwhLS0gRWxlY3Ryb25pYyBDb21tdW5pY2F0aW9u
IERldGFpbCAtLT4NCiAgICAgICAgICAgIDx0ZWxlY29tIHVzZT0iSCIgdmFsdWU9InRlbDowNDk5
OTk5OTk5IiAvPg0KDQoJCQk8IS0tIFBhcnRpY2lwYW50IC0tPg0KICAgICAgICAgICAgPHBhdGll
bnQ+DQoNCgkJCQk8IS0tIFBlcnNvbiBOYW1lIC0tPg0KICAgICAgICAgICAgICAgIDxuYW1lIHVz
ZT0iTCI+DQogICAgICAgICAgICAgICAgICAgIDxwcmVmaXg+TXM8L3ByZWZpeD4NCiAgICAgICAg
ICAgICAgICAgICAgPGdpdmVuPlNhbGx5PC9naXZlbj4NCiAgICAgICAgICAgICAgICAgICAgPGZh
bWlseT5HcmFudDwvZmFtaWx5Pg0KICAgICAgICAgICAgICAgIDwvbmFtZT4NCg0KCQkJCTwhLS0g
SW5kaWdlbm91cyBTdGF0dXMgLS0+DQogICAgICAgICAgICAgICAgPGV0aG5pY0dyb3VwQ29kZSBj
b2RlPSI0IiBjb2RlU3lzdGVtPSIyLjE2Ljg0MC4xLjExMzg4My4zLjg3OSIgY29kZVN5c3RlbU5h
bWU9Ik1FVGVPUiIgZGlzcGxheU5hbWU9Ik5laXRoZXIgQWJvcmlnaW5hbCBub3IgVG9ycmVzIFN0
cmFpdCBJc2xhbmRlciBvcmlnaW4iIC8+DQoNCgkJCQk8IS0tIFNleCAtLT4NCiAgICAgICAgICAg
ICAgICA8YWRtaW5pc3RyYXRpdmVHZW5kZXJDb2RlIGNvZGU9IkYiIGNvZGVTeXN0ZW09IjIuMTYu
ODQwLjEuMTEzODgzLjEzLjY4IiBjb2RlU3lzdGVtTmFtZT0iQVMgNTAxNy0yMDA2IEhlYWx0aCBD
YXJlIENsaWVudCBJZGVudGlmaWVyIFNleCIgLz4NCg0KCQkJCTwhLS0gRGF0ZSBvZiBCaXJ0aCAt
LT4NCiAgICAgICAgICAgICAgICA8YmlydGhUaW1lIHZhbHVlPSIxOTQ4MDYwNyIgLz4NCg0KCQkJ
CTwhLS0gTXVsdGlwbGUgQmlydGggSW5kaWNhdG9yIC0tPg0KICAgICAgICAgICAgICAgIDxleHQ6
bXVsdGlwbGVCaXJ0aEluZCB2YWx1ZT0idHJ1ZSIgLz4NCiAgICAgICAgICAgICAgICA8ZXh0Om11
bHRpcGxlQmlydGhPcmRlck51bWJlciB2YWx1ZT0iMiIgLz4NCg0KCQkJCTwhLS0gRGF0ZSBvZiBE
ZWF0aCAtLT4NCiAgICAgICAgICAgICAgICA8ZXh0OmRlY2Vhc2VkSW5kIHZhbHVlPSJ0cnVlIiAv
Pg0KICAgICAgICAgICAgICAgIDxleHQ6ZGVjZWFzZWRUaW1lIHZhbHVlPSIyMDEwMTIwMSIgLz4N
Cg0KCQkJCTwhLS0gQ291bnRyeSBvZiBCaXJ0aCAtLT4NCiAgICAgICAgICAgICAgICA8YmlydGhw
bGFjZT4NCiAgICAgICAgICAgICAgICAgICAgPHBsYWNlPg0KICAgICAgICAgICAgICAgICAgICAg
ICAgPGFkZHI+DQogICAgICAgICAgICAgICAgICAgICAgICAgICAgPGNvdW50cnk+ODEwNDwvY291
bnRyeT4NCiAgICAgICAgICAgICAgICAgICAgICAgIDwvYWRkcj4NCiAgICAgICAgICAgICAgICAg
ICAgPC9wbGFjZT4NCiAgICAgICAgICAgICAgICA8L2JpcnRocGxhY2U+DQoNCgkJCQk8IS0tIEVu
dGl0eSBJZGVudGlmaWVyIC0tPg0KICAgICAgICAgICAgICAgIDxleHQ6YXNFbnRpdHlJZGVudGlm
aWVyIGNsYXNzQ29kZT0iSURFTlQiPg0KICAgICAgICAgICAgICAgICAgICA8IS0tIE9SSUdJTkFM
DQogICAgICAgICAgICAgICAgICAgIDxleHQ6aWQgYXNzaWduaW5nQXV0aG9yaXR5TmFtZT0iSUhJ
IiByb290PSIxLjIuMzYuMS4yMDAxLjEwMDMuMC44MDAzNjAxMjM0NTEyMzQ1IiAvPiANCiAgICAg
ICAgICAgICAgICAgICAgLS0+DQogICAgICAgICAgICAgICAgICAgIDxleHQ6aWQgYXNzaWduaW5n
QXV0aG9yaXR5TmFtZT0iSUhJIiByb290PSIxLjMuNi4xLjQuMS4yMTM2Ny4yMDA1LjMuNy42ZmEx
MWU0Njc4ODA0NzgiIC8+DQogICAgICAgICAgICAgICAgICAgIDxleHQ6YXNzaWduaW5nR2VvZ3Jh
cGhpY0FyZWEgY2xhc3NDb2RlPSJQTEMiPg0KICAgICAgICAgICAgICAgICAgICAgICAgPGV4dDpu
YW1lPk5hdGlvbmFsIElkZW50aWZpZXI8L2V4dDpuYW1lPg0KICAgICAgICAgICAgICAgICAgICA8
L2V4dDphc3NpZ25pbmdHZW9ncmFwaGljQXJlYT4NCiAgICAgICAgICAgICAgICA8L2V4dDphc0Vu
dGl0eUlkZW50aWZpZXI+DQoNCiAgICAgICAgICAgIDwvcGF0aWVudD4NCiAgICAgICAgPC9wYXRp
ZW50Um9sZT4NCiAgICA8L3JlY29yZFRhcmdldD4NCgk8IS0tIEVuZCBTdWJqZWN0IG9mIENhcmUg
LSBIZWFkZXIgUGFydCAtLT4NCg0KCTwhLS0gQmVnaW4gRG9jdW1lbnQgQXV0aG9yIC0tPg0KICAg
IDxhdXRob3I+DQoNCgkJPCEtLSBNdXN0IGhvbGQgc2FtZSB2YWx1ZSBhcyBEYXRlVGltZSBhdHRl
c3RlZCAoQ2xpbmljYWxEb2N1bWVudC5sZWdhbEF1dGhlbnRpY2F0b3IudGltZSkgLS0+DQogICAg
ICAgIDx0aW1lIHZhbHVlPSIyMDA5MTAyMDEyMzUiIC8+DQoNCiAgICAgICAgPGFzc2lnbmVkQXV0
aG9yPg0KDQoJCQk8IS0tIElEIGlzIHVzZWQgZm9yIHN5c3RlbSBwdXJwb3NlcyBzdWNoIGFzIG1h
dGNoaW5nIC0tPg0KICAgICAgICAgICAgPGlkIHJvb3Q9IjdGQ0IwRUM0LTBDRDAtMTFFMC05REZD
LThGNTBERkQ3MjA4NSIgLz4NCg0KCQkJPCEtLSBSb2xlIC0tPg0KICAgICAgICAgICAgPGNvZGUg
Y29kZT0iMjUzMzE3IiBjb2RlU3lzdGVtPSIyLjE2Ljg0MC4xLjExMzg4My4xMy42MiIgY29kZVN5
c3RlbU5hbWU9IjEyMjAuMCAtIEFOWlNDTyAtIEF1c3RyYWxpYW4gYW5kIE5ldyBaZWFsYW5kIFN0
YW5kYXJkIENsYXNzaWZpY2F0aW9uIG9mIE9jY3VwYXRpb25zLCBGaXJzdCBFZGl0aW9uLCAyMDA2
Ig0KCQkJCWRpc3BsYXlOYW1lPSJJbnRlbnNpdmUgQ2FyZSBTcGVjaWFsaXN0IiAvPg0KDQoJCQk8
IS0tIEFkZHJlc3MgLS0+DQogICAgICAgICAgICA8YWRkciB1c2U9IldQIj4NCiAgICAgICAgICAg
ICAgICA8c3RyZWV0QWRkcmVzc0xpbmU+MSBDbGluaWNpYW4gU3RyZWV0PC9zdHJlZXRBZGRyZXNz
TGluZT4NCiAgICAgICAgICAgICAgICA8Y2l0eT5OZWh0YXZpbGxlPC9jaXR5Pg0KICAgICAgICAg
ICAgICAgIDxzdGF0ZT5RTEQ8L3N0YXRlPg0KICAgICAgICAgICAgICAgIDxwb3N0YWxDb2RlPjU1
NTU8L3Bvc3RhbENvZGU+DQogICAgICAgICAgICAgICAgPGFkZGl0aW9uYWxMb2NhdG9yPjMyNTY4
OTMxPC9hZGRpdGlvbmFsTG9jYXRvcj4NCiAgICAgICAgICAgICAgICA8Y291bnRyeT5BdXN0cmFs
aWE8L2NvdW50cnk+DQogICAgICAgICAgICA8L2FkZHI+DQoNCgkJCTwhLS0gRWxlY3Ryb25pYyBD
b21tdW5pY2F0aW9uIERldGFpbCAtLT4NCiAgICAgICAgICAgIDx0ZWxlY29tIHVzZT0iV1AiIHZh
bHVlPSJ0ZWw6MDcxMjM0MTIzNCIgLz4NCg0KCQkJPCEtLSBQYXJ0aWNpcGFudCAtLT4NCiAgICAg
ICAgICAgIDxhc3NpZ25lZFBlcnNvbj4NCg0KCQkJCTwhLS0gUGVyc29uIE5hbWUgLS0+DQogICAg
ICAgICAgICAgICAgPG5hbWU+DQogICAgICAgICAgICAgICAgICAgIDxwcmVmaXg+RHIuPC9wcmVm
aXg+DQogICAgICAgICAgICAgICAgICAgIDxnaXZlbj5Hb29kPC9naXZlbj4NCiAgICAgICAgICAg
ICAgICAgICAgPGZhbWlseT5Eb2N0b3I8L2ZhbWlseT4NCiAgICAgICAgICAgICAgICA8L25hbWU+
DQoNCgkJCQk8IS0tIFNleCAtLT4NCiAgICAgICAgICAgICAgICA8ZXh0OmFkbWluaXN0cmF0aXZl
R2VuZGVyQ29kZSBjb2RlPSJNIiBjb2RlU3lzdGVtPSIyLjE2Ljg0MC4xLjExMzg4My4xMy42OCIg
Y29kZVN5c3RlbU5hbWU9IkFTIDUwMTctMjAwNiBIZWFsdGggQ2FyZSBDbGllbnQgSWRlbnRpZmll
ciBTZXgiIC8+DQoNCgkJCQk8IS0tIERhdGUgb2YgQmlydGggLS0+DQogICAgICAgICAgICAgICAg
PGV4dDpiaXJ0aFRpbWUgdmFsdWU9IjE5NDgwNjA3IiAvPg0KDQoJCQkJPCEtLSBFbnRpdHkgSWRl
bnRpZmllciAtLT4NCiAgICAgICAgICAgICAgICA8ZXh0OmFzRW50aXR5SWRlbnRpZmllciBjbGFz
c0NvZGU9IklERU5UIj4NCiAgICAgICAgICAgICAgICAgICAgPGV4dDppZCBhc3NpZ25pbmdBdXRo
b3JpdHlOYW1lPSJIUEktSSIgcm9vdD0iMS4yLjM2LjEuMjAwMS4xMDAzLjAuODAwMzYxMTIzNDU2
Nzg5MCIgLz4NCiAgICAgICAgICAgICAgICAgICAgPGV4dDphc3NpZ25pbmdHZW9ncmFwaGljQXJl
YSBjbGFzc0NvZGU9IlBMQyI+DQogICAgICAgICAgICAgICAgICAgICAgICA8ZXh0Om5hbWU+TmF0
aW9uYWwgSWRlbnRpZmllcjwvZXh0Om5hbWU+DQogICAgICAgICAgICAgICAgICAgIDwvZXh0OmFz
c2lnbmluZ0dlb2dyYXBoaWNBcmVhPg0KICAgICAgICAgICAgICAgIDwvZXh0OmFzRW50aXR5SWRl
bnRpZmllcj4NCg0KICAgICAgICAgICAgPC9hc3NpZ25lZFBlcnNvbj4NCg0KCQkJPCEtLSBFbXBs
b3ltZW50IERldGFpbCAtLT4NCgkJCTwhLS0gRW1wbG95ZXIgT3JnYW5pc2F0aW9uIChQYXJ0aWNp
cGFudCAoT3JnYW5pc2F0aW9uKSkgLS0+DQogICAgICAgICAgICA8cmVwcmVzZW50ZWRPcmdhbml6
YXRpb24+DQoNCgkJCQk8IS0tIERlcGFydG1lbnQvVW5pdCAtLT4NCiAgICAgICAgICAgICAgICA8
bmFtZT5TdXJnaWNhbCBXYXJkPC9uYW1lPg0KDQogICAgICAgICAgICAgICAgPGFzT3JnYW5pemF0
aW9uUGFydE9mPg0KICAgICAgICAgICAgICAgICAgICA8d2hvbGVPcmdhbml6YXRpb24+DQoNCgkJ
CQkJCTwhLS0gT3JnYW5pc2F0aW9uIE5hbWUgLS0+DQogICAgICAgICAgICAgICAgICAgICAgICA8
bmFtZSB1c2U9IkwiPkdvb2QgSG9zcGl0YWw8L25hbWU+DQogICAgICAgICAgICAgICAgICAgIDwv
d2hvbGVPcmdhbml6YXRpb24+DQogICAgICAgICAgICAgICAgPC9hc09yZ2FuaXphdGlvblBhcnRP
Zj4NCg0KCQkJCTwhLS0gRW50aXR5IElkZW50aWZpZXIgLS0+DQogICAgICAgICAgICAgICAgPGV4
dDphc0VudGl0eUlkZW50aWZpZXIgY2xhc3NDb2RlPSJJREVOVCI+DQogICAgICAgICAgICAgICAg
ICAgIDxleHQ6aWQgYXNzaWduaW5nQXV0aG9yaXR5TmFtZT0iSFBJLU8iIHJvb3Q9IjEuMi4zNi4x
LjIwMDEuMTAwMy4wLjgwMDM2MjEyMzExNjc4OTAiIC8+DQogICAgICAgICAgICAgICAgICAgIDxl
eHQ6YXNzaWduaW5nR2VvZ3JhcGhpY0FyZWEgY2xhc3NDb2RlPSJQTEMiPg0KICAgICAgICAgICAg
ICAgICAgICAgICAgPGV4dDpuYW1lPk5hdGlvbmFsIElkZW50aWZpZXI8L2V4dDpuYW1lPg0KICAg
ICAgICAgICAgICAgICAgICA8L2V4dDphc3NpZ25pbmdHZW9ncmFwaGljQXJlYT4NCiAgICAgICAg
ICAgICAgICA8L2V4dDphc0VudGl0eUlkZW50aWZpZXI+DQoNCiAgICAgICAgICAgIDwvcmVwcmVz
ZW50ZWRPcmdhbml6YXRpb24+DQoNCiAgICAgICAgPC9hc3NpZ25lZEF1dGhvcj4NCiAgICA8L2F1
dGhvcj4NCgk8IS0tIEVuZCBEb2N1bWVudCBBdXRob3IgLS0+DQoNCgk8IS0tIEJlZ2luIEN1c3Rv
ZGlhbiAtLT4NCiAgICA8Y3VzdG9kaWFuPg0KICAgICAgICA8YXNzaWduZWRDdXN0b2RpYW4+DQog
ICAgICAgICAgICA8cmVwcmVzZW50ZWRDdXN0b2RpYW5Pcmdhbml6YXRpb24+DQoNCgkJCQk8IS0t
IElEIGlzIHVzZWQgZm9yIHN5c3RlbSBwdXJwb3NlcyBzdWNoIGFzIG1hdGNoaW5nIC0tPg0KICAg
ICAgICAgICAgICAgIDxpZCByb290PSI4NDY0QzZCRS0wQ0QwLTExRTAtQjQ1QS05MjUwREZENzIw
ODUiIC8+DQogICAgICAgICAgICAgICAgPG5hbWU+T3ogSGVhbHRoIENsaW5pYzwvbmFtZT4NCg0K
CQkJCTwhLS0gRW50aXR5IElkZW50aWZpZXIgLS0+DQogICAgICAgICAgICAgICAgPGV4dDphc0Vu
dGl0eUlkZW50aWZpZXIgY2xhc3NDb2RlPSJJREVOVCI+DQogICAgICAgICAgICAgICAgICAgIDxl
eHQ6aWQgYXNzaWduaW5nQXV0aG9yaXR5TmFtZT0iSFBJLU8iIHJvb3Q9IjEuMi4zNi4xLjIwMDEu
MTAwMy4wLjgwNjY2MjE3NzExNjc4ODgiIC8+DQogICAgICAgICAgICAgICAgICAgIDxleHQ6YXNz
aWduaW5nR2VvZ3JhcGhpY0FyZWEgY2xhc3NDb2RlPSJQTEMiPg0KICAgICAgICAgICAgICAgICAg
ICAgICAgPGV4dDpuYW1lPk5hdGlvbmFsIElkZW50aWZpZXI8L2V4dDpuYW1lPg0KICAgICAgICAg
ICAgICAgICAgICA8L2V4dDphc3NpZ25pbmdHZW9ncmFwaGljQXJlYT4NCiAgICAgICAgICAgICAg
ICA8L2V4dDphc0VudGl0eUlkZW50aWZpZXI+DQoNCiAgICAgICAgICAgIDwvcmVwcmVzZW50ZWRD
dXN0b2RpYW5Pcmdhbml6YXRpb24+DQogICAgICAgIDwvYXNzaWduZWRDdXN0b2RpYW4+DQogICAg
PC9jdXN0b2RpYW4+DQoJPCEtLSBFbmQgQ3VzdG9kaWFuIC0tPg0KDQoJPCEtLSBTdGFydCBJbmZv
cm1hdGlvbiBSZWNpcGllbnQgLSBQcmltYXJ5IC0tPg0KICAgIDxpbmZvcm1hdGlvblJlY2lwaWVu
dCB0eXBlQ29kZT0iUFJDUCI+DQogICAgICAgIDxpbnRlbmRlZFJlY2lwaWVudD4NCg0KCQkJPCEt
LSBJRCBpcyB1c2VkIGZvciBzeXN0ZW0gcHVycG9zZXMgc3VjaCBhcyBtYXRjaGluZyAtLT4NCiAg
ICAgICAgICAgIDxpZCByb290PSI4QUY1RjhGNC0wQ0QwLTExRTAtQUM0OC05MzUwREZENzIwODUi
IC8+DQoNCiAgICAgICAgICAgIDxhZGRyIHVzZT0iV1AiPg0KICAgICAgICAgICAgICAgIDxzdHJl
ZXRBZGRyZXNzTGluZT4xIFByaW1hcnkgQ2FyZSBQcm92aWRlciBTdHJlZXQ8L3N0cmVldEFkZHJl
c3NMaW5lPg0KICAgICAgICAgICAgICAgIDxjaXR5Pk5laHRhdmlsbGU8L2NpdHk+DQogICAgICAg
ICAgICAgICAgPHN0YXRlPlFMRDwvc3RhdGU+DQogICAgICAgICAgICAgICAgPHBvc3RhbENvZGU+
NTU1NTwvcG9zdGFsQ29kZT4NCiAgICAgICAgICAgICAgICA8YWRkaXRpb25hbExvY2F0b3I+MzI1
Njg5MzE8L2FkZGl0aW9uYWxMb2NhdG9yPg0KICAgICAgICAgICAgICAgIDxjb3VudHJ5PkF1c3Ry
YWxpYTwvY291bnRyeT4NCiAgICAgICAgICAgIDwvYWRkcj4NCiAgICAgICAgICAgIDx0ZWxlY29t
IHVzZT0iV1AiIHZhbHVlPSJ0ZWw6MDcxMjM0MTI0NSIgLz4NCiAgICAgICAgICAgIDxpbmZvcm1h
dGlvblJlY2lwaWVudD4NCg0KCQkJCTwhLS0gUGVyc29uIE5hbWUgLS0+DQogICAgICAgICAgICAg
ICAgPG5hbWU+DQogICAgICAgICAgICAgICAgICAgIDxwcmVmaXg+RHIuPC9wcmVmaXg+DQogICAg
ICAgICAgICAgICAgICAgIDxnaXZlbj5JbmZvcm1hdGlvbjwvZ2l2ZW4+DQogICAgICAgICAgICAg
ICAgICAgIDxmYW1pbHk+UmVjaXBpZW50PC9mYW1pbHk+DQogICAgICAgICAgICAgICAgPC9uYW1l
Pg0KDQoJCQkJPCEtLSBTZXggLS0+DQogICAgICAgICAgICAgICAgPGV4dDphZG1pbmlzdHJhdGl2
ZUdlbmRlckNvZGUgY29kZT0iRiIgY29kZVN5c3RlbT0iMi4xNi44NDAuMS4xMTM4ODMuMTMuNjgi
IGNvZGVTeXN0ZW1OYW1lPSJBUyA1MDE3LTIwMDYgSGVhbHRoIENhcmUgQ2xpZW50IElkZW50aWZp
ZXIgU2V4IiAvPg0KDQoJCQkJPCEtLSBEYXRlIG9mIEJpcnRoIC0tPg0KICAgICAgICAgICAgICAg
IDxleHQ6YmlydGhUaW1lIHZhbHVlPSIxOTY4MTAwNyIgLz4NCg0KCQkJCTwhLS0gRW50aXR5IElk
ZW50aWZpZXIgLS0+DQogICAgICAgICAgICAgICAgPGV4dDphc0VudGl0eUlkZW50aWZpZXIgY2xh
c3NDb2RlPSJJREVOVCI+DQogICAgICAgICAgICAgICAgICAgIDxleHQ6aWQgYXNzaWduaW5nQXV0
aG9yaXR5TmFtZT0iSFBJLUkiIHJvb3Q9IjEuMi4zNi4xLjIwMDEuMTAwMy4wLjgwMDM2MTEyMjI1
Njc4OTAiIC8+DQogICAgICAgICAgICAgICAgICAgIDxleHQ6YXNzaWduaW5nR2VvZ3JhcGhpY0Fy
ZWEgY2xhc3NDb2RlPSJQTEMiPg0KICAgICAgICAgICAgICAgICAgICAgICAgPGV4dDpuYW1lPk5h
dGlvbmFsIElkZW50aWZpZXI8L2V4dDpuYW1lPg0KICAgICAgICAgICAgICAgICAgICA8L2V4dDph
c3NpZ25pbmdHZW9ncmFwaGljQXJlYT4NCiAgICAgICAgICAgICAgICA8L2V4dDphc0VudGl0eUlk
ZW50aWZpZXI+DQoNCiAgICAgICAgICAgIDwvaW5mb3JtYXRpb25SZWNpcGllbnQ+DQoNCiAgICAg
ICAgICAgIDxyZWNlaXZlZE9yZ2FuaXphdGlvbj4NCiAgICAgICAgICAgICAgICA8bmFtZT5JbmZv
cm1hdGlvbiBSZWNpcGllbnQgQ2xpbmljIE5hbWU8L25hbWU+DQoNCgkJCQk8IS0tIEVudGl0eSBJ
ZGVudGlmaWVyIC0tPg0KICAgICAgICAgICAgICAgIDxleHQ6YXNFbnRpdHlJZGVudGlmaWVyIGNs
YXNzQ29kZT0iSURFTlQiPg0KICAgICAgICAgICAgICAgICAgICA8ZXh0OmlkIGFzc2lnbmluZ0F1
dGhvcml0eU5hbWU9IkhQSS1PIiByb290PSIxLjIuMzYuMS4yMDAxLjEwMDMuMC44MDAzNjIxNzcx
MTY3ODg4IiAvPg0KICAgICAgICAgICAgICAgICAgICA8ZXh0OmFzc2lnbmluZ0dlb2dyYXBoaWNB
cmVhIGNsYXNzQ29kZT0iUExDIj4NCiAgICAgICAgICAgICAgICAgICAgICAgIDxleHQ6bmFtZT5O
YXRpb25hbCBJZGVudGlmaWVyPC9leHQ6bmFtZT4NCiAgICAgICAgICAgICAgICAgICAgPC9leHQ6
YXNzaWduaW5nR2VvZ3JhcGhpY0FyZWE+DQogICAgICAgICAgICAgICAgPC9leHQ6YXNFbnRpdHlJ
ZGVudGlmaWVyPg0KDQogICAgICAgICAgICA8L3JlY2VpdmVkT3JnYW5pemF0aW9uPg0KICAgICAg
ICA8L2ludGVuZGVkUmVjaXBpZW50Pg0KICAgIDwvaW5mb3JtYXRpb25SZWNpcGllbnQ+DQoJPCEt
LSBFbmQgSW5mb3JtYXRpb24gUmVjaXBpZW50IC0gUHJpbWFyeSAtLT4NCg0KCTwhLS0gQmVnaW4g
RG9jdW1lbnQgUmVjaXBpZW50IERldGFpbCAoT3JnYW5pc2F0aW9uKSAtLT4NCiAgICA8aW5mb3Jt
YXRpb25SZWNpcGllbnQgdHlwZUNvZGU9IlRSQyI+DQogICAgICAgIDxpbnRlbmRlZFJlY2lwaWVu
dD4NCg0KCQkJPCEtLSBJRCBpcyB1c2VkIGZvciBzeXN0ZW0gcHVycG9zZXMgc3VjaCBhcyBtYXRj
aGluZyAtLT4NCiAgICAgICAgICAgIDxpZCByb290PSI5NThBMEU5MC0wQ0QwLTExRTAtQTQzRS1B
QTUwREZENzIwODUiIC8+DQogICAgICAgICAgICA8ZXh0OmNvZGUgY29kZT0iODA1MjIwMDAiIGNv
ZGVTeXN0ZW09IjIuMTYuODQwLjEuMTEzODgzLjYuOTYiIGNvZGVTeXN0ZW1OYW1lPSJTTk9NRUQt
Q1QiIGNvZGVTeXN0ZW1WZXJzaW9uPSIyMDA5MDczMSIgZGlzcGxheU5hbWU9IlJlaGFiaWxpdGF0
aW9uIGhvc2lwaXRhbCIgLz4NCiAgICAgICAgICAgIDxhZGRyIHVzZT0iV1AiPg0KICAgICAgICAg
ICAgICAgIDxzdHJlZXRBZGRyZXNzTGluZT45OSBSZWhhYiBSb2FkPC9zdHJlZXRBZGRyZXNzTGlu
ZT4NCiAgICAgICAgICAgICAgICA8Y2l0eT5OZWh0YXZpbGxlPC9jaXR5Pg0KICAgICAgICAgICAg
ICAgIDxzdGF0ZT5RTEQ8L3N0YXRlPg0KICAgICAgICAgICAgICAgIDxwb3N0YWxDb2RlPjU1NTU8
L3Bvc3RhbENvZGU+DQogICAgICAgICAgICAgICAgPGFkZGl0aW9uYWxMb2NhdG9yPjMyNTY4OTMx
PC9hZGRpdGlvbmFsTG9jYXRvcj4NCiAgICAgICAgICAgICAgICA8Y291bnRyeT5BdXN0cmFsaWE8
L2NvdW50cnk+DQogICAgICAgICAgICA8L2FkZHI+DQogICAgICAgICAgICA8dGVsZWNvbSB1c2U9
IldQIiB2YWx1ZT0idGVsOjA3MTIzNDE5OTkiIC8+DQogICAgICAgICAgICA8cmVjZWl2ZWRPcmdh
bml6YXRpb24+DQogICAgICAgICAgICAgICAgPG5hbWUgdXNlPSJMIj5Gb290IFJlaGFiIERlcGFy
dG1lbnQgDQogICAgICAgICAgICAgICAgICAgIDx2YWxpZFRpbWU+DQogICAgICAgICAgICAgICAg
ICAgICAgICA8bG93IHZhbHVlPSIxOTk1MDEwMSIgLz4NCiAgICAgICAgICAgICAgICAgICAgPC92
YWxpZFRpbWU+DQogICAgICAgICAgICAgICAgPC9uYW1lPg0KICAgICAgICAgICAgICAgIDxhc09y
Z2FuaXphdGlvblBhcnRPZj4NCg0KCQkJCQk8IS0tIElEIGlzIHVzZWQgZm9yIHN5c3RlbSBwdXJw
b3NlcyBzdWNoIGFzIG1hdGNoaW5nIC0tPg0KICAgICAgICAgICAgICAgICAgICA8aWQgcm9vdD0i
OUJFODU3N0UtMENEMC0xMUUwLThEMTktQUI1MERGRDcyMDg1IiAvPg0KICAgICAgICAgICAgICAg
ICAgICA8d2hvbGVPcmdhbml6YXRpb24+DQogICAgICAgICAgICAgICAgICAgICAgICA8bmFtZSB1
c2U9IkwiPlJlaGFiIENsaW5pYyBOYW1lPC9uYW1lPg0KDQoJCQkJCQk8IS0tIEVudGl0eSBJZGVu
dGlmaWVyIC0tPg0KICAgICAgICAgICAgICAgICAgICAgICAgPGV4dDphc0VudGl0eUlkZW50aWZp
ZXIgY2xhc3NDb2RlPSJJREVOVCI+DQogICAgICAgICAgICAgICAgICAgICAgICAgICAgPGV4dDpp
ZCBhc3NpZ25pbmdBdXRob3JpdHlOYW1lPSJIUEktTyIgcm9vdD0iMS4yLjM2LjEuMjAwMS4xMDAz
LjAuODAwMzYyMTc0NDE2Nzg4OCIgLz4NCiAgICAgICAgICAgICAgICAgICAgICAgICAgICA8ZXh0
OmFzc2lnbmluZ0dlb2dyYXBoaWNBcmVhIGNsYXNzQ29kZT0iUExDIj4NCiAgICAgICAgICAgICAg
ICAgICAgICAgICAgICAgICAgPGV4dDpuYW1lPk5hdGlvbmFsIElkZW50aWZpZXI8L2V4dDpuYW1l
Pg0KICAgICAgICAgICAgICAgICAgICAgICAgICAgIDwvZXh0OmFzc2lnbmluZ0dlb2dyYXBoaWNB
cmVhPg0KICAgICAgICAgICAgICAgICAgICAgICAgPC9leHQ6YXNFbnRpdHlJZGVudGlmaWVyPg0K
DQogICAgICAgICAgICAgICAgICAgIDwvd2hvbGVPcmdhbml6YXRpb24+DQogICAgICAgICAgICAg
ICAgPC9hc09yZ2FuaXphdGlvblBhcnRPZj4NCiAgICAgICAgICAgIDwvcmVjZWl2ZWRPcmdhbml6
YXRpb24+DQogICAgICAgIDwvaW50ZW5kZWRSZWNpcGllbnQ+DQogICAgPC9pbmZvcm1hdGlvblJl
Y2lwaWVudD4NCgk8IS0tIEVuZCBEb2N1bWVudCBSZWNpcGllbnQgRGV0YWlsIChPcmdhbmlzYXRp
b24pIC0tPg0KDQoJPCEtLSBCZWdpbiBBdXRoZW50aWNhdG9yIC0tPg0KICAgIDxsZWdhbEF1dGhl
bnRpY2F0b3I+DQoNCgkJPCEtLSBEYXRlVGltZSBBdHRlc3RlZCAtLT4NCiAgICAgICAgPHRpbWUg
dmFsdWU9IjIwMDkxMDIwMTIzNSIgLz4NCiAgICAgICAgPHNpZ25hdHVyZUNvZGUgY29kZT0iUyIg
Lz4NCiAgICAgICAgPGFzc2lnbmVkRW50aXR5Pg0KDQoJCQk8IS0tIElEIGlzIHVzZWQgZm9yIHN5
c3RlbSBwdXJwb3NlcyBzdWNoIGFzIG1hdGNoaW5nIC0tPg0KICAgICAgICAgICAgPGlkIHJvb3Q9
IkI4RTcxQUMyLTBDRDAtMTFFMC04NzQ2LUNFNTBERkQ3MjA4NSIgLz4NCiAgICAgICAgICAgIDxj
b2RlIGNvZGU9IkFUIiBjb2RlU3lzdGVtPSIyLjE2Ljg0MC4xLjExMzg4My4xMi40NDMiIGNvZGVT
eXN0ZW1OYW1lPSJITDcgUHJvdmlkZXIgUm9sZSIgZGlzcGxheU5hbWU9IkF0dGVuZGluZyIgLz4N
CiAgICAgICAgICAgIDxhZGRyIHVzZT0iSCI+DQogICAgICAgICAgICAgICAgPHN0cmVldEFkZHJl
c3NMaW5lPjEgQ2xpbmljaWFuIFN0cmVldDwvc3RyZWV0QWRkcmVzc0xpbmU+DQogICAgICAgICAg
ICAgICAgPGNpdHk+TmVodGF2aWxsZTwvY2l0eT4NCiAgICAgICAgICAgICAgICA8c3RhdGU+UUxE
PC9zdGF0ZT4NCiAgICAgICAgICAgICAgICA8cG9zdGFsQ29kZT41NTU1PC9wb3N0YWxDb2RlPg0K
ICAgICAgICAgICAgICAgIDxhZGRpdGlvbmFsTG9jYXRvcj4zMjU2ODkzMTwvYWRkaXRpb25hbExv
Y2F0b3I+DQogICAgICAgICAgICAgICAgPGNvdW50cnk+QXVzdHJhbGlhPC9jb3VudHJ5Pg0KICAg
ICAgICAgICAgPC9hZGRyPg0KICAgICAgICAgICAgPHRlbGVjb20gdXNlPSJXUCIgdmFsdWU9InRl
bDowNzEyMzQxMjM0IiAvPg0KICAgICAgICAgICAgPGFzc2lnbmVkUGVyc29uPg0KDQoJCQkJPCEt
LSBQZXJzb24gTmFtZSAtLT4NCiAgICAgICAgICAgICAgICA8bmFtZT4NCiAgICAgICAgICAgICAg
ICAgICAgPHByZWZpeD5Eci48L3ByZWZpeD4NCiAgICAgICAgICAgICAgICAgICAgPGdpdmVuPkdv
b2Q8L2dpdmVuPg0KICAgICAgICAgICAgICAgICAgICA8ZmFtaWx5PkRvY3RvcjwvZmFtaWx5Pg0K
ICAgICAgICAgICAgICAgIDwvbmFtZT4NCg0KCQkJCTwhLS0gU2V4IC0tPg0KICAgICAgICAgICAg
ICAgIDxleHQ6YWRtaW5pc3RyYXRpdmVHZW5kZXJDb2RlIGNvZGU9Ik0iIGNvZGVTeXN0ZW09IjIu
MTYuODQwLjEuMTEzODgzLjEzLjY4IiBjb2RlU3lzdGVtTmFtZT0iQVMgNTAxNy0yMDA2IEhlYWx0
aCBDYXJlIENsaWVudCBJZGVudGlmaWVyIFNleCIgLz4NCg0KCQkJCTwhLS0gRGF0ZSBvZiBCaXJ0
aCAtLT4NCiAgICAgICAgICAgICAgICA8ZXh0OmJpcnRoVGltZSB2YWx1ZT0iMTk3ODA2MDciIC8+
DQoNCgkJCQk8IS0tIEVudGl0eSBJZGVudGlmaWVyIC0tPg0KICAgICAgICAgICAgICAgIDxleHQ6
YXNFbnRpdHlJZGVudGlmaWVyIGNsYXNzQ29kZT0iSURFTlQiPg0KICAgICAgICAgICAgICAgICAg
ICA8ZXh0OmlkIGFzc2lnbmluZ0F1dGhvcml0eU5hbWU9IkhQSS1JIiByb290PSIxLjIuMzYuMS4y
MDAxLjEwMDMuMC44MTEzNjExMjM0NTY3ODkwIiAvPg0KICAgICAgICAgICAgICAgICAgICA8ZXh0
OmFzc2lnbmluZ0dlb2dyYXBoaWNBcmVhIGNsYXNzQ29kZT0iUExDIj4NCiAgICAgICAgICAgICAg
ICAgICAgICAgIDxleHQ6bmFtZT5OYXRpb25hbCBJZGVudGlmaWVyPC9leHQ6bmFtZT4NCiAgICAg
ICAgICAgICAgICAgICAgPC9leHQ6YXNzaWduaW5nR2VvZ3JhcGhpY0FyZWE+DQogICAgICAgICAg
ICAgICAgPC9leHQ6YXNFbnRpdHlJZGVudGlmaWVyPg0KDQogICAgICAgICAgICA8L2Fzc2lnbmVk
UGVyc29uPg0KDQogICAgICAgICAgICA8cmVwcmVzZW50ZWRPcmdhbml6YXRpb24+DQogICAgICAg
ICAgICAgICAgPG5hbWU+T3ogSGVhbHRoIENsaW5pYzwvbmFtZT4NCg0KCQkJCTwhLS0gRW50aXR5
IElkZW50aWZpZXIgLS0+DQogICAgICAgICAgICAgICAgPGV4dDphc0VudGl0eUlkZW50aWZpZXIg
Y2xhc3NDb2RlPSJJREVOVCI+DQogICAgICAgICAgICAgICAgICAgIDxleHQ6aWQgYXNzaWduaW5n
QXV0aG9yaXR5TmFtZT0iSFBJLU8iIHJvb3Q9IjEuMi4zNi4xLjIwMDEuMTAwMy4wLjgyMjM2MjE3
NzExNjc4ODgiIC8+DQogICAgICAgICAgICAgICAgICAgIDxleHQ6YXNzaWduaW5nR2VvZ3JhcGhp
Y0FyZWEgY2xhc3NDb2RlPSJQTEMiPg0KICAgICAgICAgICAgICAgICAgICAgICAgPGV4dDpuYW1l
Pk5hdGlvbmFsIElkZW50aWZpZXI8L2V4dDpuYW1lPg0KICAgICAgICAgICAgICAgICAgICA8L2V4
dDphc3NpZ25pbmdHZW9ncmFwaGljQXJlYT4NCiAgICAgICAgICAgICAgICA8L2V4dDphc0VudGl0
eUlkZW50aWZpZXI+DQoNCiAgICAgICAgICAgIDwvcmVwcmVzZW50ZWRPcmdhbml6YXRpb24+DQog
ICAgICAgIDwvYXNzaWduZWRFbnRpdHk+DQogICAgPC9sZWdhbEF1dGhlbnRpY2F0b3I+DQoJPCEt
LSBFbmQgQXV0aGVudGljYXRvciAtLT4NCg0KCTwhLS0gQmVnaW4gRW5jb3VudGVyIChoZWFkZXIg
cGFydCkgLS0+DQogICAgPGNvbXBvbmVudE9mPg0KICAgICAgICA8ZW5jb21wYXNzaW5nRW5jb3Vu
dGVyPg0KDQoJCQk8IS0tIFRoaXMgaXMgYSBtYW5kYXRvcnkgZWxlbWVudCAtLT4NCiAgICAgICAg
ICAgIDxlZmZlY3RpdmVUaW1lIG51bGxGbGF2b3I9Ik5BIiAvPg0KDQogICAgICAgIDwvZW5jb21w
YXNzaW5nRW5jb3VudGVyPg0KICAgIDwvY29tcG9uZW50T2Y+DQoJPCEtLSBFbmQgRW5jb3VudGVy
IChoZWFkZXIgcGFydCkgLS0+DQoJPCEtLSBFbmQgQ0RBIEhlYWRlciAtLT4NCg0KCTwhLS0gQmVn
aW4gQ0RBIEJvZHkgLS0+DQogICAgPGNvbXBvbmVudD4NCiAgICAgICAgPHN0cnVjdHVyZWRCb2R5
Pg0KDQoJCQk8IS0tIFJldmlld2VkIEFkdmVyc2UgU3Vic3RhbmNlIFJlYWN0aW9ucyAtLT4NCiAg
ICAgICAgICAgIDxjb21wb25lbnQ+DQogICAgICAgICAgICAgICAgPHNlY3Rpb24+DQogICAgICAg
ICAgICAgICAgICAgIDxjb2RlIGNvZGU9IjEwMS4yMDExMyIgY29kZVN5c3RlbT0iMS4yLjM2LjEu
MjAwMS4xMDAxLjEwMSIgY29kZVN5c3RlbU5hbWU9Ik5DVElTIERhdGEgQ29tcG9uZW50cyIgZGlz
cGxheU5hbWU9IlJldmlld2VkIEFkdmVyc2UgU3Vic3RhbmNlIFJlYWN0aW9ucyIgLz4NCiAgICAg
ICAgICAgICAgICAgICAgPHRpdGxlPlJldmlld2VkIEFkdmVyc2UgU3Vic3RhbmNlIFJlYWN0aW9u
czwvdGl0bGU+DQogICAgICAgICAgICAgICAgICAgIDx0ZXh0PlJldmlld2VkIEFkdmVyc2UgU3Vi
c3RhbmNlIFJlYWN0aW9ucyBuYXJyYXRpdmUgZ29lcyBoZXJlLjwvdGV4dD4NCg0KCQkJCQk8IS0t
IEFkdmVyc2UgU3Vic3RhbmNlIFJlYWN0aW9uIFJldmlldyAtLT4NCiAgICAgICAgICAgICAgICAg
ICAgPGVudHJ5Pg0KICAgICAgICAgICAgICAgICAgICAgICAgPGFjdCBjbGFzc0NvZGU9IkFDVCIg
bW9vZENvZGU9IkVWTiI+DQogICAgICAgICAgICAgICAgICAgICAgICAgICAgPGNvZGUgY29kZT0i
MTAyLjE2NTc2IiBjb2RlU3lzdGVtPSIxLjIuMzYuMS4yMDAxLjEwMDEuMTAxIiBjb2RlU3lzdGVt
TmFtZT0iTkNUSVMgRGF0YSBDb21wb25lbnRzIiBkaXNwbGF5TmFtZT0iQWR2ZXJzZSBTdWJzdGFu
Y2UgUmVhY3Rpb25zIFJldmlldyIgLz4NCgkJCQkJCQk8IS0tIFJlY29yZCBSZXZpZXcgRGF0ZVRp
bWUgLS0+DQogICAgICAgICAgICAgICAgICAgICAgICAgICAgPGVmZmVjdGl2ZVRpbWUgdmFsdWU9
IjIwMTAxMjI1IiAvPg0KICAgICAgICAgICAgICAgICAgICAgICAgPC9hY3Q+DQogICAgICAgICAg
ICAgICAgICAgIDwvZW50cnk+DQoJCQkJCTwhLS0gRW5kIEFkdmVyc2UgU3Vic3RhbmNlIFJlYWN0
aW9uIFJldmlldyAtLT4NCg0KCQkJCQk8IS0tIEFkdmVyc2UgU3Vic3RhbmNlIFJlYWN0aW9uIC0t
Pg0KICAgICAgICAgICAgICAgICAgICA8ZW50cnk+DQogICAgICAgICAgICAgICAgICAgICAgICA8
YWN0IGNsYXNzQ29kZT0iQUNUIiBtb29kQ29kZT0iRVZOIj4NCiAgICAgICAgICAgICAgICAgICAg
ICAgICAgICA8Y29kZSBjb2RlPSIxMDIuMTY0NzMiIGNvZGVTeXN0ZW09IjEuMi4zNi4xLjIwMDEu
MTAwMS4xMDEiIGNvZGVTeXN0ZW1OYW1lPSJOQ1RJUyBEYXRhIENvbXBvbmVudHMiIGRpc3BsYXlO
YW1lPSJBZHZlcnNlIFN1YnN0YW5jZSBSZWFjdGlvbiIgLz4NCgkJCQkJCQk8IS0tIFN1YnN0YW5j
ZS9BZ2VudCAtLT4NCiAgICAgICAgICAgICAgICAgICAgICAgICAgICA8cGFydGljaXBhbnQgdHlw
ZUNvZGU9IkNBR05UIj4NCiAgICAgICAgICAgICAgICAgICAgICAgICAgICAgICAgPHBhcnRpY2lw
YW50Um9sZT4NCiAgICAgICAgICAgICAgICAgICAgICAgICAgICAgICAgICAgIDxwbGF5aW5nRW50
aXR5Pg0KICAgICAgICAgICAgICAgICAgICAgICAgICAgICAgICAgICAgICAgIDxjb2RlIGNvZGU9
IjkwNTgwMDA4IiBjb2RlU3lzdGVtPSIyLjE2Ljg0MC4xLjExMzg4My42Ljk2IiBjb2RlU3lzdGVt
TmFtZT0iU05PTUVELUNUIiBkaXNwbGF5TmFtZT0iZmlzaCIgLz4NCiAgICAgICAgICAgICAgICAg
ICAgICAgICAgICAgICAgICAgIDwvcGxheWluZ0VudGl0eT4NCiAgICAgICAgICAgICAgICAgICAg
ICAgICAgICAgICAgPC9wYXJ0aWNpcGFudFJvbGU+DQogICAgICAgICAgICAgICAgICAgICAgICAg
ICAgPC9wYXJ0aWNpcGFudD4NCg0KCQkJCQkJCTwhLS0gUmVhY3Rpb24gRXZlbnQgLS0+DQogICAg
ICAgICAgICAgICAgICAgICAgICAgICAgPGVudHJ5UmVsYXRpb25zaGlwIHR5cGVDb2RlPSJDQVVT
Ij4NCiAgICAgICAgICAgICAgICAgICAgICAgICAgICAgICAgPG9ic2VydmF0aW9uIGNsYXNzQ29k
ZT0iT0JTIiBtb29kQ29kZT0iRVZOIj4NCiAgICAgICAgICAgICAgICAgICAgICAgICAgICAgICAg
ICAgIDxjb2RlIGNvZGU9IjEwMi4xNjQ3NCIgY29kZVN5c3RlbT0iMS4yLjM2LjEuMjAwMS4xMDAx
LjEwMSIgY29kZVN5c3RlbU5hbWU9Ik5DVElTIERhdGEgQ29tcG9uZW50cyIgZGlzcGxheU5hbWU9
IlJlYWN0aW9uIEV2ZW50IiAvPg0KDQoJCQkJCQkJCQk8IS0tIE1hbmlmZXN0YXRpb24gLS0+DQog
ICAgICAgICAgICAgICAgICAgICAgICAgICAgICAgICAgICA8ZW50cnlSZWxhdGlvbnNoaXAgdHlw
ZUNvZGU9Ik1GU1QiPg0KICAgICAgICAgICAgICAgICAgICAgICAgICAgICAgICAgICAgICAgIDxv
YnNlcnZhdGlvbiBjbGFzc0NvZGU9Ik9CUyIgbW9vZENvZGU9IkVWTiIgbmVnYXRpb25JbmQ9InRy
dWUiPg0KICAgICAgICAgICAgICAgICAgICAgICAgICAgICAgICAgICAgICAgICAgICA8Y29kZSBj
b2RlPSIyNzE4MDcwMDMiIGNvZGVTeXN0ZW09IjIuMTYuODQwLjEuMTEzODgzLjYuOTYiIGNvZGVT
eXN0ZW1OYW1lPSJTTk9NRUQtQ1QiIGNvZGVTeXN0ZW1WZXJzaW9uPSIyMDA5MDczMSIgZGlzcGxh
eU5hbWU9InNraW4gcmFzaCIgLz4NCiAgICAgICAgICAgICAgICAgICAgICAgICAgICAgICAgICAg
ICAgICAgICAgPHRleHQ+U2tpbiBSYXNoLjwvdGV4dD4NCiAgICAgICAgICAgICAgICAgICAgICAg
ICAgICAgICAgICAgICAgICA8L29ic2VydmF0aW9uPg0KDQogICAgICAgICAgICAgICAgICAgICAg
ICAgICAgICAgICAgICA8L2VudHJ5UmVsYXRpb25zaGlwPg0KICAgICAgICAgICAgICAgICAgICAg
ICAgICAgICAgICA8L29ic2VydmF0aW9uPg0KICAgICAgICAgICAgICAgICAgICAgICAgICAgIDwv
ZW50cnlSZWxhdGlvbnNoaXA+DQoJCQkJCQkJPCEtLSBFbmQgUmVhY3Rpb24gRXZlbnQgLS0+DQoN
CiAgICAgICAgICAgICAgICAgICAgICAgIDwvYWN0Pg0KICAgICAgICAgICAgICAgICAgICA8L2Vu
dHJ5Pg0KCQkJCQk8IS0tIEVuZCBBZHZlcnNlIFN1YnN0YW5jZSBSZWFjdGlvbiAtLT4NCg0KCQkJ
CQk8IS0tIEV4Y2x1c2lvbiBTdGF0ZW1lbnQgLSBBZHZlcnNlIFN1YnN0YW5jZSBSZWFjdGlvbiAt
LT4NCiAgICAgICAgICAgICAgICAgICAgPGVudHJ5Pg0KICAgICAgICAgICAgICAgICAgICAgICAg
PG9ic2VydmF0aW9uIGNsYXNzQ29kZT0iT0JTIiBtb29kQ29kZT0iRVZOIj4NCiAgICAgICAgICAg
ICAgICAgICAgICAgICAgICA8Y29kZSBjb2RlPSIxMDMuMTYzMDIiIGNvZGVTeXN0ZW09IjEuMi4z
Ni4xLjIwMDEuMTAwMS4xMDEiIGNvZGVTeXN0ZW1OYW1lPSJOQ1RJUyBEYXRhIENvbXBvbmVudHMi
IGRpc3BsYXlOYW1lPSJHbG9iYWwgU3RhdGVtZW50IiAvPg0KICAgICAgICAgICAgICAgICAgICAg
ICAgICAgIDx2YWx1ZSBjb2RlPSIwMiIgY29kZVN5c3RlbT0iMS4yLjM2LjEuMjAwMS4xMDAxLjEw
MS4xMDQuMTYyOTkiIGNvZGVTeXN0ZW1OYW1lPSJOQ1RJUyBHbG9iYWwgU3RhdGVtZW50IFZhbHVl
cyIgZGlzcGxheU5hbWU9Ik5vdCBhc2tlZCIgeHNpOnR5cGU9IkNEIiAvPg0KICAgICAgICAgICAg
ICAgICAgICAgICAgPC9vYnNlcnZhdGlvbj4NCiAgICAgICAgICAgICAgICAgICAgPC9lbnRyeT4N
CgkJCQkJPCEtLSBFbmQgRXhjbHVzaW9uIFN0YXRlbWVudCAtIEFkdmVyc2UgU3Vic3RhbmNlIFJl
YWN0aW9uIC0tPg0KDQogICAgICAgICAgICAgICAgPC9zZWN0aW9uPg0KICAgICAgICAgICAgPC9j
b21wb25lbnQ+DQoJCQk8IS0tIEVuZCBSZXZpZXdlZCBBZHZlcnNlIFN1YnN0YW5jZSBSZWFjdGlv
bnMgLS0+DQoNCgkJCTwhLS0gUmV2aWV3ZWQgTWVkaWNhdGlvbnMgLS0+DQogICAgICAgICAgICA8
Y29tcG9uZW50Pg0KICAgICAgICAgICAgICAgIDxzZWN0aW9uPg0KICAgICAgICAgICAgICAgICAg
ICA8Y29kZSBjb2RlPSIxMDEuMTYwMjIiIGNvZGVTeXN0ZW09IjEuMi4zNi4xLjIwMDEuMTAwMS4x
MDEiIGNvZGVTeXN0ZW1OYW1lPSJOQ1RJUyBEYXRhIENvbXBvbmVudHMiIGRpc3BsYXlOYW1lPSJS
ZXZpZXdlZCBNZWRpY2F0aW9ucyIgLz4NCiAgICAgICAgICAgICAgICAgICAgPHRpdGxlPlJldmll
d2VkIE1lZGljYXRpb25zPC90aXRsZT4NCiAgICAgICAgICAgICAgICAgICAgPHRleHQ+UmV2aWV3
ZWQgTWVkaWNhdGlvbnMgbmFycmF0aXZlIGdvZXMgaGVyZS48L3RleHQ+DQoNCgkJCQkJPCEtLSBN
ZWRpY2F0aW9ucyBSZXZpZXcgLS0+DQogICAgICAgICAgICAgICAgICAgIDxlbnRyeT4NCiAgICAg
ICAgICAgICAgICAgICAgICAgIDxhY3QgY2xhc3NDb2RlPSJBQ1QiIG1vb2RDb2RlPSJFVk4iPg0K
ICAgICAgICAgICAgICAgICAgICAgICAgICAgIDxjb2RlIGNvZGU9IjEwMi4xNjU3NiIgY29kZVN5
c3RlbT0iMS4yLjM2LjEuMjAwMS4xMDAxLjEwMSIgY29kZVN5c3RlbU5hbWU9Ik5DVElTIERhdGEg
Q29tcG9uZW50cyIgZGlzcGxheU5hbWU9Ik1lZGljYXRpb25zIFJldmlldyIgLz4NCiAgICAgICAg
ICAgICAgICAgICAgICAgICAgICA8ZWZmZWN0aXZlVGltZSB2YWx1ZT0iMjAxMDEyMjUiIC8+DQog
ICAgICAgICAgICAgICAgICAgICAgICA8L2FjdD4NCiAgICAgICAgICAgICAgICAgICAgPC9lbnRy
eT4NCgkJCQkJPCEtLSBFbmQgTWVkaWNhdGlvbnMgUmV2aWV3IC0tPg0KDQoJCQkJCTwhLS0gVXNl
ZCBNZWRpY2F0aW9ucyAtLT4NCiAgICAgICAgICAgICAgICAgICAgPGVudHJ5Pg0KICAgICAgICAg
ICAgICAgICAgICAgICAgPHN1YnN0YW5jZUFkbWluaXN0cmF0aW9uIGNsYXNzQ29kZT0iU0JBRE0i
IG1vb2RDb2RlPSJFVk4iPg0KICAgICAgICAgICAgICAgICAgICAgICAgICAgIDxpZCByb290PSJD
NTdBOUYzMi03NTRCLTExRTAtQTdFMC01OTlGNDgyNDAxOUIiIC8+DQoJCQkJCQkJPCEtLSBEaXJl
Y3Rpb25zIC0tPg0KICAgICAgICAgICAgICAgICAgICAgICAgICAgIDx0ZXh0IHhzaTp0eXBlPSJT
VCI+MiB0YWJsZXRzIGRhaWx5IGFmdGVyIGJyZWFrZmFzdDwvdGV4dD4NCiAgICAgICAgICAgICAg
ICAgICAgICAgICAgICA8Y29uc3VtYWJsZT4NCiAgICAgICAgICAgICAgICAgICAgICAgICAgICAg
ICAgPG1hbnVmYWN0dXJlZFByb2R1Y3Q+DQogICAgICAgICAgICAgICAgICAgICAgICAgICAgICAg
ICAgICA8bWFudWZhY3R1cmVkTWF0ZXJpYWw+DQoJCQkJCQkJCQkJPCEtLSBUaGVyYXBldXRpYyBH
b29kIElkZW50aWZpY2F0aW9uIC0tPg0KICAgICAgICAgICAgICAgICAgICAgICAgICAgICAgICAg
ICAgICAgIDxjb2RlIGNvZGU9IjIzNjQxMDExMDAwMDM2MTAyIiBjb2RlU3lzdGVtPSIxLjIuMzYu
MS4yMDAxLjEwMDQuMTAwIiBjb2RlU3lzdGVtTmFtZT0iQXVzdHJhbGlhbiBNZWRpY2luY2VzIFRl
cm1pbm9sb2d5IChBTVQpIg0KCQkJCQkJCQkJCQlkaXNwbGF5TmFtZT0icGFyYWNldGFtb2wgNTAw
IG1nICsgY29kZWluZSBwaG9zcGhhdGUgMzAgbWcgdGFibGV0IiAvPg0KICAgICAgICAgICAgICAg
ICAgICAgICAgICAgICAgICAgICAgPC9tYW51ZmFjdHVyZWRNYXRlcmlhbD4NCiAgICAgICAgICAg
ICAgICAgICAgICAgICAgICAgICAgPC9tYW51ZmFjdHVyZWRQcm9kdWN0Pg0KICAgICAgICAgICAg
ICAgICAgICAgICAgICAgIDwvY29uc3VtYWJsZT4NCg0KCQkJCQkJCTwhLS0gQ2xpbmljYWwgSW5k
aWNhdGlvbiAtLT4NCiAgICAgICAgICAgICAgICAgICAgICAgICAgICA8ZW50cnlSZWxhdGlvbnNo
aXAgdHlwZUNvZGU9IlJTT04iPg0KICAgICAgICAgICAgICAgICAgICAgICAgICAgICAgICA8YWN0
IGNsYXNzQ29kZT0iSU5GUk0iIG1vb2RDb2RlPSJFVk4iPg0KICAgICAgICAgICAgICAgICAgICAg
ICAgICAgICAgICAgICAgPGlkIHJvb3Q9IjM2MUI2RUY2LTc1NEMtMTFFMC1BM0MzLUQxOUY0ODI0
MDE5QiIgLz4NCiAgICAgICAgICAgICAgICAgICAgICAgICAgICAgICAgICAgIDxjb2RlIGNvZGU9
IjEwMy4xMDE0MSIgY29kZVN5c3RlbT0iMS4yLjM2LjEuMjAwMS4xMDAxLjEwMSIgY29kZVN5c3Rl
bU5hbWU9Ik5DVElTIERhdGEgQ29tcG9uZW50cyIgZGlzcGxheU5hbWU9IkNsaW5pY2FsIEluZGlj
YXRpb24iIC8+DQogICAgICAgICAgICAgICAgICAgICAgICAgICAgICAgICAgICA8dGV4dCB4c2k6
dHlwZT0iU1QiPlBhaW4gY29udHJvbC48L3RleHQ+DQogICAgICAgICAgICAgICAgICAgICAgICAg
ICAgICAgIDwvYWN0Pg0KICAgICAgICAgICAgICAgICAgICAgICAgICAgIDwvZW50cnlSZWxhdGlv
bnNoaXA+DQoJCQkJCQkJPCEtLSBFbmQgQ2xpbmljYWwgSW5kaWNhdGlvbiAtLT4NCg0KCQkJCQkJ
CTwhLS0gQ29tbWVudCAtLT4NCiAgICAgICAgICAgICAgICAgICAgICAgICAgICA8ZW50cnlSZWxh
dGlvbnNoaXAgdHlwZUNvZGU9IkNPTVAiPg0KICAgICAgICAgICAgICAgICAgICAgICAgICAgICAg
ICA8YWN0IGNsYXNzQ29kZT0iSU5GUk0iIG1vb2RDb2RlPSJFVk4iPg0KICAgICAgICAgICAgICAg
ICAgICAgICAgICAgICAgICAgICAgPGlkIHJvb3Q9IjM2MUI2RUY2LTc1NEMtMTFFMC1BM0MzLUQx
OUY0ODI0MDE5QiIgLz4NCiAgICAgICAgICAgICAgICAgICAgICAgICAgICAgICAgICAgIDxjb2Rl
IGNvZGU9IjEwMy4xNjA0NCIgY29kZVN5c3RlbT0iMS4yLjM2LjEuMjAwMS4xMDAxLjEwMSIgY29k
ZVN5c3RlbU5hbWU9Ik5DVElTIERhdGEgQ29tcG9uZW50cyIgZGlzcGxheU5hbWU9IkFkZGl0aW9u
YWwgQ29tbWVudHMiIC8+DQogICAgICAgICAgICAgICAgICAgICAgICAgICAgICAgICAgICA8dGV4
dCB4c2k6dHlwZT0iU1QiPkRvc2FnZSB0byBiZSByZXZpZXdlZCBpbiAxMCBkYXlzLjwvdGV4dD4N
CiAgICAgICAgICAgICAgICAgICAgICAgICAgICAgICAgPC9hY3Q+DQogICAgICAgICAgICAgICAg
ICAgICAgICAgICAgPC9lbnRyeVJlbGF0aW9uc2hpcD4NCgkJCQkJCQk8IS0tIEVuZCBDb21tZW50
IC0tPg0KDQogICAgICAgICAgICAgICAgICAgICAgICA8L3N1YnN0YW5jZUFkbWluaXN0cmF0aW9u
Pg0KICAgICAgICAgICAgICAgICAgICA8L2VudHJ5Pg0KCQkJCQk8IS0tIEVuZCBVc2VkIE1lZGlj
YXRpb25zIC0tPg0KDQoJCQkJCTwhLS0gRXhjbHVzaW9uIFN0YXRlbWVudCAtIE1lZGljYXRpb25z
IC0tPg0KICAgICAgICAgICAgICAgICAgICA8ZW50cnk+DQogICAgICAgICAgICAgICAgICAgICAg
ICA8b2JzZXJ2YXRpb24gY2xhc3NDb2RlPSJPQlMiIG1vb2RDb2RlPSJFVk4iPg0KICAgICAgICAg
ICAgICAgICAgICAgICAgICAgIDxjb2RlIGNvZGU9IjEwMy4xNjMwMiIgY29kZVN5c3RlbT0iMS4y
LjM2LjEuMjAwMS4xMDAxLjEwMSIgY29kZVN5c3RlbU5hbWU9Ik5DVElTIERhdGEgQ29tcG9uZW50
cyIgZGlzcGxheU5hbWU9Ikdsb2JhbCBTdGF0ZW1lbnQiIC8+DQogICAgICAgICAgICAgICAgICAg
ICAgICAgICAgPHZhbHVlIGNvZGU9IjExIiBjb2RlU3lzdGVtPSIxLjIuMzYuMS4yMDAxLjEwMDEu
MTAxLjEwNC4xNjI5OSIgY29kZVN5c3RlbU5hbWU9Ik5DVElTIEdsb2JhbCBTdGF0ZW1lbnQgVmFs
dWVzIiBkaXNwbGF5TmFtZT0iTm9uZSBrbm93biIgeHNpOnR5cGU9IkNEIiAvPg0KICAgICAgICAg
ICAgICAgICAgICAgICAgPC9vYnNlcnZhdGlvbj4NCiAgICAgICAgICAgICAgICAgICAgPC9lbnRy
eT4NCgkJCQkJPCEtLSBFeGNsdXNpb24gU3RhdGVtZW50IC0gTWVkaWNhdGlvbnMgLS0+DQoNCiAg
ICAgICAgICAgICAgICA8L3NlY3Rpb24+DQogICAgICAgICAgICA8L2NvbXBvbmVudD4NCgkJCTwh
LS0gRW5kIFJldmlld2VkIE1lZGljYXRpb25zIC0tPg0KDQoJCQk8IS0tIFN0YXJ0IFJldmlld2Vk
IE1lZGljYWwgSGlzdG9yeSAtLT4NCiAgICAgICAgICAgIDxjb21wb25lbnQ+DQogICAgICAgICAg
ICAgICAgPHNlY3Rpb24+DQogICAgICAgICAgICAgICAgICAgIDxjb2RlIGNvZGU9IjEwMS4yMTAw
MyIgY29kZVN5c3RlbT0iMS4yLjM2LjEuMjAwMS4xMDAxLjEwMSIgY29kZVN5c3RlbU5hbWU9Ik5D
VElTIERhdGEgQ29tcG9uZW50cyIgZGlzcGxheU5hbWU9IlJldmlld2VkIE1lZGljYWwgSGlzdG9y
eSIgLz4NCiAgICAgICAgICAgICAgICAgICAgPHRpdGxlPlJldmlld2VkIE1lZGljYWwgaGlzdG9y
eTwvdGl0bGU+DQogICAgICAgICAgICAgICAgICAgIDx0ZXh0PlJldmlld2VkIE1lZGljYWwgaGlz
dG9yeSBuYXJyYXRpdmUgZ29lcyBoZXJlLjwvdGV4dD4NCg0KCQkJCQk8IS0tIE1lZGljYWwgSGlz
dG9yeSBSZXZpZXcgLS0+DQogICAgICAgICAgICAgICAgICAgIDxlbnRyeT4NCiAgICAgICAgICAg
ICAgICAgICAgICAgIDxhY3QgY2xhc3NDb2RlPSJBQ1QiIG1vb2RDb2RlPSJFVk4iPg0KICAgICAg
ICAgICAgICAgICAgICAgICAgICAgIDxjb2RlIGNvZGU9IjEwMi4xNjU3NiIgY29kZVN5c3RlbT0i
MS4yLjM2LjEuMjAwMS4xMDAxLjEwMSIgY29kZVN5c3RlbU5hbWU9Ik5DVElTIERhdGEgQ29tcG9u
ZW50cyIgZGlzcGxheU5hbWU9Ik1lZGljYWwgSGlzdG9yeSBSZXZpZXciIC8+DQogICAgICAgICAg
ICAgICAgICAgICAgICAgICAgPGVmZmVjdGl2ZVRpbWUgdmFsdWU9IjIwMTAxMjI1IiAvPg0KICAg
ICAgICAgICAgICAgICAgICAgICAgPC9hY3Q+DQogICAgICAgICAgICAgICAgICAgIDwvZW50cnk+
DQoJCQkJCTwhLS0gTWVkaWNhbCBIaXN0b3J5IFJldmlldyAtLT4NCg0KCQkJCQk8IS0tIFByb2Js
ZW0vRGlhZ25vc2lzIC0tPg0KICAgICAgICAgICAgICAgICAgICA8ZW50cnk+DQogICAgICAgICAg
ICAgICAgICAgICAgICA8b2JzZXJ2YXRpb24gY2xhc3NDb2RlPSJPQlMiIG1vb2RDb2RlPSJFVk4i
Pg0KICAgICAgICAgICAgICAgICAgICAgICAgICAgIDxpZCByb290PSI3NEQyOUM4OC03MDZFLTEx
RTAtOTcyNi01QUJFNDgyNDAxOUIiIC8+DQogICAgICAgICAgICAgICAgICAgICAgICAgICAgPGNv
ZGUgY29kZT0iMTAyLjE1NTMwIiBjb2RlU3lzdGVtPSIxLjIuMzYuMS4yMDAxLjEwMDEuMTAxIiBj
b2RlU3lzdGVtTmFtZT0iTkNUSVMgRGF0YSBDb21wb25lbnRzIiBkaXNwbGF5TmFtZT0iUHJvYmxl
bS9EaWFnbm9zaXMiIC8+DQoJCQkJCQkJPCEtLSBEYXRlIG9mIE9uc2V0IC0tPg0KICAgICAgICAg
ICAgICAgICAgICAgICAgICAgIDxlZmZlY3RpdmVUaW1lIHZhbHVlPSIyMDExMTEwNCIgLz4NCg0K
CQkJCQkJCTwhLS0gUHJvYmxlbS9EaWFnbm9zaXMgSWRlbnRpZmljYXRpb24gLS0+DQogICAgICAg
ICAgICAgICAgICAgICAgICAgICAgPHZhbHVlIGNvZGU9IjExNjIyMzAwNyIgY29kZVN5c3RlbT0i
Mi4xNi44NDAuMS4xMTM4ODMuNi45NiIgY29kZVN5c3RlbU5hbWU9IlNOT01FRC1DVCIgY29kZVN5
c3RlbVZlcnNpb249IjIwMDkwNzMxIiBkaXNwbGF5TmFtZT0iQ29tb3JiaWRpdHkiIHhzaTp0eXBl
PSJDRCIgLz4NCg0KCQkJCQkJCTwhLS0gRGF0ZSBvZiBSZXNvbHV0aW9uL1JlbWlzc2lvbiAtLT4N
CiAgICAgICAgICAgICAgICAgICAgICAgICAgICA8ZW50cnlSZWxhdGlvbnNoaXAgdHlwZUNvZGU9
IlNVQkoiPg0KICAgICAgICAgICAgICAgICAgICAgICAgICAgICAgICA8b2JzZXJ2YXRpb24gY2xh
c3NDb2RlPSJPQlMiIG1vb2RDb2RlPSJFVk4iPg0KICAgICAgICAgICAgICAgICAgICAgICAgICAg
ICAgICAgICAgPGlkIHJvb3Q9IjZBRDE5QkFFLTc1MjctMTFFMC04NTFFLTgyNzc0ODI0MDE5QiIg
Lz4NCiAgICAgICAgICAgICAgICAgICAgICAgICAgICAgICAgICAgIDxjb2RlIGNvZGU9IjEwMy4x
NTUxMCIgY29kZVN5c3RlbT0iMS4yLjM2LjEuMjAwMS4xMDAxLjEwMSIgY29kZVN5c3RlbU5hbWU9
Ik5DVElTIERhdGEgQ29tcG9uZW50cyIgZGlzcGxheU5hbWU9IkRhdGUgb2YgUmVzb2x1dGlvbi9S
ZW1pc3Npb24iIC8+DQogICAgICAgICAgICAgICAgICAgICAgICAgICAgICAgICAgICA8dmFsdWUg
dmFsdWU9IjIwMTEwNDI3IiB4c2k6dHlwZT0iSVZMX1RTIiAvPg0KICAgICAgICAgICAgICAgICAg
ICAgICAgICAgICAgICA8L29ic2VydmF0aW9uPg0KICAgICAgICAgICAgICAgICAgICAgICAgICAg
IDwvZW50cnlSZWxhdGlvbnNoaXA+DQoJCQkJCQkJPCEtLSBFbmQgRGF0ZSBvZiBSZXNvbHV0aW9u
L1JlbWlzc2lvbiAtLT4NCg0KCQkJCQkJCTwhLS0gUHJvYmxlbS9EaWFnbm9zaXMgQ29tbWVudCAt
LT4NCiAgICAgICAgICAgICAgICAgICAgICAgICAgICA8ZW50cnlSZWxhdGlvbnNoaXAgdHlwZUNv
ZGU9IkNPTVAiPg0KICAgICAgICAgICAgICAgICAgICAgICAgICAgICAgICA8YWN0IGNsYXNzQ29k
ZT0iSU5GUk0iIG1vb2RDb2RlPSJFVk4iPg0KICAgICAgICAgICAgICAgICAgICAgICAgICAgICAg
ICAgICAgPGNvZGUgY29kZT0iMTAzLjE2NTQ1IiBjb2RlU3lzdGVtPSIxLjIuMzYuMS4yMDAxLjEw
MDEuMTAxIiBjb2RlU3lzdGVtTmFtZT0iTkNUSVMgRGF0YSBDb21wb25lbnRzIiBkaXNwbGF5TmFt
ZT0iUHJvYmxlbS9EaWFnbm9zaXMgQ29tbWVudCIgLz4NCiAgICAgICAgICAgICAgICAgICAgICAg
ICAgICAgICAgICAgIDx0ZXh0IHhzaTp0eXBlPSJTVCI+UHJvYmxlbS9EaWFnbm9zaXMgQ29tbWVu
dCBDb21tZW50IGdvZXMgaGVyZS48L3RleHQ+DQogICAgICAgICAgICAgICAgICAgICAgICAgICAg
ICAgIDwvYWN0Pg0KICAgICAgICAgICAgICAgICAgICAgICAgICAgIDwvZW50cnlSZWxhdGlvbnNo
aXA+DQoJCQkJCQkJPCEtLSBFbmQgUHJvYmxlbS9EaWFnbm9zaXMgQ29tbWVudCAtLT4NCg0KICAg
ICAgICAgICAgICAgICAgICAgICAgPC9vYnNlcnZhdGlvbj4NCiAgICAgICAgICAgICAgICAgICAg
PC9lbnRyeT4NCgkJCQkJPCEtLSBFbmQgUHJvYmxlbS9EaWFnbm9zaXMgLS0+DQoNCgkJCQkJPCEt
LSBFeGNsdXNpb24gU3RhdGVtZW50IC0gUHJvYmxlbS9EaWFnbm9zZXMgLS0+DQoJCQkJCTwhLS0g
R2xvYmFsIFN0YXRlbWVudCAtLT4NCiAgICAgICAgICAgICAgICAgICAgPGVudHJ5Pg0KICAgICAg
ICAgICAgICAgICAgICAgICAgPG9ic2VydmF0aW9uIGNsYXNzQ29kZT0iT0JTIiBtb29kQ29kZT0i
RVZOIj4NCiAgICAgICAgICAgICAgICAgICAgICAgICAgICA8aWQgcm9vdD0iOUNCN0M1REMtNzUy
Ri0xMUUwLTlGRTItOTc4MDQ4MjQwMTlCIiAvPg0KICAgICAgICAgICAgICAgICAgICAgICAgICAg
IDxjb2RlIGNvZGU9IjEwMy4xNjMwMiIgY29kZVN5c3RlbT0iMS4yLjM2LjEuMjAwMS4xMDAxLjEw
MSIgY29kZVN5c3RlbU5hbWU9Ik5DVElTIERhdGEgQ29tcG9uZW50cyIgZGlzcGxheU5hbWU9Ikds
b2JhbCBTdGF0ZW1lbnQiIC8+DQogICAgICAgICAgICAgICAgICAgICAgICAgICAgPHZhbHVlIGNv
ZGU9IjEiIGNvZGVTeXN0ZW09IjEuMi4zNi4xLjIwMDEuMTAwMS4xMDEuMTA0LjE2Mjk5IiBjb2Rl
U3lzdGVtTmFtZT0iTkNUSVMgR2xvYmFsIFN0YXRlbWVudCBWYWx1ZXMiDQoJCQkJCQkJCWRpc3Bs
YXlOYW1lPSJObyBzaWduaWZpY2FudCBtZWRpY2FsIGhpc3Rvcnkgb2YgYW55IHByb2JsZW0gb3Ig
ZGlhZ25vc2lzIiB4c2k6dHlwZT0iQ0QiIC8+DQogICAgICAgICAgICAgICAgICAgICAgICA8L29i
c2VydmF0aW9uPg0KICAgICAgICAgICAgICAgICAgICA8L2VudHJ5Pg0KCQkJCQk8IS0tIEVuZCBF
eGNsdXNpb24gU3RhdGVtZW50IC0gUHJvYmxlbS9EaWFnbm9zZXMgLS0+DQoNCgkJCQkJPCEtLSBQ
cm9jZWR1cmUgLS0+DQogICAgICAgICAgICAgICAgICAgIDxlbnRyeT4NCiAgICAgICAgICAgICAg
ICAgICAgICAgIDxwcm9jZWR1cmUgY2xhc3NDb2RlPSJQUk9DIiBtb29kQ29kZT0iRVZOIj4NCiAg
ICAgICAgICAgICAgICAgICAgICAgICAgICA8aWQgcm9vdD0iQjk2QTM4QzYtNzA2Qy0xMUUwLUFE
MkUtNDJCQzQ4MjQwMTlCIiAvPg0KCQkJCQkJCTwhLS0gUHJvY2VkdXJlIE5hbWUgLS0+DQogICAg
ICAgICAgICAgICAgICAgICAgICAgICAgPGNvZGUgY29kZT0iMzk3OTU2MDA0IiBjb2RlU3lzdGVt
PSIyLjE2Ljg0MC4xLjExMzg4My42Ljk2IiBjb2RlU3lzdGVtTmFtZT0iU05PTUVELUNUIiBkaXNw
bGF5TmFtZT0iaGlwIHJlcGxhY2VtZW50IiAvPg0KCQkJCQkJCTwhLS0gRGF0ZVRpbWUgU3RhcnRl
ZCAtLT4NCiAgICAgICAgICAgICAgICAgICAgICAgICAgICA8ZWZmZWN0aXZlVGltZSB2YWx1ZT0i
MjAxMTA0MjciIC8+DQoNCgkJCQkJCQk8IS0tIFByb2NlZHVyZSBDb21tZW50IC0tPg0KICAgICAg
ICAgICAgICAgICAgICAgICAgICAgIDxlbnRyeVJlbGF0aW9uc2hpcCB0eXBlQ29kZT0iQ09NUCI+
DQogICAgICAgICAgICAgICAgICAgICAgICAgICAgICAgIDxhY3QgY2xhc3NDb2RlPSJJTkZSTSIg
bW9vZENvZGU9IkVWTiI+DQogICAgICAgICAgICAgICAgICAgICAgICAgICAgICAgICAgICA8Y29k
ZSBjb2RlPSIxMDMuMTU1OTUiIGNvZGVTeXN0ZW09IjEuMi4zNi4xLjIwMDEuMTAwMS4xMDEiIGNv
ZGVTeXN0ZW1OYW1lPSJOQ1RJUyBEYXRhIENvbXBvbmVudHMiIGRpc3BsYXlOYW1lPSJQcm9jZWR1
cmUgQ29tbWVudCIgLz4NCiAgICAgICAgICAgICAgICAgICAgICAgICAgICAgICAgICAgIDx0ZXh0
IHhzaTp0eXBlPSJTVCI+UHJvY2VkdXJlIENvbW1lbnQgZ29lcyBoZXJlLjwvdGV4dD4NCiAgICAg
ICAgICAgICAgICAgICAgICAgICAgICAgICAgPC9hY3Q+DQogICAgICAgICAgICAgICAgICAgICAg
ICAgICAgPC9lbnRyeVJlbGF0aW9uc2hpcD4NCiAgICAgICAgICAgICAgICAgICAgICAgIDwvcHJv
Y2VkdXJlPg0KICAgICAgICAgICAgICAgICAgICA8L2VudHJ5Pg0KCQkJCQk8IS0tIEVuZCBQcm9j
ZWR1cmUgLS0+DQoNCgkJCQkJPCEtLSBFeGNsdXNpb24gU3RhdGVtZW50IC0gUHJvY2VkdXJlcyAt
LT4NCgkJCQkJPCEtLSBHbG9iYWwgU3RhdGVtZW50IC0tPg0KICAgICAgICAgICAgICAgICAgICA8
ZW50cnk+DQogICAgICAgICAgICAgICAgICAgICAgICA8b2JzZXJ2YXRpb24gY2xhc3NDb2RlPSJP
QlMiIG1vb2RDb2RlPSJFVk4iPg0KICAgICAgICAgICAgICAgICAgICAgICAgICAgIDxpZCByb290
PSI4MTE1NTQ1Qy03NTJGLTExRTAtQThFMi04QjgwNDgyNDAxOUIiIC8+DQogICAgICAgICAgICAg
ICAgICAgICAgICAgICAgPGNvZGUgY29kZT0iMTAzLjE2MzAyIiBjb2RlU3lzdGVtPSIxLjIuMzYu
MS4yMDAxLjEwMDEuMTAxIiBjb2RlU3lzdGVtTmFtZT0iTkNUSVMgRGF0YSBDb21wb25lbnRzIiBk
aXNwbGF5TmFtZT0iR2xvYmFsIFN0YXRlbWVudCIgLz4NCiAgICAgICAgICAgICAgICAgICAgICAg
ICAgICA8dmFsdWUgY29kZT0iMTEiIGNvZGVTeXN0ZW09IjEuMi4zNi4xLjIwMDEuMTAwMS4xMDEu
MTA0LjE2Mjk5IiBjb2RlU3lzdGVtTmFtZT0iTkNUSVMgR2xvYmFsIFN0YXRlbWVudCBWYWx1ZXMi
IGRpc3BsYXlOYW1lPSJOb25lIGtub3duIiB4c2k6dHlwZT0iQ0QiIC8+DQogICAgICAgICAgICAg
ICAgICAgICAgICA8L29ic2VydmF0aW9uPg0KICAgICAgICAgICAgICAgICAgICA8L2VudHJ5Pg0K
CQkJCQk8IS0tIEVuZCBFeGNsdXNpb24gU3RhdGVtZW50IC0gUHJvY2VkdXJlcyAtLT4NCg0KCQkJ
CQk8IS0tIE90aGVyIE1lZGljYWwgSGlzdG9yeSBJdGVtIC0tPg0KICAgICAgICAgICAgICAgICAg
ICA8ZW50cnk+DQogICAgICAgICAgICAgICAgICAgICAgICA8YWN0IGNsYXNzQ29kZT0iQUNUIiBt
b29kQ29kZT0iRVZOIj4NCiAgICAgICAgICAgICAgICAgICAgICAgICAgICA8aWQgcm9vdD0iMENC
RTBCNDItNzA3Mi0xMUUwLTk0QjEtMjZDMjQ4MjQwMTlCIiAvPg0KICAgICAgICAgICAgICAgICAg
ICAgICAgICAgIDxjb2RlIGNvZGU9IjEwMi4xNTUxMyIgY29kZVN5c3RlbT0iMS4yLjM2LjEuMjAw
MS4xMDAxLjEwMSIgY29kZVN5c3RlbU5hbWU9Ik5DVElTIERhdGEgQ29tcG9uZW50cyIgZGlzcGxh
eU5hbWU9Ik90aGVyIE1lZGljYWwgSGlzdG9yeSBJdGVtIiAvPg0KICAgICAgICAgICAgICAgICAg
ICAgICAgICAgIDx0ZXh0IHhzaTp0eXBlPSJTVCI+T3RoZXIgTWVkaWNhbCBIaXN0b3J5IEl0ZW0g
Z29lcyBoZXJlLjwvdGV4dD4NCiAgICAgICAgICAgICAgICAgICAgICAgICAgICA8YXV0aG9yPg0K
ICAgICAgICAgICAgICAgICAgICAgICAgICAgICAgICA8dGltZSB2YWx1ZT0iMjAxMTA0MjcxMTAw
IiAvPg0KICAgICAgICAgICAgICAgICAgICAgICAgICAgICAgICA8YXNzaWduZWRBdXRob3IgbnVs
bEZsYXZvcj0iTkEiPg0KICAgICAgICAgICAgICAgICAgICAgICAgICAgICAgICAgICAgPGlkIG51
bGxGbGF2b3I9Ik5BIiAvPg0KICAgICAgICAgICAgICAgICAgICAgICAgICAgICAgICA8L2Fzc2ln
bmVkQXV0aG9yPg0KICAgICAgICAgICAgICAgICAgICAgICAgICAgIDwvYXV0aG9yPg0KICAgICAg
ICAgICAgICAgICAgICAgICAgPC9hY3Q+DQogICAgICAgICAgICAgICAgICAgIDwvZW50cnk+DQoJ
CQkJCTwhLS0gRW5kIE90aGVyIE1lZGljYWwgSGlzdG9yeSBJdGVtIC0tPg0KDQogICAgICAgICAg
ICAgICAgPC9zZWN0aW9uPg0KICAgICAgICAgICAgPC9jb21wb25lbnQ+DQoJCQk8IS0tIEVuZCBS
ZXZpZXdlZCBNZWRpY2FsIEhpc3RvcnkgLS0+DQoNCgkJCTwhLS0gUmV2aWV3ZWQgSW1tdW5pc2F0
aW9ucyBTZWN0aW9uIC0tPg0KICAgICAgICAgICAgPGNvbXBvbmVudD4NCiAgICAgICAgICAgICAg
ICA8c2VjdGlvbj4NCiAgICAgICAgICAgICAgICAgICAgPGNvZGUgY29kZT0iMTAxLjE2NjAwIiBj
b2RlU3lzdGVtPSIxLjIuMzYuMS4yMDAxLjEwMDEuMTAxIiBjb2RlU3lzdGVtTmFtZT0iTkNUSVMg
RGF0YSBDb21wb25lbnRzIiBkaXNwbGF5TmFtZT0iUmV2aWV3ZWQgSW1tdW5pc2F0aW9ucyIgLz4N
CiAgICAgICAgICAgICAgICAgICAgPHRpdGxlPlJldmlld2VkIEltbXVuaXNhdGlvbnM8L3RpdGxl
Pg0KICAgICAgICAgICAgICAgICAgICA8dGV4dD5SZXZpZXdlZCBJbW11bmlzYXRpb25zIG5hcnJh
dGl2ZSBnb2VzIGhlcmUuPC90ZXh0Pg0KDQoJCQkJCTwhLS0gUmV2aWV3ZWQgSW1tdW5pc2F0aW9u
cyAtLT4NCiAgICAgICAgICAgICAgICAgICAgPGVudHJ5Pg0KICAgICAgICAgICAgICAgICAgICAg
ICAgPGFjdCBjbGFzc0NvZGU9IkFDVCIgbW9vZENvZGU9IkVWTiI+DQogICAgICAgICAgICAgICAg
ICAgICAgICAgICAgPGlkIHJvb3Q9IjQ1RjNCRTI4LTc1NTEtMTFFMC05NzFELTY1QTU0ODI0MDE5
QiIgLz4NCiAgICAgICAgICAgICAgICAgICAgICAgICAgICA8Y29kZSBjb2RlPSIxMDIuMTY1NzYi
IGNvZGVTeXN0ZW09IjEuMi4zNi4xLjIwMDEuMTAwMS4xMDEiIGNvZGVTeXN0ZW1OYW1lPSJOQ1RJ
UyBEYXRhIENvbXBvbmVudHMiIGRpc3BsYXlOYW1lPSJJbW11bmlzYXRpb24gSGlzdG9yeSBSZXZp
ZXciIC8+DQoJCQkJCQkJPCEtLSBSZWNvcmQgUmV2aWV3IERhdGVUaW1lIC0tPg0KICAgICAgICAg
ICAgICAgICAgICAgICAgICAgIDxlZmZlY3RpdmVUaW1lIHZhbHVlPSIyMDExMDQyNyIgLz4NCiAg
ICAgICAgICAgICAgICAgICAgICAgIDwvYWN0Pg0KICAgICAgICAgICAgICAgICAgICA8L2VudHJ5
Pg0KCQkJCQk8IS0tIEVuZCBSZXZpZXdlZCBJbW11bmlzYXRpb25zIC0tPg0KDQoJCQkJCTwhLS0g
QWRtaW5pc3RlcmVkIEltbXVuaXNhdGlvbiAtLT4NCiAgICAgICAgICAgICAgICAgICAgPGVudHJ5
Pg0KICAgICAgICAgICAgICAgICAgICAgICAgPHN1YnN0YW5jZUFkbWluaXN0cmF0aW9uIGNsYXNz
Q29kZT0iU0JBRE0iIG1vb2RDb2RlPSJFVk4iPg0KCQkJCQkJCTwhLS0gTWVkaWNhdGlvbiBBY3Rp
b24gRGF0ZVRpbWUgLS0+DQogICAgICAgICAgICAgICAgICAgICAgICAgICAgPGVmZmVjdGl2ZVRp
bWUgdmFsdWU9IjIwMTEwNDI3IiAvPg0KICAgICAgICAgICAgICAgICAgICAgICAgICAgIDxjb25z
dW1hYmxlPg0KICAgICAgICAgICAgICAgICAgICAgICAgICAgICAgICA8bWFudWZhY3R1cmVkUHJv
ZHVjdD4NCiAgICAgICAgICAgICAgICAgICAgICAgICAgICAgICAgICAgIDxtYW51ZmFjdHVyZWRN
YXRlcmlhbD4NCiAgICAgICAgICAgICAgICAgICAgICAgICAgICAgICAgICAgICAgICA8Y29kZSBj
b2RlPSI/Pz8/PyIgY29kZVN5c3RlbT0iMS4yLjM2LjEuMjAwMS4xMDA0LjEwMCIgY29kZVN5c3Rl
bU5hbWU9IkF1c3RyYWxpYW4gTWVkaWNpbmNlcyBUZXJtaW5vbG9neSAoQU1UKSIgZGlzcGxheU5h
bWU9Ij8/Pz8/IiAvPg0KICAgICAgICAgICAgICAgICAgICAgICAgICAgICAgICAgICAgPC9tYW51
ZmFjdHVyZWRNYXRlcmlhbD4NCiAgICAgICAgICAgICAgICAgICAgICAgICAgICAgICAgPC9tYW51
ZmFjdHVyZWRQcm9kdWN0Pg0KICAgICAgICAgICAgICAgICAgICAgICAgICAgIDwvY29uc3VtYWJs
ZT4NCiAgICAgICAgICAgICAgICAgICAgICAgIDwvc3Vic3RhbmNlQWRtaW5pc3RyYXRpb24+DQog
ICAgICAgICAgICAgICAgICAgIDwvZW50cnk+DQoJCQkJCTwhLS0gRW5kIEFkbWluaXN0ZXJlZCBJ
bW11bmlzYXRpb24gLS0+DQoNCgkJCQkJPCEtLSBFeGNsdXNpb24gU3RhdGVtZW50IC0gSW1tdW5p
c2F0aW9ucyAtLT4NCiAgICAgICAgICAgICAgICAgICAgPGVudHJ5Pg0KICAgICAgICAgICAgICAg
ICAgICAgICAgPG9ic2VydmF0aW9uIGNsYXNzQ29kZT0iT0JTIiBtb29kQ29kZT0iRVZOIj4NCiAg
ICAgICAgICAgICAgICAgICAgICAgICAgICA8Y29kZSBjb2RlPSIxMDMuMTYzMDIiIGNvZGVTeXN0
ZW09IjEuMi4zNi4xLjIwMDEuMTAwMS4xMDEiIGNvZGVTeXN0ZW1OYW1lPSJOQ1RJUyBEYXRhIENv
bXBvbmVudHMiIGRpc3BsYXlOYW1lPSJHbG9iYWwgU3RhdGVtZW50IiAvPg0KICAgICAgICAgICAg
ICAgICAgICAgICAgICAgIDx2YWx1ZSBjb2RlPSIwMSIgY29kZVN5c3RlbT0iMS4yLjM2LjEuMjAw
MS4xMDAxLjEwMS4xMDQuMTYyOTkiIGNvZGVTeXN0ZW1OYW1lPSJOQ1RJUyBHbG9iYWwgU3RhdGVt
ZW50IFZhbHVlcyIgZGlzcGxheU5hbWU9Ik5vbmUga25vd24iIHhzaTp0eXBlPSJDRCIgLz4NCiAg
ICAgICAgICAgICAgICAgICAgICAgIDwvb2JzZXJ2YXRpb24+DQogICAgICAgICAgICAgICAgICAg
IDwvZW50cnk+DQoJCQkJCTwhLS0gRW5kIEV4Y2x1c2lvbiBTdGF0ZW1lbnQgLSBJbW11bmlzYXRp
b25zIC0tPg0KDQogICAgICAgICAgICAgICAgPC9zZWN0aW9uPg0KICAgICAgICAgICAgPC9jb21w
b25lbnQ+DQoJCQk8IS0tIEVuZCBSZXZpZXdlZCBJbW11bmlzYXRpb25zIFNlY3Rpb24gLS0+DQoN
CiAgICAgICAgPC9zdHJ1Y3R1cmVkQm9keT4NCiAgICA8L2NvbXBvbmVudD4NCgk8IS0tIEVuZCBD
REEgQm9keSAtLT4NCjwvQ2xpbmljYWxEb2N1bWVudD4NCg==
            </Content>
        </Document>
    </Documents>
</SubmitDocumentRequest>