<?xml version="1.0" encoding="UTF-8"?>
<SubmitDocumentRequest
    xmlns="http://schemas.hieos.vangent.com/xdsbridge"
    xmlns:xm="http://www.w3.org/2005/05/xmlmime">
    <PatientId root="2.16.840.1.113883.3.454.1.1000387002" />
    <Documents>
        <Document>
            <Id>2.16.840.1.113883.10.20.1</Id> 
            <Type code="51855-5" 
                codeSystem="2.16.840.1.113883.6.1"
                codeSystemName="LOINC" displayName="Shared Health Summary" />
            <Content xm:contentType="text/xml">PD94bWwgdmVyc2lvbj0iMS4wIiBlbmNvZGluZz0iVVRGLTgiPz4NCjwhLS0gVGhpcyBleGFtcGxlIGlzIHByb3ZpZGVkIGZvciBpbGx1c3RyYXRpdmUgcHVycG9zZXMgb25seS4gSXQgaGFzIGhhZCBubyBjbGluaWNhbCB2YWxpZGF0aW9uLiANCiBXaGlsZSBldmVyeSBlZmZvcnQgaGFzIGJlZW4gdGFrZW4gdG8gZW5zdXJlIHRoYXQgdGhlIGV4YW1wbGVzIGFyZSBjb25zaXN0ZW50IHdpdGggdGhlIG1lc3NhZ2Ugc3BlY2lmaWNhdGlvbiwgDQogd2hlcmUgdGhlcmUgYXJlIGNvbmZsaWN0cyB3aXRoIHRoZSB3cml0dGVuIG1lc3NhZ2Ugc3BlY2lmaWNhdGlvbiBvciBzY2hlbWEsIHRoZSBzcGVjaWZpY2F0aW9uIG9yIHNjaGVtYSANCiBzaGFsbCBiZSBjb25zaWRlcmVkIHRvIHRha2UgcHJlY2VkZW5jZSAtLT4NCjxDbGluaWNhbERvY3VtZW50IHhtbG5zPSJ1cm46aGw3LW9yZzp2MyIgeG1sbnM6ZXh0PSJodHRwOi8vbnMuZWxlY3Ryb25pY2hlYWx0aC5uZXQuYXUvQ2kvQ2RhL0V4dGVuc2lvbnMvMy4wIiB4bWxuczp4cz0iaHR0cDovL3d3dy53My5vcmcvMjAwMS9YTUxTY2hlbWEiDQoJeG1sbnM6eHNpPSJodHRwOi8vd3d3LnczLm9yZy8yMDAxL1hNTFNjaGVtYS1pbnN0YW5jZSI+DQoJPHR5cGVJZCBleHRlbnNpb249IlBPQ0RfSEQwMDAwNDAiIHJvb3Q9IjIuMTYuODQwLjEuMTEzODgzLjEuMyIgLz4NCgk8dGVtcGxhdGVJZCBleHRlbnNpb249IjEuMCIgcm9vdD0iMS4yLjM2LjEuMjAwMS4xMDAxLjEwMS4xMDAuMjAwMDAiIC8+DQoJPGlkIHJvb3Q9IjhCQzM0MDZBLUI5M0YtMTFERS04QTJCLTZBMUM1NkQ4OTU5MyIgLz4NCgk8Y29kZSBjb2RlPSI1MTg1NS01IiBjb2RlU3lzdGVtPSIyLjE2Ljg0MC4xLjExMzg4My42LjEiIGNvZGVTeXN0ZW1OYW1lPSJMT0lOQyIgZGlzcGxheU5hbWU9IlNoYXJlZCBIZWFsdGggU3VtbWFyeSIgLz4NCgk8ZWZmZWN0aXZlVGltZSB2YWx1ZT0iMjAwOTEwMjAxMjM1IiAvPg0KCTxjb25maWRlbnRpYWxpdHlDb2RlIG51bGxGbGF2b3I9Ik5BIiAvPg0KCTxsYW5ndWFnZUNvZGUgY29kZT0iZW4tQVUiIC8+DQoJPHNldElkIHJvb3Q9IjZDNkJBNTZDLUJDOTItMTFERS1BMTcwLUQ4NTU1NkQ4OTU5MyIgLz4NCgk8dmVyc2lvbk51bWJlciB2YWx1ZT0iMSIgLz4NCgk8ZXh0OmNvbXBsZXRpb25Db2RlIGNvZGU9IkYiIGNvZGVTeXN0ZW09IjEuMi4zNi4xLjIwMDEuMTAwMS4xMDEuMTA0LjIwMTA0IiBjb2RlU3lzdGVtTmFtZT0iTkNUSVMgRG9jdW1lbnQgU3RhdHVzIFZhbHVlcyIgZGlzcGxheU5hbWU9IkZpbmFsIiAvPg0KDQoJPCEtLSBCZWdpbiBDREEgSGVhZGVyIC0tPg0KCTwhLS0gQmVnaW4gU3ViamVjdCBvZiBDYXJlIC0gSGVhZGVyIFBhcnQgLS0+DQoJPHJlY29yZFRhcmdldD4NCgkJPHBhdGllbnRSb2xlPg0KDQoJCQk8IS0tIElEIGlzIHVzZWQgZm9yIHN5c3RlbSBwdXJwb3NlcyBzdWNoIGFzIG1hdGNoaW5nIC0tPg0KCQkJPGlkIHJvb3Q9IjdBQTBCQUFDLTBDRDAtMTFFMC05NTE2LTQzNTBERkQ3MjA4NSIgLz4NCg0KCQkJPCEtLSBBZGRyZXNzIC0tPg0KCQkJPGFkZHIgdXNlPSJIIj4NCgkJCQk8c3RyZWV0QWRkcmVzc0xpbmU+MSBDbGluaWNpYW4gU3RyZWV0PC9zdHJlZXRBZGRyZXNzTGluZT4NCgkJCQk8Y2l0eT5OZWh0YXZpbGxlPC9jaXR5Pg0KCQkJCTxzdGF0ZT5RTEQ8L3N0YXRlPg0KCQkJCTxwb3N0YWxDb2RlPjU1NTU8L3Bvc3RhbENvZGU+DQoJCQkJPGFkZGl0aW9uYWxMb2NhdG9yPjMyNTY4OTMxPC9hZGRpdGlvbmFsTG9jYXRvcj4NCgkJCQk8Y291bnRyeT5BdXN0cmFsaWE8L2NvdW50cnk+DQoJCQk8L2FkZHI+DQoNCgkJCTwhLS0gRWxlY3Ryb25pYyBDb21tdW5pY2F0aW9uIERldGFpbCAtLT4NCgkJCTx0ZWxlY29tIHVzZT0iSCIgdmFsdWU9InRlbDowNDk5OTk5OTk5IiAvPg0KDQoJCQk8IS0tIFBhcnRpY2lwYW50IC0tPg0KCQkJPHBhdGllbnQ+DQoNCgkJCQk8IS0tIFBlcnNvbiBOYW1lIC0tPg0KCQkJCTxuYW1lIHVzZT0iTCI+DQoJCQkJCTxwcmVmaXg+TXM8L3ByZWZpeD4NCgkJCQkJPGdpdmVuPlNhbGx5PC9naXZlbj4NCgkJCQkJPGZhbWlseT5HcmFudDwvZmFtaWx5Pg0KCQkJCTwvbmFtZT4NCg0KCQkJCTwhLS0gSW5kaWdlbm91cyBTdGF0dXMgLS0+DQoJCQkJPGV0aG5pY0dyb3VwQ29kZSBjb2RlPSI0IiBjb2RlU3lzdGVtPSIyLjE2Ljg0MC4xLjExMzg4My4zLjg3OSIgY29kZVN5c3RlbU5hbWU9Ik1FVGVPUiIgZGlzcGxheU5hbWU9Ik5laXRoZXIgQWJvcmlnaW5hbCBub3IgVG9ycmVzIFN0cmFpdCBJc2xhbmRlciBvcmlnaW4iIC8+DQoNCgkJCQk8IS0tIFNleCAtLT4NCgkJCQk8YWRtaW5pc3RyYXRpdmVHZW5kZXJDb2RlIGNvZGU9IkYiIGNvZGVTeXN0ZW09IjIuMTYuODQwLjEuMTEzODgzLjEzLjY4IiBjb2RlU3lzdGVtTmFtZT0iQVMgNTAxNy0yMDA2IEhlYWx0aCBDYXJlIENsaWVudCBJZGVudGlmaWVyIFNleCIgLz4NCg0KCQkJCTwhLS0gRGF0ZSBvZiBCaXJ0aCAtLT4NCgkJCQk8YmlydGhUaW1lIHZhbHVlPSIxOTQ4MDYwNyIgLz4NCg0KCQkJCTwhLS0gTXVsdGlwbGUgQmlydGggSW5kaWNhdG9yIC0tPg0KCQkJCTxleHQ6bXVsdGlwbGVCaXJ0aEluZCB2YWx1ZT0idHJ1ZSIgLz4NCgkJCQk8ZXh0Om11bHRpcGxlQmlydGhPcmRlck51bWJlciB2YWx1ZT0iMiIgLz4NCg0KCQkJCTwhLS0gRGF0ZSBvZiBEZWF0aCAtLT4NCgkJCQk8ZXh0OmRlY2Vhc2VkSW5kIHZhbHVlPSJ0cnVlIiAvPg0KCQkJCTxleHQ6ZGVjZWFzZWRUaW1lIHZhbHVlPSIyMDEwMTIwMSIgLz4NCg0KCQkJCTwhLS0gQ291bnRyeSBvZiBCaXJ0aCAtLT4NCgkJCQk8YmlydGhwbGFjZT4NCgkJCQkJPHBsYWNlPg0KCQkJCQkJPGFkZHI+DQoJCQkJCQkJPGNvdW50cnk+ODEwNDwvY291bnRyeT4NCgkJCQkJCTwvYWRkcj4NCgkJCQkJPC9wbGFjZT4NCgkJCQk8L2JpcnRocGxhY2U+DQoNCgkJCQk8IS0tIEVudGl0eSBJZGVudGlmaWVyIC0tPg0KCQkJCTxleHQ6YXNFbnRpdHlJZGVudGlmaWVyIGNsYXNzQ29kZT0iSURFTlQiPg0KCQkJCQk8ZXh0OmlkIGFzc2lnbmluZ0F1dGhvcml0eU5hbWU9IklISSIgcm9vdD0iMS4yLjM2LjEuMjAwMS4xMDAzLjAuODAwMzYwMTIzNDUxMjM0NSIgLz4NCgkJCQkJPGV4dDphc3NpZ25pbmdHZW9ncmFwaGljQXJlYSBjbGFzc0NvZGU9IlBMQyI+DQoJCQkJCQk8ZXh0Om5hbWU+TmF0aW9uYWwgSWRlbnRpZmllcjwvZXh0Om5hbWU+DQoJCQkJCTwvZXh0OmFzc2lnbmluZ0dlb2dyYXBoaWNBcmVhPg0KCQkJCTwvZXh0OmFzRW50aXR5SWRlbnRpZmllcj4NCg0KCQkJPC9wYXRpZW50Pg0KCQk8L3BhdGllbnRSb2xlPg0KCTwvcmVjb3JkVGFyZ2V0Pg0KCTwhLS0gRW5kIFN1YmplY3Qgb2YgQ2FyZSAtIEhlYWRlciBQYXJ0IC0tPg0KDQoJPCEtLSBCZWdpbiBEb2N1bWVudCBBdXRob3IgLS0+DQoJPGF1dGhvcj4NCg0KCQk8IS0tIE11c3QgaG9sZCBzYW1lIHZhbHVlIGFzIERhdGVUaW1lIGF0dGVzdGVkIChDbGluaWNhbERvY3VtZW50LmxlZ2FsQXV0aGVudGljYXRvci50aW1lKSAtLT4NCgkJPHRpbWUgdmFsdWU9IjIwMDkxMDIwMTIzNSIgLz4NCg0KCQk8YXNzaWduZWRBdXRob3I+DQoNCgkJCTwhLS0gSUQgaXMgdXNlZCBmb3Igc3lzdGVtIHB1cnBvc2VzIHN1Y2ggYXMgbWF0Y2hpbmcgLS0+DQoJCQk8aWQgcm9vdD0iN0ZDQjBFQzQtMENEMC0xMUUwLTlERkMtOEY1MERGRDcyMDg1IiAvPg0KDQoJCQk8IS0tIFJvbGUgLS0+DQoJCQk8Y29kZSBjb2RlPSIyNTMzMTciIGNvZGVTeXN0ZW09IjIuMTYuODQwLjEuMTEzODgzLjEzLjYyIiBjb2RlU3lzdGVtTmFtZT0iMTIyMC4wIC0gQU5aU0NPIC0gQXVzdHJhbGlhbiBhbmQgTmV3IFplYWxhbmQgU3RhbmRhcmQgQ2xhc3NpZmljYXRpb24gb2YgT2NjdXBhdGlvbnMsIEZpcnN0IEVkaXRpb24sIDIwMDYiDQoJCQkJZGlzcGxheU5hbWU9IkludGVuc2l2ZSBDYXJlIFNwZWNpYWxpc3QiIC8+DQoNCgkJCTwhLS0gQWRkcmVzcyAtLT4NCgkJCTxhZGRyIHVzZT0iV1AiPg0KCQkJCTxzdHJlZXRBZGRyZXNzTGluZT4xIENsaW5pY2lhbiBTdHJlZXQ8L3N0cmVldEFkZHJlc3NMaW5lPg0KCQkJCTxjaXR5Pk5laHRhdmlsbGU8L2NpdHk+DQoJCQkJPHN0YXRlPlFMRDwvc3RhdGU+DQoJCQkJPHBvc3RhbENvZGU+NTU1NTwvcG9zdGFsQ29kZT4NCgkJCQk8YWRkaXRpb25hbExvY2F0b3I+MzI1Njg5MzE8L2FkZGl0aW9uYWxMb2NhdG9yPg0KCQkJCTxjb3VudHJ5PkF1c3RyYWxpYTwvY291bnRyeT4NCgkJCTwvYWRkcj4NCg0KCQkJPCEtLSBFbGVjdHJvbmljIENvbW11bmljYXRpb24gRGV0YWlsIC0tPg0KCQkJPHRlbGVjb20gdXNlPSJXUCIgdmFsdWU9InRlbDowNzEyMzQxMjM0IiAvPg0KDQoJCQk8IS0tIFBhcnRpY2lwYW50IC0tPg0KCQkJPGFzc2lnbmVkUGVyc29uPg0KDQoJCQkJPCEtLSBQZXJzb24gTmFtZSAtLT4NCgkJCQk8bmFtZT4NCgkJCQkJPHByZWZpeD5Eci48L3ByZWZpeD4NCgkJCQkJPGdpdmVuPkdvb2Q8L2dpdmVuPg0KCQkJCQk8ZmFtaWx5PkRvY3RvcjwvZmFtaWx5Pg0KCQkJCTwvbmFtZT4NCg0KCQkJCTwhLS0gU2V4IC0tPg0KCQkJCTxleHQ6YWRtaW5pc3RyYXRpdmVHZW5kZXJDb2RlIGNvZGU9Ik0iIGNvZGVTeXN0ZW09IjIuMTYuODQwLjEuMTEzODgzLjEzLjY4IiBjb2RlU3lzdGVtTmFtZT0iQVMgNTAxNy0yMDA2IEhlYWx0aCBDYXJlIENsaWVudCBJZGVudGlmaWVyIFNleCIgLz4NCg0KCQkJCTwhLS0gRGF0ZSBvZiBCaXJ0aCAtLT4NCgkJCQk8ZXh0OmJpcnRoVGltZSB2YWx1ZT0iMTk0ODA2MDciIC8+DQoNCgkJCQk8IS0tIEVudGl0eSBJZGVudGlmaWVyIC0tPg0KCQkJCTxleHQ6YXNFbnRpdHlJZGVudGlmaWVyIGNsYXNzQ29kZT0iSURFTlQiPg0KCQkJCQk8ZXh0OmlkIGFzc2lnbmluZ0F1dGhvcml0eU5hbWU9IkhQSS1JIiByb290PSIxLjIuMzYuMS4yMDAxLjEwMDMuMC44MDAzNjExMjM0NTY3ODkwIiAvPg0KCQkJCQk8ZXh0OmFzc2lnbmluZ0dlb2dyYXBoaWNBcmVhIGNsYXNzQ29kZT0iUExDIj4NCgkJCQkJCTxleHQ6bmFtZT5OYXRpb25hbCBJZGVudGlmaWVyPC9leHQ6bmFtZT4NCgkJCQkJPC9leHQ6YXNzaWduaW5nR2VvZ3JhcGhpY0FyZWE+DQoJCQkJPC9leHQ6YXNFbnRpdHlJZGVudGlmaWVyPg0KDQoJCQk8L2Fzc2lnbmVkUGVyc29uPg0KDQoJCQk8IS0tIEVtcGxveW1lbnQgRGV0YWlsIC0tPg0KCQkJPCEtLSBFbXBsb3llciBPcmdhbmlzYXRpb24gKFBhcnRpY2lwYW50IChPcmdhbmlzYXRpb24pKSAtLT4NCgkJCTxyZXByZXNlbnRlZE9yZ2FuaXphdGlvbj4NCg0KCQkJCTwhLS0gRGVwYXJ0bWVudC9Vbml0IC0tPg0KCQkJCTxuYW1lPlN1cmdpY2FsIFdhcmQ8L25hbWU+DQoNCgkJCQk8YXNPcmdhbml6YXRpb25QYXJ0T2Y+DQoJCQkJCTx3aG9sZU9yZ2FuaXphdGlvbj4NCg0KCQkJCQkJPCEtLSBPcmdhbmlzYXRpb24gTmFtZSAtLT4NCgkJCQkJCTxuYW1lIHVzZT0iTCI+R29vZCBIb3NwaXRhbDwvbmFtZT4NCgkJCQkJPC93aG9sZU9yZ2FuaXphdGlvbj4NCgkJCQk8L2FzT3JnYW5pemF0aW9uUGFydE9mPg0KDQoJCQkJPCEtLSBFbnRpdHkgSWRlbnRpZmllciAtLT4NCgkJCQk8ZXh0OmFzRW50aXR5SWRlbnRpZmllciBjbGFzc0NvZGU9IklERU5UIj4NCgkJCQkJPGV4dDppZCBhc3NpZ25pbmdBdXRob3JpdHlOYW1lPSJIUEktTyIgcm9vdD0iMS4yLjM2LjEuMjAwMS4xMDAzLjAuODAwMzYyMTIzMTE2Nzg5MCIgLz4NCgkJCQkJPGV4dDphc3NpZ25pbmdHZW9ncmFwaGljQXJlYSBjbGFzc0NvZGU9IlBMQyI+DQoJCQkJCQk8ZXh0Om5hbWU+TmF0aW9uYWwgSWRlbnRpZmllcjwvZXh0Om5hbWU+DQoJCQkJCTwvZXh0OmFzc2lnbmluZ0dlb2dyYXBoaWNBcmVhPg0KCQkJCTwvZXh0OmFzRW50aXR5SWRlbnRpZmllcj4NCg0KCQkJPC9yZXByZXNlbnRlZE9yZ2FuaXphdGlvbj4NCg0KCQk8L2Fzc2lnbmVkQXV0aG9yPg0KCTwvYXV0aG9yPg0KCTwhLS0gRW5kIERvY3VtZW50IEF1dGhvciAtLT4NCg0KCTwhLS0gQmVnaW4gQ3VzdG9kaWFuIC0tPg0KCTxjdXN0b2RpYW4+DQoJCTxhc3NpZ25lZEN1c3RvZGlhbj4NCgkJCTxyZXByZXNlbnRlZEN1c3RvZGlhbk9yZ2FuaXphdGlvbj4NCg0KCQkJCTwhLS0gSUQgaXMgdXNlZCBmb3Igc3lzdGVtIHB1cnBvc2VzIHN1Y2ggYXMgbWF0Y2hpbmcgLS0+DQoJCQkJPGlkIHJvb3Q9Ijg0NjRDNkJFLTBDRDAtMTFFMC1CNDVBLTkyNTBERkQ3MjA4NSIgLz4NCgkJCQk8bmFtZT5PeiBIZWFsdGggQ2xpbmljPC9uYW1lPg0KDQoJCQkJPCEtLSBFbnRpdHkgSWRlbnRpZmllciAtLT4NCgkJCQk8ZXh0OmFzRW50aXR5SWRlbnRpZmllciBjbGFzc0NvZGU9IklERU5UIj4NCgkJCQkJPGV4dDppZCBhc3NpZ25pbmdBdXRob3JpdHlOYW1lPSJIUEktTyIgcm9vdD0iMS4yLjM2LjEuMjAwMS4xMDAzLjAuODA2NjYyMTc3MTE2Nzg4OCIgLz4NCgkJCQkJPGV4dDphc3NpZ25pbmdHZW9ncmFwaGljQXJlYSBjbGFzc0NvZGU9IlBMQyI+DQoJCQkJCQk8ZXh0Om5hbWU+TmF0aW9uYWwgSWRlbnRpZmllcjwvZXh0Om5hbWU+DQoJCQkJCTwvZXh0OmFzc2lnbmluZ0dlb2dyYXBoaWNBcmVhPg0KCQkJCTwvZXh0OmFzRW50aXR5SWRlbnRpZmllcj4NCg0KCQkJPC9yZXByZXNlbnRlZEN1c3RvZGlhbk9yZ2FuaXphdGlvbj4NCgkJPC9hc3NpZ25lZEN1c3RvZGlhbj4NCgk8L2N1c3RvZGlhbj4NCgk8IS0tIEVuZCBDdXN0b2RpYW4gLS0+DQoNCgk8IS0tIFN0YXJ0IEluZm9ybWF0aW9uIFJlY2lwaWVudCAtIFByaW1hcnkgLS0+DQoJPGluZm9ybWF0aW9uUmVjaXBpZW50IHR5cGVDb2RlPSJQUkNQIj4NCgkJPGludGVuZGVkUmVjaXBpZW50Pg0KDQoJCQk8IS0tIElEIGlzIHVzZWQgZm9yIHN5c3RlbSBwdXJwb3NlcyBzdWNoIGFzIG1hdGNoaW5nIC0tPg0KCQkJPGlkIHJvb3Q9IjhBRjVGOEY0LTBDRDAtMTFFMC1BQzQ4LTkzNTBERkQ3MjA4NSIgLz4NCg0KCQkJPGFkZHIgdXNlPSJXUCI+DQoJCQkJPHN0cmVldEFkZHJlc3NMaW5lPjEgUHJpbWFyeSBDYXJlIFByb3ZpZGVyIFN0cmVldDwvc3RyZWV0QWRkcmVzc0xpbmU+DQoJCQkJPGNpdHk+TmVodGF2aWxsZTwvY2l0eT4NCgkJCQk8c3RhdGU+UUxEPC9zdGF0ZT4NCgkJCQk8cG9zdGFsQ29kZT41NTU1PC9wb3N0YWxDb2RlPg0KCQkJCTxhZGRpdGlvbmFsTG9jYXRvcj4zMjU2ODkzMTwvYWRkaXRpb25hbExvY2F0b3I+DQoJCQkJPGNvdW50cnk+QXVzdHJhbGlhPC9jb3VudHJ5Pg0KCQkJPC9hZGRyPg0KCQkJPHRlbGVjb20gdXNlPSJXUCIgdmFsdWU9InRlbDowNzEyMzQxMjQ1IiAvPg0KCQkJPGluZm9ybWF0aW9uUmVjaXBpZW50Pg0KDQoJCQkJPCEtLSBQZXJzb24gTmFtZSAtLT4NCgkJCQk8bmFtZT4NCgkJCQkJPHByZWZpeD5Eci48L3ByZWZpeD4NCgkJCQkJPGdpdmVuPkluZm9ybWF0aW9uPC9naXZlbj4NCgkJCQkJPGZhbWlseT5SZWNpcGllbnQ8L2ZhbWlseT4NCgkJCQk8L25hbWU+DQoNCgkJCQk8IS0tIFNleCAtLT4NCgkJCQk8ZXh0OmFkbWluaXN0cmF0aXZlR2VuZGVyQ29kZSBjb2RlPSJGIiBjb2RlU3lzdGVtPSIyLjE2Ljg0MC4xLjExMzg4My4xMy42OCIgY29kZVN5c3RlbU5hbWU9IkFTIDUwMTctMjAwNiBIZWFsdGggQ2FyZSBDbGllbnQgSWRlbnRpZmllciBTZXgiIC8+DQoNCgkJCQk8IS0tIERhdGUgb2YgQmlydGggLS0+DQoJCQkJPGV4dDpiaXJ0aFRpbWUgdmFsdWU9IjE5NjgxMDA3IiAvPg0KDQoJCQkJPCEtLSBFbnRpdHkgSWRlbnRpZmllciAtLT4NCgkJCQk8ZXh0OmFzRW50aXR5SWRlbnRpZmllciBjbGFzc0NvZGU9IklERU5UIj4NCgkJCQkJPGV4dDppZCBhc3NpZ25pbmdBdXRob3JpdHlOYW1lPSJIUEktSSIgcm9vdD0iMS4yLjM2LjEuMjAwMS4xMDAzLjAuODAwMzYxMTIyMjU2Nzg5MCIgLz4NCgkJCQkJPGV4dDphc3NpZ25pbmdHZW9ncmFwaGljQXJlYSBjbGFzc0NvZGU9IlBMQyI+DQoJCQkJCQk8ZXh0Om5hbWU+TmF0aW9uYWwgSWRlbnRpZmllcjwvZXh0Om5hbWU+DQoJCQkJCTwvZXh0OmFzc2lnbmluZ0dlb2dyYXBoaWNBcmVhPg0KCQkJCTwvZXh0OmFzRW50aXR5SWRlbnRpZmllcj4NCg0KCQkJPC9pbmZvcm1hdGlvblJlY2lwaWVudD4NCg0KCQkJPHJlY2VpdmVkT3JnYW5pemF0aW9uPg0KCQkJCTxuYW1lPkluZm9ybWF0aW9uIFJlY2lwaWVudCBDbGluaWMgTmFtZTwvbmFtZT4NCg0KCQkJCTwhLS0gRW50aXR5IElkZW50aWZpZXIgLS0+DQoJCQkJPGV4dDphc0VudGl0eUlkZW50aWZpZXIgY2xhc3NDb2RlPSJJREVOVCI+DQoJCQkJCTxleHQ6aWQgYXNzaWduaW5nQXV0aG9yaXR5TmFtZT0iSFBJLU8iIHJvb3Q9IjEuMi4zNi4xLjIwMDEuMTAwMy4wLjgwMDM2MjE3NzExNjc4ODgiIC8+DQoJCQkJCTxleHQ6YXNzaWduaW5nR2VvZ3JhcGhpY0FyZWEgY2xhc3NDb2RlPSJQTEMiPg0KCQkJCQkJPGV4dDpuYW1lPk5hdGlvbmFsIElkZW50aWZpZXI8L2V4dDpuYW1lPg0KCQkJCQk8L2V4dDphc3NpZ25pbmdHZW9ncmFwaGljQXJlYT4NCgkJCQk8L2V4dDphc0VudGl0eUlkZW50aWZpZXI+DQoNCgkJCTwvcmVjZWl2ZWRPcmdhbml6YXRpb24+DQoJCTwvaW50ZW5kZWRSZWNpcGllbnQ+DQoJPC9pbmZvcm1hdGlvblJlY2lwaWVudD4NCgk8IS0tIEVuZCBJbmZvcm1hdGlvbiBSZWNpcGllbnQgLSBQcmltYXJ5IC0tPg0KDQoJPCEtLSBCZWdpbiBEb2N1bWVudCBSZWNpcGllbnQgRGV0YWlsIChPcmdhbmlzYXRpb24pIC0tPg0KCTxpbmZvcm1hdGlvblJlY2lwaWVudCB0eXBlQ29kZT0iVFJDIj4NCgkJPGludGVuZGVkUmVjaXBpZW50Pg0KDQoJCQk8IS0tIElEIGlzIHVzZWQgZm9yIHN5c3RlbSBwdXJwb3NlcyBzdWNoIGFzIG1hdGNoaW5nIC0tPg0KCQkJPGlkIHJvb3Q9Ijk1OEEwRTkwLTBDRDAtMTFFMC1BNDNFLUFBNTBERkQ3MjA4NSIgLz4NCgkJCTxleHQ6Y29kZSBjb2RlPSI4MDUyMjAwMCIgY29kZVN5c3RlbT0iMi4xNi44NDAuMS4xMTM4ODMuNi45NiIgY29kZVN5c3RlbU5hbWU9IlNOT01FRC1DVCIgY29kZVN5c3RlbVZlcnNpb249IjIwMDkwNzMxIiBkaXNwbGF5TmFtZT0iUmVoYWJpbGl0YXRpb24gaG9zaXBpdGFsIiAvPg0KCQkJPGFkZHIgdXNlPSJXUCI+DQoJCQkJPHN0cmVldEFkZHJlc3NMaW5lPjk5IFJlaGFiIFJvYWQ8L3N0cmVldEFkZHJlc3NMaW5lPg0KCQkJCTxjaXR5Pk5laHRhdmlsbGU8L2NpdHk+DQoJCQkJPHN0YXRlPlFMRDwvc3RhdGU+DQoJCQkJPHBvc3RhbENvZGU+NTU1NTwvcG9zdGFsQ29kZT4NCgkJCQk8YWRkaXRpb25hbExvY2F0b3I+MzI1Njg5MzE8L2FkZGl0aW9uYWxMb2NhdG9yPg0KCQkJCTxjb3VudHJ5PkF1c3RyYWxpYTwvY291bnRyeT4NCgkJCTwvYWRkcj4NCgkJCTx0ZWxlY29tIHVzZT0iV1AiIHZhbHVlPSJ0ZWw6MDcxMjM0MTk5OSIgLz4NCgkJCTxyZWNlaXZlZE9yZ2FuaXphdGlvbj4NCgkJCQk8bmFtZSB1c2U9IkwiPkZvb3QgUmVoYWIgRGVwYXJ0bWVudCA8dmFsaWRUaW1lPg0KCQkJCQkJPGxvdyB2YWx1ZT0iMTk5NTAxMDEiIC8+DQoJCQkJCTwvdmFsaWRUaW1lPjwvbmFtZT4NCgkJCQk8YXNPcmdhbml6YXRpb25QYXJ0T2Y+DQoNCgkJCQkJPCEtLSBJRCBpcyB1c2VkIGZvciBzeXN0ZW0gcHVycG9zZXMgc3VjaCBhcyBtYXRjaGluZyAtLT4NCgkJCQkJPGlkIHJvb3Q9IjlCRTg1NzdFLTBDRDAtMTFFMC04RDE5LUFCNTBERkQ3MjA4NSIgLz4NCgkJCQkJPHdob2xlT3JnYW5pemF0aW9uPg0KCQkJCQkJPG5hbWUgdXNlPSJMIj5SZWhhYiBDbGluaWMgTmFtZTwvbmFtZT4NCg0KCQkJCQkJPCEtLSBFbnRpdHkgSWRlbnRpZmllciAtLT4NCgkJCQkJCTxleHQ6YXNFbnRpdHlJZGVudGlmaWVyIGNsYXNzQ29kZT0iSURFTlQiPg0KCQkJCQkJCTxleHQ6aWQgYXNzaWduaW5nQXV0aG9yaXR5TmFtZT0iSFBJLU8iIHJvb3Q9IjEuMi4zNi4xLjIwMDEuMTAwMy4wLjgwMDM2MjE3NDQxNjc4ODgiIC8+DQoJCQkJCQkJPGV4dDphc3NpZ25pbmdHZW9ncmFwaGljQXJlYSBjbGFzc0NvZGU9IlBMQyI+DQoJCQkJCQkJCTxleHQ6bmFtZT5OYXRpb25hbCBJZGVudGlmaWVyPC9leHQ6bmFtZT4NCgkJCQkJCQk8L2V4dDphc3NpZ25pbmdHZW9ncmFwaGljQXJlYT4NCgkJCQkJCTwvZXh0OmFzRW50aXR5SWRlbnRpZmllcj4NCg0KCQkJCQk8L3dob2xlT3JnYW5pemF0aW9uPg0KCQkJCTwvYXNPcmdhbml6YXRpb25QYXJ0T2Y+DQoJCQk8L3JlY2VpdmVkT3JnYW5pemF0aW9uPg0KCQk8L2ludGVuZGVkUmVjaXBpZW50Pg0KCTwvaW5mb3JtYXRpb25SZWNpcGllbnQ+DQoJPCEtLSBFbmQgRG9jdW1lbnQgUmVjaXBpZW50IERldGFpbCAoT3JnYW5pc2F0aW9uKSAtLT4NCg0KCTwhLS0gQmVnaW4gQXV0aGVudGljYXRvciAtLT4NCgk8bGVnYWxBdXRoZW50aWNhdG9yPg0KDQoJCTwhLS0gRGF0ZVRpbWUgQXR0ZXN0ZWQgLS0+DQoJCTx0aW1lIHZhbHVlPSIyMDA5MTAyMDEyMzUiIC8+DQoJCTxzaWduYXR1cmVDb2RlIGNvZGU9IlMiIC8+DQoJCTxhc3NpZ25lZEVudGl0eT4NCg0KCQkJPCEtLSBJRCBpcyB1c2VkIGZvciBzeXN0ZW0gcHVycG9zZXMgc3VjaCBhcyBtYXRjaGluZyAtLT4NCgkJCTxpZCByb290PSJCOEU3MUFDMi0wQ0QwLTExRTAtODc0Ni1DRTUwREZENzIwODUiIC8+DQoJCQk8Y29kZSBjb2RlPSJBVCIgY29kZVN5c3RlbT0iMi4xNi44NDAuMS4xMTM4ODMuMTIuNDQzIiBjb2RlU3lzdGVtTmFtZT0iSEw3IFByb3ZpZGVyIFJvbGUiIGRpc3BsYXlOYW1lPSJBdHRlbmRpbmciIC8+DQoJCQk8YWRkciB1c2U9IkgiPg0KCQkJCTxzdHJlZXRBZGRyZXNzTGluZT4xIENsaW5pY2lhbiBTdHJlZXQ8L3N0cmVldEFkZHJlc3NMaW5lPg0KCQkJCTxjaXR5Pk5laHRhdmlsbGU8L2NpdHk+DQoJCQkJPHN0YXRlPlFMRDwvc3RhdGU+DQoJCQkJPHBvc3RhbENvZGU+NTU1NTwvcG9zdGFsQ29kZT4NCgkJCQk8YWRkaXRpb25hbExvY2F0b3I+MzI1Njg5MzE8L2FkZGl0aW9uYWxMb2NhdG9yPg0KCQkJCTxjb3VudHJ5PkF1c3RyYWxpYTwvY291bnRyeT4NCgkJCTwvYWRkcj4NCgkJCTx0ZWxlY29tIHVzZT0iV1AiIHZhbHVlPSJ0ZWw6MDcxMjM0MTIzNCIgLz4NCgkJCTxhc3NpZ25lZFBlcnNvbj4NCg0KCQkJCTwhLS0gUGVyc29uIE5hbWUgLS0+DQoJCQkJPG5hbWU+DQoJCQkJCTxwcmVmaXg+RHIuPC9wcmVmaXg+DQoJCQkJCTxnaXZlbj5Hb29kPC9naXZlbj4NCgkJCQkJPGZhbWlseT5Eb2N0b3I8L2ZhbWlseT4NCgkJCQk8L25hbWU+DQoNCgkJCQk8IS0tIFNleCAtLT4NCgkJCQk8ZXh0OmFkbWluaXN0cmF0aXZlR2VuZGVyQ29kZSBjb2RlPSJNIiBjb2RlU3lzdGVtPSIyLjE2Ljg0MC4xLjExMzg4My4xMy42OCIgY29kZVN5c3RlbU5hbWU9IkFTIDUwMTctMjAwNiBIZWFsdGggQ2FyZSBDbGllbnQgSWRlbnRpZmllciBTZXgiIC8+DQoNCgkJCQk8IS0tIERhdGUgb2YgQmlydGggLS0+DQoJCQkJPGV4dDpiaXJ0aFRpbWUgdmFsdWU9IjE5NzgwNjA3IiAvPg0KDQoJCQkJPCEtLSBFbnRpdHkgSWRlbnRpZmllciAtLT4NCgkJCQk8ZXh0OmFzRW50aXR5SWRlbnRpZmllciBjbGFzc0NvZGU9IklERU5UIj4NCgkJCQkJPGV4dDppZCBhc3NpZ25pbmdBdXRob3JpdHlOYW1lPSJIUEktSSIgcm9vdD0iMS4yLjM2LjEuMjAwMS4xMDAzLjAuODExMzYxMTIzNDU2Nzg5MCIgLz4NCgkJCQkJPGV4dDphc3NpZ25pbmdHZW9ncmFwaGljQXJlYSBjbGFzc0NvZGU9IlBMQyI+DQoJCQkJCQk8ZXh0Om5hbWU+TmF0aW9uYWwgSWRlbnRpZmllcjwvZXh0Om5hbWU+DQoJCQkJCTwvZXh0OmFzc2lnbmluZ0dlb2dyYXBoaWNBcmVhPg0KCQkJCTwvZXh0OmFzRW50aXR5SWRlbnRpZmllcj4NCg0KCQkJPC9hc3NpZ25lZFBlcnNvbj4NCg0KCQkJPHJlcHJlc2VudGVkT3JnYW5pemF0aW9uPg0KCQkJCTxuYW1lPk96IEhlYWx0aCBDbGluaWM8L25hbWU+DQoNCgkJCQk8IS0tIEVudGl0eSBJZGVudGlmaWVyIC0tPg0KCQkJCTxleHQ6YXNFbnRpdHlJZGVudGlmaWVyIGNsYXNzQ29kZT0iSURFTlQiPg0KCQkJCQk8ZXh0OmlkIGFzc2lnbmluZ0F1dGhvcml0eU5hbWU9IkhQSS1PIiByb290PSIxLjIuMzYuMS4yMDAxLjEwMDMuMC44MjIzNjIxNzcxMTY3ODg4IiAvPg0KCQkJCQk8ZXh0OmFzc2lnbmluZ0dlb2dyYXBoaWNBcmVhIGNsYXNzQ29kZT0iUExDIj4NCgkJCQkJCTxleHQ6bmFtZT5OYXRpb25hbCBJZGVudGlmaWVyPC9leHQ6bmFtZT4NCgkJCQkJPC9leHQ6YXNzaWduaW5nR2VvZ3JhcGhpY0FyZWE+DQoJCQkJPC9leHQ6YXNFbnRpdHlJZGVudGlmaWVyPg0KDQoJCQk8L3JlcHJlc2VudGVkT3JnYW5pemF0aW9uPg0KCQk8L2Fzc2lnbmVkRW50aXR5Pg0KCTwvbGVnYWxBdXRoZW50aWNhdG9yPg0KCTwhLS0gRW5kIEF1dGhlbnRpY2F0b3IgLS0+DQoNCgk8IS0tIEJlZ2luIEVuY291bnRlciAoaGVhZGVyIHBhcnQpIC0tPg0KCTxjb21wb25lbnRPZj4NCgkJPGVuY29tcGFzc2luZ0VuY291bnRlcj4NCg0KCQkJPCEtLSBUaGlzIGlzIGEgbWFuZGF0b3J5IGVsZW1lbnQgLS0+DQoJCQk8ZWZmZWN0aXZlVGltZSBudWxsRmxhdm9yPSJOQSIgLz4NCg0KCQk8L2VuY29tcGFzc2luZ0VuY291bnRlcj4NCgk8L2NvbXBvbmVudE9mPg0KCTwhLS0gRW5kIEVuY291bnRlciAoaGVhZGVyIHBhcnQpIC0tPg0KCTwhLS0gRW5kIENEQSBIZWFkZXIgLS0+DQoNCgk8IS0tIEJlZ2luIENEQSBCb2R5IC0tPg0KCTxjb21wb25lbnQ+DQoJCTxzdHJ1Y3R1cmVkQm9keT4NCg0KCQkJPCEtLSBSZXZpZXdlZCBBZHZlcnNlIFN1YnN0YW5jZSBSZWFjdGlvbnMgLS0+DQoJCQk8Y29tcG9uZW50Pg0KCQkJCTxzZWN0aW9uPg0KCQkJCQk8Y29kZSBjb2RlPSIxMDEuMjAxMTMiIGNvZGVTeXN0ZW09IjEuMi4zNi4xLjIwMDEuMTAwMS4xMDEiIGNvZGVTeXN0ZW1OYW1lPSJOQ1RJUyBEYXRhIENvbXBvbmVudHMiIGRpc3BsYXlOYW1lPSJSZXZpZXdlZCBBZHZlcnNlIFN1YnN0YW5jZSBSZWFjdGlvbnMiIC8+DQoJCQkJCTx0aXRsZT5SZXZpZXdlZCBBZHZlcnNlIFN1YnN0YW5jZSBSZWFjdGlvbnM8L3RpdGxlPg0KCQkJCQk8dGV4dD5SZXZpZXdlZCBBZHZlcnNlIFN1YnN0YW5jZSBSZWFjdGlvbnMgbmFycmF0aXZlIGdvZXMgaGVyZS48L3RleHQ+DQoNCgkJCQkJPCEtLSBBZHZlcnNlIFN1YnN0YW5jZSBSZWFjdGlvbiBSZXZpZXcgLS0+DQoJCQkJCTxlbnRyeT4NCgkJCQkJCTxhY3QgY2xhc3NDb2RlPSJBQ1QiIG1vb2RDb2RlPSJFVk4iPg0KCQkJCQkJCTxjb2RlIGNvZGU9IjEwMi4xNjU3NiIgY29kZVN5c3RlbT0iMS4yLjM2LjEuMjAwMS4xMDAxLjEwMSIgY29kZVN5c3RlbU5hbWU9Ik5DVElTIERhdGEgQ29tcG9uZW50cyIgZGlzcGxheU5hbWU9IkFkdmVyc2UgU3Vic3RhbmNlIFJlYWN0aW9ucyBSZXZpZXciIC8+DQoJCQkJCQkJPCEtLSBSZWNvcmQgUmV2aWV3IERhdGVUaW1lIC0tPg0KCQkJCQkJCTxlZmZlY3RpdmVUaW1lIHZhbHVlPSIyMDEwMTIyNSIgLz4NCgkJCQkJCTwvYWN0Pg0KCQkJCQk8L2VudHJ5Pg0KCQkJCQk8IS0tIEVuZCBBZHZlcnNlIFN1YnN0YW5jZSBSZWFjdGlvbiBSZXZpZXcgLS0+DQoNCgkJCQkJPCEtLSBBZHZlcnNlIFN1YnN0YW5jZSBSZWFjdGlvbiAtLT4NCgkJCQkJPGVudHJ5Pg0KCQkJCQkJPGFjdCBjbGFzc0NvZGU9IkFDVCIgbW9vZENvZGU9IkVWTiI+DQoJCQkJCQkJPGNvZGUgY29kZT0iMTAyLjE2NDczIiBjb2RlU3lzdGVtPSIxLjIuMzYuMS4yMDAxLjEwMDEuMTAxIiBjb2RlU3lzdGVtTmFtZT0iTkNUSVMgRGF0YSBDb21wb25lbnRzIiBkaXNwbGF5TmFtZT0iQWR2ZXJzZSBTdWJzdGFuY2UgUmVhY3Rpb24iIC8+DQoJCQkJCQkJPCEtLSBTdWJzdGFuY2UvQWdlbnQgLS0+DQoJCQkJCQkJPHBhcnRpY2lwYW50IHR5cGVDb2RlPSJDQUdOVCI+DQoJCQkJCQkJCTxwYXJ0aWNpcGFudFJvbGU+DQoJCQkJCQkJCQk8cGxheWluZ0VudGl0eT4NCgkJCQkJCQkJCQk8Y29kZSBjb2RlPSI5MDU4MDAwOCIgY29kZVN5c3RlbT0iMi4xNi44NDAuMS4xMTM4ODMuNi45NiIgY29kZVN5c3RlbU5hbWU9IlNOT01FRC1DVCIgZGlzcGxheU5hbWU9ImZpc2giIC8+DQoJCQkJCQkJCQk8L3BsYXlpbmdFbnRpdHk+DQoJCQkJCQkJCTwvcGFydGljaXBhbnRSb2xlPg0KCQkJCQkJCTwvcGFydGljaXBhbnQ+DQoNCgkJCQkJCQk8IS0tIFJlYWN0aW9uIEV2ZW50IC0tPg0KCQkJCQkJCTxlbnRyeVJlbGF0aW9uc2hpcCB0eXBlQ29kZT0iQ0FVUyI+DQoJCQkJCQkJCTxvYnNlcnZhdGlvbiBjbGFzc0NvZGU9Ik9CUyIgbW9vZENvZGU9IkVWTiI+DQoJCQkJCQkJCQk8Y29kZSBjb2RlPSIxMDIuMTY0NzQiIGNvZGVTeXN0ZW09IjEuMi4zNi4xLjIwMDEuMTAwMS4xMDEiIGNvZGVTeXN0ZW1OYW1lPSJOQ1RJUyBEYXRhIENvbXBvbmVudHMiIGRpc3BsYXlOYW1lPSJSZWFjdGlvbiBFdmVudCIgLz4NCg0KCQkJCQkJCQkJPCEtLSBNYW5pZmVzdGF0aW9uIC0tPg0KCQkJCQkJCQkJPGVudHJ5UmVsYXRpb25zaGlwIHR5cGVDb2RlPSJNRlNUIj4NCgkJCQkJCQkJCQk8b2JzZXJ2YXRpb24gY2xhc3NDb2RlPSJPQlMiIG1vb2RDb2RlPSJFVk4iIG5lZ2F0aW9uSW5kPSJ0cnVlIj4NCgkJCQkJCQkJCQkJPGNvZGUgY29kZT0iMjcxODA3MDAzIiBjb2RlU3lzdGVtPSIyLjE2Ljg0MC4xLjExMzg4My42Ljk2IiBjb2RlU3lzdGVtTmFtZT0iU05PTUVELUNUIiBjb2RlU3lzdGVtVmVyc2lvbj0iMjAwOTA3MzEiIGRpc3BsYXlOYW1lPSJza2luIHJhc2giIC8+DQoJCQkJCQkJCQkJCTx0ZXh0PlNraW4gUmFzaC48L3RleHQ+DQoJCQkJCQkJCQkJPC9vYnNlcnZhdGlvbj4NCg0KCQkJCQkJCQkJPC9lbnRyeVJlbGF0aW9uc2hpcD4NCgkJCQkJCQkJPC9vYnNlcnZhdGlvbj4NCgkJCQkJCQk8L2VudHJ5UmVsYXRpb25zaGlwPg0KCQkJCQkJCTwhLS0gRW5kIFJlYWN0aW9uIEV2ZW50IC0tPg0KDQoJCQkJCQk8L2FjdD4NCgkJCQkJPC9lbnRyeT4NCgkJCQkJPCEtLSBFbmQgQWR2ZXJzZSBTdWJzdGFuY2UgUmVhY3Rpb24gLS0+DQoNCgkJCQkJPCEtLSBFeGNsdXNpb24gU3RhdGVtZW50IC0gQWR2ZXJzZSBTdWJzdGFuY2UgUmVhY3Rpb24gLS0+DQoJCQkJCTxlbnRyeT4NCgkJCQkJCTxvYnNlcnZhdGlvbiBjbGFzc0NvZGU9Ik9CUyIgbW9vZENvZGU9IkVWTiI+DQoJCQkJCQkJPGNvZGUgY29kZT0iMTAzLjE2MzAyIiBjb2RlU3lzdGVtPSIxLjIuMzYuMS4yMDAxLjEwMDEuMTAxIiBjb2RlU3lzdGVtTmFtZT0iTkNUSVMgRGF0YSBDb21wb25lbnRzIiBkaXNwbGF5TmFtZT0iR2xvYmFsIFN0YXRlbWVudCIgLz4NCgkJCQkJCQk8dmFsdWUgY29kZT0iMDIiIGNvZGVTeXN0ZW09IjEuMi4zNi4xLjIwMDEuMTAwMS4xMDEuMTA0LjE2Mjk5IiBjb2RlU3lzdGVtTmFtZT0iTkNUSVMgR2xvYmFsIFN0YXRlbWVudCBWYWx1ZXMiIGRpc3BsYXlOYW1lPSJOb3QgYXNrZWQiIHhzaTp0eXBlPSJDRCIgLz4NCgkJCQkJCTwvb2JzZXJ2YXRpb24+DQoJCQkJCTwvZW50cnk+DQoJCQkJCTwhLS0gRW5kIEV4Y2x1c2lvbiBTdGF0ZW1lbnQgLSBBZHZlcnNlIFN1YnN0YW5jZSBSZWFjdGlvbiAtLT4NCg0KCQkJCTwvc2VjdGlvbj4NCgkJCTwvY29tcG9uZW50Pg0KCQkJPCEtLSBFbmQgUmV2aWV3ZWQgQWR2ZXJzZSBTdWJzdGFuY2UgUmVhY3Rpb25zIC0tPg0KDQoJCQk8IS0tIFJldmlld2VkIE1lZGljYXRpb25zIC0tPg0KCQkJPGNvbXBvbmVudD4NCgkJCQk8c2VjdGlvbj4NCgkJCQkJPGNvZGUgY29kZT0iMTAxLjE2MDIyIiBjb2RlU3lzdGVtPSIxLjIuMzYuMS4yMDAxLjEwMDEuMTAxIiBjb2RlU3lzdGVtTmFtZT0iTkNUSVMgRGF0YSBDb21wb25lbnRzIiBkaXNwbGF5TmFtZT0iUmV2aWV3ZWQgTWVkaWNhdGlvbnMiIC8+DQoJCQkJCTx0aXRsZT5SZXZpZXdlZCBNZWRpY2F0aW9uczwvdGl0bGU+DQoJCQkJCTx0ZXh0PlJldmlld2VkIE1lZGljYXRpb25zIG5hcnJhdGl2ZSBnb2VzIGhlcmUuPC90ZXh0Pg0KDQoJCQkJCTwhLS0gTWVkaWNhdGlvbnMgUmV2aWV3IC0tPg0KCQkJCQk8ZW50cnk+DQoJCQkJCQk8YWN0IGNsYXNzQ29kZT0iQUNUIiBtb29kQ29kZT0iRVZOIj4NCgkJCQkJCQk8Y29kZSBjb2RlPSIxMDIuMTY1NzYiIGNvZGVTeXN0ZW09IjEuMi4zNi4xLjIwMDEuMTAwMS4xMDEiIGNvZGVTeXN0ZW1OYW1lPSJOQ1RJUyBEYXRhIENvbXBvbmVudHMiIGRpc3BsYXlOYW1lPSJNZWRpY2F0aW9ucyBSZXZpZXciIC8+DQoJCQkJCQkJPGVmZmVjdGl2ZVRpbWUgdmFsdWU9IjIwMTAxMjI1IiAvPg0KCQkJCQkJPC9hY3Q+DQoJCQkJCTwvZW50cnk+DQoJCQkJCTwhLS0gRW5kIE1lZGljYXRpb25zIFJldmlldyAtLT4NCg0KCQkJCQk8IS0tIFVzZWQgTWVkaWNhdGlvbnMgLS0+DQoJCQkJCTxlbnRyeT4NCgkJCQkJCTxzdWJzdGFuY2VBZG1pbmlzdHJhdGlvbiBjbGFzc0NvZGU9IlNCQURNIiBtb29kQ29kZT0iRVZOIj4NCgkJCQkJCQk8aWQgcm9vdD0iQzU3QTlGMzItNzU0Qi0xMUUwLUE3RTAtNTk5RjQ4MjQwMTlCIiAvPg0KCQkJCQkJCTwhLS0gRGlyZWN0aW9ucyAtLT4NCgkJCQkJCQk8dGV4dCB4c2k6dHlwZT0iU1QiPjIgdGFibGV0cyBkYWlseSBhZnRlciBicmVha2Zhc3Q8L3RleHQ+DQoJCQkJCQkJPGNvbnN1bWFibGU+DQoJCQkJCQkJCTxtYW51ZmFjdHVyZWRQcm9kdWN0Pg0KCQkJCQkJCQkJPG1hbnVmYWN0dXJlZE1hdGVyaWFsPg0KCQkJCQkJCQkJCTwhLS0gVGhlcmFwZXV0aWMgR29vZCBJZGVudGlmaWNhdGlvbiAtLT4NCgkJCQkJCQkJCQk8Y29kZSBjb2RlPSIyMzY0MTAxMTAwMDAzNjEwMiIgY29kZVN5c3RlbT0iMS4yLjM2LjEuMjAwMS4xMDA0LjEwMCIgY29kZVN5c3RlbU5hbWU9IkF1c3RyYWxpYW4gTWVkaWNpbmNlcyBUZXJtaW5vbG9neSAoQU1UKSINCgkJCQkJCQkJCQkJZGlzcGxheU5hbWU9InBhcmFjZXRhbW9sIDUwMCBtZyArIGNvZGVpbmUgcGhvc3BoYXRlIDMwIG1nIHRhYmxldCIgLz4NCgkJCQkJCQkJCTwvbWFudWZhY3R1cmVkTWF0ZXJpYWw+DQoJCQkJCQkJCTwvbWFudWZhY3R1cmVkUHJvZHVjdD4NCgkJCQkJCQk8L2NvbnN1bWFibGU+DQoNCgkJCQkJCQk8IS0tIENsaW5pY2FsIEluZGljYXRpb24gLS0+DQoJCQkJCQkJPGVudHJ5UmVsYXRpb25zaGlwIHR5cGVDb2RlPSJSU09OIj4NCgkJCQkJCQkJPGFjdCBjbGFzc0NvZGU9IklORlJNIiBtb29kQ29kZT0iRVZOIj4NCgkJCQkJCQkJCTxpZCByb290PSIzNjFCNkVGNi03NTRDLTExRTAtQTNDMy1EMTlGNDgyNDAxOUIiIC8+DQoJCQkJCQkJCQk8Y29kZSBjb2RlPSIxMDMuMTAxNDEiIGNvZGVTeXN0ZW09IjEuMi4zNi4xLjIwMDEuMTAwMS4xMDEiIGNvZGVTeXN0ZW1OYW1lPSJOQ1RJUyBEYXRhIENvbXBvbmVudHMiIGRpc3BsYXlOYW1lPSJDbGluaWNhbCBJbmRpY2F0aW9uIiAvPg0KCQkJCQkJCQkJPHRleHQgeHNpOnR5cGU9IlNUIj5QYWluIGNvbnRyb2wuPC90ZXh0Pg0KCQkJCQkJCQk8L2FjdD4NCgkJCQkJCQk8L2VudHJ5UmVsYXRpb25zaGlwPg0KCQkJCQkJCTwhLS0gRW5kIENsaW5pY2FsIEluZGljYXRpb24gLS0+DQoNCgkJCQkJCQk8IS0tIENvbW1lbnQgLS0+DQoJCQkJCQkJPGVudHJ5UmVsYXRpb25zaGlwIHR5cGVDb2RlPSJDT01QIj4NCgkJCQkJCQkJPGFjdCBjbGFzc0NvZGU9IklORlJNIiBtb29kQ29kZT0iRVZOIj4NCgkJCQkJCQkJCTxpZCByb290PSIzNjFCNkVGNi03NTRDLTExRTAtQTNDMy1EMTlGNDgyNDAxOUIiIC8+DQoJCQkJCQkJCQk8Y29kZSBjb2RlPSIxMDMuMTYwNDQiIGNvZGVTeXN0ZW09IjEuMi4zNi4xLjIwMDEuMTAwMS4xMDEiIGNvZGVTeXN0ZW1OYW1lPSJOQ1RJUyBEYXRhIENvbXBvbmVudHMiIGRpc3BsYXlOYW1lPSJBZGRpdGlvbmFsIENvbW1lbnRzIiAvPg0KCQkJCQkJCQkJPHRleHQgeHNpOnR5cGU9IlNUIj5Eb3NhZ2UgdG8gYmUgcmV2aWV3ZWQgaW4gMTAgZGF5cy48L3RleHQ+DQoJCQkJCQkJCTwvYWN0Pg0KCQkJCQkJCTwvZW50cnlSZWxhdGlvbnNoaXA+DQoJCQkJCQkJPCEtLSBFbmQgQ29tbWVudCAtLT4NCg0KCQkJCQkJPC9zdWJzdGFuY2VBZG1pbmlzdHJhdGlvbj4NCgkJCQkJPC9lbnRyeT4NCgkJCQkJPCEtLSBFbmQgVXNlZCBNZWRpY2F0aW9ucyAtLT4NCg0KCQkJCQk8IS0tIEV4Y2x1c2lvbiBTdGF0ZW1lbnQgLSBNZWRpY2F0aW9ucyAtLT4NCgkJCQkJPGVudHJ5Pg0KCQkJCQkJPG9ic2VydmF0aW9uIGNsYXNzQ29kZT0iT0JTIiBtb29kQ29kZT0iRVZOIj4NCgkJCQkJCQk8Y29kZSBjb2RlPSIxMDMuMTYzMDIiIGNvZGVTeXN0ZW09IjEuMi4zNi4xLjIwMDEuMTAwMS4xMDEiIGNvZGVTeXN0ZW1OYW1lPSJOQ1RJUyBEYXRhIENvbXBvbmVudHMiIGRpc3BsYXlOYW1lPSJHbG9iYWwgU3RhdGVtZW50IiAvPg0KCQkJCQkJCTx2YWx1ZSBjb2RlPSIxMSIgY29kZVN5c3RlbT0iMS4yLjM2LjEuMjAwMS4xMDAxLjEwMS4xMDQuMTYyOTkiIGNvZGVTeXN0ZW1OYW1lPSJOQ1RJUyBHbG9iYWwgU3RhdGVtZW50IFZhbHVlcyIgZGlzcGxheU5hbWU9Ik5vbmUga25vd24iIHhzaTp0eXBlPSJDRCIgLz4NCgkJCQkJCTwvb2JzZXJ2YXRpb24+DQoJCQkJCTwvZW50cnk+DQoJCQkJCTwhLS0gRXhjbHVzaW9uIFN0YXRlbWVudCAtIE1lZGljYXRpb25zIC0tPg0KDQoJCQkJPC9zZWN0aW9uPg0KCQkJPC9jb21wb25lbnQ+DQoJCQk8IS0tIEVuZCBSZXZpZXdlZCBNZWRpY2F0aW9ucyAtLT4NCg0KCQkJPCEtLSBTdGFydCBSZXZpZXdlZCBNZWRpY2FsIEhpc3RvcnkgLS0+DQoJCQk8Y29tcG9uZW50Pg0KCQkJCTxzZWN0aW9uPg0KCQkJCQk8Y29kZSBjb2RlPSIxMDEuMjEwMDMiIGNvZGVTeXN0ZW09IjEuMi4zNi4xLjIwMDEuMTAwMS4xMDEiIGNvZGVTeXN0ZW1OYW1lPSJOQ1RJUyBEYXRhIENvbXBvbmVudHMiIGRpc3BsYXlOYW1lPSJSZXZpZXdlZCBNZWRpY2FsIEhpc3RvcnkiIC8+DQoJCQkJCTx0aXRsZT5SZXZpZXdlZCBNZWRpY2FsIGhpc3Rvcnk8L3RpdGxlPg0KCQkJCQk8dGV4dD5SZXZpZXdlZCBNZWRpY2FsIGhpc3RvcnkgbmFycmF0aXZlIGdvZXMgaGVyZS48L3RleHQ+DQoNCgkJCQkJPCEtLSBNZWRpY2FsIEhpc3RvcnkgUmV2aWV3IC0tPg0KCQkJCQk8ZW50cnk+DQoJCQkJCQk8YWN0IGNsYXNzQ29kZT0iQUNUIiBtb29kQ29kZT0iRVZOIj4NCgkJCQkJCQk8Y29kZSBjb2RlPSIxMDIuMTY1NzYiIGNvZGVTeXN0ZW09IjEuMi4zNi4xLjIwMDEuMTAwMS4xMDEiIGNvZGVTeXN0ZW1OYW1lPSJOQ1RJUyBEYXRhIENvbXBvbmVudHMiIGRpc3BsYXlOYW1lPSJNZWRpY2FsIEhpc3RvcnkgUmV2aWV3IiAvPg0KCQkJCQkJCTxlZmZlY3RpdmVUaW1lIHZhbHVlPSIyMDEwMTIyNSIgLz4NCgkJCQkJCTwvYWN0Pg0KCQkJCQk8L2VudHJ5Pg0KCQkJCQk8IS0tIE1lZGljYWwgSGlzdG9yeSBSZXZpZXcgLS0+DQoNCgkJCQkJPCEtLSBQcm9ibGVtL0RpYWdub3NpcyAtLT4NCgkJCQkJPGVudHJ5Pg0KCQkJCQkJPG9ic2VydmF0aW9uIGNsYXNzQ29kZT0iT0JTIiBtb29kQ29kZT0iRVZOIj4NCgkJCQkJCQk8aWQgcm9vdD0iNzREMjlDODgtNzA2RS0xMUUwLTk3MjYtNUFCRTQ4MjQwMTlCIiAvPg0KCQkJCQkJCTxjb2RlIGNvZGU9IjEwMi4xNTUzMCIgY29kZVN5c3RlbT0iMS4yLjM2LjEuMjAwMS4xMDAxLjEwMSIgY29kZVN5c3RlbU5hbWU9Ik5DVElTIERhdGEgQ29tcG9uZW50cyIgZGlzcGxheU5hbWU9IlByb2JsZW0vRGlhZ25vc2lzIiAvPg0KCQkJCQkJCTwhLS0gRGF0ZSBvZiBPbnNldCAtLT4NCgkJCQkJCQk8ZWZmZWN0aXZlVGltZSB2YWx1ZT0iMjAxMTExMDQiIC8+DQoNCgkJCQkJCQk8IS0tIFByb2JsZW0vRGlhZ25vc2lzIElkZW50aWZpY2F0aW9uIC0tPg0KCQkJCQkJCTx2YWx1ZSBjb2RlPSIxMTYyMjMwMDciIGNvZGVTeXN0ZW09IjIuMTYuODQwLjEuMTEzODgzLjYuOTYiIGNvZGVTeXN0ZW1OYW1lPSJTTk9NRUQtQ1QiIGNvZGVTeXN0ZW1WZXJzaW9uPSIyMDA5MDczMSIgZGlzcGxheU5hbWU9IkNvbW9yYmlkaXR5IiB4c2k6dHlwZT0iQ0QiIC8+DQoNCgkJCQkJCQk8IS0tIERhdGUgb2YgUmVzb2x1dGlvbi9SZW1pc3Npb24gLS0+DQoJCQkJCQkJPGVudHJ5UmVsYXRpb25zaGlwIHR5cGVDb2RlPSJTVUJKIj4NCgkJCQkJCQkJPG9ic2VydmF0aW9uIGNsYXNzQ29kZT0iT0JTIiBtb29kQ29kZT0iRVZOIj4NCgkJCQkJCQkJCTxpZCByb290PSI2QUQxOUJBRS03NTI3LTExRTAtODUxRS04Mjc3NDgyNDAxOUIiIC8+DQoJCQkJCQkJCQk8Y29kZSBjb2RlPSIxMDMuMTU1MTAiIGNvZGVTeXN0ZW09IjEuMi4zNi4xLjIwMDEuMTAwMS4xMDEiIGNvZGVTeXN0ZW1OYW1lPSJOQ1RJUyBEYXRhIENvbXBvbmVudHMiIGRpc3BsYXlOYW1lPSJEYXRlIG9mIFJlc29sdXRpb24vUmVtaXNzaW9uIiAvPg0KCQkJCQkJCQkJPHZhbHVlIHZhbHVlPSIyMDExMDQyNyIgeHNpOnR5cGU9IklWTF9UUyIgLz4NCgkJCQkJCQkJPC9vYnNlcnZhdGlvbj4NCgkJCQkJCQk8L2VudHJ5UmVsYXRpb25zaGlwPg0KCQkJCQkJCTwhLS0gRW5kIERhdGUgb2YgUmVzb2x1dGlvbi9SZW1pc3Npb24gLS0+DQoNCgkJCQkJCQk8IS0tIFByb2JsZW0vRGlhZ25vc2lzIENvbW1lbnQgLS0+DQoJCQkJCQkJPGVudHJ5UmVsYXRpb25zaGlwIHR5cGVDb2RlPSJDT01QIj4NCgkJCQkJCQkJPGFjdCBjbGFzc0NvZGU9IklORlJNIiBtb29kQ29kZT0iRVZOIj4NCgkJCQkJCQkJCTxjb2RlIGNvZGU9IjEwMy4xNjU0NSIgY29kZVN5c3RlbT0iMS4yLjM2LjEuMjAwMS4xMDAxLjEwMSIgY29kZVN5c3RlbU5hbWU9Ik5DVElTIERhdGEgQ29tcG9uZW50cyIgZGlzcGxheU5hbWU9IlByb2JsZW0vRGlhZ25vc2lzIENvbW1lbnQiIC8+DQoJCQkJCQkJCQk8dGV4dCB4c2k6dHlwZT0iU1QiPlByb2JsZW0vRGlhZ25vc2lzIENvbW1lbnQgQ29tbWVudCBnb2VzIGhlcmUuPC90ZXh0Pg0KCQkJCQkJCQk8L2FjdD4NCgkJCQkJCQk8L2VudHJ5UmVsYXRpb25zaGlwPg0KCQkJCQkJCTwhLS0gRW5kIFByb2JsZW0vRGlhZ25vc2lzIENvbW1lbnQgLS0+DQoNCgkJCQkJCTwvb2JzZXJ2YXRpb24+DQoJCQkJCTwvZW50cnk+DQoJCQkJCTwhLS0gRW5kIFByb2JsZW0vRGlhZ25vc2lzIC0tPg0KDQoJCQkJCTwhLS0gRXhjbHVzaW9uIFN0YXRlbWVudCAtIFByb2JsZW0vRGlhZ25vc2VzIC0tPg0KCQkJCQk8IS0tIEdsb2JhbCBTdGF0ZW1lbnQgLS0+DQoJCQkJCTxlbnRyeT4NCgkJCQkJCTxvYnNlcnZhdGlvbiBjbGFzc0NvZGU9Ik9CUyIgbW9vZENvZGU9IkVWTiI+DQoJCQkJCQkJPGlkIHJvb3Q9IjlDQjdDNURDLTc1MkYtMTFFMC05RkUyLTk3ODA0ODI0MDE5QiIgLz4NCgkJCQkJCQk8Y29kZSBjb2RlPSIxMDMuMTYzMDIiIGNvZGVTeXN0ZW09IjEuMi4zNi4xLjIwMDEuMTAwMS4xMDEiIGNvZGVTeXN0ZW1OYW1lPSJOQ1RJUyBEYXRhIENvbXBvbmVudHMiIGRpc3BsYXlOYW1lPSJHbG9iYWwgU3RhdGVtZW50IiAvPg0KCQkJCQkJCTx2YWx1ZSBjb2RlPSIxIiBjb2RlU3lzdGVtPSIxLjIuMzYuMS4yMDAxLjEwMDEuMTAxLjEwNC4xNjI5OSIgY29kZVN5c3RlbU5hbWU9Ik5DVElTIEdsb2JhbCBTdGF0ZW1lbnQgVmFsdWVzIg0KCQkJCQkJCQlkaXNwbGF5TmFtZT0iTm8gc2lnbmlmaWNhbnQgbWVkaWNhbCBoaXN0b3J5IG9mIGFueSBwcm9ibGVtIG9yIGRpYWdub3NpcyIgeHNpOnR5cGU9IkNEIiAvPg0KCQkJCQkJPC9vYnNlcnZhdGlvbj4NCgkJCQkJPC9lbnRyeT4NCgkJCQkJPCEtLSBFbmQgRXhjbHVzaW9uIFN0YXRlbWVudCAtIFByb2JsZW0vRGlhZ25vc2VzIC0tPg0KDQoJCQkJCTwhLS0gUHJvY2VkdXJlIC0tPg0KCQkJCQk8ZW50cnk+DQoJCQkJCQk8cHJvY2VkdXJlIGNsYXNzQ29kZT0iUFJPQyIgbW9vZENvZGU9IkVWTiI+DQoJCQkJCQkJPGlkIHJvb3Q9IkI5NkEzOEM2LTcwNkMtMTFFMC1BRDJFLTQyQkM0ODI0MDE5QiIgLz4NCgkJCQkJCQk8IS0tIFByb2NlZHVyZSBOYW1lIC0tPg0KCQkJCQkJCTxjb2RlIGNvZGU9IjM5Nzk1NjAwNCIgY29kZVN5c3RlbT0iMi4xNi44NDAuMS4xMTM4ODMuNi45NiIgY29kZVN5c3RlbU5hbWU9IlNOT01FRC1DVCIgZGlzcGxheU5hbWU9ImhpcCByZXBsYWNlbWVudCIgLz4NCgkJCQkJCQk8IS0tIERhdGVUaW1lIFN0YXJ0ZWQgLS0+DQoJCQkJCQkJPGVmZmVjdGl2ZVRpbWUgdmFsdWU9IjIwMTEwNDI3IiAvPg0KDQoJCQkJCQkJPCEtLSBQcm9jZWR1cmUgQ29tbWVudCAtLT4NCgkJCQkJCQk8ZW50cnlSZWxhdGlvbnNoaXAgdHlwZUNvZGU9IkNPTVAiPg0KCQkJCQkJCQk8YWN0IGNsYXNzQ29kZT0iSU5GUk0iIG1vb2RDb2RlPSJFVk4iPg0KCQkJCQkJCQkJPGNvZGUgY29kZT0iMTAzLjE1NTk1IiBjb2RlU3lzdGVtPSIxLjIuMzYuMS4yMDAxLjEwMDEuMTAxIiBjb2RlU3lzdGVtTmFtZT0iTkNUSVMgRGF0YSBDb21wb25lbnRzIiBkaXNwbGF5TmFtZT0iUHJvY2VkdXJlIENvbW1lbnQiIC8+DQoJCQkJCQkJCQk8dGV4dCB4c2k6dHlwZT0iU1QiPlByb2NlZHVyZSBDb21tZW50IGdvZXMgaGVyZS48L3RleHQ+DQoJCQkJCQkJCTwvYWN0Pg0KCQkJCQkJCTwvZW50cnlSZWxhdGlvbnNoaXA+DQoJCQkJCQk8L3Byb2NlZHVyZT4NCgkJCQkJPC9lbnRyeT4NCgkJCQkJPCEtLSBFbmQgUHJvY2VkdXJlIC0tPg0KDQoJCQkJCTwhLS0gRXhjbHVzaW9uIFN0YXRlbWVudCAtIFByb2NlZHVyZXMgLS0+DQoJCQkJCTwhLS0gR2xvYmFsIFN0YXRlbWVudCAtLT4NCgkJCQkJPGVudHJ5Pg0KCQkJCQkJPG9ic2VydmF0aW9uIGNsYXNzQ29kZT0iT0JTIiBtb29kQ29kZT0iRVZOIj4NCgkJCQkJCQk8aWQgcm9vdD0iODExNTU0NUMtNzUyRi0xMUUwLUE4RTItOEI4MDQ4MjQwMTlCIiAvPg0KCQkJCQkJCTxjb2RlIGNvZGU9IjEwMy4xNjMwMiIgY29kZVN5c3RlbT0iMS4yLjM2LjEuMjAwMS4xMDAxLjEwMSIgY29kZVN5c3RlbU5hbWU9Ik5DVElTIERhdGEgQ29tcG9uZW50cyIgZGlzcGxheU5hbWU9Ikdsb2JhbCBTdGF0ZW1lbnQiIC8+DQoJCQkJCQkJPHZhbHVlIGNvZGU9IjExIiBjb2RlU3lzdGVtPSIxLjIuMzYuMS4yMDAxLjEwMDEuMTAxLjEwNC4xNjI5OSIgY29kZVN5c3RlbU5hbWU9Ik5DVElTIEdsb2JhbCBTdGF0ZW1lbnQgVmFsdWVzIiBkaXNwbGF5TmFtZT0iTm9uZSBrbm93biIgeHNpOnR5cGU9IkNEIiAvPg0KCQkJCQkJPC9vYnNlcnZhdGlvbj4NCgkJCQkJPC9lbnRyeT4NCgkJCQkJPCEtLSBFbmQgRXhjbHVzaW9uIFN0YXRlbWVudCAtIFByb2NlZHVyZXMgLS0+DQoNCgkJCQkJPCEtLSBPdGhlciBNZWRpY2FsIEhpc3RvcnkgSXRlbSAtLT4NCgkJCQkJPGVudHJ5Pg0KCQkJCQkJPGFjdCBjbGFzc0NvZGU9IkFDVCIgbW9vZENvZGU9IkVWTiI+DQoJCQkJCQkJPGlkIHJvb3Q9IjBDQkUwQjQyLTcwNzItMTFFMC05NEIxLTI2QzI0ODI0MDE5QiIgLz4NCgkJCQkJCQk8Y29kZSBjb2RlPSIxMDIuMTU1MTMiIGNvZGVTeXN0ZW09IjEuMi4zNi4xLjIwMDEuMTAwMS4xMDEiIGNvZGVTeXN0ZW1OYW1lPSJOQ1RJUyBEYXRhIENvbXBvbmVudHMiIGRpc3BsYXlOYW1lPSJPdGhlciBNZWRpY2FsIEhpc3RvcnkgSXRlbSIgLz4NCgkJCQkJCQk8dGV4dCB4c2k6dHlwZT0iU1QiPk90aGVyIE1lZGljYWwgSGlzdG9yeSBJdGVtIGdvZXMgaGVyZS48L3RleHQ+DQoJCQkJCQkJPGF1dGhvcj4NCgkJCQkJCQkJPHRpbWUgdmFsdWU9IjIwMTEwNDI3MTEwMCIgLz4NCgkJCQkJCQkJPGFzc2lnbmVkQXV0aG9yIG51bGxGbGF2b3I9Ik5BIj4NCgkJCQkJCQkJCTxpZCBudWxsRmxhdm9yPSJOQSIgLz4NCgkJCQkJCQkJPC9hc3NpZ25lZEF1dGhvcj4NCgkJCQkJCQk8L2F1dGhvcj4NCgkJCQkJCTwvYWN0Pg0KCQkJCQk8L2VudHJ5Pg0KCQkJCQk8IS0tIEVuZCBPdGhlciBNZWRpY2FsIEhpc3RvcnkgSXRlbSAtLT4NCg0KCQkJCTwvc2VjdGlvbj4NCgkJCTwvY29tcG9uZW50Pg0KCQkJPCEtLSBFbmQgUmV2aWV3ZWQgTWVkaWNhbCBIaXN0b3J5IC0tPg0KDQoJCQk8IS0tIFJldmlld2VkIEltbXVuaXNhdGlvbnMgU2VjdGlvbiAtLT4NCgkJCTxjb21wb25lbnQ+DQoJCQkJPHNlY3Rpb24+DQoJCQkJCTxjb2RlIGNvZGU9IjEwMS4xNjYwMCIgY29kZVN5c3RlbT0iMS4yLjM2LjEuMjAwMS4xMDAxLjEwMSIgY29kZVN5c3RlbU5hbWU9Ik5DVElTIERhdGEgQ29tcG9uZW50cyIgZGlzcGxheU5hbWU9IlJldmlld2VkIEltbXVuaXNhdGlvbnMiIC8+DQoJCQkJCTx0aXRsZT5SZXZpZXdlZCBJbW11bmlzYXRpb25zPC90aXRsZT4NCgkJCQkJPHRleHQ+UmV2aWV3ZWQgSW1tdW5pc2F0aW9ucyBuYXJyYXRpdmUgZ29lcyBoZXJlLjwvdGV4dD4NCg0KCQkJCQk8IS0tIFJldmlld2VkIEltbXVuaXNhdGlvbnMgLS0+DQoJCQkJCTxlbnRyeT4NCgkJCQkJCTxhY3QgY2xhc3NDb2RlPSJBQ1QiIG1vb2RDb2RlPSJFVk4iPg0KCQkJCQkJCTxpZCByb290PSI0NUYzQkUyOC03NTUxLTExRTAtOTcxRC02NUE1NDgyNDAxOUIiIC8+DQoJCQkJCQkJPGNvZGUgY29kZT0iMTAyLjE2NTc2IiBjb2RlU3lzdGVtPSIxLjIuMzYuMS4yMDAxLjEwMDEuMTAxIiBjb2RlU3lzdGVtTmFtZT0iTkNUSVMgRGF0YSBDb21wb25lbnRzIiBkaXNwbGF5TmFtZT0iSW1tdW5pc2F0aW9uIEhpc3RvcnkgUmV2aWV3IiAvPg0KCQkJCQkJCTwhLS0gUmVjb3JkIFJldmlldyBEYXRlVGltZSAtLT4NCgkJCQkJCQk8ZWZmZWN0aXZlVGltZSB2YWx1ZT0iMjAxMTA0MjciIC8+DQoJCQkJCQk8L2FjdD4NCgkJCQkJPC9lbnRyeT4NCgkJCQkJPCEtLSBFbmQgUmV2aWV3ZWQgSW1tdW5pc2F0aW9ucyAtLT4NCg0KCQkJCQk8IS0tIEFkbWluaXN0ZXJlZCBJbW11bmlzYXRpb24gLS0+DQoJCQkJCTxlbnRyeT4NCgkJCQkJCTxzdWJzdGFuY2VBZG1pbmlzdHJhdGlvbiBjbGFzc0NvZGU9IlNCQURNIiBtb29kQ29kZT0iRVZOIj4NCgkJCQkJCQk8IS0tIE1lZGljYXRpb24gQWN0aW9uIERhdGVUaW1lIC0tPg0KCQkJCQkJCTxlZmZlY3RpdmVUaW1lIHZhbHVlPSIyMDExMDQyNyIgLz4NCgkJCQkJCQk8Y29uc3VtYWJsZT4NCgkJCQkJCQkJPG1hbnVmYWN0dXJlZFByb2R1Y3Q+DQoJCQkJCQkJCQk8bWFudWZhY3R1cmVkTWF0ZXJpYWw+DQoJCQkJCQkJCQkJPGNvZGUgY29kZT0iPz8/Pz8iIGNvZGVTeXN0ZW09IjEuMi4zNi4xLjIwMDEuMTAwNC4xMDAiIGNvZGVTeXN0ZW1OYW1lPSJBdXN0cmFsaWFuIE1lZGljaW5jZXMgVGVybWlub2xvZ3kgKEFNVCkiIGRpc3BsYXlOYW1lPSI/Pz8/PyIgLz4NCgkJCQkJCQkJCTwvbWFudWZhY3R1cmVkTWF0ZXJpYWw+DQoJCQkJCQkJCTwvbWFudWZhY3R1cmVkUHJvZHVjdD4NCgkJCQkJCQk8L2NvbnN1bWFibGU+DQoJCQkJCQk8L3N1YnN0YW5jZUFkbWluaXN0cmF0aW9uPg0KCQkJCQk8L2VudHJ5Pg0KCQkJCQk8IS0tIEVuZCBBZG1pbmlzdGVyZWQgSW1tdW5pc2F0aW9uIC0tPg0KDQoJCQkJCTwhLS0gRXhjbHVzaW9uIFN0YXRlbWVudCAtIEltbXVuaXNhdGlvbnMgLS0+DQoJCQkJCTxlbnRyeT4NCgkJCQkJCTxvYnNlcnZhdGlvbiBjbGFzc0NvZGU9Ik9CUyIgbW9vZENvZGU9IkVWTiI+DQoJCQkJCQkJPGNvZGUgY29kZT0iMTAzLjE2MzAyIiBjb2RlU3lzdGVtPSIxLjIuMzYuMS4yMDAxLjEwMDEuMTAxIiBjb2RlU3lzdGVtTmFtZT0iTkNUSVMgRGF0YSBDb21wb25lbnRzIiBkaXNwbGF5TmFtZT0iR2xvYmFsIFN0YXRlbWVudCIgLz4NCgkJCQkJCQk8dmFsdWUgY29kZT0iMDEiIGNvZGVTeXN0ZW09IjEuMi4zNi4xLjIwMDEuMTAwMS4xMDEuMTA0LjE2Mjk5IiBjb2RlU3lzdGVtTmFtZT0iTkNUSVMgR2xvYmFsIFN0YXRlbWVudCBWYWx1ZXMiIGRpc3BsYXlOYW1lPSJOb25lIGtub3duIiB4c2k6dHlwZT0iQ0QiIC8+DQoJCQkJCQk8L29ic2VydmF0aW9uPg0KCQkJCQk8L2VudHJ5Pg0KCQkJCQk8IS0tIEVuZCBFeGNsdXNpb24gU3RhdGVtZW50IC0gSW1tdW5pc2F0aW9ucyAtLT4NCg0KCQkJCTwvc2VjdGlvbj4NCgkJCTwvY29tcG9uZW50Pg0KCQkJPCEtLSBFbmQgUmV2aWV3ZWQgSW1tdW5pc2F0aW9ucyBTZWN0aW9uIC0tPg0KDQoJCTwvc3RydWN0dXJlZEJvZHk+DQoJPC9jb21wb25lbnQ+DQoJPCEtLSBFbmQgQ0RBIEJvZHkgLS0+DQo8L0NsaW5pY2FsRG9jdW1lbnQ+DQo=</Content>
        </Document>
        <Document>
            <Id>2.16.840.1.113883.10.20.2</Id> 
            <Type code="51855-5" 
                codeSystem="2.16.840.1.113883.6.1"
                codeSystemName="LOINC" displayName="Shared Health Summary" />
            <Content xm:contentType="text/xml">PD94bWwgdmVyc2lvbj0iMS4wIiBlbmNvZGluZz0iVVRGLTgiPz4NCjwhLS0gVGhpcyBleGFtcGxlIGlzIHByb3ZpZGVkIGZvciBpbGx1c3RyYXRpdmUgcHVycG9zZXMgb25seS4gSXQgaGFzIGhhZCBubyBjbGluaWNhbCB2YWxpZGF0aW9uLiANCiBXaGlsZSBldmVyeSBlZmZvcnQgaGFzIGJlZW4gdGFrZW4gdG8gZW5zdXJlIHRoYXQgdGhlIGV4YW1wbGVzIGFyZSBjb25zaXN0ZW50IHdpdGggdGhlIG1lc3NhZ2Ugc3BlY2lmaWNhdGlvbiwgDQogd2hlcmUgdGhlcmUgYXJlIGNvbmZsaWN0cyB3aXRoIHRoZSB3cml0dGVuIG1lc3NhZ2Ugc3BlY2lmaWNhdGlvbiBvciBzY2hlbWEsIHRoZSBzcGVjaWZpY2F0aW9uIG9yIHNjaGVtYSANCiBzaGFsbCBiZSBjb25zaWRlcmVkIHRvIHRha2UgcHJlY2VkZW5jZSAtLT4NCjxDbGluaWNhbERvY3VtZW50IHhtbG5zPSJ1cm46aGw3LW9yZzp2MyIgeG1sbnM6ZXh0PSJodHRwOi8vbnMuZWxlY3Ryb25pY2hlYWx0aC5uZXQuYXUvQ2kvQ2RhL0V4dGVuc2lvbnMvMy4wIiB4bWxuczp4cz0iaHR0cDovL3d3dy53My5vcmcvMjAwMS9YTUxTY2hlbWEiDQoJeG1sbnM6eHNpPSJodHRwOi8vd3d3LnczLm9yZy8yMDAxL1hNTFNjaGVtYS1pbnN0YW5jZSI+DQoJPHR5cGVJZCBleHRlbnNpb249IlBPQ0RfSEQwMDAwNDAiIHJvb3Q9IjIuMTYuODQwLjEuMTEzODgzLjEuMyIgLz4NCgk8dGVtcGxhdGVJZCBleHRlbnNpb249IjEuMCIgcm9vdD0iMS4yLjM2LjEuMjAwMS4xMDAxLjEwMS4xMDAuMjAwMDAiIC8+DQoJPGlkIHJvb3Q9IjhCQzM0MDZBLUI5M0YtMTFERS04QTJCLTZBMUM1NkQ4OTU5MyIgLz4NCgk8Y29kZSBjb2RlPSI1MTg1NS01IiBjb2RlU3lzdGVtPSIyLjE2Ljg0MC4xLjExMzg4My42LjEiIGNvZGVTeXN0ZW1OYW1lPSJMT0lOQyIgZGlzcGxheU5hbWU9IlNoYXJlZCBIZWFsdGggU3VtbWFyeSIgLz4NCgk8ZWZmZWN0aXZlVGltZSB2YWx1ZT0iMjAwOTEwMjAxMjM1IiAvPg0KCTxjb25maWRlbnRpYWxpdHlDb2RlIG51bGxGbGF2b3I9Ik5BIiAvPg0KCTxsYW5ndWFnZUNvZGUgY29kZT0iZW4tQVUiIC8+DQoJPHNldElkIHJvb3Q9IjZDNkJBNTZDLUJDOTItMTFERS1BMTcwLUQ4NTU1NkQ4OTU5MyIgLz4NCgk8dmVyc2lvbk51bWJlciB2YWx1ZT0iMSIgLz4NCgk8ZXh0OmNvbXBsZXRpb25Db2RlIGNvZGU9IkYiIGNvZGVTeXN0ZW09IjEuMi4zNi4xLjIwMDEuMTAwMS4xMDEuMTA0LjIwMTA0IiBjb2RlU3lzdGVtTmFtZT0iTkNUSVMgRG9jdW1lbnQgU3RhdHVzIFZhbHVlcyIgZGlzcGxheU5hbWU9IkZpbmFsIiAvPg0KDQoJPCEtLSBCZWdpbiBDREEgSGVhZGVyIC0tPg0KCTwhLS0gQmVnaW4gU3ViamVjdCBvZiBDYXJlIC0gSGVhZGVyIFBhcnQgLS0+DQoJPHJlY29yZFRhcmdldD4NCgkJPHBhdGllbnRSb2xlPg0KDQoJCQk8IS0tIElEIGlzIHVzZWQgZm9yIHN5c3RlbSBwdXJwb3NlcyBzdWNoIGFzIG1hdGNoaW5nIC0tPg0KCQkJPGlkIHJvb3Q9IjdBQTBCQUFDLTBDRDAtMTFFMC05NTE2LTQzNTBERkQ3MjA4NSIgLz4NCg0KCQkJPCEtLSBBZGRyZXNzIC0tPg0KCQkJPGFkZHIgdXNlPSJIIj4NCgkJCQk8c3RyZWV0QWRkcmVzc0xpbmU+MSBDbGluaWNpYW4gU3RyZWV0PC9zdHJlZXRBZGRyZXNzTGluZT4NCgkJCQk8Y2l0eT5OZWh0YXZpbGxlPC9jaXR5Pg0KCQkJCTxzdGF0ZT5RTEQ8L3N0YXRlPg0KCQkJCTxwb3N0YWxDb2RlPjU1NTU8L3Bvc3RhbENvZGU+DQoJCQkJPGFkZGl0aW9uYWxMb2NhdG9yPjMyNTY4OTMxPC9hZGRpdGlvbmFsTG9jYXRvcj4NCgkJCQk8Y291bnRyeT5BdXN0cmFsaWE8L2NvdW50cnk+DQoJCQk8L2FkZHI+DQoNCgkJCTwhLS0gRWxlY3Ryb25pYyBDb21tdW5pY2F0aW9uIERldGFpbCAtLT4NCgkJCTx0ZWxlY29tIHVzZT0iSCIgdmFsdWU9InRlbDowNDk5OTk5OTk5IiAvPg0KDQoJCQk8IS0tIFBhcnRpY2lwYW50IC0tPg0KCQkJPHBhdGllbnQ+DQoNCgkJCQk8IS0tIFBlcnNvbiBOYW1lIC0tPg0KCQkJCTxuYW1lIHVzZT0iTCI+DQoJCQkJCTxwcmVmaXg+TXM8L3ByZWZpeD4NCgkJCQkJPGdpdmVuPlNhbGx5PC9naXZlbj4NCgkJCQkJPGZhbWlseT5HcmFudDwvZmFtaWx5Pg0KCQkJCTwvbmFtZT4NCg0KCQkJCTwhLS0gSW5kaWdlbm91cyBTdGF0dXMgLS0+DQoJCQkJPGV0aG5pY0dyb3VwQ29kZSBjb2RlPSI0IiBjb2RlU3lzdGVtPSIyLjE2Ljg0MC4xLjExMzg4My4zLjg3OSIgY29kZVN5c3RlbU5hbWU9Ik1FVGVPUiIgZGlzcGxheU5hbWU9Ik5laXRoZXIgQWJvcmlnaW5hbCBub3IgVG9ycmVzIFN0cmFpdCBJc2xhbmRlciBvcmlnaW4iIC8+DQoNCgkJCQk8IS0tIFNleCAtLT4NCgkJCQk8YWRtaW5pc3RyYXRpdmVHZW5kZXJDb2RlIGNvZGU9IkYiIGNvZGVTeXN0ZW09IjIuMTYuODQwLjEuMTEzODgzLjEzLjY4IiBjb2RlU3lzdGVtTmFtZT0iQVMgNTAxNy0yMDA2IEhlYWx0aCBDYXJlIENsaWVudCBJZGVudGlmaWVyIFNleCIgLz4NCg0KCQkJCTwhLS0gRGF0ZSBvZiBCaXJ0aCAtLT4NCgkJCQk8YmlydGhUaW1lIHZhbHVlPSIxOTQ4MDYwNyIgLz4NCg0KCQkJCTwhLS0gTXVsdGlwbGUgQmlydGggSW5kaWNhdG9yIC0tPg0KCQkJCTxleHQ6bXVsdGlwbGVCaXJ0aEluZCB2YWx1ZT0idHJ1ZSIgLz4NCgkJCQk8ZXh0Om11bHRpcGxlQmlydGhPcmRlck51bWJlciB2YWx1ZT0iMiIgLz4NCg0KCQkJCTwhLS0gRGF0ZSBvZiBEZWF0aCAtLT4NCgkJCQk8ZXh0OmRlY2Vhc2VkSW5kIHZhbHVlPSJ0cnVlIiAvPg0KCQkJCTxleHQ6ZGVjZWFzZWRUaW1lIHZhbHVlPSIyMDEwMTIwMSIgLz4NCg0KCQkJCTwhLS0gQ291bnRyeSBvZiBCaXJ0aCAtLT4NCgkJCQk8YmlydGhwbGFjZT4NCgkJCQkJPHBsYWNlPg0KCQkJCQkJPGFkZHI+DQoJCQkJCQkJPGNvdW50cnk+ODEwNDwvY291bnRyeT4NCgkJCQkJCTwvYWRkcj4NCgkJCQkJPC9wbGFjZT4NCgkJCQk8L2JpcnRocGxhY2U+DQoNCgkJCQk8IS0tIEVudGl0eSBJZGVudGlmaWVyIC0tPg0KCQkJCTxleHQ6YXNFbnRpdHlJZGVudGlmaWVyIGNsYXNzQ29kZT0iSURFTlQiPg0KCQkJCQk8ZXh0OmlkIGFzc2lnbmluZ0F1dGhvcml0eU5hbWU9IklISSIgcm9vdD0iMS4yLjM2LjEuMjAwMS4xMDAzLjAuODAwMzYwMTIzNDUxMjM0NSIgLz4NCgkJCQkJPGV4dDphc3NpZ25pbmdHZW9ncmFwaGljQXJlYSBjbGFzc0NvZGU9IlBMQyI+DQoJCQkJCQk8ZXh0Om5hbWU+TmF0aW9uYWwgSWRlbnRpZmllcjwvZXh0Om5hbWU+DQoJCQkJCTwvZXh0OmFzc2lnbmluZ0dlb2dyYXBoaWNBcmVhPg0KCQkJCTwvZXh0OmFzRW50aXR5SWRlbnRpZmllcj4NCg0KCQkJPC9wYXRpZW50Pg0KCQk8L3BhdGllbnRSb2xlPg0KCTwvcmVjb3JkVGFyZ2V0Pg0KCTwhLS0gRW5kIFN1YmplY3Qgb2YgQ2FyZSAtIEhlYWRlciBQYXJ0IC0tPg0KDQoJPCEtLSBCZWdpbiBEb2N1bWVudCBBdXRob3IgLS0+DQoJPGF1dGhvcj4NCg0KCQk8IS0tIE11c3QgaG9sZCBzYW1lIHZhbHVlIGFzIERhdGVUaW1lIGF0dGVzdGVkIChDbGluaWNhbERvY3VtZW50LmxlZ2FsQXV0aGVudGljYXRvci50aW1lKSAtLT4NCgkJPHRpbWUgdmFsdWU9IjIwMDkxMDIwMTIzNSIgLz4NCg0KCQk8YXNzaWduZWRBdXRob3I+DQoNCgkJCTwhLS0gSUQgaXMgdXNlZCBmb3Igc3lzdGVtIHB1cnBvc2VzIHN1Y2ggYXMgbWF0Y2hpbmcgLS0+DQoJCQk8aWQgcm9vdD0iN0ZDQjBFQzQtMENEMC0xMUUwLTlERkMtOEY1MERGRDcyMDg1IiAvPg0KDQoJCQk8IS0tIFJvbGUgLS0+DQoJCQk8Y29kZSBjb2RlPSIyNTMzMTciIGNvZGVTeXN0ZW09IjIuMTYuODQwLjEuMTEzODgzLjEzLjYyIiBjb2RlU3lzdGVtTmFtZT0iMTIyMC4wIC0gQU5aU0NPIC0gQXVzdHJhbGlhbiBhbmQgTmV3IFplYWxhbmQgU3RhbmRhcmQgQ2xhc3NpZmljYXRpb24gb2YgT2NjdXBhdGlvbnMsIEZpcnN0IEVkaXRpb24sIDIwMDYiDQoJCQkJZGlzcGxheU5hbWU9IkludGVuc2l2ZSBDYXJlIFNwZWNpYWxpc3QiIC8+DQoNCgkJCTwhLS0gQWRkcmVzcyAtLT4NCgkJCTxhZGRyIHVzZT0iV1AiPg0KCQkJCTxzdHJlZXRBZGRyZXNzTGluZT4xIENsaW5pY2lhbiBTdHJlZXQ8L3N0cmVldEFkZHJlc3NMaW5lPg0KCQkJCTxjaXR5Pk5laHRhdmlsbGU8L2NpdHk+DQoJCQkJPHN0YXRlPlFMRDwvc3RhdGU+DQoJCQkJPHBvc3RhbENvZGU+NTU1NTwvcG9zdGFsQ29kZT4NCgkJCQk8YWRkaXRpb25hbExvY2F0b3I+MzI1Njg5MzE8L2FkZGl0aW9uYWxMb2NhdG9yPg0KCQkJCTxjb3VudHJ5PkF1c3RyYWxpYTwvY291bnRyeT4NCgkJCTwvYWRkcj4NCg0KCQkJPCEtLSBFbGVjdHJvbmljIENvbW11bmljYXRpb24gRGV0YWlsIC0tPg0KCQkJPHRlbGVjb20gdXNlPSJXUCIgdmFsdWU9InRlbDowNzEyMzQxMjM0IiAvPg0KDQoJCQk8IS0tIFBhcnRpY2lwYW50IC0tPg0KCQkJPGFzc2lnbmVkUGVyc29uPg0KDQoJCQkJPCEtLSBQZXJzb24gTmFtZSAtLT4NCgkJCQk8bmFtZT4NCgkJCQkJPHByZWZpeD5Eci48L3ByZWZpeD4NCgkJCQkJPGdpdmVuPkdvb2Q8L2dpdmVuPg0KCQkJCQk8ZmFtaWx5PkRvY3RvcjwvZmFtaWx5Pg0KCQkJCTwvbmFtZT4NCg0KCQkJCTwhLS0gU2V4IC0tPg0KCQkJCTxleHQ6YWRtaW5pc3RyYXRpdmVHZW5kZXJDb2RlIGNvZGU9Ik0iIGNvZGVTeXN0ZW09IjIuMTYuODQwLjEuMTEzODgzLjEzLjY4IiBjb2RlU3lzdGVtTmFtZT0iQVMgNTAxNy0yMDA2IEhlYWx0aCBDYXJlIENsaWVudCBJZGVudGlmaWVyIFNleCIgLz4NCg0KCQkJCTwhLS0gRGF0ZSBvZiBCaXJ0aCAtLT4NCgkJCQk8ZXh0OmJpcnRoVGltZSB2YWx1ZT0iMTk0ODA2MDciIC8+DQoNCgkJCQk8IS0tIEVudGl0eSBJZGVudGlmaWVyIC0tPg0KCQkJCTxleHQ6YXNFbnRpdHlJZGVudGlmaWVyIGNsYXNzQ29kZT0iSURFTlQiPg0KCQkJCQk8ZXh0OmlkIGFzc2lnbmluZ0F1dGhvcml0eU5hbWU9IkhQSS1JIiByb290PSIxLjIuMzYuMS4yMDAxLjEwMDMuMC44MDAzNjExMjM0NTY3ODkwIiAvPg0KCQkJCQk8ZXh0OmFzc2lnbmluZ0dlb2dyYXBoaWNBcmVhIGNsYXNzQ29kZT0iUExDIj4NCgkJCQkJCTxleHQ6bmFtZT5OYXRpb25hbCBJZGVudGlmaWVyPC9leHQ6bmFtZT4NCgkJCQkJPC9leHQ6YXNzaWduaW5nR2VvZ3JhcGhpY0FyZWE+DQoJCQkJPC9leHQ6YXNFbnRpdHlJZGVudGlmaWVyPg0KDQoJCQk8L2Fzc2lnbmVkUGVyc29uPg0KDQoJCQk8IS0tIEVtcGxveW1lbnQgRGV0YWlsIC0tPg0KCQkJPCEtLSBFbXBsb3llciBPcmdhbmlzYXRpb24gKFBhcnRpY2lwYW50IChPcmdhbmlzYXRpb24pKSAtLT4NCgkJCTxyZXByZXNlbnRlZE9yZ2FuaXphdGlvbj4NCg0KCQkJCTwhLS0gRGVwYXJ0bWVudC9Vbml0IC0tPg0KCQkJCTxuYW1lPlN1cmdpY2FsIFdhcmQ8L25hbWU+DQoNCgkJCQk8YXNPcmdhbml6YXRpb25QYXJ0T2Y+DQoJCQkJCTx3aG9sZU9yZ2FuaXphdGlvbj4NCg0KCQkJCQkJPCEtLSBPcmdhbmlzYXRpb24gTmFtZSAtLT4NCgkJCQkJCTxuYW1lIHVzZT0iTCI+R29vZCBIb3NwaXRhbDwvbmFtZT4NCgkJCQkJPC93aG9sZU9yZ2FuaXphdGlvbj4NCgkJCQk8L2FzT3JnYW5pemF0aW9uUGFydE9mPg0KDQoJCQkJPCEtLSBFbnRpdHkgSWRlbnRpZmllciAtLT4NCgkJCQk8ZXh0OmFzRW50aXR5SWRlbnRpZmllciBjbGFzc0NvZGU9IklERU5UIj4NCgkJCQkJPGV4dDppZCBhc3NpZ25pbmdBdXRob3JpdHlOYW1lPSJIUEktTyIgcm9vdD0iMS4yLjM2LjEuMjAwMS4xMDAzLjAuODAwMzYyMTIzMTE2Nzg5MCIgLz4NCgkJCQkJPGV4dDphc3NpZ25pbmdHZW9ncmFwaGljQXJlYSBjbGFzc0NvZGU9IlBMQyI+DQoJCQkJCQk8ZXh0Om5hbWU+TmF0aW9uYWwgSWRlbnRpZmllcjwvZXh0Om5hbWU+DQoJCQkJCTwvZXh0OmFzc2lnbmluZ0dlb2dyYXBoaWNBcmVhPg0KCQkJCTwvZXh0OmFzRW50aXR5SWRlbnRpZmllcj4NCg0KCQkJPC9yZXByZXNlbnRlZE9yZ2FuaXphdGlvbj4NCg0KCQk8L2Fzc2lnbmVkQXV0aG9yPg0KCTwvYXV0aG9yPg0KCTwhLS0gRW5kIERvY3VtZW50IEF1dGhvciAtLT4NCg0KCTwhLS0gQmVnaW4gQ3VzdG9kaWFuIC0tPg0KCTxjdXN0b2RpYW4+DQoJCTxhc3NpZ25lZEN1c3RvZGlhbj4NCgkJCTxyZXByZXNlbnRlZEN1c3RvZGlhbk9yZ2FuaXphdGlvbj4NCg0KCQkJCTwhLS0gSUQgaXMgdXNlZCBmb3Igc3lzdGVtIHB1cnBvc2VzIHN1Y2ggYXMgbWF0Y2hpbmcgLS0+DQoJCQkJPGlkIHJvb3Q9Ijg0NjRDNkJFLTBDRDAtMTFFMC1CNDVBLTkyNTBERkQ3MjA4NSIgLz4NCgkJCQk8bmFtZT5PeiBIZWFsdGggQ2xpbmljPC9uYW1lPg0KDQoJCQkJPCEtLSBFbnRpdHkgSWRlbnRpZmllciAtLT4NCgkJCQk8ZXh0OmFzRW50aXR5SWRlbnRpZmllciBjbGFzc0NvZGU9IklERU5UIj4NCgkJCQkJPGV4dDppZCBhc3NpZ25pbmdBdXRob3JpdHlOYW1lPSJIUEktTyIgcm9vdD0iMS4yLjM2LjEuMjAwMS4xMDAzLjAuODA2NjYyMTc3MTE2Nzg4OCIgLz4NCgkJCQkJPGV4dDphc3NpZ25pbmdHZW9ncmFwaGljQXJlYSBjbGFzc0NvZGU9IlBMQyI+DQoJCQkJCQk8ZXh0Om5hbWU+TmF0aW9uYWwgSWRlbnRpZmllcjwvZXh0Om5hbWU+DQoJCQkJCTwvZXh0OmFzc2lnbmluZ0dlb2dyYXBoaWNBcmVhPg0KCQkJCTwvZXh0OmFzRW50aXR5SWRlbnRpZmllcj4NCg0KCQkJPC9yZXByZXNlbnRlZEN1c3RvZGlhbk9yZ2FuaXphdGlvbj4NCgkJPC9hc3NpZ25lZEN1c3RvZGlhbj4NCgk8L2N1c3RvZGlhbj4NCgk8IS0tIEVuZCBDdXN0b2RpYW4gLS0+DQoNCgk8IS0tIFN0YXJ0IEluZm9ybWF0aW9uIFJlY2lwaWVudCAtIFByaW1hcnkgLS0+DQoJPGluZm9ybWF0aW9uUmVjaXBpZW50IHR5cGVDb2RlPSJQUkNQIj4NCgkJPGludGVuZGVkUmVjaXBpZW50Pg0KDQoJCQk8IS0tIElEIGlzIHVzZWQgZm9yIHN5c3RlbSBwdXJwb3NlcyBzdWNoIGFzIG1hdGNoaW5nIC0tPg0KCQkJPGlkIHJvb3Q9IjhBRjVGOEY0LTBDRDAtMTFFMC1BQzQ4LTkzNTBERkQ3MjA4NSIgLz4NCg0KCQkJPGFkZHIgdXNlPSJXUCI+DQoJCQkJPHN0cmVldEFkZHJlc3NMaW5lPjEgUHJpbWFyeSBDYXJlIFByb3ZpZGVyIFN0cmVldDwvc3RyZWV0QWRkcmVzc0xpbmU+DQoJCQkJPGNpdHk+TmVodGF2aWxsZTwvY2l0eT4NCgkJCQk8c3RhdGU+UUxEPC9zdGF0ZT4NCgkJCQk8cG9zdGFsQ29kZT41NTU1PC9wb3N0YWxDb2RlPg0KCQkJCTxhZGRpdGlvbmFsTG9jYXRvcj4zMjU2ODkzMTwvYWRkaXRpb25hbExvY2F0b3I+DQoJCQkJPGNvdW50cnk+QXVzdHJhbGlhPC9jb3VudHJ5Pg0KCQkJPC9hZGRyPg0KCQkJPHRlbGVjb20gdXNlPSJXUCIgdmFsdWU9InRlbDowNzEyMzQxMjQ1IiAvPg0KCQkJPGluZm9ybWF0aW9uUmVjaXBpZW50Pg0KDQoJCQkJPCEtLSBQZXJzb24gTmFtZSAtLT4NCgkJCQk8bmFtZT4NCgkJCQkJPHByZWZpeD5Eci48L3ByZWZpeD4NCgkJCQkJPGdpdmVuPkluZm9ybWF0aW9uPC9naXZlbj4NCgkJCQkJPGZhbWlseT5SZWNpcGllbnQ8L2ZhbWlseT4NCgkJCQk8L25hbWU+DQoNCgkJCQk8IS0tIFNleCAtLT4NCgkJCQk8ZXh0OmFkbWluaXN0cmF0aXZlR2VuZGVyQ29kZSBjb2RlPSJGIiBjb2RlU3lzdGVtPSIyLjE2Ljg0MC4xLjExMzg4My4xMy42OCIgY29kZVN5c3RlbU5hbWU9IkFTIDUwMTctMjAwNiBIZWFsdGggQ2FyZSBDbGllbnQgSWRlbnRpZmllciBTZXgiIC8+DQoNCgkJCQk8IS0tIERhdGUgb2YgQmlydGggLS0+DQoJCQkJPGV4dDpiaXJ0aFRpbWUgdmFsdWU9IjE5NjgxMDA3IiAvPg0KDQoJCQkJPCEtLSBFbnRpdHkgSWRlbnRpZmllciAtLT4NCgkJCQk8ZXh0OmFzRW50aXR5SWRlbnRpZmllciBjbGFzc0NvZGU9IklERU5UIj4NCgkJCQkJPGV4dDppZCBhc3NpZ25pbmdBdXRob3JpdHlOYW1lPSJIUEktSSIgcm9vdD0iMS4yLjM2LjEuMjAwMS4xMDAzLjAuODAwMzYxMTIyMjU2Nzg5MCIgLz4NCgkJCQkJPGV4dDphc3NpZ25pbmdHZW9ncmFwaGljQXJlYSBjbGFzc0NvZGU9IlBMQyI+DQoJCQkJCQk8ZXh0Om5hbWU+TmF0aW9uYWwgSWRlbnRpZmllcjwvZXh0Om5hbWU+DQoJCQkJCTwvZXh0OmFzc2lnbmluZ0dlb2dyYXBoaWNBcmVhPg0KCQkJCTwvZXh0OmFzRW50aXR5SWRlbnRpZmllcj4NCg0KCQkJPC9pbmZvcm1hdGlvblJlY2lwaWVudD4NCg0KCQkJPHJlY2VpdmVkT3JnYW5pemF0aW9uPg0KCQkJCTxuYW1lPkluZm9ybWF0aW9uIFJlY2lwaWVudCBDbGluaWMgTmFtZTwvbmFtZT4NCg0KCQkJCTwhLS0gRW50aXR5IElkZW50aWZpZXIgLS0+DQoJCQkJPGV4dDphc0VudGl0eUlkZW50aWZpZXIgY2xhc3NDb2RlPSJJREVOVCI+DQoJCQkJCTxleHQ6aWQgYXNzaWduaW5nQXV0aG9yaXR5TmFtZT0iSFBJLU8iIHJvb3Q9IjEuMi4zNi4xLjIwMDEuMTAwMy4wLjgwMDM2MjE3NzExNjc4ODgiIC8+DQoJCQkJCTxleHQ6YXNzaWduaW5nR2VvZ3JhcGhpY0FyZWEgY2xhc3NDb2RlPSJQTEMiPg0KCQkJCQkJPGV4dDpuYW1lPk5hdGlvbmFsIElkZW50aWZpZXI8L2V4dDpuYW1lPg0KCQkJCQk8L2V4dDphc3NpZ25pbmdHZW9ncmFwaGljQXJlYT4NCgkJCQk8L2V4dDphc0VudGl0eUlkZW50aWZpZXI+DQoNCgkJCTwvcmVjZWl2ZWRPcmdhbml6YXRpb24+DQoJCTwvaW50ZW5kZWRSZWNpcGllbnQ+DQoJPC9pbmZvcm1hdGlvblJlY2lwaWVudD4NCgk8IS0tIEVuZCBJbmZvcm1hdGlvbiBSZWNpcGllbnQgLSBQcmltYXJ5IC0tPg0KDQoJPCEtLSBCZWdpbiBEb2N1bWVudCBSZWNpcGllbnQgRGV0YWlsIChPcmdhbmlzYXRpb24pIC0tPg0KCTxpbmZvcm1hdGlvblJlY2lwaWVudCB0eXBlQ29kZT0iVFJDIj4NCgkJPGludGVuZGVkUmVjaXBpZW50Pg0KDQoJCQk8IS0tIElEIGlzIHVzZWQgZm9yIHN5c3RlbSBwdXJwb3NlcyBzdWNoIGFzIG1hdGNoaW5nIC0tPg0KCQkJPGlkIHJvb3Q9Ijk1OEEwRTkwLTBDRDAtMTFFMC1BNDNFLUFBNTBERkQ3MjA4NSIgLz4NCgkJCTxleHQ6Y29kZSBjb2RlPSI4MDUyMjAwMCIgY29kZVN5c3RlbT0iMi4xNi44NDAuMS4xMTM4ODMuNi45NiIgY29kZVN5c3RlbU5hbWU9IlNOT01FRC1DVCIgY29kZVN5c3RlbVZlcnNpb249IjIwMDkwNzMxIiBkaXNwbGF5TmFtZT0iUmVoYWJpbGl0YXRpb24gaG9zaXBpdGFsIiAvPg0KCQkJPGFkZHIgdXNlPSJXUCI+DQoJCQkJPHN0cmVldEFkZHJlc3NMaW5lPjk5IFJlaGFiIFJvYWQ8L3N0cmVldEFkZHJlc3NMaW5lPg0KCQkJCTxjaXR5Pk5laHRhdmlsbGU8L2NpdHk+DQoJCQkJPHN0YXRlPlFMRDwvc3RhdGU+DQoJCQkJPHBvc3RhbENvZGU+NTU1NTwvcG9zdGFsQ29kZT4NCgkJCQk8YWRkaXRpb25hbExvY2F0b3I+MzI1Njg5MzE8L2FkZGl0aW9uYWxMb2NhdG9yPg0KCQkJCTxjb3VudHJ5PkF1c3RyYWxpYTwvY291bnRyeT4NCgkJCTwvYWRkcj4NCgkJCTx0ZWxlY29tIHVzZT0iV1AiIHZhbHVlPSJ0ZWw6MDcxMjM0MTk5OSIgLz4NCgkJCTxyZWNlaXZlZE9yZ2FuaXphdGlvbj4NCgkJCQk8bmFtZSB1c2U9IkwiPkZvb3QgUmVoYWIgRGVwYXJ0bWVudCA8dmFsaWRUaW1lPg0KCQkJCQkJPGxvdyB2YWx1ZT0iMTk5NTAxMDEiIC8+DQoJCQkJCTwvdmFsaWRUaW1lPjwvbmFtZT4NCgkJCQk8YXNPcmdhbml6YXRpb25QYXJ0T2Y+DQoNCgkJCQkJPCEtLSBJRCBpcyB1c2VkIGZvciBzeXN0ZW0gcHVycG9zZXMgc3VjaCBhcyBtYXRjaGluZyAtLT4NCgkJCQkJPGlkIHJvb3Q9IjlCRTg1NzdFLTBDRDAtMTFFMC04RDE5LUFCNTBERkQ3MjA4NSIgLz4NCgkJCQkJPHdob2xlT3JnYW5pemF0aW9uPg0KCQkJCQkJPG5hbWUgdXNlPSJMIj5SZWhhYiBDbGluaWMgTmFtZTwvbmFtZT4NCg0KCQkJCQkJPCEtLSBFbnRpdHkgSWRlbnRpZmllciAtLT4NCgkJCQkJCTxleHQ6YXNFbnRpdHlJZGVudGlmaWVyIGNsYXNzQ29kZT0iSURFTlQiPg0KCQkJCQkJCTxleHQ6aWQgYXNzaWduaW5nQXV0aG9yaXR5TmFtZT0iSFBJLU8iIHJvb3Q9IjEuMi4zNi4xLjIwMDEuMTAwMy4wLjgwMDM2MjE3NDQxNjc4ODgiIC8+DQoJCQkJCQkJPGV4dDphc3NpZ25pbmdHZW9ncmFwaGljQXJlYSBjbGFzc0NvZGU9IlBMQyI+DQoJCQkJCQkJCTxleHQ6bmFtZT5OYXRpb25hbCBJZGVudGlmaWVyPC9leHQ6bmFtZT4NCgkJCQkJCQk8L2V4dDphc3NpZ25pbmdHZW9ncmFwaGljQXJlYT4NCgkJCQkJCTwvZXh0OmFzRW50aXR5SWRlbnRpZmllcj4NCg0KCQkJCQk8L3dob2xlT3JnYW5pemF0aW9uPg0KCQkJCTwvYXNPcmdhbml6YXRpb25QYXJ0T2Y+DQoJCQk8L3JlY2VpdmVkT3JnYW5pemF0aW9uPg0KCQk8L2ludGVuZGVkUmVjaXBpZW50Pg0KCTwvaW5mb3JtYXRpb25SZWNpcGllbnQ+DQoJPCEtLSBFbmQgRG9jdW1lbnQgUmVjaXBpZW50IERldGFpbCAoT3JnYW5pc2F0aW9uKSAtLT4NCg0KCTwhLS0gQmVnaW4gQXV0aGVudGljYXRvciAtLT4NCgk8bGVnYWxBdXRoZW50aWNhdG9yPg0KDQoJCTwhLS0gRGF0ZVRpbWUgQXR0ZXN0ZWQgLS0+DQoJCTx0aW1lIHZhbHVlPSIyMDA5MTAyMDEyMzUiIC8+DQoJCTxzaWduYXR1cmVDb2RlIGNvZGU9IlMiIC8+DQoJCTxhc3NpZ25lZEVudGl0eT4NCg0KCQkJPCEtLSBJRCBpcyB1c2VkIGZvciBzeXN0ZW0gcHVycG9zZXMgc3VjaCBhcyBtYXRjaGluZyAtLT4NCgkJCTxpZCByb290PSJCOEU3MUFDMi0wQ0QwLTExRTAtODc0Ni1DRTUwREZENzIwODUiIC8+DQoJCQk8Y29kZSBjb2RlPSJBVCIgY29kZVN5c3RlbT0iMi4xNi44NDAuMS4xMTM4ODMuMTIuNDQzIiBjb2RlU3lzdGVtTmFtZT0iSEw3IFByb3ZpZGVyIFJvbGUiIGRpc3BsYXlOYW1lPSJBdHRlbmRpbmciIC8+DQoJCQk8YWRkciB1c2U9IkgiPg0KCQkJCTxzdHJlZXRBZGRyZXNzTGluZT4xIENsaW5pY2lhbiBTdHJlZXQ8L3N0cmVldEFkZHJlc3NMaW5lPg0KCQkJCTxjaXR5Pk5laHRhdmlsbGU8L2NpdHk+DQoJCQkJPHN0YXRlPlFMRDwvc3RhdGU+DQoJCQkJPHBvc3RhbENvZGU+NTU1NTwvcG9zdGFsQ29kZT4NCgkJCQk8YWRkaXRpb25hbExvY2F0b3I+MzI1Njg5MzE8L2FkZGl0aW9uYWxMb2NhdG9yPg0KCQkJCTxjb3VudHJ5PkF1c3RyYWxpYTwvY291bnRyeT4NCgkJCTwvYWRkcj4NCgkJCTx0ZWxlY29tIHVzZT0iV1AiIHZhbHVlPSJ0ZWw6MDcxMjM0MTIzNCIgLz4NCgkJCTxhc3NpZ25lZFBlcnNvbj4NCg0KCQkJCTwhLS0gUGVyc29uIE5hbWUgLS0+DQoJCQkJPG5hbWU+DQoJCQkJCTxwcmVmaXg+RHIuPC9wcmVmaXg+DQoJCQkJCTxnaXZlbj5Hb29kPC9naXZlbj4NCgkJCQkJPGZhbWlseT5Eb2N0b3I8L2ZhbWlseT4NCgkJCQk8L25hbWU+DQoNCgkJCQk8IS0tIFNleCAtLT4NCgkJCQk8ZXh0OmFkbWluaXN0cmF0aXZlR2VuZGVyQ29kZSBjb2RlPSJNIiBjb2RlU3lzdGVtPSIyLjE2Ljg0MC4xLjExMzg4My4xMy42OCIgY29kZVN5c3RlbU5hbWU9IkFTIDUwMTctMjAwNiBIZWFsdGggQ2FyZSBDbGllbnQgSWRlbnRpZmllciBTZXgiIC8+DQoNCgkJCQk8IS0tIERhdGUgb2YgQmlydGggLS0+DQoJCQkJPGV4dDpiaXJ0aFRpbWUgdmFsdWU9IjE5NzgwNjA3IiAvPg0KDQoJCQkJPCEtLSBFbnRpdHkgSWRlbnRpZmllciAtLT4NCgkJCQk8ZXh0OmFzRW50aXR5SWRlbnRpZmllciBjbGFzc0NvZGU9IklERU5UIj4NCgkJCQkJPGV4dDppZCBhc3NpZ25pbmdBdXRob3JpdHlOYW1lPSJIUEktSSIgcm9vdD0iMS4yLjM2LjEuMjAwMS4xMDAzLjAuODExMzYxMTIzNDU2Nzg5MCIgLz4NCgkJCQkJPGV4dDphc3NpZ25pbmdHZW9ncmFwaGljQXJlYSBjbGFzc0NvZGU9IlBMQyI+DQoJCQkJCQk8ZXh0Om5hbWU+TmF0aW9uYWwgSWRlbnRpZmllcjwvZXh0Om5hbWU+DQoJCQkJCTwvZXh0OmFzc2lnbmluZ0dlb2dyYXBoaWNBcmVhPg0KCQkJCTwvZXh0OmFzRW50aXR5SWRlbnRpZmllcj4NCg0KCQkJPC9hc3NpZ25lZFBlcnNvbj4NCg0KCQkJPHJlcHJlc2VudGVkT3JnYW5pemF0aW9uPg0KCQkJCTxuYW1lPk96IEhlYWx0aCBDbGluaWM8L25hbWU+DQoNCgkJCQk8IS0tIEVudGl0eSBJZGVudGlmaWVyIC0tPg0KCQkJCTxleHQ6YXNFbnRpdHlJZGVudGlmaWVyIGNsYXNzQ29kZT0iSURFTlQiPg0KCQkJCQk8ZXh0OmlkIGFzc2lnbmluZ0F1dGhvcml0eU5hbWU9IkhQSS1PIiByb290PSIxLjIuMzYuMS4yMDAxLjEwMDMuMC44MjIzNjIxNzcxMTY3ODg4IiAvPg0KCQkJCQk8ZXh0OmFzc2lnbmluZ0dlb2dyYXBoaWNBcmVhIGNsYXNzQ29kZT0iUExDIj4NCgkJCQkJCTxleHQ6bmFtZT5OYXRpb25hbCBJZGVudGlmaWVyPC9leHQ6bmFtZT4NCgkJCQkJPC9leHQ6YXNzaWduaW5nR2VvZ3JhcGhpY0FyZWE+DQoJCQkJPC9leHQ6YXNFbnRpdHlJZGVudGlmaWVyPg0KDQoJCQk8L3JlcHJlc2VudGVkT3JnYW5pemF0aW9uPg0KCQk8L2Fzc2lnbmVkRW50aXR5Pg0KCTwvbGVnYWxBdXRoZW50aWNhdG9yPg0KCTwhLS0gRW5kIEF1dGhlbnRpY2F0b3IgLS0+DQoNCgk8IS0tIEJlZ2luIEVuY291bnRlciAoaGVhZGVyIHBhcnQpIC0tPg0KCTxjb21wb25lbnRPZj4NCgkJPGVuY29tcGFzc2luZ0VuY291bnRlcj4NCg0KCQkJPCEtLSBUaGlzIGlzIGEgbWFuZGF0b3J5IGVsZW1lbnQgLS0+DQoJCQk8ZWZmZWN0aXZlVGltZSBudWxsRmxhdm9yPSJOQSIgLz4NCg0KCQk8L2VuY29tcGFzc2luZ0VuY291bnRlcj4NCgk8L2NvbXBvbmVudE9mPg0KCTwhLS0gRW5kIEVuY291bnRlciAoaGVhZGVyIHBhcnQpIC0tPg0KCTwhLS0gRW5kIENEQSBIZWFkZXIgLS0+DQoNCgk8IS0tIEJlZ2luIENEQSBCb2R5IC0tPg0KCTxjb21wb25lbnQ+DQoJCTxzdHJ1Y3R1cmVkQm9keT4NCg0KCQkJPCEtLSBSZXZpZXdlZCBBZHZlcnNlIFN1YnN0YW5jZSBSZWFjdGlvbnMgLS0+DQoJCQk8Y29tcG9uZW50Pg0KCQkJCTxzZWN0aW9uPg0KCQkJCQk8Y29kZSBjb2RlPSIxMDEuMjAxMTMiIGNvZGVTeXN0ZW09IjEuMi4zNi4xLjIwMDEuMTAwMS4xMDEiIGNvZGVTeXN0ZW1OYW1lPSJOQ1RJUyBEYXRhIENvbXBvbmVudHMiIGRpc3BsYXlOYW1lPSJSZXZpZXdlZCBBZHZlcnNlIFN1YnN0YW5jZSBSZWFjdGlvbnMiIC8+DQoJCQkJCTx0aXRsZT5SZXZpZXdlZCBBZHZlcnNlIFN1YnN0YW5jZSBSZWFjdGlvbnM8L3RpdGxlPg0KCQkJCQk8dGV4dD5SZXZpZXdlZCBBZHZlcnNlIFN1YnN0YW5jZSBSZWFjdGlvbnMgbmFycmF0aXZlIGdvZXMgaGVyZS48L3RleHQ+DQoNCgkJCQkJPCEtLSBBZHZlcnNlIFN1YnN0YW5jZSBSZWFjdGlvbiBSZXZpZXcgLS0+DQoJCQkJCTxlbnRyeT4NCgkJCQkJCTxhY3QgY2xhc3NDb2RlPSJBQ1QiIG1vb2RDb2RlPSJFVk4iPg0KCQkJCQkJCTxjb2RlIGNvZGU9IjEwMi4xNjU3NiIgY29kZVN5c3RlbT0iMS4yLjM2LjEuMjAwMS4xMDAxLjEwMSIgY29kZVN5c3RlbU5hbWU9Ik5DVElTIERhdGEgQ29tcG9uZW50cyIgZGlzcGxheU5hbWU9IkFkdmVyc2UgU3Vic3RhbmNlIFJlYWN0aW9ucyBSZXZpZXciIC8+DQoJCQkJCQkJPCEtLSBSZWNvcmQgUmV2aWV3IERhdGVUaW1lIC0tPg0KCQkJCQkJCTxlZmZlY3RpdmVUaW1lIHZhbHVlPSIyMDEwMTIyNSIgLz4NCgkJCQkJCTwvYWN0Pg0KCQkJCQk8L2VudHJ5Pg0KCQkJCQk8IS0tIEVuZCBBZHZlcnNlIFN1YnN0YW5jZSBSZWFjdGlvbiBSZXZpZXcgLS0+DQoNCgkJCQkJPCEtLSBBZHZlcnNlIFN1YnN0YW5jZSBSZWFjdGlvbiAtLT4NCgkJCQkJPGVudHJ5Pg0KCQkJCQkJPGFjdCBjbGFzc0NvZGU9IkFDVCIgbW9vZENvZGU9IkVWTiI+DQoJCQkJCQkJPGNvZGUgY29kZT0iMTAyLjE2NDczIiBjb2RlU3lzdGVtPSIxLjIuMzYuMS4yMDAxLjEwMDEuMTAxIiBjb2RlU3lzdGVtTmFtZT0iTkNUSVMgRGF0YSBDb21wb25lbnRzIiBkaXNwbGF5TmFtZT0iQWR2ZXJzZSBTdWJzdGFuY2UgUmVhY3Rpb24iIC8+DQoJCQkJCQkJPCEtLSBTdWJzdGFuY2UvQWdlbnQgLS0+DQoJCQkJCQkJPHBhcnRpY2lwYW50IHR5cGVDb2RlPSJDQUdOVCI+DQoJCQkJCQkJCTxwYXJ0aWNpcGFudFJvbGU+DQoJCQkJCQkJCQk8cGxheWluZ0VudGl0eT4NCgkJCQkJCQkJCQk8Y29kZSBjb2RlPSI5MDU4MDAwOCIgY29kZVN5c3RlbT0iMi4xNi44NDAuMS4xMTM4ODMuNi45NiIgY29kZVN5c3RlbU5hbWU9IlNOT01FRC1DVCIgZGlzcGxheU5hbWU9ImZpc2giIC8+DQoJCQkJCQkJCQk8L3BsYXlpbmdFbnRpdHk+DQoJCQkJCQkJCTwvcGFydGljaXBhbnRSb2xlPg0KCQkJCQkJCTwvcGFydGljaXBhbnQ+DQoNCgkJCQkJCQk8IS0tIFJlYWN0aW9uIEV2ZW50IC0tPg0KCQkJCQkJCTxlbnRyeVJlbGF0aW9uc2hpcCB0eXBlQ29kZT0iQ0FVUyI+DQoJCQkJCQkJCTxvYnNlcnZhdGlvbiBjbGFzc0NvZGU9Ik9CUyIgbW9vZENvZGU9IkVWTiI+DQoJCQkJCQkJCQk8Y29kZSBjb2RlPSIxMDIuMTY0NzQiIGNvZGVTeXN0ZW09IjEuMi4zNi4xLjIwMDEuMTAwMS4xMDEiIGNvZGVTeXN0ZW1OYW1lPSJOQ1RJUyBEYXRhIENvbXBvbmVudHMiIGRpc3BsYXlOYW1lPSJSZWFjdGlvbiBFdmVudCIgLz4NCg0KCQkJCQkJCQkJPCEtLSBNYW5pZmVzdGF0aW9uIC0tPg0KCQkJCQkJCQkJPGVudHJ5UmVsYXRpb25zaGlwIHR5cGVDb2RlPSJNRlNUIj4NCgkJCQkJCQkJCQk8b2JzZXJ2YXRpb24gY2xhc3NDb2RlPSJPQlMiIG1vb2RDb2RlPSJFVk4iIG5lZ2F0aW9uSW5kPSJ0cnVlIj4NCgkJCQkJCQkJCQkJPGNvZGUgY29kZT0iMjcxODA3MDAzIiBjb2RlU3lzdGVtPSIyLjE2Ljg0MC4xLjExMzg4My42Ljk2IiBjb2RlU3lzdGVtTmFtZT0iU05PTUVELUNUIiBjb2RlU3lzdGVtVmVyc2lvbj0iMjAwOTA3MzEiIGRpc3BsYXlOYW1lPSJza2luIHJhc2giIC8+DQoJCQkJCQkJCQkJCTx0ZXh0PlNraW4gUmFzaC48L3RleHQ+DQoJCQkJCQkJCQkJPC9vYnNlcnZhdGlvbj4NCg0KCQkJCQkJCQkJPC9lbnRyeVJlbGF0aW9uc2hpcD4NCgkJCQkJCQkJPC9vYnNlcnZhdGlvbj4NCgkJCQkJCQk8L2VudHJ5UmVsYXRpb25zaGlwPg0KCQkJCQkJCTwhLS0gRW5kIFJlYWN0aW9uIEV2ZW50IC0tPg0KDQoJCQkJCQk8L2FjdD4NCgkJCQkJPC9lbnRyeT4NCgkJCQkJPCEtLSBFbmQgQWR2ZXJzZSBTdWJzdGFuY2UgUmVhY3Rpb24gLS0+DQoNCgkJCQkJPCEtLSBFeGNsdXNpb24gU3RhdGVtZW50IC0gQWR2ZXJzZSBTdWJzdGFuY2UgUmVhY3Rpb24gLS0+DQoJCQkJCTxlbnRyeT4NCgkJCQkJCTxvYnNlcnZhdGlvbiBjbGFzc0NvZGU9Ik9CUyIgbW9vZENvZGU9IkVWTiI+DQoJCQkJCQkJPGNvZGUgY29kZT0iMTAzLjE2MzAyIiBjb2RlU3lzdGVtPSIxLjIuMzYuMS4yMDAxLjEwMDEuMTAxIiBjb2RlU3lzdGVtTmFtZT0iTkNUSVMgRGF0YSBDb21wb25lbnRzIiBkaXNwbGF5TmFtZT0iR2xvYmFsIFN0YXRlbWVudCIgLz4NCgkJCQkJCQk8dmFsdWUgY29kZT0iMDIiIGNvZGVTeXN0ZW09IjEuMi4zNi4xLjIwMDEuMTAwMS4xMDEuMTA0LjE2Mjk5IiBjb2RlU3lzdGVtTmFtZT0iTkNUSVMgR2xvYmFsIFN0YXRlbWVudCBWYWx1ZXMiIGRpc3BsYXlOYW1lPSJOb3QgYXNrZWQiIHhzaTp0eXBlPSJDRCIgLz4NCgkJCQkJCTwvb2JzZXJ2YXRpb24+DQoJCQkJCTwvZW50cnk+DQoJCQkJCTwhLS0gRW5kIEV4Y2x1c2lvbiBTdGF0ZW1lbnQgLSBBZHZlcnNlIFN1YnN0YW5jZSBSZWFjdGlvbiAtLT4NCg0KCQkJCTwvc2VjdGlvbj4NCgkJCTwvY29tcG9uZW50Pg0KCQkJPCEtLSBFbmQgUmV2aWV3ZWQgQWR2ZXJzZSBTdWJzdGFuY2UgUmVhY3Rpb25zIC0tPg0KDQoJCQk8IS0tIFJldmlld2VkIE1lZGljYXRpb25zIC0tPg0KCQkJPGNvbXBvbmVudD4NCgkJCQk8c2VjdGlvbj4NCgkJCQkJPGNvZGUgY29kZT0iMTAxLjE2MDIyIiBjb2RlU3lzdGVtPSIxLjIuMzYuMS4yMDAxLjEwMDEuMTAxIiBjb2RlU3lzdGVtTmFtZT0iTkNUSVMgRGF0YSBDb21wb25lbnRzIiBkaXNwbGF5TmFtZT0iUmV2aWV3ZWQgTWVkaWNhdGlvbnMiIC8+DQoJCQkJCTx0aXRsZT5SZXZpZXdlZCBNZWRpY2F0aW9uczwvdGl0bGU+DQoJCQkJCTx0ZXh0PlJldmlld2VkIE1lZGljYXRpb25zIG5hcnJhdGl2ZSBnb2VzIGhlcmUuPC90ZXh0Pg0KDQoJCQkJCTwhLS0gTWVkaWNhdGlvbnMgUmV2aWV3IC0tPg0KCQkJCQk8ZW50cnk+DQoJCQkJCQk8YWN0IGNsYXNzQ29kZT0iQUNUIiBtb29kQ29kZT0iRVZOIj4NCgkJCQkJCQk8Y29kZSBjb2RlPSIxMDIuMTY1NzYiIGNvZGVTeXN0ZW09IjEuMi4zNi4xLjIwMDEuMTAwMS4xMDEiIGNvZGVTeXN0ZW1OYW1lPSJOQ1RJUyBEYXRhIENvbXBvbmVudHMiIGRpc3BsYXlOYW1lPSJNZWRpY2F0aW9ucyBSZXZpZXciIC8+DQoJCQkJCQkJPGVmZmVjdGl2ZVRpbWUgdmFsdWU9IjIwMTAxMjI1IiAvPg0KCQkJCQkJPC9hY3Q+DQoJCQkJCTwvZW50cnk+DQoJCQkJCTwhLS0gRW5kIE1lZGljYXRpb25zIFJldmlldyAtLT4NCg0KCQkJCQk8IS0tIFVzZWQgTWVkaWNhdGlvbnMgLS0+DQoJCQkJCTxlbnRyeT4NCgkJCQkJCTxzdWJzdGFuY2VBZG1pbmlzdHJhdGlvbiBjbGFzc0NvZGU9IlNCQURNIiBtb29kQ29kZT0iRVZOIj4NCgkJCQkJCQk8aWQgcm9vdD0iQzU3QTlGMzItNzU0Qi0xMUUwLUE3RTAtNTk5RjQ4MjQwMTlCIiAvPg0KCQkJCQkJCTwhLS0gRGlyZWN0aW9ucyAtLT4NCgkJCQkJCQk8dGV4dCB4c2k6dHlwZT0iU1QiPjIgdGFibGV0cyBkYWlseSBhZnRlciBicmVha2Zhc3Q8L3RleHQ+DQoJCQkJCQkJPGNvbnN1bWFibGU+DQoJCQkJCQkJCTxtYW51ZmFjdHVyZWRQcm9kdWN0Pg0KCQkJCQkJCQkJPG1hbnVmYWN0dXJlZE1hdGVyaWFsPg0KCQkJCQkJCQkJCTwhLS0gVGhlcmFwZXV0aWMgR29vZCBJZGVudGlmaWNhdGlvbiAtLT4NCgkJCQkJCQkJCQk8Y29kZSBjb2RlPSIyMzY0MTAxMTAwMDAzNjEwMiIgY29kZVN5c3RlbT0iMS4yLjM2LjEuMjAwMS4xMDA0LjEwMCIgY29kZVN5c3RlbU5hbWU9IkF1c3RyYWxpYW4gTWVkaWNpbmNlcyBUZXJtaW5vbG9neSAoQU1UKSINCgkJCQkJCQkJCQkJZGlzcGxheU5hbWU9InBhcmFjZXRhbW9sIDUwMCBtZyArIGNvZGVpbmUgcGhvc3BoYXRlIDMwIG1nIHRhYmxldCIgLz4NCgkJCQkJCQkJCTwvbWFudWZhY3R1cmVkTWF0ZXJpYWw+DQoJCQkJCQkJCTwvbWFudWZhY3R1cmVkUHJvZHVjdD4NCgkJCQkJCQk8L2NvbnN1bWFibGU+DQoNCgkJCQkJCQk8IS0tIENsaW5pY2FsIEluZGljYXRpb24gLS0+DQoJCQkJCQkJPGVudHJ5UmVsYXRpb25zaGlwIHR5cGVDb2RlPSJSU09OIj4NCgkJCQkJCQkJPGFjdCBjbGFzc0NvZGU9IklORlJNIiBtb29kQ29kZT0iRVZOIj4NCgkJCQkJCQkJCTxpZCByb290PSIzNjFCNkVGNi03NTRDLTExRTAtQTNDMy1EMTlGNDgyNDAxOUIiIC8+DQoJCQkJCQkJCQk8Y29kZSBjb2RlPSIxMDMuMTAxNDEiIGNvZGVTeXN0ZW09IjEuMi4zNi4xLjIwMDEuMTAwMS4xMDEiIGNvZGVTeXN0ZW1OYW1lPSJOQ1RJUyBEYXRhIENvbXBvbmVudHMiIGRpc3BsYXlOYW1lPSJDbGluaWNhbCBJbmRpY2F0aW9uIiAvPg0KCQkJCQkJCQkJPHRleHQgeHNpOnR5cGU9IlNUIj5QYWluIGNvbnRyb2wuPC90ZXh0Pg0KCQkJCQkJCQk8L2FjdD4NCgkJCQkJCQk8L2VudHJ5UmVsYXRpb25zaGlwPg0KCQkJCQkJCTwhLS0gRW5kIENsaW5pY2FsIEluZGljYXRpb24gLS0+DQoNCgkJCQkJCQk8IS0tIENvbW1lbnQgLS0+DQoJCQkJCQkJPGVudHJ5UmVsYXRpb25zaGlwIHR5cGVDb2RlPSJDT01QIj4NCgkJCQkJCQkJPGFjdCBjbGFzc0NvZGU9IklORlJNIiBtb29kQ29kZT0iRVZOIj4NCgkJCQkJCQkJCTxpZCByb290PSIzNjFCNkVGNi03NTRDLTExRTAtQTNDMy1EMTlGNDgyNDAxOUIiIC8+DQoJCQkJCQkJCQk8Y29kZSBjb2RlPSIxMDMuMTYwNDQiIGNvZGVTeXN0ZW09IjEuMi4zNi4xLjIwMDEuMTAwMS4xMDEiIGNvZGVTeXN0ZW1OYW1lPSJOQ1RJUyBEYXRhIENvbXBvbmVudHMiIGRpc3BsYXlOYW1lPSJBZGRpdGlvbmFsIENvbW1lbnRzIiAvPg0KCQkJCQkJCQkJPHRleHQgeHNpOnR5cGU9IlNUIj5Eb3NhZ2UgdG8gYmUgcmV2aWV3ZWQgaW4gMTAgZGF5cy48L3RleHQ+DQoJCQkJCQkJCTwvYWN0Pg0KCQkJCQkJCTwvZW50cnlSZWxhdGlvbnNoaXA+DQoJCQkJCQkJPCEtLSBFbmQgQ29tbWVudCAtLT4NCg0KCQkJCQkJPC9zdWJzdGFuY2VBZG1pbmlzdHJhdGlvbj4NCgkJCQkJPC9lbnRyeT4NCgkJCQkJPCEtLSBFbmQgVXNlZCBNZWRpY2F0aW9ucyAtLT4NCg0KCQkJCQk8IS0tIEV4Y2x1c2lvbiBTdGF0ZW1lbnQgLSBNZWRpY2F0aW9ucyAtLT4NCgkJCQkJPGVudHJ5Pg0KCQkJCQkJPG9ic2VydmF0aW9uIGNsYXNzQ29kZT0iT0JTIiBtb29kQ29kZT0iRVZOIj4NCgkJCQkJCQk8Y29kZSBjb2RlPSIxMDMuMTYzMDIiIGNvZGVTeXN0ZW09IjEuMi4zNi4xLjIwMDEuMTAwMS4xMDEiIGNvZGVTeXN0ZW1OYW1lPSJOQ1RJUyBEYXRhIENvbXBvbmVudHMiIGRpc3BsYXlOYW1lPSJHbG9iYWwgU3RhdGVtZW50IiAvPg0KCQkJCQkJCTx2YWx1ZSBjb2RlPSIxMSIgY29kZVN5c3RlbT0iMS4yLjM2LjEuMjAwMS4xMDAxLjEwMS4xMDQuMTYyOTkiIGNvZGVTeXN0ZW1OYW1lPSJOQ1RJUyBHbG9iYWwgU3RhdGVtZW50IFZhbHVlcyIgZGlzcGxheU5hbWU9Ik5vbmUga25vd24iIHhzaTp0eXBlPSJDRCIgLz4NCgkJCQkJCTwvb2JzZXJ2YXRpb24+DQoJCQkJCTwvZW50cnk+DQoJCQkJCTwhLS0gRXhjbHVzaW9uIFN0YXRlbWVudCAtIE1lZGljYXRpb25zIC0tPg0KDQoJCQkJPC9zZWN0aW9uPg0KCQkJPC9jb21wb25lbnQ+DQoJCQk8IS0tIEVuZCBSZXZpZXdlZCBNZWRpY2F0aW9ucyAtLT4NCg0KCQkJPCEtLSBTdGFydCBSZXZpZXdlZCBNZWRpY2FsIEhpc3RvcnkgLS0+DQoJCQk8Y29tcG9uZW50Pg0KCQkJCTxzZWN0aW9uPg0KCQkJCQk8Y29kZSBjb2RlPSIxMDEuMjEwMDMiIGNvZGVTeXN0ZW09IjEuMi4zNi4xLjIwMDEuMTAwMS4xMDEiIGNvZGVTeXN0ZW1OYW1lPSJOQ1RJUyBEYXRhIENvbXBvbmVudHMiIGRpc3BsYXlOYW1lPSJSZXZpZXdlZCBNZWRpY2FsIEhpc3RvcnkiIC8+DQoJCQkJCTx0aXRsZT5SZXZpZXdlZCBNZWRpY2FsIGhpc3Rvcnk8L3RpdGxlPg0KCQkJCQk8dGV4dD5SZXZpZXdlZCBNZWRpY2FsIGhpc3RvcnkgbmFycmF0aXZlIGdvZXMgaGVyZS48L3RleHQ+DQoNCgkJCQkJPCEtLSBNZWRpY2FsIEhpc3RvcnkgUmV2aWV3IC0tPg0KCQkJCQk8ZW50cnk+DQoJCQkJCQk8YWN0IGNsYXNzQ29kZT0iQUNUIiBtb29kQ29kZT0iRVZOIj4NCgkJCQkJCQk8Y29kZSBjb2RlPSIxMDIuMTY1NzYiIGNvZGVTeXN0ZW09IjEuMi4zNi4xLjIwMDEuMTAwMS4xMDEiIGNvZGVTeXN0ZW1OYW1lPSJOQ1RJUyBEYXRhIENvbXBvbmVudHMiIGRpc3BsYXlOYW1lPSJNZWRpY2FsIEhpc3RvcnkgUmV2aWV3IiAvPg0KCQkJCQkJCTxlZmZlY3RpdmVUaW1lIHZhbHVlPSIyMDEwMTIyNSIgLz4NCgkJCQkJCTwvYWN0Pg0KCQkJCQk8L2VudHJ5Pg0KCQkJCQk8IS0tIE1lZGljYWwgSGlzdG9yeSBSZXZpZXcgLS0+DQoNCgkJCQkJPCEtLSBQcm9ibGVtL0RpYWdub3NpcyAtLT4NCgkJCQkJPGVudHJ5Pg0KCQkJCQkJPG9ic2VydmF0aW9uIGNsYXNzQ29kZT0iT0JTIiBtb29kQ29kZT0iRVZOIj4NCgkJCQkJCQk8aWQgcm9vdD0iNzREMjlDODgtNzA2RS0xMUUwLTk3MjYtNUFCRTQ4MjQwMTlCIiAvPg0KCQkJCQkJCTxjb2RlIGNvZGU9IjEwMi4xNTUzMCIgY29kZVN5c3RlbT0iMS4yLjM2LjEuMjAwMS4xMDAxLjEwMSIgY29kZVN5c3RlbU5hbWU9Ik5DVElTIERhdGEgQ29tcG9uZW50cyIgZGlzcGxheU5hbWU9IlByb2JsZW0vRGlhZ25vc2lzIiAvPg0KCQkJCQkJCTwhLS0gRGF0ZSBvZiBPbnNldCAtLT4NCgkJCQkJCQk8ZWZmZWN0aXZlVGltZSB2YWx1ZT0iMjAxMTExMDQiIC8+DQoNCgkJCQkJCQk8IS0tIFByb2JsZW0vRGlhZ25vc2lzIElkZW50aWZpY2F0aW9uIC0tPg0KCQkJCQkJCTx2YWx1ZSBjb2RlPSIxMTYyMjMwMDciIGNvZGVTeXN0ZW09IjIuMTYuODQwLjEuMTEzODgzLjYuOTYiIGNvZGVTeXN0ZW1OYW1lPSJTTk9NRUQtQ1QiIGNvZGVTeXN0ZW1WZXJzaW9uPSIyMDA5MDczMSIgZGlzcGxheU5hbWU9IkNvbW9yYmlkaXR5IiB4c2k6dHlwZT0iQ0QiIC8+DQoNCgkJCQkJCQk8IS0tIERhdGUgb2YgUmVzb2x1dGlvbi9SZW1pc3Npb24gLS0+DQoJCQkJCQkJPGVudHJ5UmVsYXRpb25zaGlwIHR5cGVDb2RlPSJTVUJKIj4NCgkJCQkJCQkJPG9ic2VydmF0aW9uIGNsYXNzQ29kZT0iT0JTIiBtb29kQ29kZT0iRVZOIj4NCgkJCQkJCQkJCTxpZCByb290PSI2QUQxOUJBRS03NTI3LTExRTAtODUxRS04Mjc3NDgyNDAxOUIiIC8+DQoJCQkJCQkJCQk8Y29kZSBjb2RlPSIxMDMuMTU1MTAiIGNvZGVTeXN0ZW09IjEuMi4zNi4xLjIwMDEuMTAwMS4xMDEiIGNvZGVTeXN0ZW1OYW1lPSJOQ1RJUyBEYXRhIENvbXBvbmVudHMiIGRpc3BsYXlOYW1lPSJEYXRlIG9mIFJlc29sdXRpb24vUmVtaXNzaW9uIiAvPg0KCQkJCQkJCQkJPHZhbHVlIHZhbHVlPSIyMDExMDQyNyIgeHNpOnR5cGU9IklWTF9UUyIgLz4NCgkJCQkJCQkJPC9vYnNlcnZhdGlvbj4NCgkJCQkJCQk8L2VudHJ5UmVsYXRpb25zaGlwPg0KCQkJCQkJCTwhLS0gRW5kIERhdGUgb2YgUmVzb2x1dGlvbi9SZW1pc3Npb24gLS0+DQoNCgkJCQkJCQk8IS0tIFByb2JsZW0vRGlhZ25vc2lzIENvbW1lbnQgLS0+DQoJCQkJCQkJPGVudHJ5UmVsYXRpb25zaGlwIHR5cGVDb2RlPSJDT01QIj4NCgkJCQkJCQkJPGFjdCBjbGFzc0NvZGU9IklORlJNIiBtb29kQ29kZT0iRVZOIj4NCgkJCQkJCQkJCTxjb2RlIGNvZGU9IjEwMy4xNjU0NSIgY29kZVN5c3RlbT0iMS4yLjM2LjEuMjAwMS4xMDAxLjEwMSIgY29kZVN5c3RlbU5hbWU9Ik5DVElTIERhdGEgQ29tcG9uZW50cyIgZGlzcGxheU5hbWU9IlByb2JsZW0vRGlhZ25vc2lzIENvbW1lbnQiIC8+DQoJCQkJCQkJCQk8dGV4dCB4c2k6dHlwZT0iU1QiPlByb2JsZW0vRGlhZ25vc2lzIENvbW1lbnQgQ29tbWVudCBnb2VzIGhlcmUuPC90ZXh0Pg0KCQkJCQkJCQk8L2FjdD4NCgkJCQkJCQk8L2VudHJ5UmVsYXRpb25zaGlwPg0KCQkJCQkJCTwhLS0gRW5kIFByb2JsZW0vRGlhZ25vc2lzIENvbW1lbnQgLS0+DQoNCgkJCQkJCTwvb2JzZXJ2YXRpb24+DQoJCQkJCTwvZW50cnk+DQoJCQkJCTwhLS0gRW5kIFByb2JsZW0vRGlhZ25vc2lzIC0tPg0KDQoJCQkJCTwhLS0gRXhjbHVzaW9uIFN0YXRlbWVudCAtIFByb2JsZW0vRGlhZ25vc2VzIC0tPg0KCQkJCQk8IS0tIEdsb2JhbCBTdGF0ZW1lbnQgLS0+DQoJCQkJCTxlbnRyeT4NCgkJCQkJCTxvYnNlcnZhdGlvbiBjbGFzc0NvZGU9Ik9CUyIgbW9vZENvZGU9IkVWTiI+DQoJCQkJCQkJPGlkIHJvb3Q9IjlDQjdDNURDLTc1MkYtMTFFMC05RkUyLTk3ODA0ODI0MDE5QiIgLz4NCgkJCQkJCQk8Y29kZSBjb2RlPSIxMDMuMTYzMDIiIGNvZGVTeXN0ZW09IjEuMi4zNi4xLjIwMDEuMTAwMS4xMDEiIGNvZGVTeXN0ZW1OYW1lPSJOQ1RJUyBEYXRhIENvbXBvbmVudHMiIGRpc3BsYXlOYW1lPSJHbG9iYWwgU3RhdGVtZW50IiAvPg0KCQkJCQkJCTx2YWx1ZSBjb2RlPSIxIiBjb2RlU3lzdGVtPSIxLjIuMzYuMS4yMDAxLjEwMDEuMTAxLjEwNC4xNjI5OSIgY29kZVN5c3RlbU5hbWU9Ik5DVElTIEdsb2JhbCBTdGF0ZW1lbnQgVmFsdWVzIg0KCQkJCQkJCQlkaXNwbGF5TmFtZT0iTm8gc2lnbmlmaWNhbnQgbWVkaWNhbCBoaXN0b3J5IG9mIGFueSBwcm9ibGVtIG9yIGRpYWdub3NpcyIgeHNpOnR5cGU9IkNEIiAvPg0KCQkJCQkJPC9vYnNlcnZhdGlvbj4NCgkJCQkJPC9lbnRyeT4NCgkJCQkJPCEtLSBFbmQgRXhjbHVzaW9uIFN0YXRlbWVudCAtIFByb2JsZW0vRGlhZ25vc2VzIC0tPg0KDQoJCQkJCTwhLS0gUHJvY2VkdXJlIC0tPg0KCQkJCQk8ZW50cnk+DQoJCQkJCQk8cHJvY2VkdXJlIGNsYXNzQ29kZT0iUFJPQyIgbW9vZENvZGU9IkVWTiI+DQoJCQkJCQkJPGlkIHJvb3Q9IkI5NkEzOEM2LTcwNkMtMTFFMC1BRDJFLTQyQkM0ODI0MDE5QiIgLz4NCgkJCQkJCQk8IS0tIFByb2NlZHVyZSBOYW1lIC0tPg0KCQkJCQkJCTxjb2RlIGNvZGU9IjM5Nzk1NjAwNCIgY29kZVN5c3RlbT0iMi4xNi44NDAuMS4xMTM4ODMuNi45NiIgY29kZVN5c3RlbU5hbWU9IlNOT01FRC1DVCIgZGlzcGxheU5hbWU9ImhpcCByZXBsYWNlbWVudCIgLz4NCgkJCQkJCQk8IS0tIERhdGVUaW1lIFN0YXJ0ZWQgLS0+DQoJCQkJCQkJPGVmZmVjdGl2ZVRpbWUgdmFsdWU9IjIwMTEwNDI3IiAvPg0KDQoJCQkJCQkJPCEtLSBQcm9jZWR1cmUgQ29tbWVudCAtLT4NCgkJCQkJCQk8ZW50cnlSZWxhdGlvbnNoaXAgdHlwZUNvZGU9IkNPTVAiPg0KCQkJCQkJCQk8YWN0IGNsYXNzQ29kZT0iSU5GUk0iIG1vb2RDb2RlPSJFVk4iPg0KCQkJCQkJCQkJPGNvZGUgY29kZT0iMTAzLjE1NTk1IiBjb2RlU3lzdGVtPSIxLjIuMzYuMS4yMDAxLjEwMDEuMTAxIiBjb2RlU3lzdGVtTmFtZT0iTkNUSVMgRGF0YSBDb21wb25lbnRzIiBkaXNwbGF5TmFtZT0iUHJvY2VkdXJlIENvbW1lbnQiIC8+DQoJCQkJCQkJCQk8dGV4dCB4c2k6dHlwZT0iU1QiPlByb2NlZHVyZSBDb21tZW50IGdvZXMgaGVyZS48L3RleHQ+DQoJCQkJCQkJCTwvYWN0Pg0KCQkJCQkJCTwvZW50cnlSZWxhdGlvbnNoaXA+DQoJCQkJCQk8L3Byb2NlZHVyZT4NCgkJCQkJPC9lbnRyeT4NCgkJCQkJPCEtLSBFbmQgUHJvY2VkdXJlIC0tPg0KDQoJCQkJCTwhLS0gRXhjbHVzaW9uIFN0YXRlbWVudCAtIFByb2NlZHVyZXMgLS0+DQoJCQkJCTwhLS0gR2xvYmFsIFN0YXRlbWVudCAtLT4NCgkJCQkJPGVudHJ5Pg0KCQkJCQkJPG9ic2VydmF0aW9uIGNsYXNzQ29kZT0iT0JTIiBtb29kQ29kZT0iRVZOIj4NCgkJCQkJCQk8aWQgcm9vdD0iODExNTU0NUMtNzUyRi0xMUUwLUE4RTItOEI4MDQ4MjQwMTlCIiAvPg0KCQkJCQkJCTxjb2RlIGNvZGU9IjEwMy4xNjMwMiIgY29kZVN5c3RlbT0iMS4yLjM2LjEuMjAwMS4xMDAxLjEwMSIgY29kZVN5c3RlbU5hbWU9Ik5DVElTIERhdGEgQ29tcG9uZW50cyIgZGlzcGxheU5hbWU9Ikdsb2JhbCBTdGF0ZW1lbnQiIC8+DQoJCQkJCQkJPHZhbHVlIGNvZGU9IjExIiBjb2RlU3lzdGVtPSIxLjIuMzYuMS4yMDAxLjEwMDEuMTAxLjEwNC4xNjI5OSIgY29kZVN5c3RlbU5hbWU9Ik5DVElTIEdsb2JhbCBTdGF0ZW1lbnQgVmFsdWVzIiBkaXNwbGF5TmFtZT0iTm9uZSBrbm93biIgeHNpOnR5cGU9IkNEIiAvPg0KCQkJCQkJPC9vYnNlcnZhdGlvbj4NCgkJCQkJPC9lbnRyeT4NCgkJCQkJPCEtLSBFbmQgRXhjbHVzaW9uIFN0YXRlbWVudCAtIFByb2NlZHVyZXMgLS0+DQoNCgkJCQkJPCEtLSBPdGhlciBNZWRpY2FsIEhpc3RvcnkgSXRlbSAtLT4NCgkJCQkJPGVudHJ5Pg0KCQkJCQkJPGFjdCBjbGFzc0NvZGU9IkFDVCIgbW9vZENvZGU9IkVWTiI+DQoJCQkJCQkJPGlkIHJvb3Q9IjBDQkUwQjQyLTcwNzItMTFFMC05NEIxLTI2QzI0ODI0MDE5QiIgLz4NCgkJCQkJCQk8Y29kZSBjb2RlPSIxMDIuMTU1MTMiIGNvZGVTeXN0ZW09IjEuMi4zNi4xLjIwMDEuMTAwMS4xMDEiIGNvZGVTeXN0ZW1OYW1lPSJOQ1RJUyBEYXRhIENvbXBvbmVudHMiIGRpc3BsYXlOYW1lPSJPdGhlciBNZWRpY2FsIEhpc3RvcnkgSXRlbSIgLz4NCgkJCQkJCQk8dGV4dCB4c2k6dHlwZT0iU1QiPk90aGVyIE1lZGljYWwgSGlzdG9yeSBJdGVtIGdvZXMgaGVyZS48L3RleHQ+DQoJCQkJCQkJPGF1dGhvcj4NCgkJCQkJCQkJPHRpbWUgdmFsdWU9IjIwMTEwNDI3MTEwMCIgLz4NCgkJCQkJCQkJPGFzc2lnbmVkQXV0aG9yIG51bGxGbGF2b3I9Ik5BIj4NCgkJCQkJCQkJCTxpZCBudWxsRmxhdm9yPSJOQSIgLz4NCgkJCQkJCQkJPC9hc3NpZ25lZEF1dGhvcj4NCgkJCQkJCQk8L2F1dGhvcj4NCgkJCQkJCTwvYWN0Pg0KCQkJCQk8L2VudHJ5Pg0KCQkJCQk8IS0tIEVuZCBPdGhlciBNZWRpY2FsIEhpc3RvcnkgSXRlbSAtLT4NCg0KCQkJCTwvc2VjdGlvbj4NCgkJCTwvY29tcG9uZW50Pg0KCQkJPCEtLSBFbmQgUmV2aWV3ZWQgTWVkaWNhbCBIaXN0b3J5IC0tPg0KDQoJCQk8IS0tIFJldmlld2VkIEltbXVuaXNhdGlvbnMgU2VjdGlvbiAtLT4NCgkJCTxjb21wb25lbnQ+DQoJCQkJPHNlY3Rpb24+DQoJCQkJCTxjb2RlIGNvZGU9IjEwMS4xNjYwMCIgY29kZVN5c3RlbT0iMS4yLjM2LjEuMjAwMS4xMDAxLjEwMSIgY29kZVN5c3RlbU5hbWU9Ik5DVElTIERhdGEgQ29tcG9uZW50cyIgZGlzcGxheU5hbWU9IlJldmlld2VkIEltbXVuaXNhdGlvbnMiIC8+DQoJCQkJCTx0aXRsZT5SZXZpZXdlZCBJbW11bmlzYXRpb25zPC90aXRsZT4NCgkJCQkJPHRleHQ+UmV2aWV3ZWQgSW1tdW5pc2F0aW9ucyBuYXJyYXRpdmUgZ29lcyBoZXJlLjwvdGV4dD4NCg0KCQkJCQk8IS0tIFJldmlld2VkIEltbXVuaXNhdGlvbnMgLS0+DQoJCQkJCTxlbnRyeT4NCgkJCQkJCTxhY3QgY2xhc3NDb2RlPSJBQ1QiIG1vb2RDb2RlPSJFVk4iPg0KCQkJCQkJCTxpZCByb290PSI0NUYzQkUyOC03NTUxLTExRTAtOTcxRC02NUE1NDgyNDAxOUIiIC8+DQoJCQkJCQkJPGNvZGUgY29kZT0iMTAyLjE2NTc2IiBjb2RlU3lzdGVtPSIxLjIuMzYuMS4yMDAxLjEwMDEuMTAxIiBjb2RlU3lzdGVtTmFtZT0iTkNUSVMgRGF0YSBDb21wb25lbnRzIiBkaXNwbGF5TmFtZT0iSW1tdW5pc2F0aW9uIEhpc3RvcnkgUmV2aWV3IiAvPg0KCQkJCQkJCTwhLS0gUmVjb3JkIFJldmlldyBEYXRlVGltZSAtLT4NCgkJCQkJCQk8ZWZmZWN0aXZlVGltZSB2YWx1ZT0iMjAxMTA0MjciIC8+DQoJCQkJCQk8L2FjdD4NCgkJCQkJPC9lbnRyeT4NCgkJCQkJPCEtLSBFbmQgUmV2aWV3ZWQgSW1tdW5pc2F0aW9ucyAtLT4NCg0KCQkJCQk8IS0tIEFkbWluaXN0ZXJlZCBJbW11bmlzYXRpb24gLS0+DQoJCQkJCTxlbnRyeT4NCgkJCQkJCTxzdWJzdGFuY2VBZG1pbmlzdHJhdGlvbiBjbGFzc0NvZGU9IlNCQURNIiBtb29kQ29kZT0iRVZOIj4NCgkJCQkJCQk8IS0tIE1lZGljYXRpb24gQWN0aW9uIERhdGVUaW1lIC0tPg0KCQkJCQkJCTxlZmZlY3RpdmVUaW1lIHZhbHVlPSIyMDExMDQyNyIgLz4NCgkJCQkJCQk8Y29uc3VtYWJsZT4NCgkJCQkJCQkJPG1hbnVmYWN0dXJlZFByb2R1Y3Q+DQoJCQkJCQkJCQk8bWFudWZhY3R1cmVkTWF0ZXJpYWw+DQoJCQkJCQkJCQkJPGNvZGUgY29kZT0iPz8/Pz8iIGNvZGVTeXN0ZW09IjEuMi4zNi4xLjIwMDEuMTAwNC4xMDAiIGNvZGVTeXN0ZW1OYW1lPSJBdXN0cmFsaWFuIE1lZGljaW5jZXMgVGVybWlub2xvZ3kgKEFNVCkiIGRpc3BsYXlOYW1lPSI/Pz8/PyIgLz4NCgkJCQkJCQkJCTwvbWFudWZhY3R1cmVkTWF0ZXJpYWw+DQoJCQkJCQkJCTwvbWFudWZhY3R1cmVkUHJvZHVjdD4NCgkJCQkJCQk8L2NvbnN1bWFibGU+DQoJCQkJCQk8L3N1YnN0YW5jZUFkbWluaXN0cmF0aW9uPg0KCQkJCQk8L2VudHJ5Pg0KCQkJCQk8IS0tIEVuZCBBZG1pbmlzdGVyZWQgSW1tdW5pc2F0aW9uIC0tPg0KDQoJCQkJCTwhLS0gRXhjbHVzaW9uIFN0YXRlbWVudCAtIEltbXVuaXNhdGlvbnMgLS0+DQoJCQkJCTxlbnRyeT4NCgkJCQkJCTxvYnNlcnZhdGlvbiBjbGFzc0NvZGU9Ik9CUyIgbW9vZENvZGU9IkVWTiI+DQoJCQkJCQkJPGNvZGUgY29kZT0iMTAzLjE2MzAyIiBjb2RlU3lzdGVtPSIxLjIuMzYuMS4yMDAxLjEwMDEuMTAxIiBjb2RlU3lzdGVtTmFtZT0iTkNUSVMgRGF0YSBDb21wb25lbnRzIiBkaXNwbGF5TmFtZT0iR2xvYmFsIFN0YXRlbWVudCIgLz4NCgkJCQkJCQk8dmFsdWUgY29kZT0iMDEiIGNvZGVTeXN0ZW09IjEuMi4zNi4xLjIwMDEuMTAwMS4xMDEuMTA0LjE2Mjk5IiBjb2RlU3lzdGVtTmFtZT0iTkNUSVMgR2xvYmFsIFN0YXRlbWVudCBWYWx1ZXMiIGRpc3BsYXlOYW1lPSJOb25lIGtub3duIiB4c2k6dHlwZT0iQ0QiIC8+DQoJCQkJCQk8L29ic2VydmF0aW9uPg0KCQkJCQk8L2VudHJ5Pg0KCQkJCQk8IS0tIEVuZCBFeGNsdXNpb24gU3RhdGVtZW50IC0gSW1tdW5pc2F0aW9ucyAtLT4NCg0KCQkJCTwvc2VjdGlvbj4NCgkJCTwvY29tcG9uZW50Pg0KCQkJPCEtLSBFbmQgUmV2aWV3ZWQgSW1tdW5pc2F0aW9ucyBTZWN0aW9uIC0tPg0KDQoJCTwvc3RydWN0dXJlZEJvZHk+DQoJPC9jb21wb25lbnQ+DQoJPCEtLSBFbmQgQ0RBIEJvZHkgLS0+DQo8L0NsaW5pY2FsRG9jdW1lbnQ+DQo=</Content>
        </Document>
        <Document>
            <Id>2.16.840.1.113883.10.20.3</Id> 
            <Type code="51855-5" 
                codeSystem="2.16.840.1.113883.6.1"
                codeSystemName="LOINC" displayName="Shared Health Summary" />
            <Content xm:contentType="text/xml">PD94bWwgdmVyc2lvbj0iMS4wIiBlbmNvZGluZz0iVVRGLTgiPz4NCjwhLS0gVGhpcyBleGFtcGxlIGlzIHByb3ZpZGVkIGZvciBpbGx1c3RyYXRpdmUgcHVycG9zZXMgb25seS4gSXQgaGFzIGhhZCBubyBjbGluaWNhbCB2YWxpZGF0aW9uLiANCiBXaGlsZSBldmVyeSBlZmZvcnQgaGFzIGJlZW4gdGFrZW4gdG8gZW5zdXJlIHRoYXQgdGhlIGV4YW1wbGVzIGFyZSBjb25zaXN0ZW50IHdpdGggdGhlIG1lc3NhZ2Ugc3BlY2lmaWNhdGlvbiwgDQogd2hlcmUgdGhlcmUgYXJlIGNvbmZsaWN0cyB3aXRoIHRoZSB3cml0dGVuIG1lc3NhZ2Ugc3BlY2lmaWNhdGlvbiBvciBzY2hlbWEsIHRoZSBzcGVjaWZpY2F0aW9uIG9yIHNjaGVtYSANCiBzaGFsbCBiZSBjb25zaWRlcmVkIHRvIHRha2UgcHJlY2VkZW5jZSAtLT4NCjxDbGluaWNhbERvY3VtZW50IHhtbG5zPSJ1cm46aGw3LW9yZzp2MyIgeG1sbnM6ZXh0PSJodHRwOi8vbnMuZWxlY3Ryb25pY2hlYWx0aC5uZXQuYXUvQ2kvQ2RhL0V4dGVuc2lvbnMvMy4wIiB4bWxuczp4cz0iaHR0cDovL3d3dy53My5vcmcvMjAwMS9YTUxTY2hlbWEiDQoJeG1sbnM6eHNpPSJodHRwOi8vd3d3LnczLm9yZy8yMDAxL1hNTFNjaGVtYS1pbnN0YW5jZSI+DQoJPHR5cGVJZCBleHRlbnNpb249IlBPQ0RfSEQwMDAwNDAiIHJvb3Q9IjIuMTYuODQwLjEuMTEzODgzLjEuMyIgLz4NCgk8dGVtcGxhdGVJZCBleHRlbnNpb249IjEuMCIgcm9vdD0iMS4yLjM2LjEuMjAwMS4xMDAxLjEwMS4xMDAuMjAwMDAiIC8+DQoJPGlkIHJvb3Q9IjhCQzM0MDZBLUI5M0YtMTFERS04QTJCLTZBMUM1NkQ4OTU5MyIgLz4NCgk8Y29kZSBjb2RlPSI1MTg1NS01IiBjb2RlU3lzdGVtPSIyLjE2Ljg0MC4xLjExMzg4My42LjEiIGNvZGVTeXN0ZW1OYW1lPSJMT0lOQyIgZGlzcGxheU5hbWU9IlNoYXJlZCBIZWFsdGggU3VtbWFyeSIgLz4NCgk8ZWZmZWN0aXZlVGltZSB2YWx1ZT0iMjAwOTEwMjAxMjM1IiAvPg0KCTxjb25maWRlbnRpYWxpdHlDb2RlIG51bGxGbGF2b3I9Ik5BIiAvPg0KCTxsYW5ndWFnZUNvZGUgY29kZT0iZW4tQVUiIC8+DQoJPHNldElkIHJvb3Q9IjZDNkJBNTZDLUJDOTItMTFERS1BMTcwLUQ4NTU1NkQ4OTU5MyIgLz4NCgk8dmVyc2lvbk51bWJlciB2YWx1ZT0iMSIgLz4NCgk8ZXh0OmNvbXBsZXRpb25Db2RlIGNvZGU9IkYiIGNvZGVTeXN0ZW09IjEuMi4zNi4xLjIwMDEuMTAwMS4xMDEuMTA0LjIwMTA0IiBjb2RlU3lzdGVtTmFtZT0iTkNUSVMgRG9jdW1lbnQgU3RhdHVzIFZhbHVlcyIgZGlzcGxheU5hbWU9IkZpbmFsIiAvPg0KDQoJPCEtLSBCZWdpbiBDREEgSGVhZGVyIC0tPg0KCTwhLS0gQmVnaW4gU3ViamVjdCBvZiBDYXJlIC0gSGVhZGVyIFBhcnQgLS0+DQoJPHJlY29yZFRhcmdldD4NCgkJPHBhdGllbnRSb2xlPg0KDQoJCQk8IS0tIElEIGlzIHVzZWQgZm9yIHN5c3RlbSBwdXJwb3NlcyBzdWNoIGFzIG1hdGNoaW5nIC0tPg0KCQkJPGlkIHJvb3Q9IjdBQTBCQUFDLTBDRDAtMTFFMC05NTE2LTQzNTBERkQ3MjA4NSIgLz4NCg0KCQkJPCEtLSBBZGRyZXNzIC0tPg0KCQkJPGFkZHIgdXNlPSJIIj4NCgkJCQk8c3RyZWV0QWRkcmVzc0xpbmU+MSBDbGluaWNpYW4gU3RyZWV0PC9zdHJlZXRBZGRyZXNzTGluZT4NCgkJCQk8Y2l0eT5OZWh0YXZpbGxlPC9jaXR5Pg0KCQkJCTxzdGF0ZT5RTEQ8L3N0YXRlPg0KCQkJCTxwb3N0YWxDb2RlPjU1NTU8L3Bvc3RhbENvZGU+DQoJCQkJPGFkZGl0aW9uYWxMb2NhdG9yPjMyNTY4OTMxPC9hZGRpdGlvbmFsTG9jYXRvcj4NCgkJCQk8Y291bnRyeT5BdXN0cmFsaWE8L2NvdW50cnk+DQoJCQk8L2FkZHI+DQoNCgkJCTwhLS0gRWxlY3Ryb25pYyBDb21tdW5pY2F0aW9uIERldGFpbCAtLT4NCgkJCTx0ZWxlY29tIHVzZT0iSCIgdmFsdWU9InRlbDowNDk5OTk5OTk5IiAvPg0KDQoJCQk8IS0tIFBhcnRpY2lwYW50IC0tPg0KCQkJPHBhdGllbnQ+DQoNCgkJCQk8IS0tIFBlcnNvbiBOYW1lIC0tPg0KCQkJCTxuYW1lIHVzZT0iTCI+DQoJCQkJCTxwcmVmaXg+TXM8L3ByZWZpeD4NCgkJCQkJPGdpdmVuPlNhbGx5PC9naXZlbj4NCgkJCQkJPGZhbWlseT5HcmFudDwvZmFtaWx5Pg0KCQkJCTwvbmFtZT4NCg0KCQkJCTwhLS0gSW5kaWdlbm91cyBTdGF0dXMgLS0+DQoJCQkJPGV0aG5pY0dyb3VwQ29kZSBjb2RlPSI0IiBjb2RlU3lzdGVtPSIyLjE2Ljg0MC4xLjExMzg4My4zLjg3OSIgY29kZVN5c3RlbU5hbWU9Ik1FVGVPUiIgZGlzcGxheU5hbWU9Ik5laXRoZXIgQWJvcmlnaW5hbCBub3IgVG9ycmVzIFN0cmFpdCBJc2xhbmRlciBvcmlnaW4iIC8+DQoNCgkJCQk8IS0tIFNleCAtLT4NCgkJCQk8YWRtaW5pc3RyYXRpdmVHZW5kZXJDb2RlIGNvZGU9IkYiIGNvZGVTeXN0ZW09IjIuMTYuODQwLjEuMTEzODgzLjEzLjY4IiBjb2RlU3lzdGVtTmFtZT0iQVMgNTAxNy0yMDA2IEhlYWx0aCBDYXJlIENsaWVudCBJZGVudGlmaWVyIFNleCIgLz4NCg0KCQkJCTwhLS0gRGF0ZSBvZiBCaXJ0aCAtLT4NCgkJCQk8YmlydGhUaW1lIHZhbHVlPSIxOTQ4MDYwNyIgLz4NCg0KCQkJCTwhLS0gTXVsdGlwbGUgQmlydGggSW5kaWNhdG9yIC0tPg0KCQkJCTxleHQ6bXVsdGlwbGVCaXJ0aEluZCB2YWx1ZT0idHJ1ZSIgLz4NCgkJCQk8ZXh0Om11bHRpcGxlQmlydGhPcmRlck51bWJlciB2YWx1ZT0iMiIgLz4NCg0KCQkJCTwhLS0gRGF0ZSBvZiBEZWF0aCAtLT4NCgkJCQk8ZXh0OmRlY2Vhc2VkSW5kIHZhbHVlPSJ0cnVlIiAvPg0KCQkJCTxleHQ6ZGVjZWFzZWRUaW1lIHZhbHVlPSIyMDEwMTIwMSIgLz4NCg0KCQkJCTwhLS0gQ291bnRyeSBvZiBCaXJ0aCAtLT4NCgkJCQk8YmlydGhwbGFjZT4NCgkJCQkJPHBsYWNlPg0KCQkJCQkJPGFkZHI+DQoJCQkJCQkJPGNvdW50cnk+ODEwNDwvY291bnRyeT4NCgkJCQkJCTwvYWRkcj4NCgkJCQkJPC9wbGFjZT4NCgkJCQk8L2JpcnRocGxhY2U+DQoNCgkJCQk8IS0tIEVudGl0eSBJZGVudGlmaWVyIC0tPg0KCQkJCTxleHQ6YXNFbnRpdHlJZGVudGlmaWVyIGNsYXNzQ29kZT0iSURFTlQiPg0KCQkJCQk8ZXh0OmlkIGFzc2lnbmluZ0F1dGhvcml0eU5hbWU9IklISSIgcm9vdD0iMS4yLjM2LjEuMjAwMS4xMDAzLjAuODAwMzYwMTIzNDUxMjM0NSIgLz4NCgkJCQkJPGV4dDphc3NpZ25pbmdHZW9ncmFwaGljQXJlYSBjbGFzc0NvZGU9IlBMQyI+DQoJCQkJCQk8ZXh0Om5hbWU+TmF0aW9uYWwgSWRlbnRpZmllcjwvZXh0Om5hbWU+DQoJCQkJCTwvZXh0OmFzc2lnbmluZ0dlb2dyYXBoaWNBcmVhPg0KCQkJCTwvZXh0OmFzRW50aXR5SWRlbnRpZmllcj4NCg0KCQkJPC9wYXRpZW50Pg0KCQk8L3BhdGllbnRSb2xlPg0KCTwvcmVjb3JkVGFyZ2V0Pg0KCTwhLS0gRW5kIFN1YmplY3Qgb2YgQ2FyZSAtIEhlYWRlciBQYXJ0IC0tPg0KDQoJPCEtLSBCZWdpbiBEb2N1bWVudCBBdXRob3IgLS0+DQoJPGF1dGhvcj4NCg0KCQk8IS0tIE11c3QgaG9sZCBzYW1lIHZhbHVlIGFzIERhdGVUaW1lIGF0dGVzdGVkIChDbGluaWNhbERvY3VtZW50LmxlZ2FsQXV0aGVudGljYXRvci50aW1lKSAtLT4NCgkJPHRpbWUgdmFsdWU9IjIwMDkxMDIwMTIzNSIgLz4NCg0KCQk8YXNzaWduZWRBdXRob3I+DQoNCgkJCTwhLS0gSUQgaXMgdXNlZCBmb3Igc3lzdGVtIHB1cnBvc2VzIHN1Y2ggYXMgbWF0Y2hpbmcgLS0+DQoJCQk8aWQgcm9vdD0iN0ZDQjBFQzQtMENEMC0xMUUwLTlERkMtOEY1MERGRDcyMDg1IiAvPg0KDQoJCQk8IS0tIFJvbGUgLS0+DQoJCQk8Y29kZSBjb2RlPSIyNTMzMTciIGNvZGVTeXN0ZW09IjIuMTYuODQwLjEuMTEzODgzLjEzLjYyIiBjb2RlU3lzdGVtTmFtZT0iMTIyMC4wIC0gQU5aU0NPIC0gQXVzdHJhbGlhbiBhbmQgTmV3IFplYWxhbmQgU3RhbmRhcmQgQ2xhc3NpZmljYXRpb24gb2YgT2NjdXBhdGlvbnMsIEZpcnN0IEVkaXRpb24sIDIwMDYiDQoJCQkJZGlzcGxheU5hbWU9IkludGVuc2l2ZSBDYXJlIFNwZWNpYWxpc3QiIC8+DQoNCgkJCTwhLS0gQWRkcmVzcyAtLT4NCgkJCTxhZGRyIHVzZT0iV1AiPg0KCQkJCTxzdHJlZXRBZGRyZXNzTGluZT4xIENsaW5pY2lhbiBTdHJlZXQ8L3N0cmVldEFkZHJlc3NMaW5lPg0KCQkJCTxjaXR5Pk5laHRhdmlsbGU8L2NpdHk+DQoJCQkJPHN0YXRlPlFMRDwvc3RhdGU+DQoJCQkJPHBvc3RhbENvZGU+NTU1NTwvcG9zdGFsQ29kZT4NCgkJCQk8YWRkaXRpb25hbExvY2F0b3I+MzI1Njg5MzE8L2FkZGl0aW9uYWxMb2NhdG9yPg0KCQkJCTxjb3VudHJ5PkF1c3RyYWxpYTwvY291bnRyeT4NCgkJCTwvYWRkcj4NCg0KCQkJPCEtLSBFbGVjdHJvbmljIENvbW11bmljYXRpb24gRGV0YWlsIC0tPg0KCQkJPHRlbGVjb20gdXNlPSJXUCIgdmFsdWU9InRlbDowNzEyMzQxMjM0IiAvPg0KDQoJCQk8IS0tIFBhcnRpY2lwYW50IC0tPg0KCQkJPGFzc2lnbmVkUGVyc29uPg0KDQoJCQkJPCEtLSBQZXJzb24gTmFtZSAtLT4NCgkJCQk8bmFtZT4NCgkJCQkJPHByZWZpeD5Eci48L3ByZWZpeD4NCgkJCQkJPGdpdmVuPkdvb2Q8L2dpdmVuPg0KCQkJCQk8ZmFtaWx5PkRvY3RvcjwvZmFtaWx5Pg0KCQkJCTwvbmFtZT4NCg0KCQkJCTwhLS0gU2V4IC0tPg0KCQkJCTxleHQ6YWRtaW5pc3RyYXRpdmVHZW5kZXJDb2RlIGNvZGU9Ik0iIGNvZGVTeXN0ZW09IjIuMTYuODQwLjEuMTEzODgzLjEzLjY4IiBjb2RlU3lzdGVtTmFtZT0iQVMgNTAxNy0yMDA2IEhlYWx0aCBDYXJlIENsaWVudCBJZGVudGlmaWVyIFNleCIgLz4NCg0KCQkJCTwhLS0gRGF0ZSBvZiBCaXJ0aCAtLT4NCgkJCQk8ZXh0OmJpcnRoVGltZSB2YWx1ZT0iMTk0ODA2MDciIC8+DQoNCgkJCQk8IS0tIEVudGl0eSBJZGVudGlmaWVyIC0tPg0KCQkJCTxleHQ6YXNFbnRpdHlJZGVudGlmaWVyIGNsYXNzQ29kZT0iSURFTlQiPg0KCQkJCQk8ZXh0OmlkIGFzc2lnbmluZ0F1dGhvcml0eU5hbWU9IkhQSS1JIiByb290PSIxLjIuMzYuMS4yMDAxLjEwMDMuMC44MDAzNjExMjM0NTY3ODkwIiAvPg0KCQkJCQk8ZXh0OmFzc2lnbmluZ0dlb2dyYXBoaWNBcmVhIGNsYXNzQ29kZT0iUExDIj4NCgkJCQkJCTxleHQ6bmFtZT5OYXRpb25hbCBJZGVudGlmaWVyPC9leHQ6bmFtZT4NCgkJCQkJPC9leHQ6YXNzaWduaW5nR2VvZ3JhcGhpY0FyZWE+DQoJCQkJPC9leHQ6YXNFbnRpdHlJZGVudGlmaWVyPg0KDQoJCQk8L2Fzc2lnbmVkUGVyc29uPg0KDQoJCQk8IS0tIEVtcGxveW1lbnQgRGV0YWlsIC0tPg0KCQkJPCEtLSBFbXBsb3llciBPcmdhbmlzYXRpb24gKFBhcnRpY2lwYW50IChPcmdhbmlzYXRpb24pKSAtLT4NCgkJCTxyZXByZXNlbnRlZE9yZ2FuaXphdGlvbj4NCg0KCQkJCTwhLS0gRGVwYXJ0bWVudC9Vbml0IC0tPg0KCQkJCTxuYW1lPlN1cmdpY2FsIFdhcmQ8L25hbWU+DQoNCgkJCQk8YXNPcmdhbml6YXRpb25QYXJ0T2Y+DQoJCQkJCTx3aG9sZU9yZ2FuaXphdGlvbj4NCg0KCQkJCQkJPCEtLSBPcmdhbmlzYXRpb24gTmFtZSAtLT4NCgkJCQkJCTxuYW1lIHVzZT0iTCI+R29vZCBIb3NwaXRhbDwvbmFtZT4NCgkJCQkJPC93aG9sZU9yZ2FuaXphdGlvbj4NCgkJCQk8L2FzT3JnYW5pemF0aW9uUGFydE9mPg0KDQoJCQkJPCEtLSBFbnRpdHkgSWRlbnRpZmllciAtLT4NCgkJCQk8ZXh0OmFzRW50aXR5SWRlbnRpZmllciBjbGFzc0NvZGU9IklERU5UIj4NCgkJCQkJPGV4dDppZCBhc3NpZ25pbmdBdXRob3JpdHlOYW1lPSJIUEktTyIgcm9vdD0iMS4yLjM2LjEuMjAwMS4xMDAzLjAuODAwMzYyMTIzMTE2Nzg5MCIgLz4NCgkJCQkJPGV4dDphc3NpZ25pbmdHZW9ncmFwaGljQXJlYSBjbGFzc0NvZGU9IlBMQyI+DQoJCQkJCQk8ZXh0Om5hbWU+TmF0aW9uYWwgSWRlbnRpZmllcjwvZXh0Om5hbWU+DQoJCQkJCTwvZXh0OmFzc2lnbmluZ0dlb2dyYXBoaWNBcmVhPg0KCQkJCTwvZXh0OmFzRW50aXR5SWRlbnRpZmllcj4NCg0KCQkJPC9yZXByZXNlbnRlZE9yZ2FuaXphdGlvbj4NCg0KCQk8L2Fzc2lnbmVkQXV0aG9yPg0KCTwvYXV0aG9yPg0KCTwhLS0gRW5kIERvY3VtZW50IEF1dGhvciAtLT4NCg0KCTwhLS0gQmVnaW4gQ3VzdG9kaWFuIC0tPg0KCTxjdXN0b2RpYW4+DQoJCTxhc3NpZ25lZEN1c3RvZGlhbj4NCgkJCTxyZXByZXNlbnRlZEN1c3RvZGlhbk9yZ2FuaXphdGlvbj4NCg0KCQkJCTwhLS0gSUQgaXMgdXNlZCBmb3Igc3lzdGVtIHB1cnBvc2VzIHN1Y2ggYXMgbWF0Y2hpbmcgLS0+DQoJCQkJPGlkIHJvb3Q9Ijg0NjRDNkJFLTBDRDAtMTFFMC1CNDVBLTkyNTBERkQ3MjA4NSIgLz4NCgkJCQk8bmFtZT5PeiBIZWFsdGggQ2xpbmljPC9uYW1lPg0KDQoJCQkJPCEtLSBFbnRpdHkgSWRlbnRpZmllciAtLT4NCgkJCQk8ZXh0OmFzRW50aXR5SWRlbnRpZmllciBjbGFzc0NvZGU9IklERU5UIj4NCgkJCQkJPGV4dDppZCBhc3NpZ25pbmdBdXRob3JpdHlOYW1lPSJIUEktTyIgcm9vdD0iMS4yLjM2LjEuMjAwMS4xMDAzLjAuODA2NjYyMTc3MTE2Nzg4OCIgLz4NCgkJCQkJPGV4dDphc3NpZ25pbmdHZW9ncmFwaGljQXJlYSBjbGFzc0NvZGU9IlBMQyI+DQoJCQkJCQk8ZXh0Om5hbWU+TmF0aW9uYWwgSWRlbnRpZmllcjwvZXh0Om5hbWU+DQoJCQkJCTwvZXh0OmFzc2lnbmluZ0dlb2dyYXBoaWNBcmVhPg0KCQkJCTwvZXh0OmFzRW50aXR5SWRlbnRpZmllcj4NCg0KCQkJPC9yZXByZXNlbnRlZEN1c3RvZGlhbk9yZ2FuaXphdGlvbj4NCgkJPC9hc3NpZ25lZEN1c3RvZGlhbj4NCgk8L2N1c3RvZGlhbj4NCgk8IS0tIEVuZCBDdXN0b2RpYW4gLS0+DQoNCgk8IS0tIFN0YXJ0IEluZm9ybWF0aW9uIFJlY2lwaWVudCAtIFByaW1hcnkgLS0+DQoJPGluZm9ybWF0aW9uUmVjaXBpZW50IHR5cGVDb2RlPSJQUkNQIj4NCgkJPGludGVuZGVkUmVjaXBpZW50Pg0KDQoJCQk8IS0tIElEIGlzIHVzZWQgZm9yIHN5c3RlbSBwdXJwb3NlcyBzdWNoIGFzIG1hdGNoaW5nIC0tPg0KCQkJPGlkIHJvb3Q9IjhBRjVGOEY0LTBDRDAtMTFFMC1BQzQ4LTkzNTBERkQ3MjA4NSIgLz4NCg0KCQkJPGFkZHIgdXNlPSJXUCI+DQoJCQkJPHN0cmVldEFkZHJlc3NMaW5lPjEgUHJpbWFyeSBDYXJlIFByb3ZpZGVyIFN0cmVldDwvc3RyZWV0QWRkcmVzc0xpbmU+DQoJCQkJPGNpdHk+TmVodGF2aWxsZTwvY2l0eT4NCgkJCQk8c3RhdGU+UUxEPC9zdGF0ZT4NCgkJCQk8cG9zdGFsQ29kZT41NTU1PC9wb3N0YWxDb2RlPg0KCQkJCTxhZGRpdGlvbmFsTG9jYXRvcj4zMjU2ODkzMTwvYWRkaXRpb25hbExvY2F0b3I+DQoJCQkJPGNvdW50cnk+QXVzdHJhbGlhPC9jb3VudHJ5Pg0KCQkJPC9hZGRyPg0KCQkJPHRlbGVjb20gdXNlPSJXUCIgdmFsdWU9InRlbDowNzEyMzQxMjQ1IiAvPg0KCQkJPGluZm9ybWF0aW9uUmVjaXBpZW50Pg0KDQoJCQkJPCEtLSBQZXJzb24gTmFtZSAtLT4NCgkJCQk8bmFtZT4NCgkJCQkJPHByZWZpeD5Eci48L3ByZWZpeD4NCgkJCQkJPGdpdmVuPkluZm9ybWF0aW9uPC9naXZlbj4NCgkJCQkJPGZhbWlseT5SZWNpcGllbnQ8L2ZhbWlseT4NCgkJCQk8L25hbWU+DQoNCgkJCQk8IS0tIFNleCAtLT4NCgkJCQk8ZXh0OmFkbWluaXN0cmF0aXZlR2VuZGVyQ29kZSBjb2RlPSJGIiBjb2RlU3lzdGVtPSIyLjE2Ljg0MC4xLjExMzg4My4xMy42OCIgY29kZVN5c3RlbU5hbWU9IkFTIDUwMTctMjAwNiBIZWFsdGggQ2FyZSBDbGllbnQgSWRlbnRpZmllciBTZXgiIC8+DQoNCgkJCQk8IS0tIERhdGUgb2YgQmlydGggLS0+DQoJCQkJPGV4dDpiaXJ0aFRpbWUgdmFsdWU9IjE5NjgxMDA3IiAvPg0KDQoJCQkJPCEtLSBFbnRpdHkgSWRlbnRpZmllciAtLT4NCgkJCQk8ZXh0OmFzRW50aXR5SWRlbnRpZmllciBjbGFzc0NvZGU9IklERU5UIj4NCgkJCQkJPGV4dDppZCBhc3NpZ25pbmdBdXRob3JpdHlOYW1lPSJIUEktSSIgcm9vdD0iMS4yLjM2LjEuMjAwMS4xMDAzLjAuODAwMzYxMTIyMjU2Nzg5MCIgLz4NCgkJCQkJPGV4dDphc3NpZ25pbmdHZW9ncmFwaGljQXJlYSBjbGFzc0NvZGU9IlBMQyI+DQoJCQkJCQk8ZXh0Om5hbWU+TmF0aW9uYWwgSWRlbnRpZmllcjwvZXh0Om5hbWU+DQoJCQkJCTwvZXh0OmFzc2lnbmluZ0dlb2dyYXBoaWNBcmVhPg0KCQkJCTwvZXh0OmFzRW50aXR5SWRlbnRpZmllcj4NCg0KCQkJPC9pbmZvcm1hdGlvblJlY2lwaWVudD4NCg0KCQkJPHJlY2VpdmVkT3JnYW5pemF0aW9uPg0KCQkJCTxuYW1lPkluZm9ybWF0aW9uIFJlY2lwaWVudCBDbGluaWMgTmFtZTwvbmFtZT4NCg0KCQkJCTwhLS0gRW50aXR5IElkZW50aWZpZXIgLS0+DQoJCQkJPGV4dDphc0VudGl0eUlkZW50aWZpZXIgY2xhc3NDb2RlPSJJREVOVCI+DQoJCQkJCTxleHQ6aWQgYXNzaWduaW5nQXV0aG9yaXR5TmFtZT0iSFBJLU8iIHJvb3Q9IjEuMi4zNi4xLjIwMDEuMTAwMy4wLjgwMDM2MjE3NzExNjc4ODgiIC8+DQoJCQkJCTxleHQ6YXNzaWduaW5nR2VvZ3JhcGhpY0FyZWEgY2xhc3NDb2RlPSJQTEMiPg0KCQkJCQkJPGV4dDpuYW1lPk5hdGlvbmFsIElkZW50aWZpZXI8L2V4dDpuYW1lPg0KCQkJCQk8L2V4dDphc3NpZ25pbmdHZW9ncmFwaGljQXJlYT4NCgkJCQk8L2V4dDphc0VudGl0eUlkZW50aWZpZXI+DQoNCgkJCTwvcmVjZWl2ZWRPcmdhbml6YXRpb24+DQoJCTwvaW50ZW5kZWRSZWNpcGllbnQ+DQoJPC9pbmZvcm1hdGlvblJlY2lwaWVudD4NCgk8IS0tIEVuZCBJbmZvcm1hdGlvbiBSZWNpcGllbnQgLSBQcmltYXJ5IC0tPg0KDQoJPCEtLSBCZWdpbiBEb2N1bWVudCBSZWNpcGllbnQgRGV0YWlsIChPcmdhbmlzYXRpb24pIC0tPg0KCTxpbmZvcm1hdGlvblJlY2lwaWVudCB0eXBlQ29kZT0iVFJDIj4NCgkJPGludGVuZGVkUmVjaXBpZW50Pg0KDQoJCQk8IS0tIElEIGlzIHVzZWQgZm9yIHN5c3RlbSBwdXJwb3NlcyBzdWNoIGFzIG1hdGNoaW5nIC0tPg0KCQkJPGlkIHJvb3Q9Ijk1OEEwRTkwLTBDRDAtMTFFMC1BNDNFLUFBNTBERkQ3MjA4NSIgLz4NCgkJCTxleHQ6Y29kZSBjb2RlPSI4MDUyMjAwMCIgY29kZVN5c3RlbT0iMi4xNi44NDAuMS4xMTM4ODMuNi45NiIgY29kZVN5c3RlbU5hbWU9IlNOT01FRC1DVCIgY29kZVN5c3RlbVZlcnNpb249IjIwMDkwNzMxIiBkaXNwbGF5TmFtZT0iUmVoYWJpbGl0YXRpb24gaG9zaXBpdGFsIiAvPg0KCQkJPGFkZHIgdXNlPSJXUCI+DQoJCQkJPHN0cmVldEFkZHJlc3NMaW5lPjk5IFJlaGFiIFJvYWQ8L3N0cmVldEFkZHJlc3NMaW5lPg0KCQkJCTxjaXR5Pk5laHRhdmlsbGU8L2NpdHk+DQoJCQkJPHN0YXRlPlFMRDwvc3RhdGU+DQoJCQkJPHBvc3RhbENvZGU+NTU1NTwvcG9zdGFsQ29kZT4NCgkJCQk8YWRkaXRpb25hbExvY2F0b3I+MzI1Njg5MzE8L2FkZGl0aW9uYWxMb2NhdG9yPg0KCQkJCTxjb3VudHJ5PkF1c3RyYWxpYTwvY291bnRyeT4NCgkJCTwvYWRkcj4NCgkJCTx0ZWxlY29tIHVzZT0iV1AiIHZhbHVlPSJ0ZWw6MDcxMjM0MTk5OSIgLz4NCgkJCTxyZWNlaXZlZE9yZ2FuaXphdGlvbj4NCgkJCQk8bmFtZSB1c2U9IkwiPkZvb3QgUmVoYWIgRGVwYXJ0bWVudCA8dmFsaWRUaW1lPg0KCQkJCQkJPGxvdyB2YWx1ZT0iMTk5NTAxMDEiIC8+DQoJCQkJCTwvdmFsaWRUaW1lPjwvbmFtZT4NCgkJCQk8YXNPcmdhbml6YXRpb25QYXJ0T2Y+DQoNCgkJCQkJPCEtLSBJRCBpcyB1c2VkIGZvciBzeXN0ZW0gcHVycG9zZXMgc3VjaCBhcyBtYXRjaGluZyAtLT4NCgkJCQkJPGlkIHJvb3Q9IjlCRTg1NzdFLTBDRDAtMTFFMC04RDE5LUFCNTBERkQ3MjA4NSIgLz4NCgkJCQkJPHdob2xlT3JnYW5pemF0aW9uPg0KCQkJCQkJPG5hbWUgdXNlPSJMIj5SZWhhYiBDbGluaWMgTmFtZTwvbmFtZT4NCg0KCQkJCQkJPCEtLSBFbnRpdHkgSWRlbnRpZmllciAtLT4NCgkJCQkJCTxleHQ6YXNFbnRpdHlJZGVudGlmaWVyIGNsYXNzQ29kZT0iSURFTlQiPg0KCQkJCQkJCTxleHQ6aWQgYXNzaWduaW5nQXV0aG9yaXR5TmFtZT0iSFBJLU8iIHJvb3Q9IjEuMi4zNi4xLjIwMDEuMTAwMy4wLjgwMDM2MjE3NDQxNjc4ODgiIC8+DQoJCQkJCQkJPGV4dDphc3NpZ25pbmdHZW9ncmFwaGljQXJlYSBjbGFzc0NvZGU9IlBMQyI+DQoJCQkJCQkJCTxleHQ6bmFtZT5OYXRpb25hbCBJZGVudGlmaWVyPC9leHQ6bmFtZT4NCgkJCQkJCQk8L2V4dDphc3NpZ25pbmdHZW9ncmFwaGljQXJlYT4NCgkJCQkJCTwvZXh0OmFzRW50aXR5SWRlbnRpZmllcj4NCg0KCQkJCQk8L3dob2xlT3JnYW5pemF0aW9uPg0KCQkJCTwvYXNPcmdhbml6YXRpb25QYXJ0T2Y+DQoJCQk8L3JlY2VpdmVkT3JnYW5pemF0aW9uPg0KCQk8L2ludGVuZGVkUmVjaXBpZW50Pg0KCTwvaW5mb3JtYXRpb25SZWNpcGllbnQ+DQoJPCEtLSBFbmQgRG9jdW1lbnQgUmVjaXBpZW50IERldGFpbCAoT3JnYW5pc2F0aW9uKSAtLT4NCg0KCTwhLS0gQmVnaW4gQXV0aGVudGljYXRvciAtLT4NCgk8bGVnYWxBdXRoZW50aWNhdG9yPg0KDQoJCTwhLS0gRGF0ZVRpbWUgQXR0ZXN0ZWQgLS0+DQoJCTx0aW1lIHZhbHVlPSIyMDA5MTAyMDEyMzUiIC8+DQoJCTxzaWduYXR1cmVDb2RlIGNvZGU9IlMiIC8+DQoJCTxhc3NpZ25lZEVudGl0eT4NCg0KCQkJPCEtLSBJRCBpcyB1c2VkIGZvciBzeXN0ZW0gcHVycG9zZXMgc3VjaCBhcyBtYXRjaGluZyAtLT4NCgkJCTxpZCByb290PSJCOEU3MUFDMi0wQ0QwLTExRTAtODc0Ni1DRTUwREZENzIwODUiIC8+DQoJCQk8Y29kZSBjb2RlPSJBVCIgY29kZVN5c3RlbT0iMi4xNi44NDAuMS4xMTM4ODMuMTIuNDQzIiBjb2RlU3lzdGVtTmFtZT0iSEw3IFByb3ZpZGVyIFJvbGUiIGRpc3BsYXlOYW1lPSJBdHRlbmRpbmciIC8+DQoJCQk8YWRkciB1c2U9IkgiPg0KCQkJCTxzdHJlZXRBZGRyZXNzTGluZT4xIENsaW5pY2lhbiBTdHJlZXQ8L3N0cmVldEFkZHJlc3NMaW5lPg0KCQkJCTxjaXR5Pk5laHRhdmlsbGU8L2NpdHk+DQoJCQkJPHN0YXRlPlFMRDwvc3RhdGU+DQoJCQkJPHBvc3RhbENvZGU+NTU1NTwvcG9zdGFsQ29kZT4NCgkJCQk8YWRkaXRpb25hbExvY2F0b3I+MzI1Njg5MzE8L2FkZGl0aW9uYWxMb2NhdG9yPg0KCQkJCTxjb3VudHJ5PkF1c3RyYWxpYTwvY291bnRyeT4NCgkJCTwvYWRkcj4NCgkJCTx0ZWxlY29tIHVzZT0iV1AiIHZhbHVlPSJ0ZWw6MDcxMjM0MTIzNCIgLz4NCgkJCTxhc3NpZ25lZFBlcnNvbj4NCg0KCQkJCTwhLS0gUGVyc29uIE5hbWUgLS0+DQoJCQkJPG5hbWU+DQoJCQkJCTxwcmVmaXg+RHIuPC9wcmVmaXg+DQoJCQkJCTxnaXZlbj5Hb29kPC9naXZlbj4NCgkJCQkJPGZhbWlseT5Eb2N0b3I8L2ZhbWlseT4NCgkJCQk8L25hbWU+DQoNCgkJCQk8IS0tIFNleCAtLT4NCgkJCQk8ZXh0OmFkbWluaXN0cmF0aXZlR2VuZGVyQ29kZSBjb2RlPSJNIiBjb2RlU3lzdGVtPSIyLjE2Ljg0MC4xLjExMzg4My4xMy42OCIgY29kZVN5c3RlbU5hbWU9IkFTIDUwMTctMjAwNiBIZWFsdGggQ2FyZSBDbGllbnQgSWRlbnRpZmllciBTZXgiIC8+DQoNCgkJCQk8IS0tIERhdGUgb2YgQmlydGggLS0+DQoJCQkJPGV4dDpiaXJ0aFRpbWUgdmFsdWU9IjE5NzgwNjA3IiAvPg0KDQoJCQkJPCEtLSBFbnRpdHkgSWRlbnRpZmllciAtLT4NCgkJCQk8ZXh0OmFzRW50aXR5SWRlbnRpZmllciBjbGFzc0NvZGU9IklERU5UIj4NCgkJCQkJPGV4dDppZCBhc3NpZ25pbmdBdXRob3JpdHlOYW1lPSJIUEktSSIgcm9vdD0iMS4yLjM2LjEuMjAwMS4xMDAzLjAuODExMzYxMTIzNDU2Nzg5MCIgLz4NCgkJCQkJPGV4dDphc3NpZ25pbmdHZW9ncmFwaGljQXJlYSBjbGFzc0NvZGU9IlBMQyI+DQoJCQkJCQk8ZXh0Om5hbWU+TmF0aW9uYWwgSWRlbnRpZmllcjwvZXh0Om5hbWU+DQoJCQkJCTwvZXh0OmFzc2lnbmluZ0dlb2dyYXBoaWNBcmVhPg0KCQkJCTwvZXh0OmFzRW50aXR5SWRlbnRpZmllcj4NCg0KCQkJPC9hc3NpZ25lZFBlcnNvbj4NCg0KCQkJPHJlcHJlc2VudGVkT3JnYW5pemF0aW9uPg0KCQkJCTxuYW1lPk96IEhlYWx0aCBDbGluaWM8L25hbWU+DQoNCgkJCQk8IS0tIEVudGl0eSBJZGVudGlmaWVyIC0tPg0KCQkJCTxleHQ6YXNFbnRpdHlJZGVudGlmaWVyIGNsYXNzQ29kZT0iSURFTlQiPg0KCQkJCQk8ZXh0OmlkIGFzc2lnbmluZ0F1dGhvcml0eU5hbWU9IkhQSS1PIiByb290PSIxLjIuMzYuMS4yMDAxLjEwMDMuMC44MjIzNjIxNzcxMTY3ODg4IiAvPg0KCQkJCQk8ZXh0OmFzc2lnbmluZ0dlb2dyYXBoaWNBcmVhIGNsYXNzQ29kZT0iUExDIj4NCgkJCQkJCTxleHQ6bmFtZT5OYXRpb25hbCBJZGVudGlmaWVyPC9leHQ6bmFtZT4NCgkJCQkJPC9leHQ6YXNzaWduaW5nR2VvZ3JhcGhpY0FyZWE+DQoJCQkJPC9leHQ6YXNFbnRpdHlJZGVudGlmaWVyPg0KDQoJCQk8L3JlcHJlc2VudGVkT3JnYW5pemF0aW9uPg0KCQk8L2Fzc2lnbmVkRW50aXR5Pg0KCTwvbGVnYWxBdXRoZW50aWNhdG9yPg0KCTwhLS0gRW5kIEF1dGhlbnRpY2F0b3IgLS0+DQoNCgk8IS0tIEJlZ2luIEVuY291bnRlciAoaGVhZGVyIHBhcnQpIC0tPg0KCTxjb21wb25lbnRPZj4NCgkJPGVuY29tcGFzc2luZ0VuY291bnRlcj4NCg0KCQkJPCEtLSBUaGlzIGlzIGEgbWFuZGF0b3J5IGVsZW1lbnQgLS0+DQoJCQk8ZWZmZWN0aXZlVGltZSBudWxsRmxhdm9yPSJOQSIgLz4NCg0KCQk8L2VuY29tcGFzc2luZ0VuY291bnRlcj4NCgk8L2NvbXBvbmVudE9mPg0KCTwhLS0gRW5kIEVuY291bnRlciAoaGVhZGVyIHBhcnQpIC0tPg0KCTwhLS0gRW5kIENEQSBIZWFkZXIgLS0+DQoNCgk8IS0tIEJlZ2luIENEQSBCb2R5IC0tPg0KCTxjb21wb25lbnQ+DQoJCTxzdHJ1Y3R1cmVkQm9keT4NCg0KCQkJPCEtLSBSZXZpZXdlZCBBZHZlcnNlIFN1YnN0YW5jZSBSZWFjdGlvbnMgLS0+DQoJCQk8Y29tcG9uZW50Pg0KCQkJCTxzZWN0aW9uPg0KCQkJCQk8Y29kZSBjb2RlPSIxMDEuMjAxMTMiIGNvZGVTeXN0ZW09IjEuMi4zNi4xLjIwMDEuMTAwMS4xMDEiIGNvZGVTeXN0ZW1OYW1lPSJOQ1RJUyBEYXRhIENvbXBvbmVudHMiIGRpc3BsYXlOYW1lPSJSZXZpZXdlZCBBZHZlcnNlIFN1YnN0YW5jZSBSZWFjdGlvbnMiIC8+DQoJCQkJCTx0aXRsZT5SZXZpZXdlZCBBZHZlcnNlIFN1YnN0YW5jZSBSZWFjdGlvbnM8L3RpdGxlPg0KCQkJCQk8dGV4dD5SZXZpZXdlZCBBZHZlcnNlIFN1YnN0YW5jZSBSZWFjdGlvbnMgbmFycmF0aXZlIGdvZXMgaGVyZS48L3RleHQ+DQoNCgkJCQkJPCEtLSBBZHZlcnNlIFN1YnN0YW5jZSBSZWFjdGlvbiBSZXZpZXcgLS0+DQoJCQkJCTxlbnRyeT4NCgkJCQkJCTxhY3QgY2xhc3NDb2RlPSJBQ1QiIG1vb2RDb2RlPSJFVk4iPg0KCQkJCQkJCTxjb2RlIGNvZGU9IjEwMi4xNjU3NiIgY29kZVN5c3RlbT0iMS4yLjM2LjEuMjAwMS4xMDAxLjEwMSIgY29kZVN5c3RlbU5hbWU9Ik5DVElTIERhdGEgQ29tcG9uZW50cyIgZGlzcGxheU5hbWU9IkFkdmVyc2UgU3Vic3RhbmNlIFJlYWN0aW9ucyBSZXZpZXciIC8+DQoJCQkJCQkJPCEtLSBSZWNvcmQgUmV2aWV3IERhdGVUaW1lIC0tPg0KCQkJCQkJCTxlZmZlY3RpdmVUaW1lIHZhbHVlPSIyMDEwMTIyNSIgLz4NCgkJCQkJCTwvYWN0Pg0KCQkJCQk8L2VudHJ5Pg0KCQkJCQk8IS0tIEVuZCBBZHZlcnNlIFN1YnN0YW5jZSBSZWFjdGlvbiBSZXZpZXcgLS0+DQoNCgkJCQkJPCEtLSBBZHZlcnNlIFN1YnN0YW5jZSBSZWFjdGlvbiAtLT4NCgkJCQkJPGVudHJ5Pg0KCQkJCQkJPGFjdCBjbGFzc0NvZGU9IkFDVCIgbW9vZENvZGU9IkVWTiI+DQoJCQkJCQkJPGNvZGUgY29kZT0iMTAyLjE2NDczIiBjb2RlU3lzdGVtPSIxLjIuMzYuMS4yMDAxLjEwMDEuMTAxIiBjb2RlU3lzdGVtTmFtZT0iTkNUSVMgRGF0YSBDb21wb25lbnRzIiBkaXNwbGF5TmFtZT0iQWR2ZXJzZSBTdWJzdGFuY2UgUmVhY3Rpb24iIC8+DQoJCQkJCQkJPCEtLSBTdWJzdGFuY2UvQWdlbnQgLS0+DQoJCQkJCQkJPHBhcnRpY2lwYW50IHR5cGVDb2RlPSJDQUdOVCI+DQoJCQkJCQkJCTxwYXJ0aWNpcGFudFJvbGU+DQoJCQkJCQkJCQk8cGxheWluZ0VudGl0eT4NCgkJCQkJCQkJCQk8Y29kZSBjb2RlPSI5MDU4MDAwOCIgY29kZVN5c3RlbT0iMi4xNi44NDAuMS4xMTM4ODMuNi45NiIgY29kZVN5c3RlbU5hbWU9IlNOT01FRC1DVCIgZGlzcGxheU5hbWU9ImZpc2giIC8+DQoJCQkJCQkJCQk8L3BsYXlpbmdFbnRpdHk+DQoJCQkJCQkJCTwvcGFydGljaXBhbnRSb2xlPg0KCQkJCQkJCTwvcGFydGljaXBhbnQ+DQoNCgkJCQkJCQk8IS0tIFJlYWN0aW9uIEV2ZW50IC0tPg0KCQkJCQkJCTxlbnRyeVJlbGF0aW9uc2hpcCB0eXBlQ29kZT0iQ0FVUyI+DQoJCQkJCQkJCTxvYnNlcnZhdGlvbiBjbGFzc0NvZGU9Ik9CUyIgbW9vZENvZGU9IkVWTiI+DQoJCQkJCQkJCQk8Y29kZSBjb2RlPSIxMDIuMTY0NzQiIGNvZGVTeXN0ZW09IjEuMi4zNi4xLjIwMDEuMTAwMS4xMDEiIGNvZGVTeXN0ZW1OYW1lPSJOQ1RJUyBEYXRhIENvbXBvbmVudHMiIGRpc3BsYXlOYW1lPSJSZWFjdGlvbiBFdmVudCIgLz4NCg0KCQkJCQkJCQkJPCEtLSBNYW5pZmVzdGF0aW9uIC0tPg0KCQkJCQkJCQkJPGVudHJ5UmVsYXRpb25zaGlwIHR5cGVDb2RlPSJNRlNUIj4NCgkJCQkJCQkJCQk8b2JzZXJ2YXRpb24gY2xhc3NDb2RlPSJPQlMiIG1vb2RDb2RlPSJFVk4iIG5lZ2F0aW9uSW5kPSJ0cnVlIj4NCgkJCQkJCQkJCQkJPGNvZGUgY29kZT0iMjcxODA3MDAzIiBjb2RlU3lzdGVtPSIyLjE2Ljg0MC4xLjExMzg4My42Ljk2IiBjb2RlU3lzdGVtTmFtZT0iU05PTUVELUNUIiBjb2RlU3lzdGVtVmVyc2lvbj0iMjAwOTA3MzEiIGRpc3BsYXlOYW1lPSJza2luIHJhc2giIC8+DQoJCQkJCQkJCQkJCTx0ZXh0PlNraW4gUmFzaC48L3RleHQ+DQoJCQkJCQkJCQkJPC9vYnNlcnZhdGlvbj4NCg0KCQkJCQkJCQkJPC9lbnRyeVJlbGF0aW9uc2hpcD4NCgkJCQkJCQkJPC9vYnNlcnZhdGlvbj4NCgkJCQkJCQk8L2VudHJ5UmVsYXRpb25zaGlwPg0KCQkJCQkJCTwhLS0gRW5kIFJlYWN0aW9uIEV2ZW50IC0tPg0KDQoJCQkJCQk8L2FjdD4NCgkJCQkJPC9lbnRyeT4NCgkJCQkJPCEtLSBFbmQgQWR2ZXJzZSBTdWJzdGFuY2UgUmVhY3Rpb24gLS0+DQoNCgkJCQkJPCEtLSBFeGNsdXNpb24gU3RhdGVtZW50IC0gQWR2ZXJzZSBTdWJzdGFuY2UgUmVhY3Rpb24gLS0+DQoJCQkJCTxlbnRyeT4NCgkJCQkJCTxvYnNlcnZhdGlvbiBjbGFzc0NvZGU9Ik9CUyIgbW9vZENvZGU9IkVWTiI+DQoJCQkJCQkJPGNvZGUgY29kZT0iMTAzLjE2MzAyIiBjb2RlU3lzdGVtPSIxLjIuMzYuMS4yMDAxLjEwMDEuMTAxIiBjb2RlU3lzdGVtTmFtZT0iTkNUSVMgRGF0YSBDb21wb25lbnRzIiBkaXNwbGF5TmFtZT0iR2xvYmFsIFN0YXRlbWVudCIgLz4NCgkJCQkJCQk8dmFsdWUgY29kZT0iMDIiIGNvZGVTeXN0ZW09IjEuMi4zNi4xLjIwMDEuMTAwMS4xMDEuMTA0LjE2Mjk5IiBjb2RlU3lzdGVtTmFtZT0iTkNUSVMgR2xvYmFsIFN0YXRlbWVudCBWYWx1ZXMiIGRpc3BsYXlOYW1lPSJOb3QgYXNrZWQiIHhzaTp0eXBlPSJDRCIgLz4NCgkJCQkJCTwvb2JzZXJ2YXRpb24+DQoJCQkJCTwvZW50cnk+DQoJCQkJCTwhLS0gRW5kIEV4Y2x1c2lvbiBTdGF0ZW1lbnQgLSBBZHZlcnNlIFN1YnN0YW5jZSBSZWFjdGlvbiAtLT4NCg0KCQkJCTwvc2VjdGlvbj4NCgkJCTwvY29tcG9uZW50Pg0KCQkJPCEtLSBFbmQgUmV2aWV3ZWQgQWR2ZXJzZSBTdWJzdGFuY2UgUmVhY3Rpb25zIC0tPg0KDQoJCQk8IS0tIFJldmlld2VkIE1lZGljYXRpb25zIC0tPg0KCQkJPGNvbXBvbmVudD4NCgkJCQk8c2VjdGlvbj4NCgkJCQkJPGNvZGUgY29kZT0iMTAxLjE2MDIyIiBjb2RlU3lzdGVtPSIxLjIuMzYuMS4yMDAxLjEwMDEuMTAxIiBjb2RlU3lzdGVtTmFtZT0iTkNUSVMgRGF0YSBDb21wb25lbnRzIiBkaXNwbGF5TmFtZT0iUmV2aWV3ZWQgTWVkaWNhdGlvbnMiIC8+DQoJCQkJCTx0aXRsZT5SZXZpZXdlZCBNZWRpY2F0aW9uczwvdGl0bGU+DQoJCQkJCTx0ZXh0PlJldmlld2VkIE1lZGljYXRpb25zIG5hcnJhdGl2ZSBnb2VzIGhlcmUuPC90ZXh0Pg0KDQoJCQkJCTwhLS0gTWVkaWNhdGlvbnMgUmV2aWV3IC0tPg0KCQkJCQk8ZW50cnk+DQoJCQkJCQk8YWN0IGNsYXNzQ29kZT0iQUNUIiBtb29kQ29kZT0iRVZOIj4NCgkJCQkJCQk8Y29kZSBjb2RlPSIxMDIuMTY1NzYiIGNvZGVTeXN0ZW09IjEuMi4zNi4xLjIwMDEuMTAwMS4xMDEiIGNvZGVTeXN0ZW1OYW1lPSJOQ1RJUyBEYXRhIENvbXBvbmVudHMiIGRpc3BsYXlOYW1lPSJNZWRpY2F0aW9ucyBSZXZpZXciIC8+DQoJCQkJCQkJPGVmZmVjdGl2ZVRpbWUgdmFsdWU9IjIwMTAxMjI1IiAvPg0KCQkJCQkJPC9hY3Q+DQoJCQkJCTwvZW50cnk+DQoJCQkJCTwhLS0gRW5kIE1lZGljYXRpb25zIFJldmlldyAtLT4NCg0KCQkJCQk8IS0tIFVzZWQgTWVkaWNhdGlvbnMgLS0+DQoJCQkJCTxlbnRyeT4NCgkJCQkJCTxzdWJzdGFuY2VBZG1pbmlzdHJhdGlvbiBjbGFzc0NvZGU9IlNCQURNIiBtb29kQ29kZT0iRVZOIj4NCgkJCQkJCQk8aWQgcm9vdD0iQzU3QTlGMzItNzU0Qi0xMUUwLUE3RTAtNTk5RjQ4MjQwMTlCIiAvPg0KCQkJCQkJCTwhLS0gRGlyZWN0aW9ucyAtLT4NCgkJCQkJCQk8dGV4dCB4c2k6dHlwZT0iU1QiPjIgdGFibGV0cyBkYWlseSBhZnRlciBicmVha2Zhc3Q8L3RleHQ+DQoJCQkJCQkJPGNvbnN1bWFibGU+DQoJCQkJCQkJCTxtYW51ZmFjdHVyZWRQcm9kdWN0Pg0KCQkJCQkJCQkJPG1hbnVmYWN0dXJlZE1hdGVyaWFsPg0KCQkJCQkJCQkJCTwhLS0gVGhlcmFwZXV0aWMgR29vZCBJZGVudGlmaWNhdGlvbiAtLT4NCgkJCQkJCQkJCQk8Y29kZSBjb2RlPSIyMzY0MTAxMTAwMDAzNjEwMiIgY29kZVN5c3RlbT0iMS4yLjM2LjEuMjAwMS4xMDA0LjEwMCIgY29kZVN5c3RlbU5hbWU9IkF1c3RyYWxpYW4gTWVkaWNpbmNlcyBUZXJtaW5vbG9neSAoQU1UKSINCgkJCQkJCQkJCQkJZGlzcGxheU5hbWU9InBhcmFjZXRhbW9sIDUwMCBtZyArIGNvZGVpbmUgcGhvc3BoYXRlIDMwIG1nIHRhYmxldCIgLz4NCgkJCQkJCQkJCTwvbWFudWZhY3R1cmVkTWF0ZXJpYWw+DQoJCQkJCQkJCTwvbWFudWZhY3R1cmVkUHJvZHVjdD4NCgkJCQkJCQk8L2NvbnN1bWFibGU+DQoNCgkJCQkJCQk8IS0tIENsaW5pY2FsIEluZGljYXRpb24gLS0+DQoJCQkJCQkJPGVudHJ5UmVsYXRpb25zaGlwIHR5cGVDb2RlPSJSU09OIj4NCgkJCQkJCQkJPGFjdCBjbGFzc0NvZGU9IklORlJNIiBtb29kQ29kZT0iRVZOIj4NCgkJCQkJCQkJCTxpZCByb290PSIzNjFCNkVGNi03NTRDLTExRTAtQTNDMy1EMTlGNDgyNDAxOUIiIC8+DQoJCQkJCQkJCQk8Y29kZSBjb2RlPSIxMDMuMTAxNDEiIGNvZGVTeXN0ZW09IjEuMi4zNi4xLjIwMDEuMTAwMS4xMDEiIGNvZGVTeXN0ZW1OYW1lPSJOQ1RJUyBEYXRhIENvbXBvbmVudHMiIGRpc3BsYXlOYW1lPSJDbGluaWNhbCBJbmRpY2F0aW9uIiAvPg0KCQkJCQkJCQkJPHRleHQgeHNpOnR5cGU9IlNUIj5QYWluIGNvbnRyb2wuPC90ZXh0Pg0KCQkJCQkJCQk8L2FjdD4NCgkJCQkJCQk8L2VudHJ5UmVsYXRpb25zaGlwPg0KCQkJCQkJCTwhLS0gRW5kIENsaW5pY2FsIEluZGljYXRpb24gLS0+DQoNCgkJCQkJCQk8IS0tIENvbW1lbnQgLS0+DQoJCQkJCQkJPGVudHJ5UmVsYXRpb25zaGlwIHR5cGVDb2RlPSJDT01QIj4NCgkJCQkJCQkJPGFjdCBjbGFzc0NvZGU9IklORlJNIiBtb29kQ29kZT0iRVZOIj4NCgkJCQkJCQkJCTxpZCByb290PSIzNjFCNkVGNi03NTRDLTExRTAtQTNDMy1EMTlGNDgyNDAxOUIiIC8+DQoJCQkJCQkJCQk8Y29kZSBjb2RlPSIxMDMuMTYwNDQiIGNvZGVTeXN0ZW09IjEuMi4zNi4xLjIwMDEuMTAwMS4xMDEiIGNvZGVTeXN0ZW1OYW1lPSJOQ1RJUyBEYXRhIENvbXBvbmVudHMiIGRpc3BsYXlOYW1lPSJBZGRpdGlvbmFsIENvbW1lbnRzIiAvPg0KCQkJCQkJCQkJPHRleHQgeHNpOnR5cGU9IlNUIj5Eb3NhZ2UgdG8gYmUgcmV2aWV3ZWQgaW4gMTAgZGF5cy48L3RleHQ+DQoJCQkJCQkJCTwvYWN0Pg0KCQkJCQkJCTwvZW50cnlSZWxhdGlvbnNoaXA+DQoJCQkJCQkJPCEtLSBFbmQgQ29tbWVudCAtLT4NCg0KCQkJCQkJPC9zdWJzdGFuY2VBZG1pbmlzdHJhdGlvbj4NCgkJCQkJPC9lbnRyeT4NCgkJCQkJPCEtLSBFbmQgVXNlZCBNZWRpY2F0aW9ucyAtLT4NCg0KCQkJCQk8IS0tIEV4Y2x1c2lvbiBTdGF0ZW1lbnQgLSBNZWRpY2F0aW9ucyAtLT4NCgkJCQkJPGVudHJ5Pg0KCQkJCQkJPG9ic2VydmF0aW9uIGNsYXNzQ29kZT0iT0JTIiBtb29kQ29kZT0iRVZOIj4NCgkJCQkJCQk8Y29kZSBjb2RlPSIxMDMuMTYzMDIiIGNvZGVTeXN0ZW09IjEuMi4zNi4xLjIwMDEuMTAwMS4xMDEiIGNvZGVTeXN0ZW1OYW1lPSJOQ1RJUyBEYXRhIENvbXBvbmVudHMiIGRpc3BsYXlOYW1lPSJHbG9iYWwgU3RhdGVtZW50IiAvPg0KCQkJCQkJCTx2YWx1ZSBjb2RlPSIxMSIgY29kZVN5c3RlbT0iMS4yLjM2LjEuMjAwMS4xMDAxLjEwMS4xMDQuMTYyOTkiIGNvZGVTeXN0ZW1OYW1lPSJOQ1RJUyBHbG9iYWwgU3RhdGVtZW50IFZhbHVlcyIgZGlzcGxheU5hbWU9Ik5vbmUga25vd24iIHhzaTp0eXBlPSJDRCIgLz4NCgkJCQkJCTwvb2JzZXJ2YXRpb24+DQoJCQkJCTwvZW50cnk+DQoJCQkJCTwhLS0gRXhjbHVzaW9uIFN0YXRlbWVudCAtIE1lZGljYXRpb25zIC0tPg0KDQoJCQkJPC9zZWN0aW9uPg0KCQkJPC9jb21wb25lbnQ+DQoJCQk8IS0tIEVuZCBSZXZpZXdlZCBNZWRpY2F0aW9ucyAtLT4NCg0KCQkJPCEtLSBTdGFydCBSZXZpZXdlZCBNZWRpY2FsIEhpc3RvcnkgLS0+DQoJCQk8Y29tcG9uZW50Pg0KCQkJCTxzZWN0aW9uPg0KCQkJCQk8Y29kZSBjb2RlPSIxMDEuMjEwMDMiIGNvZGVTeXN0ZW09IjEuMi4zNi4xLjIwMDEuMTAwMS4xMDEiIGNvZGVTeXN0ZW1OYW1lPSJOQ1RJUyBEYXRhIENvbXBvbmVudHMiIGRpc3BsYXlOYW1lPSJSZXZpZXdlZCBNZWRpY2FsIEhpc3RvcnkiIC8+DQoJCQkJCTx0aXRsZT5SZXZpZXdlZCBNZWRpY2FsIGhpc3Rvcnk8L3RpdGxlPg0KCQkJCQk8dGV4dD5SZXZpZXdlZCBNZWRpY2FsIGhpc3RvcnkgbmFycmF0aXZlIGdvZXMgaGVyZS48L3RleHQ+DQoNCgkJCQkJPCEtLSBNZWRpY2FsIEhpc3RvcnkgUmV2aWV3IC0tPg0KCQkJCQk8ZW50cnk+DQoJCQkJCQk8YWN0IGNsYXNzQ29kZT0iQUNUIiBtb29kQ29kZT0iRVZOIj4NCgkJCQkJCQk8Y29kZSBjb2RlPSIxMDIuMTY1NzYiIGNvZGVTeXN0ZW09IjEuMi4zNi4xLjIwMDEuMTAwMS4xMDEiIGNvZGVTeXN0ZW1OYW1lPSJOQ1RJUyBEYXRhIENvbXBvbmVudHMiIGRpc3BsYXlOYW1lPSJNZWRpY2FsIEhpc3RvcnkgUmV2aWV3IiAvPg0KCQkJCQkJCTxlZmZlY3RpdmVUaW1lIHZhbHVlPSIyMDEwMTIyNSIgLz4NCgkJCQkJCTwvYWN0Pg0KCQkJCQk8L2VudHJ5Pg0KCQkJCQk8IS0tIE1lZGljYWwgSGlzdG9yeSBSZXZpZXcgLS0+DQoNCgkJCQkJPCEtLSBQcm9ibGVtL0RpYWdub3NpcyAtLT4NCgkJCQkJPGVudHJ5Pg0KCQkJCQkJPG9ic2VydmF0aW9uIGNsYXNzQ29kZT0iT0JTIiBtb29kQ29kZT0iRVZOIj4NCgkJCQkJCQk8aWQgcm9vdD0iNzREMjlDODgtNzA2RS0xMUUwLTk3MjYtNUFCRTQ4MjQwMTlCIiAvPg0KCQkJCQkJCTxjb2RlIGNvZGU9IjEwMi4xNTUzMCIgY29kZVN5c3RlbT0iMS4yLjM2LjEuMjAwMS4xMDAxLjEwMSIgY29kZVN5c3RlbU5hbWU9Ik5DVElTIERhdGEgQ29tcG9uZW50cyIgZGlzcGxheU5hbWU9IlByb2JsZW0vRGlhZ25vc2lzIiAvPg0KCQkJCQkJCTwhLS0gRGF0ZSBvZiBPbnNldCAtLT4NCgkJCQkJCQk8ZWZmZWN0aXZlVGltZSB2YWx1ZT0iMjAxMTExMDQiIC8+DQoNCgkJCQkJCQk8IS0tIFByb2JsZW0vRGlhZ25vc2lzIElkZW50aWZpY2F0aW9uIC0tPg0KCQkJCQkJCTx2YWx1ZSBjb2RlPSIxMTYyMjMwMDciIGNvZGVTeXN0ZW09IjIuMTYuODQwLjEuMTEzODgzLjYuOTYiIGNvZGVTeXN0ZW1OYW1lPSJTTk9NRUQtQ1QiIGNvZGVTeXN0ZW1WZXJzaW9uPSIyMDA5MDczMSIgZGlzcGxheU5hbWU9IkNvbW9yYmlkaXR5IiB4c2k6dHlwZT0iQ0QiIC8+DQoNCgkJCQkJCQk8IS0tIERhdGUgb2YgUmVzb2x1dGlvbi9SZW1pc3Npb24gLS0+DQoJCQkJCQkJPGVudHJ5UmVsYXRpb25zaGlwIHR5cGVDb2RlPSJTVUJKIj4NCgkJCQkJCQkJPG9ic2VydmF0aW9uIGNsYXNzQ29kZT0iT0JTIiBtb29kQ29kZT0iRVZOIj4NCgkJCQkJCQkJCTxpZCByb290PSI2QUQxOUJBRS03NTI3LTExRTAtODUxRS04Mjc3NDgyNDAxOUIiIC8+DQoJCQkJCQkJCQk8Y29kZSBjb2RlPSIxMDMuMTU1MTAiIGNvZGVTeXN0ZW09IjEuMi4zNi4xLjIwMDEuMTAwMS4xMDEiIGNvZGVTeXN0ZW1OYW1lPSJOQ1RJUyBEYXRhIENvbXBvbmVudHMiIGRpc3BsYXlOYW1lPSJEYXRlIG9mIFJlc29sdXRpb24vUmVtaXNzaW9uIiAvPg0KCQkJCQkJCQkJPHZhbHVlIHZhbHVlPSIyMDExMDQyNyIgeHNpOnR5cGU9IklWTF9UUyIgLz4NCgkJCQkJCQkJPC9vYnNlcnZhdGlvbj4NCgkJCQkJCQk8L2VudHJ5UmVsYXRpb25zaGlwPg0KCQkJCQkJCTwhLS0gRW5kIERhdGUgb2YgUmVzb2x1dGlvbi9SZW1pc3Npb24gLS0+DQoNCgkJCQkJCQk8IS0tIFByb2JsZW0vRGlhZ25vc2lzIENvbW1lbnQgLS0+DQoJCQkJCQkJPGVudHJ5UmVsYXRpb25zaGlwIHR5cGVDb2RlPSJDT01QIj4NCgkJCQkJCQkJPGFjdCBjbGFzc0NvZGU9IklORlJNIiBtb29kQ29kZT0iRVZOIj4NCgkJCQkJCQkJCTxjb2RlIGNvZGU9IjEwMy4xNjU0NSIgY29kZVN5c3RlbT0iMS4yLjM2LjEuMjAwMS4xMDAxLjEwMSIgY29kZVN5c3RlbU5hbWU9Ik5DVElTIERhdGEgQ29tcG9uZW50cyIgZGlzcGxheU5hbWU9IlByb2JsZW0vRGlhZ25vc2lzIENvbW1lbnQiIC8+DQoJCQkJCQkJCQk8dGV4dCB4c2k6dHlwZT0iU1QiPlByb2JsZW0vRGlhZ25vc2lzIENvbW1lbnQgQ29tbWVudCBnb2VzIGhlcmUuPC90ZXh0Pg0KCQkJCQkJCQk8L2FjdD4NCgkJCQkJCQk8L2VudHJ5UmVsYXRpb25zaGlwPg0KCQkJCQkJCTwhLS0gRW5kIFByb2JsZW0vRGlhZ25vc2lzIENvbW1lbnQgLS0+DQoNCgkJCQkJCTwvb2JzZXJ2YXRpb24+DQoJCQkJCTwvZW50cnk+DQoJCQkJCTwhLS0gRW5kIFByb2JsZW0vRGlhZ25vc2lzIC0tPg0KDQoJCQkJCTwhLS0gRXhjbHVzaW9uIFN0YXRlbWVudCAtIFByb2JsZW0vRGlhZ25vc2VzIC0tPg0KCQkJCQk8IS0tIEdsb2JhbCBTdGF0ZW1lbnQgLS0+DQoJCQkJCTxlbnRyeT4NCgkJCQkJCTxvYnNlcnZhdGlvbiBjbGFzc0NvZGU9Ik9CUyIgbW9vZENvZGU9IkVWTiI+DQoJCQkJCQkJPGlkIHJvb3Q9IjlDQjdDNURDLTc1MkYtMTFFMC05RkUyLTk3ODA0ODI0MDE5QiIgLz4NCgkJCQkJCQk8Y29kZSBjb2RlPSIxMDMuMTYzMDIiIGNvZGVTeXN0ZW09IjEuMi4zNi4xLjIwMDEuMTAwMS4xMDEiIGNvZGVTeXN0ZW1OYW1lPSJOQ1RJUyBEYXRhIENvbXBvbmVudHMiIGRpc3BsYXlOYW1lPSJHbG9iYWwgU3RhdGVtZW50IiAvPg0KCQkJCQkJCTx2YWx1ZSBjb2RlPSIxIiBjb2RlU3lzdGVtPSIxLjIuMzYuMS4yMDAxLjEwMDEuMTAxLjEwNC4xNjI5OSIgY29kZVN5c3RlbU5hbWU9Ik5DVElTIEdsb2JhbCBTdGF0ZW1lbnQgVmFsdWVzIg0KCQkJCQkJCQlkaXNwbGF5TmFtZT0iTm8gc2lnbmlmaWNhbnQgbWVkaWNhbCBoaXN0b3J5IG9mIGFueSBwcm9ibGVtIG9yIGRpYWdub3NpcyIgeHNpOnR5cGU9IkNEIiAvPg0KCQkJCQkJPC9vYnNlcnZhdGlvbj4NCgkJCQkJPC9lbnRyeT4NCgkJCQkJPCEtLSBFbmQgRXhjbHVzaW9uIFN0YXRlbWVudCAtIFByb2JsZW0vRGlhZ25vc2VzIC0tPg0KDQoJCQkJCTwhLS0gUHJvY2VkdXJlIC0tPg0KCQkJCQk8ZW50cnk+DQoJCQkJCQk8cHJvY2VkdXJlIGNsYXNzQ29kZT0iUFJPQyIgbW9vZENvZGU9IkVWTiI+DQoJCQkJCQkJPGlkIHJvb3Q9IkI5NkEzOEM2LTcwNkMtMTFFMC1BRDJFLTQyQkM0ODI0MDE5QiIgLz4NCgkJCQkJCQk8IS0tIFByb2NlZHVyZSBOYW1lIC0tPg0KCQkJCQkJCTxjb2RlIGNvZGU9IjM5Nzk1NjAwNCIgY29kZVN5c3RlbT0iMi4xNi44NDAuMS4xMTM4ODMuNi45NiIgY29kZVN5c3RlbU5hbWU9IlNOT01FRC1DVCIgZGlzcGxheU5hbWU9ImhpcCByZXBsYWNlbWVudCIgLz4NCgkJCQkJCQk8IS0tIERhdGVUaW1lIFN0YXJ0ZWQgLS0+DQoJCQkJCQkJPGVmZmVjdGl2ZVRpbWUgdmFsdWU9IjIwMTEwNDI3IiAvPg0KDQoJCQkJCQkJPCEtLSBQcm9jZWR1cmUgQ29tbWVudCAtLT4NCgkJCQkJCQk8ZW50cnlSZWxhdGlvbnNoaXAgdHlwZUNvZGU9IkNPTVAiPg0KCQkJCQkJCQk8YWN0IGNsYXNzQ29kZT0iSU5GUk0iIG1vb2RDb2RlPSJFVk4iPg0KCQkJCQkJCQkJPGNvZGUgY29kZT0iMTAzLjE1NTk1IiBjb2RlU3lzdGVtPSIxLjIuMzYuMS4yMDAxLjEwMDEuMTAxIiBjb2RlU3lzdGVtTmFtZT0iTkNUSVMgRGF0YSBDb21wb25lbnRzIiBkaXNwbGF5TmFtZT0iUHJvY2VkdXJlIENvbW1lbnQiIC8+DQoJCQkJCQkJCQk8dGV4dCB4c2k6dHlwZT0iU1QiPlByb2NlZHVyZSBDb21tZW50IGdvZXMgaGVyZS48L3RleHQ+DQoJCQkJCQkJCTwvYWN0Pg0KCQkJCQkJCTwvZW50cnlSZWxhdGlvbnNoaXA+DQoJCQkJCQk8L3Byb2NlZHVyZT4NCgkJCQkJPC9lbnRyeT4NCgkJCQkJPCEtLSBFbmQgUHJvY2VkdXJlIC0tPg0KDQoJCQkJCTwhLS0gRXhjbHVzaW9uIFN0YXRlbWVudCAtIFByb2NlZHVyZXMgLS0+DQoJCQkJCTwhLS0gR2xvYmFsIFN0YXRlbWVudCAtLT4NCgkJCQkJPGVudHJ5Pg0KCQkJCQkJPG9ic2VydmF0aW9uIGNsYXNzQ29kZT0iT0JTIiBtb29kQ29kZT0iRVZOIj4NCgkJCQkJCQk8aWQgcm9vdD0iODExNTU0NUMtNzUyRi0xMUUwLUE4RTItOEI4MDQ4MjQwMTlCIiAvPg0KCQkJCQkJCTxjb2RlIGNvZGU9IjEwMy4xNjMwMiIgY29kZVN5c3RlbT0iMS4yLjM2LjEuMjAwMS4xMDAxLjEwMSIgY29kZVN5c3RlbU5hbWU9Ik5DVElTIERhdGEgQ29tcG9uZW50cyIgZGlzcGxheU5hbWU9Ikdsb2JhbCBTdGF0ZW1lbnQiIC8+DQoJCQkJCQkJPHZhbHVlIGNvZGU9IjExIiBjb2RlU3lzdGVtPSIxLjIuMzYuMS4yMDAxLjEwMDEuMTAxLjEwNC4xNjI5OSIgY29kZVN5c3RlbU5hbWU9Ik5DVElTIEdsb2JhbCBTdGF0ZW1lbnQgVmFsdWVzIiBkaXNwbGF5TmFtZT0iTm9uZSBrbm93biIgeHNpOnR5cGU9IkNEIiAvPg0KCQkJCQkJPC9vYnNlcnZhdGlvbj4NCgkJCQkJPC9lbnRyeT4NCgkJCQkJPCEtLSBFbmQgRXhjbHVzaW9uIFN0YXRlbWVudCAtIFByb2NlZHVyZXMgLS0+DQoNCgkJCQkJPCEtLSBPdGhlciBNZWRpY2FsIEhpc3RvcnkgSXRlbSAtLT4NCgkJCQkJPGVudHJ5Pg0KCQkJCQkJPGFjdCBjbGFzc0NvZGU9IkFDVCIgbW9vZENvZGU9IkVWTiI+DQoJCQkJCQkJPGlkIHJvb3Q9IjBDQkUwQjQyLTcwNzItMTFFMC05NEIxLTI2QzI0ODI0MDE5QiIgLz4NCgkJCQkJCQk8Y29kZSBjb2RlPSIxMDIuMTU1MTMiIGNvZGVTeXN0ZW09IjEuMi4zNi4xLjIwMDEuMTAwMS4xMDEiIGNvZGVTeXN0ZW1OYW1lPSJOQ1RJUyBEYXRhIENvbXBvbmVudHMiIGRpc3BsYXlOYW1lPSJPdGhlciBNZWRpY2FsIEhpc3RvcnkgSXRlbSIgLz4NCgkJCQkJCQk8dGV4dCB4c2k6dHlwZT0iU1QiPk90aGVyIE1lZGljYWwgSGlzdG9yeSBJdGVtIGdvZXMgaGVyZS48L3RleHQ+DQoJCQkJCQkJPGF1dGhvcj4NCgkJCQkJCQkJPHRpbWUgdmFsdWU9IjIwMTEwNDI3MTEwMCIgLz4NCgkJCQkJCQkJPGFzc2lnbmVkQXV0aG9yIG51bGxGbGF2b3I9Ik5BIj4NCgkJCQkJCQkJCTxpZCBudWxsRmxhdm9yPSJOQSIgLz4NCgkJCQkJCQkJPC9hc3NpZ25lZEF1dGhvcj4NCgkJCQkJCQk8L2F1dGhvcj4NCgkJCQkJCTwvYWN0Pg0KCQkJCQk8L2VudHJ5Pg0KCQkJCQk8IS0tIEVuZCBPdGhlciBNZWRpY2FsIEhpc3RvcnkgSXRlbSAtLT4NCg0KCQkJCTwvc2VjdGlvbj4NCgkJCTwvY29tcG9uZW50Pg0KCQkJPCEtLSBFbmQgUmV2aWV3ZWQgTWVkaWNhbCBIaXN0b3J5IC0tPg0KDQoJCQk8IS0tIFJldmlld2VkIEltbXVuaXNhdGlvbnMgU2VjdGlvbiAtLT4NCgkJCTxjb21wb25lbnQ+DQoJCQkJPHNlY3Rpb24+DQoJCQkJCTxjb2RlIGNvZGU9IjEwMS4xNjYwMCIgY29kZVN5c3RlbT0iMS4yLjM2LjEuMjAwMS4xMDAxLjEwMSIgY29kZVN5c3RlbU5hbWU9Ik5DVElTIERhdGEgQ29tcG9uZW50cyIgZGlzcGxheU5hbWU9IlJldmlld2VkIEltbXVuaXNhdGlvbnMiIC8+DQoJCQkJCTx0aXRsZT5SZXZpZXdlZCBJbW11bmlzYXRpb25zPC90aXRsZT4NCgkJCQkJPHRleHQ+UmV2aWV3ZWQgSW1tdW5pc2F0aW9ucyBuYXJyYXRpdmUgZ29lcyBoZXJlLjwvdGV4dD4NCg0KCQkJCQk8IS0tIFJldmlld2VkIEltbXVuaXNhdGlvbnMgLS0+DQoJCQkJCTxlbnRyeT4NCgkJCQkJCTxhY3QgY2xhc3NDb2RlPSJBQ1QiIG1vb2RDb2RlPSJFVk4iPg0KCQkJCQkJCTxpZCByb290PSI0NUYzQkUyOC03NTUxLTExRTAtOTcxRC02NUE1NDgyNDAxOUIiIC8+DQoJCQkJCQkJPGNvZGUgY29kZT0iMTAyLjE2NTc2IiBjb2RlU3lzdGVtPSIxLjIuMzYuMS4yMDAxLjEwMDEuMTAxIiBjb2RlU3lzdGVtTmFtZT0iTkNUSVMgRGF0YSBDb21wb25lbnRzIiBkaXNwbGF5TmFtZT0iSW1tdW5pc2F0aW9uIEhpc3RvcnkgUmV2aWV3IiAvPg0KCQkJCQkJCTwhLS0gUmVjb3JkIFJldmlldyBEYXRlVGltZSAtLT4NCgkJCQkJCQk8ZWZmZWN0aXZlVGltZSB2YWx1ZT0iMjAxMTA0MjciIC8+DQoJCQkJCQk8L2FjdD4NCgkJCQkJPC9lbnRyeT4NCgkJCQkJPCEtLSBFbmQgUmV2aWV3ZWQgSW1tdW5pc2F0aW9ucyAtLT4NCg0KCQkJCQk8IS0tIEFkbWluaXN0ZXJlZCBJbW11bmlzYXRpb24gLS0+DQoJCQkJCTxlbnRyeT4NCgkJCQkJCTxzdWJzdGFuY2VBZG1pbmlzdHJhdGlvbiBjbGFzc0NvZGU9IlNCQURNIiBtb29kQ29kZT0iRVZOIj4NCgkJCQkJCQk8IS0tIE1lZGljYXRpb24gQWN0aW9uIERhdGVUaW1lIC0tPg0KCQkJCQkJCTxlZmZlY3RpdmVUaW1lIHZhbHVlPSIyMDExMDQyNyIgLz4NCgkJCQkJCQk8Y29uc3VtYWJsZT4NCgkJCQkJCQkJPG1hbnVmYWN0dXJlZFByb2R1Y3Q+DQoJCQkJCQkJCQk8bWFudWZhY3R1cmVkTWF0ZXJpYWw+DQoJCQkJCQkJCQkJPGNvZGUgY29kZT0iPz8/Pz8iIGNvZGVTeXN0ZW09IjEuMi4zNi4xLjIwMDEuMTAwNC4xMDAiIGNvZGVTeXN0ZW1OYW1lPSJBdXN0cmFsaWFuIE1lZGljaW5jZXMgVGVybWlub2xvZ3kgKEFNVCkiIGRpc3BsYXlOYW1lPSI/Pz8/PyIgLz4NCgkJCQkJCQkJCTwvbWFudWZhY3R1cmVkTWF0ZXJpYWw+DQoJCQkJCQkJCTwvbWFudWZhY3R1cmVkUHJvZHVjdD4NCgkJCQkJCQk8L2NvbnN1bWFibGU+DQoJCQkJCQk8L3N1YnN0YW5jZUFkbWluaXN0cmF0aW9uPg0KCQkJCQk8L2VudHJ5Pg0KCQkJCQk8IS0tIEVuZCBBZG1pbmlzdGVyZWQgSW1tdW5pc2F0aW9uIC0tPg0KDQoJCQkJCTwhLS0gRXhjbHVzaW9uIFN0YXRlbWVudCAtIEltbXVuaXNhdGlvbnMgLS0+DQoJCQkJCTxlbnRyeT4NCgkJCQkJCTxvYnNlcnZhdGlvbiBjbGFzc0NvZGU9Ik9CUyIgbW9vZENvZGU9IkVWTiI+DQoJCQkJCQkJPGNvZGUgY29kZT0iMTAzLjE2MzAyIiBjb2RlU3lzdGVtPSIxLjIuMzYuMS4yMDAxLjEwMDEuMTAxIiBjb2RlU3lzdGVtTmFtZT0iTkNUSVMgRGF0YSBDb21wb25lbnRzIiBkaXNwbGF5TmFtZT0iR2xvYmFsIFN0YXRlbWVudCIgLz4NCgkJCQkJCQk8dmFsdWUgY29kZT0iMDEiIGNvZGVTeXN0ZW09IjEuMi4zNi4xLjIwMDEuMTAwMS4xMDEuMTA0LjE2Mjk5IiBjb2RlU3lzdGVtTmFtZT0iTkNUSVMgR2xvYmFsIFN0YXRlbWVudCBWYWx1ZXMiIGRpc3BsYXlOYW1lPSJOb25lIGtub3duIiB4c2k6dHlwZT0iQ0QiIC8+DQoJCQkJCQk8L29ic2VydmF0aW9uPg0KCQkJCQk8L2VudHJ5Pg0KCQkJCQk8IS0tIEVuZCBFeGNsdXNpb24gU3RhdGVtZW50IC0gSW1tdW5pc2F0aW9ucyAtLT4NCg0KCQkJCTwvc2VjdGlvbj4NCgkJCTwvY29tcG9uZW50Pg0KCQkJPCEtLSBFbmQgUmV2aWV3ZWQgSW1tdW5pc2F0aW9ucyBTZWN0aW9uIC0tPg0KDQoJCTwvc3RydWN0dXJlZEJvZHk+DQoJPC9jb21wb25lbnQ+DQoJPCEtLSBFbmQgQ0RBIEJvZHkgLS0+DQo8L0NsaW5pY2FsRG9jdW1lbnQ+DQo=</Content>
        </Document>
        <Document>
            <Id>2.16.840.1.113883.10.20.4</Id> 
            <Type code="51855-5" 
                codeSystem="2.16.840.1.113883.6.1"
                codeSystemName="LOINC" displayName="Shared Health Summary" />
            <Content xm:contentType="text/xml">PD94bWwgdmVyc2lvbj0iMS4wIiBlbmNvZGluZz0iVVRGLTgiPz4NCjwhLS0gVGhpcyBleGFtcGxlIGlzIHByb3ZpZGVkIGZvciBpbGx1c3RyYXRpdmUgcHVycG9zZXMgb25seS4gSXQgaGFzIGhhZCBubyBjbGluaWNhbCB2YWxpZGF0aW9uLiANCiBXaGlsZSBldmVyeSBlZmZvcnQgaGFzIGJlZW4gdGFrZW4gdG8gZW5zdXJlIHRoYXQgdGhlIGV4YW1wbGVzIGFyZSBjb25zaXN0ZW50IHdpdGggdGhlIG1lc3NhZ2Ugc3BlY2lmaWNhdGlvbiwgDQogd2hlcmUgdGhlcmUgYXJlIGNvbmZsaWN0cyB3aXRoIHRoZSB3cml0dGVuIG1lc3NhZ2Ugc3BlY2lmaWNhdGlvbiBvciBzY2hlbWEsIHRoZSBzcGVjaWZpY2F0aW9uIG9yIHNjaGVtYSANCiBzaGFsbCBiZSBjb25zaWRlcmVkIHRvIHRha2UgcHJlY2VkZW5jZSAtLT4NCjxDbGluaWNhbERvY3VtZW50IHhtbG5zPSJ1cm46aGw3LW9yZzp2MyIgeG1sbnM6ZXh0PSJodHRwOi8vbnMuZWxlY3Ryb25pY2hlYWx0aC5uZXQuYXUvQ2kvQ2RhL0V4dGVuc2lvbnMvMy4wIiB4bWxuczp4cz0iaHR0cDovL3d3dy53My5vcmcvMjAwMS9YTUxTY2hlbWEiDQoJeG1sbnM6eHNpPSJodHRwOi8vd3d3LnczLm9yZy8yMDAxL1hNTFNjaGVtYS1pbnN0YW5jZSI+DQoJPHR5cGVJZCBleHRlbnNpb249IlBPQ0RfSEQwMDAwNDAiIHJvb3Q9IjIuMTYuODQwLjEuMTEzODgzLjEuMyIgLz4NCgk8dGVtcGxhdGVJZCBleHRlbnNpb249IjEuMCIgcm9vdD0iMS4yLjM2LjEuMjAwMS4xMDAxLjEwMS4xMDAuMjAwMDAiIC8+DQoJPGlkIHJvb3Q9IjhCQzM0MDZBLUI5M0YtMTFERS04QTJCLTZBMUM1NkQ4OTU5MyIgLz4NCgk8Y29kZSBjb2RlPSI1MTg1NS01IiBjb2RlU3lzdGVtPSIyLjE2Ljg0MC4xLjExMzg4My42LjEiIGNvZGVTeXN0ZW1OYW1lPSJMT0lOQyIgZGlzcGxheU5hbWU9IlNoYXJlZCBIZWFsdGggU3VtbWFyeSIgLz4NCgk8ZWZmZWN0aXZlVGltZSB2YWx1ZT0iMjAwOTEwMjAxMjM1IiAvPg0KCTxjb25maWRlbnRpYWxpdHlDb2RlIG51bGxGbGF2b3I9Ik5BIiAvPg0KCTxsYW5ndWFnZUNvZGUgY29kZT0iZW4tQVUiIC8+DQoJPHNldElkIHJvb3Q9IjZDNkJBNTZDLUJDOTItMTFERS1BMTcwLUQ4NTU1NkQ4OTU5MyIgLz4NCgk8dmVyc2lvbk51bWJlciB2YWx1ZT0iMSIgLz4NCgk8ZXh0OmNvbXBsZXRpb25Db2RlIGNvZGU9IkYiIGNvZGVTeXN0ZW09IjEuMi4zNi4xLjIwMDEuMTAwMS4xMDEuMTA0LjIwMTA0IiBjb2RlU3lzdGVtTmFtZT0iTkNUSVMgRG9jdW1lbnQgU3RhdHVzIFZhbHVlcyIgZGlzcGxheU5hbWU9IkZpbmFsIiAvPg0KDQoJPCEtLSBCZWdpbiBDREEgSGVhZGVyIC0tPg0KCTwhLS0gQmVnaW4gU3ViamVjdCBvZiBDYXJlIC0gSGVhZGVyIFBhcnQgLS0+DQoJPHJlY29yZFRhcmdldD4NCgkJPHBhdGllbnRSb2xlPg0KDQoJCQk8IS0tIElEIGlzIHVzZWQgZm9yIHN5c3RlbSBwdXJwb3NlcyBzdWNoIGFzIG1hdGNoaW5nIC0tPg0KCQkJPGlkIHJvb3Q9IjdBQTBCQUFDLTBDRDAtMTFFMC05NTE2LTQzNTBERkQ3MjA4NSIgLz4NCg0KCQkJPCEtLSBBZGRyZXNzIC0tPg0KCQkJPGFkZHIgdXNlPSJIIj4NCgkJCQk8c3RyZWV0QWRkcmVzc0xpbmU+MSBDbGluaWNpYW4gU3RyZWV0PC9zdHJlZXRBZGRyZXNzTGluZT4NCgkJCQk8Y2l0eT5OZWh0YXZpbGxlPC9jaXR5Pg0KCQkJCTxzdGF0ZT5RTEQ8L3N0YXRlPg0KCQkJCTxwb3N0YWxDb2RlPjU1NTU8L3Bvc3RhbENvZGU+DQoJCQkJPGFkZGl0aW9uYWxMb2NhdG9yPjMyNTY4OTMxPC9hZGRpdGlvbmFsTG9jYXRvcj4NCgkJCQk8Y291bnRyeT5BdXN0cmFsaWE8L2NvdW50cnk+DQoJCQk8L2FkZHI+DQoNCgkJCTwhLS0gRWxlY3Ryb25pYyBDb21tdW5pY2F0aW9uIERldGFpbCAtLT4NCgkJCTx0ZWxlY29tIHVzZT0iSCIgdmFsdWU9InRlbDowNDk5OTk5OTk5IiAvPg0KDQoJCQk8IS0tIFBhcnRpY2lwYW50IC0tPg0KCQkJPHBhdGllbnQ+DQoNCgkJCQk8IS0tIFBlcnNvbiBOYW1lIC0tPg0KCQkJCTxuYW1lIHVzZT0iTCI+DQoJCQkJCTxwcmVmaXg+TXM8L3ByZWZpeD4NCgkJCQkJPGdpdmVuPlNhbGx5PC9naXZlbj4NCgkJCQkJPGZhbWlseT5HcmFudDwvZmFtaWx5Pg0KCQkJCTwvbmFtZT4NCg0KCQkJCTwhLS0gSW5kaWdlbm91cyBTdGF0dXMgLS0+DQoJCQkJPGV0aG5pY0dyb3VwQ29kZSBjb2RlPSI0IiBjb2RlU3lzdGVtPSIyLjE2Ljg0MC4xLjExMzg4My4zLjg3OSIgY29kZVN5c3RlbU5hbWU9Ik1FVGVPUiIgZGlzcGxheU5hbWU9Ik5laXRoZXIgQWJvcmlnaW5hbCBub3IgVG9ycmVzIFN0cmFpdCBJc2xhbmRlciBvcmlnaW4iIC8+DQoNCgkJCQk8IS0tIFNleCAtLT4NCgkJCQk8YWRtaW5pc3RyYXRpdmVHZW5kZXJDb2RlIGNvZGU9IkYiIGNvZGVTeXN0ZW09IjIuMTYuODQwLjEuMTEzODgzLjEzLjY4IiBjb2RlU3lzdGVtTmFtZT0iQVMgNTAxNy0yMDA2IEhlYWx0aCBDYXJlIENsaWVudCBJZGVudGlmaWVyIFNleCIgLz4NCg0KCQkJCTwhLS0gRGF0ZSBvZiBCaXJ0aCAtLT4NCgkJCQk8YmlydGhUaW1lIHZhbHVlPSIxOTQ4MDYwNyIgLz4NCg0KCQkJCTwhLS0gTXVsdGlwbGUgQmlydGggSW5kaWNhdG9yIC0tPg0KCQkJCTxleHQ6bXVsdGlwbGVCaXJ0aEluZCB2YWx1ZT0idHJ1ZSIgLz4NCgkJCQk8ZXh0Om11bHRpcGxlQmlydGhPcmRlck51bWJlciB2YWx1ZT0iMiIgLz4NCg0KCQkJCTwhLS0gRGF0ZSBvZiBEZWF0aCAtLT4NCgkJCQk8ZXh0OmRlY2Vhc2VkSW5kIHZhbHVlPSJ0cnVlIiAvPg0KCQkJCTxleHQ6ZGVjZWFzZWRUaW1lIHZhbHVlPSIyMDEwMTIwMSIgLz4NCg0KCQkJCTwhLS0gQ291bnRyeSBvZiBCaXJ0aCAtLT4NCgkJCQk8YmlydGhwbGFjZT4NCgkJCQkJPHBsYWNlPg0KCQkJCQkJPGFkZHI+DQoJCQkJCQkJPGNvdW50cnk+ODEwNDwvY291bnRyeT4NCgkJCQkJCTwvYWRkcj4NCgkJCQkJPC9wbGFjZT4NCgkJCQk8L2JpcnRocGxhY2U+DQoNCgkJCQk8IS0tIEVudGl0eSBJZGVudGlmaWVyIC0tPg0KCQkJCTxleHQ6YXNFbnRpdHlJZGVudGlmaWVyIGNsYXNzQ29kZT0iSURFTlQiPg0KCQkJCQk8ZXh0OmlkIGFzc2lnbmluZ0F1dGhvcml0eU5hbWU9IklISSIgcm9vdD0iMS4yLjM2LjEuMjAwMS4xMDAzLjAuODAwMzYwMTIzNDUxMjM0NSIgLz4NCgkJCQkJPGV4dDphc3NpZ25pbmdHZW9ncmFwaGljQXJlYSBjbGFzc0NvZGU9IlBMQyI+DQoJCQkJCQk8ZXh0Om5hbWU+TmF0aW9uYWwgSWRlbnRpZmllcjwvZXh0Om5hbWU+DQoJCQkJCTwvZXh0OmFzc2lnbmluZ0dlb2dyYXBoaWNBcmVhPg0KCQkJCTwvZXh0OmFzRW50aXR5SWRlbnRpZmllcj4NCg0KCQkJPC9wYXRpZW50Pg0KCQk8L3BhdGllbnRSb2xlPg0KCTwvcmVjb3JkVGFyZ2V0Pg0KCTwhLS0gRW5kIFN1YmplY3Qgb2YgQ2FyZSAtIEhlYWRlciBQYXJ0IC0tPg0KDQoJPCEtLSBCZWdpbiBEb2N1bWVudCBBdXRob3IgLS0+DQoJPGF1dGhvcj4NCg0KCQk8IS0tIE11c3QgaG9sZCBzYW1lIHZhbHVlIGFzIERhdGVUaW1lIGF0dGVzdGVkIChDbGluaWNhbERvY3VtZW50LmxlZ2FsQXV0aGVudGljYXRvci50aW1lKSAtLT4NCgkJPHRpbWUgdmFsdWU9IjIwMDkxMDIwMTIzNSIgLz4NCg0KCQk8YXNzaWduZWRBdXRob3I+DQoNCgkJCTwhLS0gSUQgaXMgdXNlZCBmb3Igc3lzdGVtIHB1cnBvc2VzIHN1Y2ggYXMgbWF0Y2hpbmcgLS0+DQoJCQk8aWQgcm9vdD0iN0ZDQjBFQzQtMENEMC0xMUUwLTlERkMtOEY1MERGRDcyMDg1IiAvPg0KDQoJCQk8IS0tIFJvbGUgLS0+DQoJCQk8Y29kZSBjb2RlPSIyNTMzMTciIGNvZGVTeXN0ZW09IjIuMTYuODQwLjEuMTEzODgzLjEzLjYyIiBjb2RlU3lzdGVtTmFtZT0iMTIyMC4wIC0gQU5aU0NPIC0gQXVzdHJhbGlhbiBhbmQgTmV3IFplYWxhbmQgU3RhbmRhcmQgQ2xhc3NpZmljYXRpb24gb2YgT2NjdXBhdGlvbnMsIEZpcnN0IEVkaXRpb24sIDIwMDYiDQoJCQkJZGlzcGxheU5hbWU9IkludGVuc2l2ZSBDYXJlIFNwZWNpYWxpc3QiIC8+DQoNCgkJCTwhLS0gQWRkcmVzcyAtLT4NCgkJCTxhZGRyIHVzZT0iV1AiPg0KCQkJCTxzdHJlZXRBZGRyZXNzTGluZT4xIENsaW5pY2lhbiBTdHJlZXQ8L3N0cmVldEFkZHJlc3NMaW5lPg0KCQkJCTxjaXR5Pk5laHRhdmlsbGU8L2NpdHk+DQoJCQkJPHN0YXRlPlFMRDwvc3RhdGU+DQoJCQkJPHBvc3RhbENvZGU+NTU1NTwvcG9zdGFsQ29kZT4NCgkJCQk8YWRkaXRpb25hbExvY2F0b3I+MzI1Njg5MzE8L2FkZGl0aW9uYWxMb2NhdG9yPg0KCQkJCTxjb3VudHJ5PkF1c3RyYWxpYTwvY291bnRyeT4NCgkJCTwvYWRkcj4NCg0KCQkJPCEtLSBFbGVjdHJvbmljIENvbW11bmljYXRpb24gRGV0YWlsIC0tPg0KCQkJPHRlbGVjb20gdXNlPSJXUCIgdmFsdWU9InRlbDowNzEyMzQxMjM0IiAvPg0KDQoJCQk8IS0tIFBhcnRpY2lwYW50IC0tPg0KCQkJPGFzc2lnbmVkUGVyc29uPg0KDQoJCQkJPCEtLSBQZXJzb24gTmFtZSAtLT4NCgkJCQk8bmFtZT4NCgkJCQkJPHByZWZpeD5Eci48L3ByZWZpeD4NCgkJCQkJPGdpdmVuPkdvb2Q8L2dpdmVuPg0KCQkJCQk8ZmFtaWx5PkRvY3RvcjwvZmFtaWx5Pg0KCQkJCTwvbmFtZT4NCg0KCQkJCTwhLS0gU2V4IC0tPg0KCQkJCTxleHQ6YWRtaW5pc3RyYXRpdmVHZW5kZXJDb2RlIGNvZGU9Ik0iIGNvZGVTeXN0ZW09IjIuMTYuODQwLjEuMTEzODgzLjEzLjY4IiBjb2RlU3lzdGVtTmFtZT0iQVMgNTAxNy0yMDA2IEhlYWx0aCBDYXJlIENsaWVudCBJZGVudGlmaWVyIFNleCIgLz4NCg0KCQkJCTwhLS0gRGF0ZSBvZiBCaXJ0aCAtLT4NCgkJCQk8ZXh0OmJpcnRoVGltZSB2YWx1ZT0iMTk0ODA2MDciIC8+DQoNCgkJCQk8IS0tIEVudGl0eSBJZGVudGlmaWVyIC0tPg0KCQkJCTxleHQ6YXNFbnRpdHlJZGVudGlmaWVyIGNsYXNzQ29kZT0iSURFTlQiPg0KCQkJCQk8ZXh0OmlkIGFzc2lnbmluZ0F1dGhvcml0eU5hbWU9IkhQSS1JIiByb290PSIxLjIuMzYuMS4yMDAxLjEwMDMuMC44MDAzNjExMjM0NTY3ODkwIiAvPg0KCQkJCQk8ZXh0OmFzc2lnbmluZ0dlb2dyYXBoaWNBcmVhIGNsYXNzQ29kZT0iUExDIj4NCgkJCQkJCTxleHQ6bmFtZT5OYXRpb25hbCBJZGVudGlmaWVyPC9leHQ6bmFtZT4NCgkJCQkJPC9leHQ6YXNzaWduaW5nR2VvZ3JhcGhpY0FyZWE+DQoJCQkJPC9leHQ6YXNFbnRpdHlJZGVudGlmaWVyPg0KDQoJCQk8L2Fzc2lnbmVkUGVyc29uPg0KDQoJCQk8IS0tIEVtcGxveW1lbnQgRGV0YWlsIC0tPg0KCQkJPCEtLSBFbXBsb3llciBPcmdhbmlzYXRpb24gKFBhcnRpY2lwYW50IChPcmdhbmlzYXRpb24pKSAtLT4NCgkJCTxyZXByZXNlbnRlZE9yZ2FuaXphdGlvbj4NCg0KCQkJCTwhLS0gRGVwYXJ0bWVudC9Vbml0IC0tPg0KCQkJCTxuYW1lPlN1cmdpY2FsIFdhcmQ8L25hbWU+DQoNCgkJCQk8YXNPcmdhbml6YXRpb25QYXJ0T2Y+DQoJCQkJCTx3aG9sZU9yZ2FuaXphdGlvbj4NCg0KCQkJCQkJPCEtLSBPcmdhbmlzYXRpb24gTmFtZSAtLT4NCgkJCQkJCTxuYW1lIHVzZT0iTCI+R29vZCBIb3NwaXRhbDwvbmFtZT4NCgkJCQkJPC93aG9sZU9yZ2FuaXphdGlvbj4NCgkJCQk8L2FzT3JnYW5pemF0aW9uUGFydE9mPg0KDQoJCQkJPCEtLSBFbnRpdHkgSWRlbnRpZmllciAtLT4NCgkJCQk8ZXh0OmFzRW50aXR5SWRlbnRpZmllciBjbGFzc0NvZGU9IklERU5UIj4NCgkJCQkJPGV4dDppZCBhc3NpZ25pbmdBdXRob3JpdHlOYW1lPSJIUEktTyIgcm9vdD0iMS4yLjM2LjEuMjAwMS4xMDAzLjAuODAwMzYyMTIzMTE2Nzg5MCIgLz4NCgkJCQkJPGV4dDphc3NpZ25pbmdHZW9ncmFwaGljQXJlYSBjbGFzc0NvZGU9IlBMQyI+DQoJCQkJCQk8ZXh0Om5hbWU+TmF0aW9uYWwgSWRlbnRpZmllcjwvZXh0Om5hbWU+DQoJCQkJCTwvZXh0OmFzc2lnbmluZ0dlb2dyYXBoaWNBcmVhPg0KCQkJCTwvZXh0OmFzRW50aXR5SWRlbnRpZmllcj4NCg0KCQkJPC9yZXByZXNlbnRlZE9yZ2FuaXphdGlvbj4NCg0KCQk8L2Fzc2lnbmVkQXV0aG9yPg0KCTwvYXV0aG9yPg0KCTwhLS0gRW5kIERvY3VtZW50IEF1dGhvciAtLT4NCg0KCTwhLS0gQmVnaW4gQ3VzdG9kaWFuIC0tPg0KCTxjdXN0b2RpYW4+DQoJCTxhc3NpZ25lZEN1c3RvZGlhbj4NCgkJCTxyZXByZXNlbnRlZEN1c3RvZGlhbk9yZ2FuaXphdGlvbj4NCg0KCQkJCTwhLS0gSUQgaXMgdXNlZCBmb3Igc3lzdGVtIHB1cnBvc2VzIHN1Y2ggYXMgbWF0Y2hpbmcgLS0+DQoJCQkJPGlkIHJvb3Q9Ijg0NjRDNkJFLTBDRDAtMTFFMC1CNDVBLTkyNTBERkQ3MjA4NSIgLz4NCgkJCQk8bmFtZT5PeiBIZWFsdGggQ2xpbmljPC9uYW1lPg0KDQoJCQkJPCEtLSBFbnRpdHkgSWRlbnRpZmllciAtLT4NCgkJCQk8ZXh0OmFzRW50aXR5SWRlbnRpZmllciBjbGFzc0NvZGU9IklERU5UIj4NCgkJCQkJPGV4dDppZCBhc3NpZ25pbmdBdXRob3JpdHlOYW1lPSJIUEktTyIgcm9vdD0iMS4yLjM2LjEuMjAwMS4xMDAzLjAuODA2NjYyMTc3MTE2Nzg4OCIgLz4NCgkJCQkJPGV4dDphc3NpZ25pbmdHZW9ncmFwaGljQXJlYSBjbGFzc0NvZGU9IlBMQyI+DQoJCQkJCQk8ZXh0Om5hbWU+TmF0aW9uYWwgSWRlbnRpZmllcjwvZXh0Om5hbWU+DQoJCQkJCTwvZXh0OmFzc2lnbmluZ0dlb2dyYXBoaWNBcmVhPg0KCQkJCTwvZXh0OmFzRW50aXR5SWRlbnRpZmllcj4NCg0KCQkJPC9yZXByZXNlbnRlZEN1c3RvZGlhbk9yZ2FuaXphdGlvbj4NCgkJPC9hc3NpZ25lZEN1c3RvZGlhbj4NCgk8L2N1c3RvZGlhbj4NCgk8IS0tIEVuZCBDdXN0b2RpYW4gLS0+DQoNCgk8IS0tIFN0YXJ0IEluZm9ybWF0aW9uIFJlY2lwaWVudCAtIFByaW1hcnkgLS0+DQoJPGluZm9ybWF0aW9uUmVjaXBpZW50IHR5cGVDb2RlPSJQUkNQIj4NCgkJPGludGVuZGVkUmVjaXBpZW50Pg0KDQoJCQk8IS0tIElEIGlzIHVzZWQgZm9yIHN5c3RlbSBwdXJwb3NlcyBzdWNoIGFzIG1hdGNoaW5nIC0tPg0KCQkJPGlkIHJvb3Q9IjhBRjVGOEY0LTBDRDAtMTFFMC1BQzQ4LTkzNTBERkQ3MjA4NSIgLz4NCg0KCQkJPGFkZHIgdXNlPSJXUCI+DQoJCQkJPHN0cmVldEFkZHJlc3NMaW5lPjEgUHJpbWFyeSBDYXJlIFByb3ZpZGVyIFN0cmVldDwvc3RyZWV0QWRkcmVzc0xpbmU+DQoJCQkJPGNpdHk+TmVodGF2aWxsZTwvY2l0eT4NCgkJCQk8c3RhdGU+UUxEPC9zdGF0ZT4NCgkJCQk8cG9zdGFsQ29kZT41NTU1PC9wb3N0YWxDb2RlPg0KCQkJCTxhZGRpdGlvbmFsTG9jYXRvcj4zMjU2ODkzMTwvYWRkaXRpb25hbExvY2F0b3I+DQoJCQkJPGNvdW50cnk+QXVzdHJhbGlhPC9jb3VudHJ5Pg0KCQkJPC9hZGRyPg0KCQkJPHRlbGVjb20gdXNlPSJXUCIgdmFsdWU9InRlbDowNzEyMzQxMjQ1IiAvPg0KCQkJPGluZm9ybWF0aW9uUmVjaXBpZW50Pg0KDQoJCQkJPCEtLSBQZXJzb24gTmFtZSAtLT4NCgkJCQk8bmFtZT4NCgkJCQkJPHByZWZpeD5Eci48L3ByZWZpeD4NCgkJCQkJPGdpdmVuPkluZm9ybWF0aW9uPC9naXZlbj4NCgkJCQkJPGZhbWlseT5SZWNpcGllbnQ8L2ZhbWlseT4NCgkJCQk8L25hbWU+DQoNCgkJCQk8IS0tIFNleCAtLT4NCgkJCQk8ZXh0OmFkbWluaXN0cmF0aXZlR2VuZGVyQ29kZSBjb2RlPSJGIiBjb2RlU3lzdGVtPSIyLjE2Ljg0MC4xLjExMzg4My4xMy42OCIgY29kZVN5c3RlbU5hbWU9IkFTIDUwMTctMjAwNiBIZWFsdGggQ2FyZSBDbGllbnQgSWRlbnRpZmllciBTZXgiIC8+DQoNCgkJCQk8IS0tIERhdGUgb2YgQmlydGggLS0+DQoJCQkJPGV4dDpiaXJ0aFRpbWUgdmFsdWU9IjE5NjgxMDA3IiAvPg0KDQoJCQkJPCEtLSBFbnRpdHkgSWRlbnRpZmllciAtLT4NCgkJCQk8ZXh0OmFzRW50aXR5SWRlbnRpZmllciBjbGFzc0NvZGU9IklERU5UIj4NCgkJCQkJPGV4dDppZCBhc3NpZ25pbmdBdXRob3JpdHlOYW1lPSJIUEktSSIgcm9vdD0iMS4yLjM2LjEuMjAwMS4xMDAzLjAuODAwMzYxMTIyMjU2Nzg5MCIgLz4NCgkJCQkJPGV4dDphc3NpZ25pbmdHZW9ncmFwaGljQXJlYSBjbGFzc0NvZGU9IlBMQyI+DQoJCQkJCQk8ZXh0Om5hbWU+TmF0aW9uYWwgSWRlbnRpZmllcjwvZXh0Om5hbWU+DQoJCQkJCTwvZXh0OmFzc2lnbmluZ0dlb2dyYXBoaWNBcmVhPg0KCQkJCTwvZXh0OmFzRW50aXR5SWRlbnRpZmllcj4NCg0KCQkJPC9pbmZvcm1hdGlvblJlY2lwaWVudD4NCg0KCQkJPHJlY2VpdmVkT3JnYW5pemF0aW9uPg0KCQkJCTxuYW1lPkluZm9ybWF0aW9uIFJlY2lwaWVudCBDbGluaWMgTmFtZTwvbmFtZT4NCg0KCQkJCTwhLS0gRW50aXR5IElkZW50aWZpZXIgLS0+DQoJCQkJPGV4dDphc0VudGl0eUlkZW50aWZpZXIgY2xhc3NDb2RlPSJJREVOVCI+DQoJCQkJCTxleHQ6aWQgYXNzaWduaW5nQXV0aG9yaXR5TmFtZT0iSFBJLU8iIHJvb3Q9IjEuMi4zNi4xLjIwMDEuMTAwMy4wLjgwMDM2MjE3NzExNjc4ODgiIC8+DQoJCQkJCTxleHQ6YXNzaWduaW5nR2VvZ3JhcGhpY0FyZWEgY2xhc3NDb2RlPSJQTEMiPg0KCQkJCQkJPGV4dDpuYW1lPk5hdGlvbmFsIElkZW50aWZpZXI8L2V4dDpuYW1lPg0KCQkJCQk8L2V4dDphc3NpZ25pbmdHZW9ncmFwaGljQXJlYT4NCgkJCQk8L2V4dDphc0VudGl0eUlkZW50aWZpZXI+DQoNCgkJCTwvcmVjZWl2ZWRPcmdhbml6YXRpb24+DQoJCTwvaW50ZW5kZWRSZWNpcGllbnQ+DQoJPC9pbmZvcm1hdGlvblJlY2lwaWVudD4NCgk8IS0tIEVuZCBJbmZvcm1hdGlvbiBSZWNpcGllbnQgLSBQcmltYXJ5IC0tPg0KDQoJPCEtLSBCZWdpbiBEb2N1bWVudCBSZWNpcGllbnQgRGV0YWlsIChPcmdhbmlzYXRpb24pIC0tPg0KCTxpbmZvcm1hdGlvblJlY2lwaWVudCB0eXBlQ29kZT0iVFJDIj4NCgkJPGludGVuZGVkUmVjaXBpZW50Pg0KDQoJCQk8IS0tIElEIGlzIHVzZWQgZm9yIHN5c3RlbSBwdXJwb3NlcyBzdWNoIGFzIG1hdGNoaW5nIC0tPg0KCQkJPGlkIHJvb3Q9Ijk1OEEwRTkwLTBDRDAtMTFFMC1BNDNFLUFBNTBERkQ3MjA4NSIgLz4NCgkJCTxleHQ6Y29kZSBjb2RlPSI4MDUyMjAwMCIgY29kZVN5c3RlbT0iMi4xNi44NDAuMS4xMTM4ODMuNi45NiIgY29kZVN5c3RlbU5hbWU9IlNOT01FRC1DVCIgY29kZVN5c3RlbVZlcnNpb249IjIwMDkwNzMxIiBkaXNwbGF5TmFtZT0iUmVoYWJpbGl0YXRpb24gaG9zaXBpdGFsIiAvPg0KCQkJPGFkZHIgdXNlPSJXUCI+DQoJCQkJPHN0cmVldEFkZHJlc3NMaW5lPjk5IFJlaGFiIFJvYWQ8L3N0cmVldEFkZHJlc3NMaW5lPg0KCQkJCTxjaXR5Pk5laHRhdmlsbGU8L2NpdHk+DQoJCQkJPHN0YXRlPlFMRDwvc3RhdGU+DQoJCQkJPHBvc3RhbENvZGU+NTU1NTwvcG9zdGFsQ29kZT4NCgkJCQk8YWRkaXRpb25hbExvY2F0b3I+MzI1Njg5MzE8L2FkZGl0aW9uYWxMb2NhdG9yPg0KCQkJCTxjb3VudHJ5PkF1c3RyYWxpYTwvY291bnRyeT4NCgkJCTwvYWRkcj4NCgkJCTx0ZWxlY29tIHVzZT0iV1AiIHZhbHVlPSJ0ZWw6MDcxMjM0MTk5OSIgLz4NCgkJCTxyZWNlaXZlZE9yZ2FuaXphdGlvbj4NCgkJCQk8bmFtZSB1c2U9IkwiPkZvb3QgUmVoYWIgRGVwYXJ0bWVudCA8dmFsaWRUaW1lPg0KCQkJCQkJPGxvdyB2YWx1ZT0iMTk5NTAxMDEiIC8+DQoJCQkJCTwvdmFsaWRUaW1lPjwvbmFtZT4NCgkJCQk8YXNPcmdhbml6YXRpb25QYXJ0T2Y+DQoNCgkJCQkJPCEtLSBJRCBpcyB1c2VkIGZvciBzeXN0ZW0gcHVycG9zZXMgc3VjaCBhcyBtYXRjaGluZyAtLT4NCgkJCQkJPGlkIHJvb3Q9IjlCRTg1NzdFLTBDRDAtMTFFMC04RDE5LUFCNTBERkQ3MjA4NSIgLz4NCgkJCQkJPHdob2xlT3JnYW5pemF0aW9uPg0KCQkJCQkJPG5hbWUgdXNlPSJMIj5SZWhhYiBDbGluaWMgTmFtZTwvbmFtZT4NCg0KCQkJCQkJPCEtLSBFbnRpdHkgSWRlbnRpZmllciAtLT4NCgkJCQkJCTxleHQ6YXNFbnRpdHlJZGVudGlmaWVyIGNsYXNzQ29kZT0iSURFTlQiPg0KCQkJCQkJCTxleHQ6aWQgYXNzaWduaW5nQXV0aG9yaXR5TmFtZT0iSFBJLU8iIHJvb3Q9IjEuMi4zNi4xLjIwMDEuMTAwMy4wLjgwMDM2MjE3NDQxNjc4ODgiIC8+DQoJCQkJCQkJPGV4dDphc3NpZ25pbmdHZW9ncmFwaGljQXJlYSBjbGFzc0NvZGU9IlBMQyI+DQoJCQkJCQkJCTxleHQ6bmFtZT5OYXRpb25hbCBJZGVudGlmaWVyPC9leHQ6bmFtZT4NCgkJCQkJCQk8L2V4dDphc3NpZ25pbmdHZW9ncmFwaGljQXJlYT4NCgkJCQkJCTwvZXh0OmFzRW50aXR5SWRlbnRpZmllcj4NCg0KCQkJCQk8L3dob2xlT3JnYW5pemF0aW9uPg0KCQkJCTwvYXNPcmdhbml6YXRpb25QYXJ0T2Y+DQoJCQk8L3JlY2VpdmVkT3JnYW5pemF0aW9uPg0KCQk8L2ludGVuZGVkUmVjaXBpZW50Pg0KCTwvaW5mb3JtYXRpb25SZWNpcGllbnQ+DQoJPCEtLSBFbmQgRG9jdW1lbnQgUmVjaXBpZW50IERldGFpbCAoT3JnYW5pc2F0aW9uKSAtLT4NCg0KCTwhLS0gQmVnaW4gQXV0aGVudGljYXRvciAtLT4NCgk8bGVnYWxBdXRoZW50aWNhdG9yPg0KDQoJCTwhLS0gRGF0ZVRpbWUgQXR0ZXN0ZWQgLS0+DQoJCTx0aW1lIHZhbHVlPSIyMDA5MTAyMDEyMzUiIC8+DQoJCTxzaWduYXR1cmVDb2RlIGNvZGU9IlMiIC8+DQoJCTxhc3NpZ25lZEVudGl0eT4NCg0KCQkJPCEtLSBJRCBpcyB1c2VkIGZvciBzeXN0ZW0gcHVycG9zZXMgc3VjaCBhcyBtYXRjaGluZyAtLT4NCgkJCTxpZCByb290PSJCOEU3MUFDMi0wQ0QwLTExRTAtODc0Ni1DRTUwREZENzIwODUiIC8+DQoJCQk8Y29kZSBjb2RlPSJBVCIgY29kZVN5c3RlbT0iMi4xNi44NDAuMS4xMTM4ODMuMTIuNDQzIiBjb2RlU3lzdGVtTmFtZT0iSEw3IFByb3ZpZGVyIFJvbGUiIGRpc3BsYXlOYW1lPSJBdHRlbmRpbmciIC8+DQoJCQk8YWRkciB1c2U9IkgiPg0KCQkJCTxzdHJlZXRBZGRyZXNzTGluZT4xIENsaW5pY2lhbiBTdHJlZXQ8L3N0cmVldEFkZHJlc3NMaW5lPg0KCQkJCTxjaXR5Pk5laHRhdmlsbGU8L2NpdHk+DQoJCQkJPHN0YXRlPlFMRDwvc3RhdGU+DQoJCQkJPHBvc3RhbENvZGU+NTU1NTwvcG9zdGFsQ29kZT4NCgkJCQk8YWRkaXRpb25hbExvY2F0b3I+MzI1Njg5MzE8L2FkZGl0aW9uYWxMb2NhdG9yPg0KCQkJCTxjb3VudHJ5PkF1c3RyYWxpYTwvY291bnRyeT4NCgkJCTwvYWRkcj4NCgkJCTx0ZWxlY29tIHVzZT0iV1AiIHZhbHVlPSJ0ZWw6MDcxMjM0MTIzNCIgLz4NCgkJCTxhc3NpZ25lZFBlcnNvbj4NCg0KCQkJCTwhLS0gUGVyc29uIE5hbWUgLS0+DQoJCQkJPG5hbWU+DQoJCQkJCTxwcmVmaXg+RHIuPC9wcmVmaXg+DQoJCQkJCTxnaXZlbj5Hb29kPC9naXZlbj4NCgkJCQkJPGZhbWlseT5Eb2N0b3I8L2ZhbWlseT4NCgkJCQk8L25hbWU+DQoNCgkJCQk8IS0tIFNleCAtLT4NCgkJCQk8ZXh0OmFkbWluaXN0cmF0aXZlR2VuZGVyQ29kZSBjb2RlPSJNIiBjb2RlU3lzdGVtPSIyLjE2Ljg0MC4xLjExMzg4My4xMy42OCIgY29kZVN5c3RlbU5hbWU9IkFTIDUwMTctMjAwNiBIZWFsdGggQ2FyZSBDbGllbnQgSWRlbnRpZmllciBTZXgiIC8+DQoNCgkJCQk8IS0tIERhdGUgb2YgQmlydGggLS0+DQoJCQkJPGV4dDpiaXJ0aFRpbWUgdmFsdWU9IjE5NzgwNjA3IiAvPg0KDQoJCQkJPCEtLSBFbnRpdHkgSWRlbnRpZmllciAtLT4NCgkJCQk8ZXh0OmFzRW50aXR5SWRlbnRpZmllciBjbGFzc0NvZGU9IklERU5UIj4NCgkJCQkJPGV4dDppZCBhc3NpZ25pbmdBdXRob3JpdHlOYW1lPSJIUEktSSIgcm9vdD0iMS4yLjM2LjEuMjAwMS4xMDAzLjAuODExMzYxMTIzNDU2Nzg5MCIgLz4NCgkJCQkJPGV4dDphc3NpZ25pbmdHZW9ncmFwaGljQXJlYSBjbGFzc0NvZGU9IlBMQyI+DQoJCQkJCQk8ZXh0Om5hbWU+TmF0aW9uYWwgSWRlbnRpZmllcjwvZXh0Om5hbWU+DQoJCQkJCTwvZXh0OmFzc2lnbmluZ0dlb2dyYXBoaWNBcmVhPg0KCQkJCTwvZXh0OmFzRW50aXR5SWRlbnRpZmllcj4NCg0KCQkJPC9hc3NpZ25lZFBlcnNvbj4NCg0KCQkJPHJlcHJlc2VudGVkT3JnYW5pemF0aW9uPg0KCQkJCTxuYW1lPk96IEhlYWx0aCBDbGluaWM8L25hbWU+DQoNCgkJCQk8IS0tIEVudGl0eSBJZGVudGlmaWVyIC0tPg0KCQkJCTxleHQ6YXNFbnRpdHlJZGVudGlmaWVyIGNsYXNzQ29kZT0iSURFTlQiPg0KCQkJCQk8ZXh0OmlkIGFzc2lnbmluZ0F1dGhvcml0eU5hbWU9IkhQSS1PIiByb290PSIxLjIuMzYuMS4yMDAxLjEwMDMuMC44MjIzNjIxNzcxMTY3ODg4IiAvPg0KCQkJCQk8ZXh0OmFzc2lnbmluZ0dlb2dyYXBoaWNBcmVhIGNsYXNzQ29kZT0iUExDIj4NCgkJCQkJCTxleHQ6bmFtZT5OYXRpb25hbCBJZGVudGlmaWVyPC9leHQ6bmFtZT4NCgkJCQkJPC9leHQ6YXNzaWduaW5nR2VvZ3JhcGhpY0FyZWE+DQoJCQkJPC9leHQ6YXNFbnRpdHlJZGVudGlmaWVyPg0KDQoJCQk8L3JlcHJlc2VudGVkT3JnYW5pemF0aW9uPg0KCQk8L2Fzc2lnbmVkRW50aXR5Pg0KCTwvbGVnYWxBdXRoZW50aWNhdG9yPg0KCTwhLS0gRW5kIEF1dGhlbnRpY2F0b3IgLS0+DQoNCgk8IS0tIEJlZ2luIEVuY291bnRlciAoaGVhZGVyIHBhcnQpIC0tPg0KCTxjb21wb25lbnRPZj4NCgkJPGVuY29tcGFzc2luZ0VuY291bnRlcj4NCg0KCQkJPCEtLSBUaGlzIGlzIGEgbWFuZGF0b3J5IGVsZW1lbnQgLS0+DQoJCQk8ZWZmZWN0aXZlVGltZSBudWxsRmxhdm9yPSJOQSIgLz4NCg0KCQk8L2VuY29tcGFzc2luZ0VuY291bnRlcj4NCgk8L2NvbXBvbmVudE9mPg0KCTwhLS0gRW5kIEVuY291bnRlciAoaGVhZGVyIHBhcnQpIC0tPg0KCTwhLS0gRW5kIENEQSBIZWFkZXIgLS0+DQoNCgk8IS0tIEJlZ2luIENEQSBCb2R5IC0tPg0KCTxjb21wb25lbnQ+DQoJCTxzdHJ1Y3R1cmVkQm9keT4NCg0KCQkJPCEtLSBSZXZpZXdlZCBBZHZlcnNlIFN1YnN0YW5jZSBSZWFjdGlvbnMgLS0+DQoJCQk8Y29tcG9uZW50Pg0KCQkJCTxzZWN0aW9uPg0KCQkJCQk8Y29kZSBjb2RlPSIxMDEuMjAxMTMiIGNvZGVTeXN0ZW09IjEuMi4zNi4xLjIwMDEuMTAwMS4xMDEiIGNvZGVTeXN0ZW1OYW1lPSJOQ1RJUyBEYXRhIENvbXBvbmVudHMiIGRpc3BsYXlOYW1lPSJSZXZpZXdlZCBBZHZlcnNlIFN1YnN0YW5jZSBSZWFjdGlvbnMiIC8+DQoJCQkJCTx0aXRsZT5SZXZpZXdlZCBBZHZlcnNlIFN1YnN0YW5jZSBSZWFjdGlvbnM8L3RpdGxlPg0KCQkJCQk8dGV4dD5SZXZpZXdlZCBBZHZlcnNlIFN1YnN0YW5jZSBSZWFjdGlvbnMgbmFycmF0aXZlIGdvZXMgaGVyZS48L3RleHQ+DQoNCgkJCQkJPCEtLSBBZHZlcnNlIFN1YnN0YW5jZSBSZWFjdGlvbiBSZXZpZXcgLS0+DQoJCQkJCTxlbnRyeT4NCgkJCQkJCTxhY3QgY2xhc3NDb2RlPSJBQ1QiIG1vb2RDb2RlPSJFVk4iPg0KCQkJCQkJCTxjb2RlIGNvZGU9IjEwMi4xNjU3NiIgY29kZVN5c3RlbT0iMS4yLjM2LjEuMjAwMS4xMDAxLjEwMSIgY29kZVN5c3RlbU5hbWU9Ik5DVElTIERhdGEgQ29tcG9uZW50cyIgZGlzcGxheU5hbWU9IkFkdmVyc2UgU3Vic3RhbmNlIFJlYWN0aW9ucyBSZXZpZXciIC8+DQoJCQkJCQkJPCEtLSBSZWNvcmQgUmV2aWV3IERhdGVUaW1lIC0tPg0KCQkJCQkJCTxlZmZlY3RpdmVUaW1lIHZhbHVlPSIyMDEwMTIyNSIgLz4NCgkJCQkJCTwvYWN0Pg0KCQkJCQk8L2VudHJ5Pg0KCQkJCQk8IS0tIEVuZCBBZHZlcnNlIFN1YnN0YW5jZSBSZWFjdGlvbiBSZXZpZXcgLS0+DQoNCgkJCQkJPCEtLSBBZHZlcnNlIFN1YnN0YW5jZSBSZWFjdGlvbiAtLT4NCgkJCQkJPGVudHJ5Pg0KCQkJCQkJPGFjdCBjbGFzc0NvZGU9IkFDVCIgbW9vZENvZGU9IkVWTiI+DQoJCQkJCQkJPGNvZGUgY29kZT0iMTAyLjE2NDczIiBjb2RlU3lzdGVtPSIxLjIuMzYuMS4yMDAxLjEwMDEuMTAxIiBjb2RlU3lzdGVtTmFtZT0iTkNUSVMgRGF0YSBDb21wb25lbnRzIiBkaXNwbGF5TmFtZT0iQWR2ZXJzZSBTdWJzdGFuY2UgUmVhY3Rpb24iIC8+DQoJCQkJCQkJPCEtLSBTdWJzdGFuY2UvQWdlbnQgLS0+DQoJCQkJCQkJPHBhcnRpY2lwYW50IHR5cGVDb2RlPSJDQUdOVCI+DQoJCQkJCQkJCTxwYXJ0aWNpcGFudFJvbGU+DQoJCQkJCQkJCQk8cGxheWluZ0VudGl0eT4NCgkJCQkJCQkJCQk8Y29kZSBjb2RlPSI5MDU4MDAwOCIgY29kZVN5c3RlbT0iMi4xNi44NDAuMS4xMTM4ODMuNi45NiIgY29kZVN5c3RlbU5hbWU9IlNOT01FRC1DVCIgZGlzcGxheU5hbWU9ImZpc2giIC8+DQoJCQkJCQkJCQk8L3BsYXlpbmdFbnRpdHk+DQoJCQkJCQkJCTwvcGFydGljaXBhbnRSb2xlPg0KCQkJCQkJCTwvcGFydGljaXBhbnQ+DQoNCgkJCQkJCQk8IS0tIFJlYWN0aW9uIEV2ZW50IC0tPg0KCQkJCQkJCTxlbnRyeVJlbGF0aW9uc2hpcCB0eXBlQ29kZT0iQ0FVUyI+DQoJCQkJCQkJCTxvYnNlcnZhdGlvbiBjbGFzc0NvZGU9Ik9CUyIgbW9vZENvZGU9IkVWTiI+DQoJCQkJCQkJCQk8Y29kZSBjb2RlPSIxMDIuMTY0NzQiIGNvZGVTeXN0ZW09IjEuMi4zNi4xLjIwMDEuMTAwMS4xMDEiIGNvZGVTeXN0ZW1OYW1lPSJOQ1RJUyBEYXRhIENvbXBvbmVudHMiIGRpc3BsYXlOYW1lPSJSZWFjdGlvbiBFdmVudCIgLz4NCg0KCQkJCQkJCQkJPCEtLSBNYW5pZmVzdGF0aW9uIC0tPg0KCQkJCQkJCQkJPGVudHJ5UmVsYXRpb25zaGlwIHR5cGVDb2RlPSJNRlNUIj4NCgkJCQkJCQkJCQk8b2JzZXJ2YXRpb24gY2xhc3NDb2RlPSJPQlMiIG1vb2RDb2RlPSJFVk4iIG5lZ2F0aW9uSW5kPSJ0cnVlIj4NCgkJCQkJCQkJCQkJPGNvZGUgY29kZT0iMjcxODA3MDAzIiBjb2RlU3lzdGVtPSIyLjE2Ljg0MC4xLjExMzg4My42Ljk2IiBjb2RlU3lzdGVtTmFtZT0iU05PTUVELUNUIiBjb2RlU3lzdGVtVmVyc2lvbj0iMjAwOTA3MzEiIGRpc3BsYXlOYW1lPSJza2luIHJhc2giIC8+DQoJCQkJCQkJCQkJCTx0ZXh0PlNraW4gUmFzaC48L3RleHQ+DQoJCQkJCQkJCQkJPC9vYnNlcnZhdGlvbj4NCg0KCQkJCQkJCQkJPC9lbnRyeVJlbGF0aW9uc2hpcD4NCgkJCQkJCQkJPC9vYnNlcnZhdGlvbj4NCgkJCQkJCQk8L2VudHJ5UmVsYXRpb25zaGlwPg0KCQkJCQkJCTwhLS0gRW5kIFJlYWN0aW9uIEV2ZW50IC0tPg0KDQoJCQkJCQk8L2FjdD4NCgkJCQkJPC9lbnRyeT4NCgkJCQkJPCEtLSBFbmQgQWR2ZXJzZSBTdWJzdGFuY2UgUmVhY3Rpb24gLS0+DQoNCgkJCQkJPCEtLSBFeGNsdXNpb24gU3RhdGVtZW50IC0gQWR2ZXJzZSBTdWJzdGFuY2UgUmVhY3Rpb24gLS0+DQoJCQkJCTxlbnRyeT4NCgkJCQkJCTxvYnNlcnZhdGlvbiBjbGFzc0NvZGU9Ik9CUyIgbW9vZENvZGU9IkVWTiI+DQoJCQkJCQkJPGNvZGUgY29kZT0iMTAzLjE2MzAyIiBjb2RlU3lzdGVtPSIxLjIuMzYuMS4yMDAxLjEwMDEuMTAxIiBjb2RlU3lzdGVtTmFtZT0iTkNUSVMgRGF0YSBDb21wb25lbnRzIiBkaXNwbGF5TmFtZT0iR2xvYmFsIFN0YXRlbWVudCIgLz4NCgkJCQkJCQk8dmFsdWUgY29kZT0iMDIiIGNvZGVTeXN0ZW09IjEuMi4zNi4xLjIwMDEuMTAwMS4xMDEuMTA0LjE2Mjk5IiBjb2RlU3lzdGVtTmFtZT0iTkNUSVMgR2xvYmFsIFN0YXRlbWVudCBWYWx1ZXMiIGRpc3BsYXlOYW1lPSJOb3QgYXNrZWQiIHhzaTp0eXBlPSJDRCIgLz4NCgkJCQkJCTwvb2JzZXJ2YXRpb24+DQoJCQkJCTwvZW50cnk+DQoJCQkJCTwhLS0gRW5kIEV4Y2x1c2lvbiBTdGF0ZW1lbnQgLSBBZHZlcnNlIFN1YnN0YW5jZSBSZWFjdGlvbiAtLT4NCg0KCQkJCTwvc2VjdGlvbj4NCgkJCTwvY29tcG9uZW50Pg0KCQkJPCEtLSBFbmQgUmV2aWV3ZWQgQWR2ZXJzZSBTdWJzdGFuY2UgUmVhY3Rpb25zIC0tPg0KDQoJCQk8IS0tIFJldmlld2VkIE1lZGljYXRpb25zIC0tPg0KCQkJPGNvbXBvbmVudD4NCgkJCQk8c2VjdGlvbj4NCgkJCQkJPGNvZGUgY29kZT0iMTAxLjE2MDIyIiBjb2RlU3lzdGVtPSIxLjIuMzYuMS4yMDAxLjEwMDEuMTAxIiBjb2RlU3lzdGVtTmFtZT0iTkNUSVMgRGF0YSBDb21wb25lbnRzIiBkaXNwbGF5TmFtZT0iUmV2aWV3ZWQgTWVkaWNhdGlvbnMiIC8+DQoJCQkJCTx0aXRsZT5SZXZpZXdlZCBNZWRpY2F0aW9uczwvdGl0bGU+DQoJCQkJCTx0ZXh0PlJldmlld2VkIE1lZGljYXRpb25zIG5hcnJhdGl2ZSBnb2VzIGhlcmUuPC90ZXh0Pg0KDQoJCQkJCTwhLS0gTWVkaWNhdGlvbnMgUmV2aWV3IC0tPg0KCQkJCQk8ZW50cnk+DQoJCQkJCQk8YWN0IGNsYXNzQ29kZT0iQUNUIiBtb29kQ29kZT0iRVZOIj4NCgkJCQkJCQk8Y29kZSBjb2RlPSIxMDIuMTY1NzYiIGNvZGVTeXN0ZW09IjEuMi4zNi4xLjIwMDEuMTAwMS4xMDEiIGNvZGVTeXN0ZW1OYW1lPSJOQ1RJUyBEYXRhIENvbXBvbmVudHMiIGRpc3BsYXlOYW1lPSJNZWRpY2F0aW9ucyBSZXZpZXciIC8+DQoJCQkJCQkJPGVmZmVjdGl2ZVRpbWUgdmFsdWU9IjIwMTAxMjI1IiAvPg0KCQkJCQkJPC9hY3Q+DQoJCQkJCTwvZW50cnk+DQoJCQkJCTwhLS0gRW5kIE1lZGljYXRpb25zIFJldmlldyAtLT4NCg0KCQkJCQk8IS0tIFVzZWQgTWVkaWNhdGlvbnMgLS0+DQoJCQkJCTxlbnRyeT4NCgkJCQkJCTxzdWJzdGFuY2VBZG1pbmlzdHJhdGlvbiBjbGFzc0NvZGU9IlNCQURNIiBtb29kQ29kZT0iRVZOIj4NCgkJCQkJCQk8aWQgcm9vdD0iQzU3QTlGMzItNzU0Qi0xMUUwLUE3RTAtNTk5RjQ4MjQwMTlCIiAvPg0KCQkJCQkJCTwhLS0gRGlyZWN0aW9ucyAtLT4NCgkJCQkJCQk8dGV4dCB4c2k6dHlwZT0iU1QiPjIgdGFibGV0cyBkYWlseSBhZnRlciBicmVha2Zhc3Q8L3RleHQ+DQoJCQkJCQkJPGNvbnN1bWFibGU+DQoJCQkJCQkJCTxtYW51ZmFjdHVyZWRQcm9kdWN0Pg0KCQkJCQkJCQkJPG1hbnVmYWN0dXJlZE1hdGVyaWFsPg0KCQkJCQkJCQkJCTwhLS0gVGhlcmFwZXV0aWMgR29vZCBJZGVudGlmaWNhdGlvbiAtLT4NCgkJCQkJCQkJCQk8Y29kZSBjb2RlPSIyMzY0MTAxMTAwMDAzNjEwMiIgY29kZVN5c3RlbT0iMS4yLjM2LjEuMjAwMS4xMDA0LjEwMCIgY29kZVN5c3RlbU5hbWU9IkF1c3RyYWxpYW4gTWVkaWNpbmNlcyBUZXJtaW5vbG9neSAoQU1UKSINCgkJCQkJCQkJCQkJZGlzcGxheU5hbWU9InBhcmFjZXRhbW9sIDUwMCBtZyArIGNvZGVpbmUgcGhvc3BoYXRlIDMwIG1nIHRhYmxldCIgLz4NCgkJCQkJCQkJCTwvbWFudWZhY3R1cmVkTWF0ZXJpYWw+DQoJCQkJCQkJCTwvbWFudWZhY3R1cmVkUHJvZHVjdD4NCgkJCQkJCQk8L2NvbnN1bWFibGU+DQoNCgkJCQkJCQk8IS0tIENsaW5pY2FsIEluZGljYXRpb24gLS0+DQoJCQkJCQkJPGVudHJ5UmVsYXRpb25zaGlwIHR5cGVDb2RlPSJSU09OIj4NCgkJCQkJCQkJPGFjdCBjbGFzc0NvZGU9IklORlJNIiBtb29kQ29kZT0iRVZOIj4NCgkJCQkJCQkJCTxpZCByb290PSIzNjFCNkVGNi03NTRDLTExRTAtQTNDMy1EMTlGNDgyNDAxOUIiIC8+DQoJCQkJCQkJCQk8Y29kZSBjb2RlPSIxMDMuMTAxNDEiIGNvZGVTeXN0ZW09IjEuMi4zNi4xLjIwMDEuMTAwMS4xMDEiIGNvZGVTeXN0ZW1OYW1lPSJOQ1RJUyBEYXRhIENvbXBvbmVudHMiIGRpc3BsYXlOYW1lPSJDbGluaWNhbCBJbmRpY2F0aW9uIiAvPg0KCQkJCQkJCQkJPHRleHQgeHNpOnR5cGU9IlNUIj5QYWluIGNvbnRyb2wuPC90ZXh0Pg0KCQkJCQkJCQk8L2FjdD4NCgkJCQkJCQk8L2VudHJ5UmVsYXRpb25zaGlwPg0KCQkJCQkJCTwhLS0gRW5kIENsaW5pY2FsIEluZGljYXRpb24gLS0+DQoNCgkJCQkJCQk8IS0tIENvbW1lbnQgLS0+DQoJCQkJCQkJPGVudHJ5UmVsYXRpb25zaGlwIHR5cGVDb2RlPSJDT01QIj4NCgkJCQkJCQkJPGFjdCBjbGFzc0NvZGU9IklORlJNIiBtb29kQ29kZT0iRVZOIj4NCgkJCQkJCQkJCTxpZCByb290PSIzNjFCNkVGNi03NTRDLTExRTAtQTNDMy1EMTlGNDgyNDAxOUIiIC8+DQoJCQkJCQkJCQk8Y29kZSBjb2RlPSIxMDMuMTYwNDQiIGNvZGVTeXN0ZW09IjEuMi4zNi4xLjIwMDEuMTAwMS4xMDEiIGNvZGVTeXN0ZW1OYW1lPSJOQ1RJUyBEYXRhIENvbXBvbmVudHMiIGRpc3BsYXlOYW1lPSJBZGRpdGlvbmFsIENvbW1lbnRzIiAvPg0KCQkJCQkJCQkJPHRleHQgeHNpOnR5cGU9IlNUIj5Eb3NhZ2UgdG8gYmUgcmV2aWV3ZWQgaW4gMTAgZGF5cy48L3RleHQ+DQoJCQkJCQkJCTwvYWN0Pg0KCQkJCQkJCTwvZW50cnlSZWxhdGlvbnNoaXA+DQoJCQkJCQkJPCEtLSBFbmQgQ29tbWVudCAtLT4NCg0KCQkJCQkJPC9zdWJzdGFuY2VBZG1pbmlzdHJhdGlvbj4NCgkJCQkJPC9lbnRyeT4NCgkJCQkJPCEtLSBFbmQgVXNlZCBNZWRpY2F0aW9ucyAtLT4NCg0KCQkJCQk8IS0tIEV4Y2x1c2lvbiBTdGF0ZW1lbnQgLSBNZWRpY2F0aW9ucyAtLT4NCgkJCQkJPGVudHJ5Pg0KCQkJCQkJPG9ic2VydmF0aW9uIGNsYXNzQ29kZT0iT0JTIiBtb29kQ29kZT0iRVZOIj4NCgkJCQkJCQk8Y29kZSBjb2RlPSIxMDMuMTYzMDIiIGNvZGVTeXN0ZW09IjEuMi4zNi4xLjIwMDEuMTAwMS4xMDEiIGNvZGVTeXN0ZW1OYW1lPSJOQ1RJUyBEYXRhIENvbXBvbmVudHMiIGRpc3BsYXlOYW1lPSJHbG9iYWwgU3RhdGVtZW50IiAvPg0KCQkJCQkJCTx2YWx1ZSBjb2RlPSIxMSIgY29kZVN5c3RlbT0iMS4yLjM2LjEuMjAwMS4xMDAxLjEwMS4xMDQuMTYyOTkiIGNvZGVTeXN0ZW1OYW1lPSJOQ1RJUyBHbG9iYWwgU3RhdGVtZW50IFZhbHVlcyIgZGlzcGxheU5hbWU9Ik5vbmUga25vd24iIHhzaTp0eXBlPSJDRCIgLz4NCgkJCQkJCTwvb2JzZXJ2YXRpb24+DQoJCQkJCTwvZW50cnk+DQoJCQkJCTwhLS0gRXhjbHVzaW9uIFN0YXRlbWVudCAtIE1lZGljYXRpb25zIC0tPg0KDQoJCQkJPC9zZWN0aW9uPg0KCQkJPC9jb21wb25lbnQ+DQoJCQk8IS0tIEVuZCBSZXZpZXdlZCBNZWRpY2F0aW9ucyAtLT4NCg0KCQkJPCEtLSBTdGFydCBSZXZpZXdlZCBNZWRpY2FsIEhpc3RvcnkgLS0+DQoJCQk8Y29tcG9uZW50Pg0KCQkJCTxzZWN0aW9uPg0KCQkJCQk8Y29kZSBjb2RlPSIxMDEuMjEwMDMiIGNvZGVTeXN0ZW09IjEuMi4zNi4xLjIwMDEuMTAwMS4xMDEiIGNvZGVTeXN0ZW1OYW1lPSJOQ1RJUyBEYXRhIENvbXBvbmVudHMiIGRpc3BsYXlOYW1lPSJSZXZpZXdlZCBNZWRpY2FsIEhpc3RvcnkiIC8+DQoJCQkJCTx0aXRsZT5SZXZpZXdlZCBNZWRpY2FsIGhpc3Rvcnk8L3RpdGxlPg0KCQkJCQk8dGV4dD5SZXZpZXdlZCBNZWRpY2FsIGhpc3RvcnkgbmFycmF0aXZlIGdvZXMgaGVyZS48L3RleHQ+DQoNCgkJCQkJPCEtLSBNZWRpY2FsIEhpc3RvcnkgUmV2aWV3IC0tPg0KCQkJCQk8ZW50cnk+DQoJCQkJCQk8YWN0IGNsYXNzQ29kZT0iQUNUIiBtb29kQ29kZT0iRVZOIj4NCgkJCQkJCQk8Y29kZSBjb2RlPSIxMDIuMTY1NzYiIGNvZGVTeXN0ZW09IjEuMi4zNi4xLjIwMDEuMTAwMS4xMDEiIGNvZGVTeXN0ZW1OYW1lPSJOQ1RJUyBEYXRhIENvbXBvbmVudHMiIGRpc3BsYXlOYW1lPSJNZWRpY2FsIEhpc3RvcnkgUmV2aWV3IiAvPg0KCQkJCQkJCTxlZmZlY3RpdmVUaW1lIHZhbHVlPSIyMDEwMTIyNSIgLz4NCgkJCQkJCTwvYWN0Pg0KCQkJCQk8L2VudHJ5Pg0KCQkJCQk8IS0tIE1lZGljYWwgSGlzdG9yeSBSZXZpZXcgLS0+DQoNCgkJCQkJPCEtLSBQcm9ibGVtL0RpYWdub3NpcyAtLT4NCgkJCQkJPGVudHJ5Pg0KCQkJCQkJPG9ic2VydmF0aW9uIGNsYXNzQ29kZT0iT0JTIiBtb29kQ29kZT0iRVZOIj4NCgkJCQkJCQk8aWQgcm9vdD0iNzREMjlDODgtNzA2RS0xMUUwLTk3MjYtNUFCRTQ4MjQwMTlCIiAvPg0KCQkJCQkJCTxjb2RlIGNvZGU9IjEwMi4xNTUzMCIgY29kZVN5c3RlbT0iMS4yLjM2LjEuMjAwMS4xMDAxLjEwMSIgY29kZVN5c3RlbU5hbWU9Ik5DVElTIERhdGEgQ29tcG9uZW50cyIgZGlzcGxheU5hbWU9IlByb2JsZW0vRGlhZ25vc2lzIiAvPg0KCQkJCQkJCTwhLS0gRGF0ZSBvZiBPbnNldCAtLT4NCgkJCQkJCQk8ZWZmZWN0aXZlVGltZSB2YWx1ZT0iMjAxMTExMDQiIC8+DQoNCgkJCQkJCQk8IS0tIFByb2JsZW0vRGlhZ25vc2lzIElkZW50aWZpY2F0aW9uIC0tPg0KCQkJCQkJCTx2YWx1ZSBjb2RlPSIxMTYyMjMwMDciIGNvZGVTeXN0ZW09IjIuMTYuODQwLjEuMTEzODgzLjYuOTYiIGNvZGVTeXN0ZW1OYW1lPSJTTk9NRUQtQ1QiIGNvZGVTeXN0ZW1WZXJzaW9uPSIyMDA5MDczMSIgZGlzcGxheU5hbWU9IkNvbW9yYmlkaXR5IiB4c2k6dHlwZT0iQ0QiIC8+DQoNCgkJCQkJCQk8IS0tIERhdGUgb2YgUmVzb2x1dGlvbi9SZW1pc3Npb24gLS0+DQoJCQkJCQkJPGVudHJ5UmVsYXRpb25zaGlwIHR5cGVDb2RlPSJTVUJKIj4NCgkJCQkJCQkJPG9ic2VydmF0aW9uIGNsYXNzQ29kZT0iT0JTIiBtb29kQ29kZT0iRVZOIj4NCgkJCQkJCQkJCTxpZCByb290PSI2QUQxOUJBRS03NTI3LTExRTAtODUxRS04Mjc3NDgyNDAxOUIiIC8+DQoJCQkJCQkJCQk8Y29kZSBjb2RlPSIxMDMuMTU1MTAiIGNvZGVTeXN0ZW09IjEuMi4zNi4xLjIwMDEuMTAwMS4xMDEiIGNvZGVTeXN0ZW1OYW1lPSJOQ1RJUyBEYXRhIENvbXBvbmVudHMiIGRpc3BsYXlOYW1lPSJEYXRlIG9mIFJlc29sdXRpb24vUmVtaXNzaW9uIiAvPg0KCQkJCQkJCQkJPHZhbHVlIHZhbHVlPSIyMDExMDQyNyIgeHNpOnR5cGU9IklWTF9UUyIgLz4NCgkJCQkJCQkJPC9vYnNlcnZhdGlvbj4NCgkJCQkJCQk8L2VudHJ5UmVsYXRpb25zaGlwPg0KCQkJCQkJCTwhLS0gRW5kIERhdGUgb2YgUmVzb2x1dGlvbi9SZW1pc3Npb24gLS0+DQoNCgkJCQkJCQk8IS0tIFByb2JsZW0vRGlhZ25vc2lzIENvbW1lbnQgLS0+DQoJCQkJCQkJPGVudHJ5UmVsYXRpb25zaGlwIHR5cGVDb2RlPSJDT01QIj4NCgkJCQkJCQkJPGFjdCBjbGFzc0NvZGU9IklORlJNIiBtb29kQ29kZT0iRVZOIj4NCgkJCQkJCQkJCTxjb2RlIGNvZGU9IjEwMy4xNjU0NSIgY29kZVN5c3RlbT0iMS4yLjM2LjEuMjAwMS4xMDAxLjEwMSIgY29kZVN5c3RlbU5hbWU9Ik5DVElTIERhdGEgQ29tcG9uZW50cyIgZGlzcGxheU5hbWU9IlByb2JsZW0vRGlhZ25vc2lzIENvbW1lbnQiIC8+DQoJCQkJCQkJCQk8dGV4dCB4c2k6dHlwZT0iU1QiPlByb2JsZW0vRGlhZ25vc2lzIENvbW1lbnQgQ29tbWVudCBnb2VzIGhlcmUuPC90ZXh0Pg0KCQkJCQkJCQk8L2FjdD4NCgkJCQkJCQk8L2VudHJ5UmVsYXRpb25zaGlwPg0KCQkJCQkJCTwhLS0gRW5kIFByb2JsZW0vRGlhZ25vc2lzIENvbW1lbnQgLS0+DQoNCgkJCQkJCTwvb2JzZXJ2YXRpb24+DQoJCQkJCTwvZW50cnk+DQoJCQkJCTwhLS0gRW5kIFByb2JsZW0vRGlhZ25vc2lzIC0tPg0KDQoJCQkJCTwhLS0gRXhjbHVzaW9uIFN0YXRlbWVudCAtIFByb2JsZW0vRGlhZ25vc2VzIC0tPg0KCQkJCQk8IS0tIEdsb2JhbCBTdGF0ZW1lbnQgLS0+DQoJCQkJCTxlbnRyeT4NCgkJCQkJCTxvYnNlcnZhdGlvbiBjbGFzc0NvZGU9Ik9CUyIgbW9vZENvZGU9IkVWTiI+DQoJCQkJCQkJPGlkIHJvb3Q9IjlDQjdDNURDLTc1MkYtMTFFMC05RkUyLTk3ODA0ODI0MDE5QiIgLz4NCgkJCQkJCQk8Y29kZSBjb2RlPSIxMDMuMTYzMDIiIGNvZGVTeXN0ZW09IjEuMi4zNi4xLjIwMDEuMTAwMS4xMDEiIGNvZGVTeXN0ZW1OYW1lPSJOQ1RJUyBEYXRhIENvbXBvbmVudHMiIGRpc3BsYXlOYW1lPSJHbG9iYWwgU3RhdGVtZW50IiAvPg0KCQkJCQkJCTx2YWx1ZSBjb2RlPSIxIiBjb2RlU3lzdGVtPSIxLjIuMzYuMS4yMDAxLjEwMDEuMTAxLjEwNC4xNjI5OSIgY29kZVN5c3RlbU5hbWU9Ik5DVElTIEdsb2JhbCBTdGF0ZW1lbnQgVmFsdWVzIg0KCQkJCQkJCQlkaXNwbGF5TmFtZT0iTm8gc2lnbmlmaWNhbnQgbWVkaWNhbCBoaXN0b3J5IG9mIGFueSBwcm9ibGVtIG9yIGRpYWdub3NpcyIgeHNpOnR5cGU9IkNEIiAvPg0KCQkJCQkJPC9vYnNlcnZhdGlvbj4NCgkJCQkJPC9lbnRyeT4NCgkJCQkJPCEtLSBFbmQgRXhjbHVzaW9uIFN0YXRlbWVudCAtIFByb2JsZW0vRGlhZ25vc2VzIC0tPg0KDQoJCQkJCTwhLS0gUHJvY2VkdXJlIC0tPg0KCQkJCQk8ZW50cnk+DQoJCQkJCQk8cHJvY2VkdXJlIGNsYXNzQ29kZT0iUFJPQyIgbW9vZENvZGU9IkVWTiI+DQoJCQkJCQkJPGlkIHJvb3Q9IkI5NkEzOEM2LTcwNkMtMTFFMC1BRDJFLTQyQkM0ODI0MDE5QiIgLz4NCgkJCQkJCQk8IS0tIFByb2NlZHVyZSBOYW1lIC0tPg0KCQkJCQkJCTxjb2RlIGNvZGU9IjM5Nzk1NjAwNCIgY29kZVN5c3RlbT0iMi4xNi44NDAuMS4xMTM4ODMuNi45NiIgY29kZVN5c3RlbU5hbWU9IlNOT01FRC1DVCIgZGlzcGxheU5hbWU9ImhpcCByZXBsYWNlbWVudCIgLz4NCgkJCQkJCQk8IS0tIERhdGVUaW1lIFN0YXJ0ZWQgLS0+DQoJCQkJCQkJPGVmZmVjdGl2ZVRpbWUgdmFsdWU9IjIwMTEwNDI3IiAvPg0KDQoJCQkJCQkJPCEtLSBQcm9jZWR1cmUgQ29tbWVudCAtLT4NCgkJCQkJCQk8ZW50cnlSZWxhdGlvbnNoaXAgdHlwZUNvZGU9IkNPTVAiPg0KCQkJCQkJCQk8YWN0IGNsYXNzQ29kZT0iSU5GUk0iIG1vb2RDb2RlPSJFVk4iPg0KCQkJCQkJCQkJPGNvZGUgY29kZT0iMTAzLjE1NTk1IiBjb2RlU3lzdGVtPSIxLjIuMzYuMS4yMDAxLjEwMDEuMTAxIiBjb2RlU3lzdGVtTmFtZT0iTkNUSVMgRGF0YSBDb21wb25lbnRzIiBkaXNwbGF5TmFtZT0iUHJvY2VkdXJlIENvbW1lbnQiIC8+DQoJCQkJCQkJCQk8dGV4dCB4c2k6dHlwZT0iU1QiPlByb2NlZHVyZSBDb21tZW50IGdvZXMgaGVyZS48L3RleHQ+DQoJCQkJCQkJCTwvYWN0Pg0KCQkJCQkJCTwvZW50cnlSZWxhdGlvbnNoaXA+DQoJCQkJCQk8L3Byb2NlZHVyZT4NCgkJCQkJPC9lbnRyeT4NCgkJCQkJPCEtLSBFbmQgUHJvY2VkdXJlIC0tPg0KDQoJCQkJCTwhLS0gRXhjbHVzaW9uIFN0YXRlbWVudCAtIFByb2NlZHVyZXMgLS0+DQoJCQkJCTwhLS0gR2xvYmFsIFN0YXRlbWVudCAtLT4NCgkJCQkJPGVudHJ5Pg0KCQkJCQkJPG9ic2VydmF0aW9uIGNsYXNzQ29kZT0iT0JTIiBtb29kQ29kZT0iRVZOIj4NCgkJCQkJCQk8aWQgcm9vdD0iODExNTU0NUMtNzUyRi0xMUUwLUE4RTItOEI4MDQ4MjQwMTlCIiAvPg0KCQkJCQkJCTxjb2RlIGNvZGU9IjEwMy4xNjMwMiIgY29kZVN5c3RlbT0iMS4yLjM2LjEuMjAwMS4xMDAxLjEwMSIgY29kZVN5c3RlbU5hbWU9Ik5DVElTIERhdGEgQ29tcG9uZW50cyIgZGlzcGxheU5hbWU9Ikdsb2JhbCBTdGF0ZW1lbnQiIC8+DQoJCQkJCQkJPHZhbHVlIGNvZGU9IjExIiBjb2RlU3lzdGVtPSIxLjIuMzYuMS4yMDAxLjEwMDEuMTAxLjEwNC4xNjI5OSIgY29kZVN5c3RlbU5hbWU9Ik5DVElTIEdsb2JhbCBTdGF0ZW1lbnQgVmFsdWVzIiBkaXNwbGF5TmFtZT0iTm9uZSBrbm93biIgeHNpOnR5cGU9IkNEIiAvPg0KCQkJCQkJPC9vYnNlcnZhdGlvbj4NCgkJCQkJPC9lbnRyeT4NCgkJCQkJPCEtLSBFbmQgRXhjbHVzaW9uIFN0YXRlbWVudCAtIFByb2NlZHVyZXMgLS0+DQoNCgkJCQkJPCEtLSBPdGhlciBNZWRpY2FsIEhpc3RvcnkgSXRlbSAtLT4NCgkJCQkJPGVudHJ5Pg0KCQkJCQkJPGFjdCBjbGFzc0NvZGU9IkFDVCIgbW9vZENvZGU9IkVWTiI+DQoJCQkJCQkJPGlkIHJvb3Q9IjBDQkUwQjQyLTcwNzItMTFFMC05NEIxLTI2QzI0ODI0MDE5QiIgLz4NCgkJCQkJCQk8Y29kZSBjb2RlPSIxMDIuMTU1MTMiIGNvZGVTeXN0ZW09IjEuMi4zNi4xLjIwMDEuMTAwMS4xMDEiIGNvZGVTeXN0ZW1OYW1lPSJOQ1RJUyBEYXRhIENvbXBvbmVudHMiIGRpc3BsYXlOYW1lPSJPdGhlciBNZWRpY2FsIEhpc3RvcnkgSXRlbSIgLz4NCgkJCQkJCQk8dGV4dCB4c2k6dHlwZT0iU1QiPk90aGVyIE1lZGljYWwgSGlzdG9yeSBJdGVtIGdvZXMgaGVyZS48L3RleHQ+DQoJCQkJCQkJPGF1dGhvcj4NCgkJCQkJCQkJPHRpbWUgdmFsdWU9IjIwMTEwNDI3MTEwMCIgLz4NCgkJCQkJCQkJPGFzc2lnbmVkQXV0aG9yIG51bGxGbGF2b3I9Ik5BIj4NCgkJCQkJCQkJCTxpZCBudWxsRmxhdm9yPSJOQSIgLz4NCgkJCQkJCQkJPC9hc3NpZ25lZEF1dGhvcj4NCgkJCQkJCQk8L2F1dGhvcj4NCgkJCQkJCTwvYWN0Pg0KCQkJCQk8L2VudHJ5Pg0KCQkJCQk8IS0tIEVuZCBPdGhlciBNZWRpY2FsIEhpc3RvcnkgSXRlbSAtLT4NCg0KCQkJCTwvc2VjdGlvbj4NCgkJCTwvY29tcG9uZW50Pg0KCQkJPCEtLSBFbmQgUmV2aWV3ZWQgTWVkaWNhbCBIaXN0b3J5IC0tPg0KDQoJCQk8IS0tIFJldmlld2VkIEltbXVuaXNhdGlvbnMgU2VjdGlvbiAtLT4NCgkJCTxjb21wb25lbnQ+DQoJCQkJPHNlY3Rpb24+DQoJCQkJCTxjb2RlIGNvZGU9IjEwMS4xNjYwMCIgY29kZVN5c3RlbT0iMS4yLjM2LjEuMjAwMS4xMDAxLjEwMSIgY29kZVN5c3RlbU5hbWU9Ik5DVElTIERhdGEgQ29tcG9uZW50cyIgZGlzcGxheU5hbWU9IlJldmlld2VkIEltbXVuaXNhdGlvbnMiIC8+DQoJCQkJCTx0aXRsZT5SZXZpZXdlZCBJbW11bmlzYXRpb25zPC90aXRsZT4NCgkJCQkJPHRleHQ+UmV2aWV3ZWQgSW1tdW5pc2F0aW9ucyBuYXJyYXRpdmUgZ29lcyBoZXJlLjwvdGV4dD4NCg0KCQkJCQk8IS0tIFJldmlld2VkIEltbXVuaXNhdGlvbnMgLS0+DQoJCQkJCTxlbnRyeT4NCgkJCQkJCTxhY3QgY2xhc3NDb2RlPSJBQ1QiIG1vb2RDb2RlPSJFVk4iPg0KCQkJCQkJCTxpZCByb290PSI0NUYzQkUyOC03NTUxLTExRTAtOTcxRC02NUE1NDgyNDAxOUIiIC8+DQoJCQkJCQkJPGNvZGUgY29kZT0iMTAyLjE2NTc2IiBjb2RlU3lzdGVtPSIxLjIuMzYuMS4yMDAxLjEwMDEuMTAxIiBjb2RlU3lzdGVtTmFtZT0iTkNUSVMgRGF0YSBDb21wb25lbnRzIiBkaXNwbGF5TmFtZT0iSW1tdW5pc2F0aW9uIEhpc3RvcnkgUmV2aWV3IiAvPg0KCQkJCQkJCTwhLS0gUmVjb3JkIFJldmlldyBEYXRlVGltZSAtLT4NCgkJCQkJCQk8ZWZmZWN0aXZlVGltZSB2YWx1ZT0iMjAxMTA0MjciIC8+DQoJCQkJCQk8L2FjdD4NCgkJCQkJPC9lbnRyeT4NCgkJCQkJPCEtLSBFbmQgUmV2aWV3ZWQgSW1tdW5pc2F0aW9ucyAtLT4NCg0KCQkJCQk8IS0tIEFkbWluaXN0ZXJlZCBJbW11bmlzYXRpb24gLS0+DQoJCQkJCTxlbnRyeT4NCgkJCQkJCTxzdWJzdGFuY2VBZG1pbmlzdHJhdGlvbiBjbGFzc0NvZGU9IlNCQURNIiBtb29kQ29kZT0iRVZOIj4NCgkJCQkJCQk8IS0tIE1lZGljYXRpb24gQWN0aW9uIERhdGVUaW1lIC0tPg0KCQkJCQkJCTxlZmZlY3RpdmVUaW1lIHZhbHVlPSIyMDExMDQyNyIgLz4NCgkJCQkJCQk8Y29uc3VtYWJsZT4NCgkJCQkJCQkJPG1hbnVmYWN0dXJlZFByb2R1Y3Q+DQoJCQkJCQkJCQk8bWFudWZhY3R1cmVkTWF0ZXJpYWw+DQoJCQkJCQkJCQkJPGNvZGUgY29kZT0iPz8/Pz8iIGNvZGVTeXN0ZW09IjEuMi4zNi4xLjIwMDEuMTAwNC4xMDAiIGNvZGVTeXN0ZW1OYW1lPSJBdXN0cmFsaWFuIE1lZGljaW5jZXMgVGVybWlub2xvZ3kgKEFNVCkiIGRpc3BsYXlOYW1lPSI/Pz8/PyIgLz4NCgkJCQkJCQkJCTwvbWFudWZhY3R1cmVkTWF0ZXJpYWw+DQoJCQkJCQkJCTwvbWFudWZhY3R1cmVkUHJvZHVjdD4NCgkJCQkJCQk8L2NvbnN1bWFibGU+DQoJCQkJCQk8L3N1YnN0YW5jZUFkbWluaXN0cmF0aW9uPg0KCQkJCQk8L2VudHJ5Pg0KCQkJCQk8IS0tIEVuZCBBZG1pbmlzdGVyZWQgSW1tdW5pc2F0aW9uIC0tPg0KDQoJCQkJCTwhLS0gRXhjbHVzaW9uIFN0YXRlbWVudCAtIEltbXVuaXNhdGlvbnMgLS0+DQoJCQkJCTxlbnRyeT4NCgkJCQkJCTxvYnNlcnZhdGlvbiBjbGFzc0NvZGU9Ik9CUyIgbW9vZENvZGU9IkVWTiI+DQoJCQkJCQkJPGNvZGUgY29kZT0iMTAzLjE2MzAyIiBjb2RlU3lzdGVtPSIxLjIuMzYuMS4yMDAxLjEwMDEuMTAxIiBjb2RlU3lzdGVtTmFtZT0iTkNUSVMgRGF0YSBDb21wb25lbnRzIiBkaXNwbGF5TmFtZT0iR2xvYmFsIFN0YXRlbWVudCIgLz4NCgkJCQkJCQk8dmFsdWUgY29kZT0iMDEiIGNvZGVTeXN0ZW09IjEuMi4zNi4xLjIwMDEuMTAwMS4xMDEuMTA0LjE2Mjk5IiBjb2RlU3lzdGVtTmFtZT0iTkNUSVMgR2xvYmFsIFN0YXRlbWVudCBWYWx1ZXMiIGRpc3BsYXlOYW1lPSJOb25lIGtub3duIiB4c2k6dHlwZT0iQ0QiIC8+DQoJCQkJCQk8L29ic2VydmF0aW9uPg0KCQkJCQk8L2VudHJ5Pg0KCQkJCQk8IS0tIEVuZCBFeGNsdXNpb24gU3RhdGVtZW50IC0gSW1tdW5pc2F0aW9ucyAtLT4NCg0KCQkJCTwvc2VjdGlvbj4NCgkJCTwvY29tcG9uZW50Pg0KCQkJPCEtLSBFbmQgUmV2aWV3ZWQgSW1tdW5pc2F0aW9ucyBTZWN0aW9uIC0tPg0KDQoJCTwvc3RydWN0dXJlZEJvZHk+DQoJPC9jb21wb25lbnQ+DQoJPCEtLSBFbmQgQ0RBIEJvZHkgLS0+DQo8L0NsaW5pY2FsRG9jdW1lbnQ+DQo=</Content>
        </Document>
    </Documents>
</SubmitDocumentRequest>